2024-01-20 21:33:27,653 [INFO] Activator:176 - 


2024-01-20 21:33:27,658 [INFO] Activator:177 - !SESSION log4j initialized
2024-01-20 21:33:31,231 [INFO] LogOutputStream:77 - [STDOUT_REDIRECT] 
2024-01-20 21:33:32,977 [INFO] ApplicationProperties:184 - Using Application install path: C:\ST\STM32CubeIDE_1.13.1\STM32CubeIDE\plugins\com.st.stm32cube.common.mx_6.10.0.202311202037
2024-01-20 21:33:32,999 [INFO] DbMcusXml:78 - Set database path to: C:\ST\STM32CubeIDE_1.13.1\STM32CubeIDE\plugins\com.st.stm32cube.common.mx_6.10.0.202311202037\\db\/mcu/
2024-01-20 21:33:32,999 [INFO] ApiDb:274 - Set plugin database path to: C:\ST\STM32CubeIDE_1.13.1\STM32CubeIDE\plugins\com.st.stm32cube.common.mx_6.10.0.202311202037\\db\/plugins/boardmanager/
2024-01-20 21:33:32,999 [WARN] ApiDb:259 - Overriding images path with different value:  => C:\ST\STM32CubeIDE_1.13.1\STM32CubeIDE\plugins\com.st.stm32cube.common.mx_6.10.0.202311202037\\db\/plugins/mcufinder/images/
2024-01-20 21:33:33,008 [INFO] ApiDb:250 - Set database path to: C:\Users\bozo2\.stmcufinder\plugins\mcufinder//mcu/
2024-01-20 21:33:33,009 [INFO] DbMcusAds:125 - Set database path to: C:\Users\bozo2\.stmcufinder\plugins\mcufinder//mcu/
2024-01-20 21:33:33,011 [INFO] CrossReferenceDbSqlite:203 - Set database path to: C:\Users\bozo2\.stmcufinder\plugins\mcufinder//mcu/cs/
2024-01-20 21:33:33,126 [INFO] RulesReader:64 - Compatibility file has been processed (297 Rules)
2024-01-20 21:33:33,213 [INFO] DbMcusXml:78 - Set database path to: C:\ST\STM32CubeIDE_1.13.1\STM32CubeIDE\plugins\com.st.stm32cube.common.mx_6.10.0.202311202037\\db\/mcu/
2024-01-20 21:33:33,213 [INFO] ApiDb:274 - Set plugin database path to: C:\ST\STM32CubeIDE_1.13.1\STM32CubeIDE\plugins\com.st.stm32cube.common.mx_6.10.0.202311202037\\db\/plugins/boardmanager/
2024-01-20 21:33:33,214 [INFO] ApiDb:261 - Set plugin images path to: C:\ST\STM32CubeIDE_1.13.1\STM32CubeIDE\plugins\com.st.stm32cube.common.mx_6.10.0.202311202037\\db\/plugins/mcufinder/images/
2024-01-20 21:33:33,214 [WARN] DbFile:41 - Overriding database path with different value: C:\Users\bozo2\.stmcufinder\plugins\mcufinder/ => C:\Users\bozo2\.stmcufinder\plugins\mcufinder
2024-01-20 21:33:33,214 [INFO] ApiDb:250 - Set database path to: C:\Users\bozo2\.stmcufinder\plugins\mcufinder//mcu/
2024-01-20 21:33:33,214 [WARN] DbFile:41 - Overriding database path with different value: C:\Users\bozo2\.stmcufinder\plugins\mcufinder/ => C:\Users\bozo2\.stmcufinder\plugins\mcufinder
2024-01-20 21:33:33,214 [INFO] DbMcusAds:125 - Set database path to: C:\Users\bozo2\.stmcufinder\plugins\mcufinder//mcu/
2024-01-20 21:33:33,214 [WARN] DbFile:41 - Overriding database path with different value: C:\Users\bozo2\.stmcufinder\plugins\mcufinder/ => C:\Users\bozo2\.stmcufinder\plugins\mcufinder
2024-01-20 21:33:33,214 [WARN] DbFile:41 - Overriding database path with different value: C:\Users\bozo2\.stmcufinder\plugins\mcufinder/ => C:\Users\bozo2\.stmcufinder\plugins\mcufinder
2024-01-20 21:33:33,214 [INFO] CrossReferenceDbSqlite:203 - Set database path to: C:\Users\bozo2\.stmcufinder\plugins\mcufinder//mcu/cs/
2024-01-20 21:33:33,287 [INFO] MainPanel:264 - HeapMemory: 268435456
2024-01-20 21:33:33,380 [INFO] DbMcusXml:78 - Set database path to: C:\ST\STM32CubeIDE_1.13.1\STM32CubeIDE\plugins\com.st.stm32cube.common.mx_6.10.0.202311202037\\db\/mcu/
2024-01-20 21:33:33,380 [INFO] ApiDb:274 - Set plugin database path to: C:\ST\STM32CubeIDE_1.13.1\STM32CubeIDE\plugins\com.st.stm32cube.common.mx_6.10.0.202311202037\\db\/plugins/boardmanager/
2024-01-20 21:33:33,380 [INFO] ApiDb:261 - Set plugin images path to: C:\ST\STM32CubeIDE_1.13.1\STM32CubeIDE\plugins\com.st.stm32cube.common.mx_6.10.0.202311202037\\db\/plugins/mcufinder/images/
2024-01-20 21:33:33,381 [WARN] DbFile:41 - Overriding database path with different value: C:\Users\bozo2\.stmcufinder\plugins\mcufinder/ => C:\Users\bozo2\.stmcufinder\plugins\mcufinder
2024-01-20 21:33:33,381 [INFO] ApiDb:250 - Set database path to: C:\Users\bozo2\.stmcufinder\plugins\mcufinder//mcu/
2024-01-20 21:33:33,381 [WARN] DbFile:41 - Overriding database path with different value: C:\Users\bozo2\.stmcufinder\plugins\mcufinder/ => C:\Users\bozo2\.stmcufinder\plugins\mcufinder
2024-01-20 21:33:33,381 [INFO] DbMcusAds:125 - Set database path to: C:\Users\bozo2\.stmcufinder\plugins\mcufinder//mcu/
2024-01-20 21:33:33,381 [WARN] DbFile:41 - Overriding database path with different value: C:\Users\bozo2\.stmcufinder\plugins\mcufinder/ => C:\Users\bozo2\.stmcufinder\plugins\mcufinder
2024-01-20 21:33:33,381 [WARN] DbFile:41 - Overriding database path with different value: C:\Users\bozo2\.stmcufinder\plugins\mcufinder/ => C:\Users\bozo2\.stmcufinder\plugins\mcufinder
2024-01-20 21:33:33,381 [INFO] CrossReferenceDbSqlite:203 - Set database path to: C:\Users\bozo2\.stmcufinder\plugins\mcufinder//mcu/cs/
2024-01-20 21:33:33,399 [INFO] ApplicationProperties:184 - Using Application install path: C:\ST\STM32CubeIDE_1.13.1\STM32CubeIDE\plugins\com.st.stm32cube.common.mx_6.10.0.202311202037
2024-01-20 21:33:33,400 [INFO] PluginManage:196 - Search for loadable plugins [exclusion list=, ]
2024-01-20 21:33:33,401 [INFO] PluginManage:310 - Check plugin analytics
2024-01-20 21:33:33,577 [INFO] AnalyticsPlugin:253 - Accepted Software Licenses: STM32CubeMX.6.8.1
2024-01-20 21:33:33,578 [INFO] AnalyticsPlugin:255 - Accepted CMSIS Pack Licenses: 
2024-01-20 21:33:33,578 [INFO] AnalyticsPlugin:257 - Accepted Firmware Licenses: FW.H7.1.11.0,FW.F4.1.27.0
2024-01-20 21:33:33,580 [INFO] PluginManage:359 - Loaded plugin analytics (category:tool,tabindex:-1)
2024-01-20 21:33:33,581 [INFO] PluginManage:310 - Check plugin cadmodel
2024-01-20 21:33:33,587 [INFO] CADModel:105 - Init CAD model plugin
2024-01-20 21:33:33,588 [INFO] PluginManage:359 - Loaded plugin cadmodel (category:power,tabindex:5)
2024-01-20 21:33:33,588 [INFO] PluginManage:310 - Check plugin clock
2024-01-20 21:33:33,601 [INFO] PluginManage:359 - Loaded plugin clock (category:base,tabindex:2)
2024-01-20 21:33:33,601 [INFO] PluginManage:310 - Check plugin ddr
2024-01-20 21:33:33,604 [INFO] PluginManage:359 - Loaded plugin ddr (category:tool,tabindex:6)
2024-01-20 21:33:33,605 [INFO] PluginManage:310 - Check plugin filemanager
2024-01-20 21:33:33,777 [INFO] PluginManage:359 - Loaded plugin filemanager (category:base,tabindex:10)
2024-01-20 21:33:33,777 [INFO] PluginManage:310 - Check plugin ipmanager
2024-01-20 21:33:33,784 [INFO] PluginManage:359 - Loaded plugin ipmanager (category:base,tabindex:5)
2024-01-20 21:33:33,784 [INFO] PluginManage:310 - Check plugin lpbam
2024-01-20 21:33:33,796 [INFO] PluginManage:359 - Loaded plugin lpbam (category:base,tabindex:0)
2024-01-20 21:33:33,796 [INFO] PluginManage:310 - Check plugin memorymap
2024-01-20 21:33:33,817 [INFO] PluginManage:359 - Loaded plugin memorymap (category:base,tabindex:4)
2024-01-20 21:33:33,818 [INFO] PluginManage:310 - Check plugin pinoutandconfiguration
2024-01-20 21:33:33,826 [INFO] PluginManage:359 - Loaded plugin pinoutandconfiguration (category:base,tabindex:1)
2024-01-20 21:33:33,827 [INFO] PluginManage:310 - Check plugin pinoutconfig
2024-01-20 21:33:33,917 [WARN] SupportedApi:132 - Cannot load RTOS API schema: s4s-elt-must-match.1: The content of 'definitions' must match (annotation?, (simpleType | complexType)?, (unique | key | keyref)*)). A problem was found starting at: attribute.
2024-01-20 21:33:34,064 [INFO] PluginManage:359 - Loaded plugin pinoutconfig (category:base,tabindex:0)
2024-01-20 21:33:34,064 [INFO] PluginManage:310 - Check plugin power
2024-01-20 21:33:34,077 [INFO] PluginManage:359 - Loaded plugin power (category:power,tabindex:4)
2024-01-20 21:33:34,078 [INFO] PluginManage:310 - Check plugin projectmanager
2024-01-20 21:33:34,092 [INFO] PluginManage:359 - Loaded plugin projectmanager (category:projectmanager,tabindex:3)
2024-01-20 21:33:34,092 [INFO] PluginManage:310 - Check plugin thirdparty
2024-01-20 21:33:34,233 [INFO] PluginManage:359 - Loaded plugin thirdparty (category:base,tabindex:-1)
2024-01-20 21:33:34,233 [INFO] PluginManage:310 - Check plugin tools
2024-01-20 21:33:34,233 [WARN] IntegrityCheckThread:84 - waiting for thirdparty lock release [integrity check]
2024-01-20 21:33:34,233 [INFO] IntegrityCheckThread:86 - entering critical section [integrity check]
2024-01-20 21:33:34,234 [INFO] ThirdPartyUpdaterWithRetryManager:70 - Updater plugin not ready yet. [1/15]
2024-01-20 21:33:34,236 [INFO] PluginManage:359 - Loaded plugin tools (category:base,tabindex:7)
2024-01-20 21:33:34,236 [INFO] PluginManage:310 - Check plugin tutovideos
2024-01-20 21:33:34,413 [INFO] PluginManage:359 - Loaded plugin tutovideos (category:base,tabindex:-1)
2024-01-20 21:33:34,413 [INFO] PluginManage:310 - Check plugin updater
2024-01-20 21:33:34,426 [INFO] PluginManage:359 - Loaded plugin updater (category:base,tabindex:12)
2024-01-20 21:33:34,426 [INFO] PluginManage:310 - Check plugin userauth
2024-01-20 21:33:34,431 [INFO] UserAuth:114 - Init User Auth plugin
2024-01-20 21:33:34,431 [INFO] PluginManage:359 - Loaded plugin userauth (category:base,tabindex:14)
2024-01-20 21:33:34,432 [INFO] PluginManage:283 - PluginManage : Loaded plugins [17]
2024-01-20 21:33:34,658 [INFO] PinOutPanel:1499 - setPackage(No Configuration,No Configuration)
2024-01-20 21:33:34,727 [INFO] CADModel:165 - CPN selected for project level
2024-01-20 21:33:34,727 [INFO] CADModel:114 - Register for checkConnection events
2024-01-20 21:33:34,744 [INFO] IPUIPlugin:80 - create IPUIPlugin
2024-01-20 21:33:34,745 [INFO] PluginManager:220 - loadIPPluginJar : add adc
2024-01-20 21:33:34,747 [INFO] IPUIPlugin:80 - create IPUIPlugin
2024-01-20 21:33:34,747 [INFO] PluginManager:220 - loadIPPluginJar : add aes
2024-01-20 21:33:34,750 [INFO] IPUIPlugin:80 - create IPUIPlugin
2024-01-20 21:33:34,750 [INFO] PluginManager:220 - loadIPPluginJar : add can
2024-01-20 21:33:34,751 [INFO] IPUIPlugin:80 - create IPUIPlugin
2024-01-20 21:33:34,751 [INFO] PluginManager:220 - loadIPPluginJar : add comp
2024-01-20 21:33:34,753 [INFO] IPUIPlugin:80 - create IPUIPlugin
2024-01-20 21:33:34,754 [INFO] PluginManager:220 - loadIPPluginJar : add cryp
2024-01-20 21:33:34,755 [INFO] IPUIPlugin:80 - create IPUIPlugin
2024-01-20 21:33:34,755 [INFO] PluginManager:220 - loadIPPluginJar : add dfsdm
2024-01-20 21:33:34,760 [INFO] IPUIPlugin:80 - create IPUIPlugin
2024-01-20 21:33:34,760 [INFO] PluginManager:220 - loadIPPluginJar : add dma
2024-01-20 21:33:34,763 [INFO] IPUIPlugin:80 - create IPUIPlugin
2024-01-20 21:33:34,763 [INFO] PluginManager:220 - loadIPPluginJar : add dma3
2024-01-20 21:33:34,764 [INFO] IPUIPlugin:80 - create IPUIPlugin
2024-01-20 21:33:34,764 [INFO] PluginManager:220 - loadIPPluginJar : add fatfs
2024-01-20 21:33:34,768 [INFO] IPUIPlugin:80 - create IPUIPlugin
2024-01-20 21:33:34,768 [INFO] PluginManager:220 - loadIPPluginJar : add fmc
2024-01-20 21:33:34,773 [INFO] IPUIPlugin:80 - create IPUIPlugin
2024-01-20 21:33:34,774 [INFO] PluginManager:220 - loadIPPluginJar : add freertos
2024-01-20 21:33:34,775 [INFO] IPUIPlugin:80 - create IPUIPlugin
2024-01-20 21:33:34,775 [INFO] PluginManager:220 - loadIPPluginJar : add genericplugin
2024-01-20 21:33:34,777 [INFO] IPUIPlugin:80 - create IPUIPlugin
2024-01-20 21:33:34,778 [INFO] PluginManager:220 - loadIPPluginJar : add gfxmmu
2024-01-20 21:33:34,781 [INFO] IPUIPlugin:80 - create IPUIPlugin
2024-01-20 21:33:34,782 [INFO] PluginManager:220 - loadIPPluginJar : add gic
2024-01-20 21:33:34,786 [INFO] IPUIPlugin:80 - create IPUIPlugin
2024-01-20 21:33:34,786 [INFO] PluginManager:220 - loadIPPluginJar : add gpio
2024-01-20 21:33:34,788 [INFO] IPUIPlugin:80 - create IPUIPlugin
2024-01-20 21:33:34,788 [INFO] PluginManager:220 - loadIPPluginJar : add gtzc
2024-01-20 21:33:34,791 [INFO] IPUIPlugin:80 - create IPUIPlugin
2024-01-20 21:33:34,791 [INFO] PluginManager:220 - loadIPPluginJar : add hash
2024-01-20 21:33:34,793 [INFO] IPUIPlugin:80 - create IPUIPlugin
2024-01-20 21:33:34,794 [INFO] PluginManager:220 - loadIPPluginJar : add i2c
2024-01-20 21:33:34,796 [INFO] IPUIPlugin:80 - create IPUIPlugin
2024-01-20 21:33:34,796 [INFO] PluginManager:220 - loadIPPluginJar : add i2s
2024-01-20 21:33:34,798 [INFO] IPUIPlugin:80 - create IPUIPlugin
2024-01-20 21:33:34,798 [INFO] PluginManager:220 - loadIPPluginJar : add i3c
2024-01-20 21:33:34,802 [INFO] IPUIPlugin:80 - create IPUIPlugin
2024-01-20 21:33:34,802 [INFO] PluginManager:220 - loadIPPluginJar : add ipddr
2024-01-20 21:33:34,808 [INFO] IPUIPlugin:80 - create IPUIPlugin
2024-01-20 21:33:34,808 [INFO] PluginManager:220 - loadIPPluginJar : add linkedlist
2024-01-20 21:33:34,810 [INFO] IPUIPlugin:80 - create IPUIPlugin
2024-01-20 21:33:34,810 [INFO] PluginManager:220 - loadIPPluginJar : add lorawan
2024-01-20 21:33:34,811 [INFO] IPUIPlugin:80 - create IPUIPlugin
2024-01-20 21:33:34,811 [INFO] PluginManager:220 - loadIPPluginJar : add ltdc
2024-01-20 21:33:34,816 [INFO] IPUIPlugin:80 - create IPUIPlugin
2024-01-20 21:33:34,817 [INFO] PluginManager:220 - loadIPPluginJar : add mdma
2024-01-20 21:33:34,820 [INFO] IPUIPlugin:80 - create IPUIPlugin
2024-01-20 21:33:34,820 [INFO] PluginManager:220 - loadIPPluginJar : add nvic
2024-01-20 21:33:34,822 [INFO] IPUIPlugin:80 - create IPUIPlugin
2024-01-20 21:33:34,822 [INFO] PluginManager:220 - loadIPPluginJar : add opamp
2024-01-20 21:33:34,825 [INFO] IPUIPlugin:80 - create IPUIPlugin
2024-01-20 21:33:34,825 [INFO] PluginManager:220 - loadIPPluginJar : add openamp
2024-01-20 21:33:34,827 [INFO] IPUIPlugin:80 - create IPUIPlugin
2024-01-20 21:33:34,827 [INFO] PluginManager:220 - loadIPPluginJar : add pdm2pcm
2024-01-20 21:33:34,831 [INFO] IPUIPlugin:80 - create IPUIPlugin
2024-01-20 21:33:34,833 [INFO] PluginManager:220 - loadIPPluginJar : add plateformsettings
2024-01-20 21:33:34,836 [INFO] IPUIPlugin:80 - create IPUIPlugin
2024-01-20 21:33:34,836 [INFO] PluginManager:220 - loadIPPluginJar : add quadspi
2024-01-20 21:33:34,840 [INFO] IPUIPlugin:80 - create IPUIPlugin
2024-01-20 21:33:34,840 [INFO] PluginManager:220 - loadIPPluginJar : add resmgrutility
2024-01-20 21:33:34,843 [INFO] IPUIPlugin:80 - create IPUIPlugin
2024-01-20 21:33:34,843 [INFO] PluginManager:220 - loadIPPluginJar : add sai
2024-01-20 21:33:34,845 [INFO] IPUIPlugin:80 - create IPUIPlugin
2024-01-20 21:33:34,845 [INFO] PluginManager:220 - loadIPPluginJar : add spi
2024-01-20 21:33:34,851 [INFO] IPUIPlugin:80 - create IPUIPlugin
2024-01-20 21:33:34,851 [INFO] PluginManager:220 - loadIPPluginJar : add stm32_wpan
2024-01-20 21:33:34,854 [INFO] IPUIPlugin:80 - create IPUIPlugin
2024-01-20 21:33:34,854 [INFO] PluginManager:220 - loadIPPluginJar : add tim
2024-01-20 21:33:34,856 [INFO] IPUIPlugin:80 - create IPUIPlugin
2024-01-20 21:33:34,858 [INFO] PluginManager:220 - loadIPPluginJar : add touchsensing
2024-01-20 21:33:34,859 [INFO] IPUIPlugin:80 - create IPUIPlugin
2024-01-20 21:33:34,859 [INFO] PluginManager:220 - loadIPPluginJar : add tracer_emb
2024-01-20 21:33:34,860 [INFO] IPUIPlugin:80 - create IPUIPlugin
2024-01-20 21:33:34,861 [INFO] PluginManager:220 - loadIPPluginJar : add ts
2024-01-20 21:33:34,862 [INFO] IPUIPlugin:80 - create IPUIPlugin
2024-01-20 21:33:34,862 [INFO] PluginManager:220 - loadIPPluginJar : add tsc
2024-01-20 21:33:34,864 [INFO] IPUIPlugin:80 - create IPUIPlugin
2024-01-20 21:33:34,864 [INFO] PluginManager:220 - loadIPPluginJar : add ucpd
2024-01-20 21:33:34,868 [INFO] IPUIPlugin:80 - create IPUIPlugin
2024-01-20 21:33:34,868 [INFO] PluginManager:220 - loadIPPluginJar : add usart
2024-01-20 21:33:34,871 [INFO] IPUIPlugin:80 - create IPUIPlugin
2024-01-20 21:33:34,871 [INFO] PluginManager:220 - loadIPPluginJar : add usbx
2024-01-20 21:33:35,003 [INFO] CADModel:165 - CPN selected for project level
2024-01-20 21:33:35,003 [INFO] CADModel:114 - Register for checkConnection events
2024-01-20 21:33:35,003 [FATAL] Updater:308 - Updater called before beeing initialized
2024-01-20 21:33:35,003 [ERROR] CADModel:125 - Updater not yet initialized, retry later 
2024-01-20 21:33:35,133 [INFO] CADModel:165 - CPN selected for project level
2024-01-20 21:33:35,133 [INFO] CADModel:114 - Register for checkConnection events
2024-01-20 21:33:35,133 [FATAL] Updater:308 - Updater called before beeing initialized
2024-01-20 21:33:35,133 [ERROR] CADModel:125 - Updater not yet initialized, retry later 
2024-01-20 21:33:35,136 [FATAL] Updater:308 - Updater called before beeing initialized
2024-01-20 21:33:35,247 [FATAL] Updater:308 - Updater called before beeing initialized
2024-01-20 21:33:35,252 [INFO] DbMcusAds:53 - JSON generation date=Wed Nov 29 05:52:27 EST 2023 (1701255147200)
2024-01-20 21:33:35,253 [FATAL] Updater:308 - Updater called before beeing initialized
2024-01-20 21:33:35,290 [WARN] DetailPanel:346 - Failed to get advertising image, set to default
2024-01-20 21:33:35,376 [FATAL] Updater:308 - Updater called before beeing initialized
2024-01-20 21:33:35,378 [FATAL] Updater:308 - Updater called before beeing initialized
2024-01-20 21:33:35,378 [FATAL] Updater:308 - Updater called before beeing initialized
2024-01-20 21:33:35,378 [WARN] DetailPanel:346 - Failed to get advertising image, set to default
2024-01-20 21:33:35,379 [FATAL] Updater:308 - Updater called before beeing initialized
2024-01-20 21:33:35,425 [ERROR] Updater:1120 - MainUpdater not yet initialized. External WinMGr cannot be set.
2024-01-20 21:33:35,428 [INFO] Updater:1056 - Updater Version found : 6.10.0
2024-01-20 21:33:35,450 [INFO] ApplicationProperties:184 - Using Application install path: C:\ST\STM32CubeIDE_1.13.1\STM32CubeIDE\plugins\com.st.stm32cube.common.mx_6.10.0.202311202037
2024-01-20 21:33:35,856 [INFO] MainUpdater:2873 - connection check result : 10
2024-01-20 21:33:35,858 [INFO] MainUpdater:290 - Updater Check For Update Now.
2024-01-20 21:33:35,858 [INFO] MicroXplorer:498 - Change Database Version : DB.6.0.100
2024-01-20 21:33:35,865 [INFO] McuFinderGlobals:63 - Set McuFinder mode to 2 (CubeIDE integrated)
2024-01-20 21:33:35,874 [INFO] UserAuth:404 - Internet connection configuration mode: 1
2024-01-20 21:33:35,898 [INFO] JxBrowserEngine:152 - Initiate JxBrowser Engine with user profile folder
2024-01-20 21:33:36,028 [INFO] CheckServerUpdateThread:120 - End of CheckServer Thread
2024-01-20 21:33:36,773 [INFO] WebApp:161 - Instantiating new browser for Auth
2024-01-20 21:33:37,392 [INFO] WebApp:780 - Register for checkConnection events
2024-01-20 21:33:37,392 [INFO] WebApp:414 - Apply proxy settings
2024-01-20 21:33:37,392 [INFO] WebApp:499 - Chromium requires no authentication
2024-01-20 21:33:37,403 [INFO] WebApp:442 - Direct internet connection detected
2024-01-20 21:33:37,404 [WARN] PackLoader:240 - Cannot read IP mode file for STMicroelectronics.X-CUBE-SMBUS.2.1.0
2024-01-20 21:33:37,412 [WARN] PackLoader:240 - Cannot read IP mode file for STMicroelectronics.X-CUBE-TOUCHGFX.4.23.0
2024-01-20 21:33:37,437 [WARN] PackLoader:240 - Cannot read IP mode file for STMicroelectronics.X-CUBE-AZRTOS-F7.1.1.0
2024-01-20 21:33:37,446 [WARN] PackLoader:240 - Cannot read IP mode file for STMicroelectronics.FP-SNS-MOTENV1.4.3.2
2024-01-20 21:33:37,452 [WARN] PackLoader:240 - Cannot read IP mode file for STMicroelectronics.FP-SNS-FLIGHT1.5.0.1
2024-01-20 21:33:37,461 [WARN] PackLoader:240 - Cannot read IP mode file for STMicroelectronics.X-CUBE-BLE1.6.2.4
2024-01-20 21:33:37,466 [WARN] PackLoader:240 - Cannot read IP mode file for STMicroelectronics.FP-SNS-FLIGHT1.5.0.2
2024-01-20 21:33:37,475 [WARN] PackLoader:240 - Cannot read IP mode file for STMicroelectronics.X-CUBE-DISPLAY.3.0.0
2024-01-20 21:33:37,495 [WARN] PackLoader:240 - Cannot read IP mode file for STMicroelectronics.X-CUBE-BLE1.7.0.0
2024-01-20 21:33:37,503 [WARN] PackLoader:240 - Cannot read IP mode file for emotas.I-CUBE-CANOPEN.1.3.0
2024-01-20 21:33:37,508 [WARN] PackLoader:240 - Cannot read IP mode file for STMicroelectronics.X-CUBE-TOUCHGFX.4.22.0
2024-01-20 21:33:37,514 [WARN] PackLoader:240 - Cannot read IP mode file for STMicroelectronics.X-CUBE-TOUCHGFX.4.22.1
2024-01-20 21:33:37,520 [WARN] PackLoader:240 - Cannot read IP mode file for STMicroelectronics.FP-SNS-SMARTAG2.1.2.0
2024-01-20 21:33:37,562 [INFO] LogOutputStream:77 - [STDOUT_REDIRECT] 1 : Invalid condition id : UX_CORESTACK_Condition cause : null
2024-01-20 21:33:37,563 [INFO] LogOutputStream:77 - [STDOUT_REDIRECT] 1 : Invalid condition id : UX_CORESTACK_Condition cause : null
2024-01-20 21:33:37,564 [INFO] LogOutputStream:77 - [STDOUT_REDIRECT] 1 : Invalid condition id : UX_CORESTACK_Condition cause : null
2024-01-20 21:33:37,567 [INFO] LogOutputStream:77 - [STDOUT_REDIRECT] 1 : Invalid condition id : UX_CORESTACK_Condition cause : null
2024-01-20 21:33:37,568 [INFO] LogOutputStream:77 - [STDOUT_REDIRECT] 1 : Invalid condition id : UX_CORESTACK_Condition cause : null
2024-01-20 21:33:37,571 [WARN] PackLoader:240 - Cannot read IP mode file for STMicroelectronics.X-CUBE-AZRTOS-WL.2.0.0
2024-01-20 21:33:37,597 [WARN] PackLoader:240 - Cannot read IP mode file for WES.I-CUBE-Cesium.1.3.0
2024-01-20 21:33:37,602 [WARN] PackLoader:240 - Cannot read IP mode file for STMicroelectronics.X-CUBE-BLE2.3.3.0
2024-01-20 21:33:37,609 [WARN] PackLoader:240 - Cannot read IP mode file for STMicroelectronics.X-CUBE-ALGOBUILD.1.3.0
2024-01-20 21:33:37,628 [WARN] PackLoader:240 - Cannot read IP mode file for STMicroelectronics.X-CUBE-AZRTOS-G0.1.1.0
2024-01-20 21:33:37,641 [WARN] PackLoader:240 - Cannot read IP mode file for STMicroelectronics.X-CUBE-NFC4.3.0.0
2024-01-20 21:33:37,653 [WARN] PackLoader:240 - Cannot read IP mode file for STMicroelectronics.X-CUBE-BLEMGR.3.0.0
2024-01-20 21:33:37,660 [WARN] PackLoader:240 - Cannot read IP mode file for STMicroelectronics.FP-ATR-SIGFOX1.3.2.0
2024-01-20 21:33:37,694 [WARN] PackLoader:240 - Cannot read IP mode file for SEGGER.I-CUBE-embOS.1.3.1
2024-01-20 21:33:37,730 [WARN] PackLoader:240 - Cannot read IP mode file for STMicroelectronics.X-CUBE-GNSS1.6.0.0
2024-01-20 21:33:37,752 [WARN] PackLoader:240 - Cannot read IP mode file for STMicroelectronics.X-CUBE-AZRTOS-F4.1.1.0
2024-01-20 21:33:37,759 [WARN] PackLoader:240 - Cannot read IP mode file for wolfSSL.I-CUBE-wolfSSL.5.6.3
2024-01-20 21:33:37,777 [WARN] PackLoader:240 - Cannot read IP mode file for STMicroelectronics.X-CUBE-AZRTOS-L5.2.0.0
2024-01-20 21:33:37,779 [INFO] WebApp:192 - Starting web application
2024-01-20 21:33:37,779 [INFO] WebApp:544 - Web application path used C:\ST\STM32CubeIDE_1.13.1\STM32CubeIDE\plugins\com.st.stm32cube.common.mx_6.10.0.202311202037\db\plugins\mcufinder\reactClient1\index.html
2024-01-20 21:33:37,810 [WARN] PackLoader:240 - Cannot read IP mode file for STMicroelectronics.X-CUBE-MEMS1.9.6.0
2024-01-20 21:33:37,939 [WARN] PackLoader:240 - Cannot read IP mode file for STMicroelectronics.X-CUBE-EEPRMA1.4.2.0
2024-01-20 21:33:37,946 [WARN] PackLoader:240 - Cannot read IP mode file for ITTIA_DB.I-CUBE-ITTIADB.8.8.0
2024-01-20 21:33:37,953 [WARN] PackLoader:240 - Cannot read IP mode file for STMicroelectronics.X-CUBE-BLEMGR.2.0.0
2024-01-20 21:33:37,974 [WARN] ConditionMgr:438 - getConditionDescription Invalid condition id : UX DEVICE CLASS RTOS Condition cause : null
2024-01-20 21:33:37,974 [WARN] ConditionMgr:438 - getConditionDescription Invalid condition id : UX DEVICE CLASS RTOS Condition cause : null
2024-01-20 21:33:37,976 [WARN] PackLoader:240 - Cannot read IP mode file for STMicroelectronics.X-CUBE-AZRTOS-H7.3.1.0
2024-01-20 21:33:37,977 [WARN] ConditionMgr:1039 - genDependencies : Invalid condition id : UX DEVICE CLASS RTOS Condition cause : null
2024-01-20 21:33:37,978 [WARN] ConditionMgr:1039 - genDependencies : Invalid condition id : UX DEVICE CLASS RTOS Condition cause : null
2024-01-20 21:33:37,978 [WARN] ConditionMgr:1039 - genDependencies : Invalid condition id : UX DEVICE CLASS RTOS Condition cause : null
2024-01-20 21:33:37,978 [WARN] ConditionMgr:1039 - genDependencies : Invalid condition id : UX DEVICE CLASS RTOS Condition cause : null
2024-01-20 21:33:37,978 [WARN] ConditionMgr:1039 - genDependencies : Invalid condition id : UX DEVICE CLASS RTOS Condition cause : null
2024-01-20 21:33:37,983 [WARN] PackLoader:240 - Cannot read IP mode file for STMicroelectronics.X-CUBE-NFC7.1.0.1
2024-01-20 21:33:37,990 [WARN] PackLoader:240 - Cannot read IP mode file for STMicroelectronics.X-CUBE-NFC6.3.0.0
2024-01-20 21:33:37,995 [WARN] PackLoader:240 - Cannot read IP mode file for STMicroelectronics.X-CUBE-EEPRMA1.4.1.0
2024-01-20 21:33:38,001 [WARN] PackLoader:240 - Cannot read IP mode file for STMicroelectronics.X-CUBE-AI.8.1.0
2024-01-20 21:33:38,017 [WARN] ConditionMgr:438 - getConditionDescription Invalid condition id : LAN8742 Phy interface Condition cause : null
2024-01-20 21:33:38,017 [WARN] PackLoader:240 - Cannot read IP mode file for STMicroelectronics.X-CUBE-AZRTOS-L4.2.0.0
2024-01-20 21:33:38,018 [WARN] ConditionMgr:1039 - genDependencies : Invalid condition id : LAN8742 Phy interface Condition cause : null
2024-01-20 21:33:38,018 [WARN] ConditionMgr:1039 - genDependencies : Invalid condition id : LAN8742 Phy interface Condition cause : null
2024-01-20 21:33:38,019 [WARN] ConditionMgr:1039 - genDependencies : Invalid condition id : LAN8742 Phy interface Condition cause : null
2024-01-20 21:33:38,027 [WARN] PackLoader:240 - Cannot read IP mode file for STMicroelectronics.X-CUBE-SFXS2LP1.4.0.0
2024-01-20 21:33:38,031 [WARN] PackLoader:240 - Cannot read IP mode file for STMicroelectronics.X-CUBE-ISPU.1.1.0
2024-01-20 21:33:38,042 [WARN] ConditionMgr:438 - getConditionDescription Invalid condition id : UX DEVICE CLASS RTOS Condition cause : null
2024-01-20 21:33:38,042 [WARN] ConditionMgr:438 - getConditionDescription Invalid condition id : UX DEVICE CLASS RTOS Condition cause : null
2024-01-20 21:33:38,044 [WARN] PackLoader:240 - Cannot read IP mode file for STMicroelectronics.X-CUBE-AZRTOS-WB.2.0.0
2024-01-20 21:33:38,044 [WARN] ConditionMgr:1039 - genDependencies : Invalid condition id : UX DEVICE CLASS RTOS Condition cause : null
2024-01-20 21:33:38,044 [WARN] ConditionMgr:1039 - genDependencies : Invalid condition id : UX DEVICE CLASS RTOS Condition cause : null
2024-01-20 21:33:38,044 [WARN] ConditionMgr:1039 - genDependencies : Invalid condition id : UX DEVICE CLASS RTOS Condition cause : null
2024-01-20 21:33:38,045 [WARN] ConditionMgr:1039 - genDependencies : Invalid condition id : UX DEVICE CLASS RTOS Condition cause : null
2024-01-20 21:33:38,045 [WARN] ConditionMgr:1039 - genDependencies : Invalid condition id : UX DEVICE CLASS RTOS Condition cause : null
2024-01-20 21:33:38,049 [WARN] PackLoader:240 - Cannot read IP mode file for STMicroelectronics.X-CUBE-FREERTOS.1.0.1
2024-01-20 21:33:38,061 [WARN] PackLoader:240 - Cannot read IP mode file for STMicroelectronics.X-CUBE-AZRTOS-L5.1.1.0
2024-01-20 21:33:38,065 [WARN] PackLoader:240 - Cannot read IP mode file for STMicroelectronics.X-CUBE-AI.8.0.1
2024-01-20 21:33:38,075 [WARN] PackLoader:240 - Cannot read IP mode file for STMicroelectronics.X-CUBE-SUBG2.5.0.0
2024-01-20 21:33:38,086 [WARN] PackLoader:240 - Cannot read IP mode file for STMicroelectronics.X-CUBE-TOF1.3.3.1
2024-01-20 21:33:38,103 [WARN] PackLoader:240 - Cannot read IP mode file for STMicroelectronics.X-CUBE-AZRTOS-G4.2.0.0
2024-01-20 21:33:38,115 [WARN] PackLoader:240 - Cannot read IP mode file for STMicroelectronics.X-CUBE-TOF1.3.3.0
2024-01-20 21:33:38,131 [WARN] PackLoader:240 - Cannot read IP mode file for Infineon.AIROC-Wi-Fi-Bluetooth-STM32.1.5.1
2024-01-20 21:33:38,138 [WARN] PackLoader:240 - Cannot read IP mode file for STMicroelectronics.FP-SNS-MOTENVWB1.1.3.1
2024-01-20 21:33:38,142 [WARN] PackLoader:240 - Cannot read IP mode file for STMicroelectronics.X-CUBE-ISPU.2.0.0
2024-01-20 21:33:38,176 [WARN] PackLoader:240 - Cannot read IP mode file for STMicroelectronics.X-CUBE-MEMS1.10.0.0
2024-01-20 21:33:38,275 [WARN] PackLoader:240 - Cannot read IP mode file for STMicroelectronics.X-CUBE-FREERTOS.1.1.0
2024-01-20 21:33:38,280 [WARN] PackLoader:240 - Cannot read IP mode file for portGmbH.I-Cube-SoM-uGOAL.1.1.0
2024-01-20 21:33:38,283 [WARN] PackLoader:240 - Cannot read IP mode file for STMicroelectronics.X-CUBE-ALS.1.0.1
2024-01-20 21:33:38,294 [WARN] PackLoader:240 - Cannot read IP mode file for STMicroelectronics.X-CUBE-AZRTOS-WB.1.1.0
2024-01-20 21:33:38,300 [WARN] PackLoader:240 - Cannot read IP mode file for STMicroelectronics.FP-ATR-ASTRA1.2.0.0
2024-01-20 21:33:38,310 [WARN] PackLoader:240 - Cannot read IP mode file for STMicroelectronics.X-CUBE-TOF1.3.4.0
2024-01-20 21:33:38,334 [WARN] PackLoader:240 - Cannot read IP mode file for STMicroelectronics.X-CUBE-AZRTOS-H7.3.2.0
2024-01-20 21:33:38,339 [INFO] ThirdParty:978 - Integrity check success = true
2024-01-20 21:33:38,339 [INFO] IntegrityCheckThread:100 - exiting critical section [integrity check]
2024-01-20 21:33:38,339 [INFO] IntegrityCheckThread:103 - End integrity checks thread
2024-01-20 21:33:53,265 [ERROR] LogOutputStream:75 - [STDERR_REDIRECT] 
2024-01-20 21:34:21,098 [INFO] Activator:176 - 


2024-01-20 21:34:21,100 [INFO] Activator:177 - !SESSION log4j initialized
2024-01-20 21:34:23,788 [INFO] LogOutputStream:77 - [STDOUT_REDIRECT] 
2024-01-20 21:34:25,461 [INFO] ApplicationProperties:184 - Using Application install path: C:\ST\STM32CubeIDE_1.13.1\STM32CubeIDE\plugins\com.st.stm32cube.common.mx_6.10.0.202311202037
2024-01-20 21:34:25,478 [INFO] DbMcusXml:78 - Set database path to: C:\ST\STM32CubeIDE_1.13.1\STM32CubeIDE\plugins\com.st.stm32cube.common.mx_6.10.0.202311202037\\db\/mcu/
2024-01-20 21:34:25,479 [INFO] ApiDb:274 - Set plugin database path to: C:\ST\STM32CubeIDE_1.13.1\STM32CubeIDE\plugins\com.st.stm32cube.common.mx_6.10.0.202311202037\\db\/plugins/boardmanager/
2024-01-20 21:34:25,479 [WARN] ApiDb:259 - Overriding images path with different value:  => C:\ST\STM32CubeIDE_1.13.1\STM32CubeIDE\plugins\com.st.stm32cube.common.mx_6.10.0.202311202037\\db\/plugins/mcufinder/images/
2024-01-20 21:34:25,487 [INFO] ApiDb:250 - Set database path to: C:\Users\bozo2\.stmcufinder\plugins\mcufinder//mcu/
2024-01-20 21:34:25,488 [INFO] DbMcusAds:125 - Set database path to: C:\Users\bozo2\.stmcufinder\plugins\mcufinder//mcu/
2024-01-20 21:34:25,491 [INFO] CrossReferenceDbSqlite:203 - Set database path to: C:\Users\bozo2\.stmcufinder\plugins\mcufinder//mcu/cs/
2024-01-20 21:34:25,603 [INFO] RulesReader:64 - Compatibility file has been processed (297 Rules)
2024-01-20 21:34:25,678 [INFO] DbMcusXml:78 - Set database path to: C:\ST\STM32CubeIDE_1.13.1\STM32CubeIDE\plugins\com.st.stm32cube.common.mx_6.10.0.202311202037\\db\/mcu/
2024-01-20 21:34:25,679 [INFO] ApiDb:274 - Set plugin database path to: C:\ST\STM32CubeIDE_1.13.1\STM32CubeIDE\plugins\com.st.stm32cube.common.mx_6.10.0.202311202037\\db\/plugins/boardmanager/
2024-01-20 21:34:25,679 [INFO] ApiDb:261 - Set plugin images path to: C:\ST\STM32CubeIDE_1.13.1\STM32CubeIDE\plugins\com.st.stm32cube.common.mx_6.10.0.202311202037\\db\/plugins/mcufinder/images/
2024-01-20 21:34:25,679 [WARN] DbFile:41 - Overriding database path with different value: C:\Users\bozo2\.stmcufinder\plugins\mcufinder/ => C:\Users\bozo2\.stmcufinder\plugins\mcufinder
2024-01-20 21:34:25,679 [INFO] ApiDb:250 - Set database path to: C:\Users\bozo2\.stmcufinder\plugins\mcufinder//mcu/
2024-01-20 21:34:25,679 [WARN] DbFile:41 - Overriding database path with different value: C:\Users\bozo2\.stmcufinder\plugins\mcufinder/ => C:\Users\bozo2\.stmcufinder\plugins\mcufinder
2024-01-20 21:34:25,679 [INFO] DbMcusAds:125 - Set database path to: C:\Users\bozo2\.stmcufinder\plugins\mcufinder//mcu/
2024-01-20 21:34:25,679 [WARN] DbFile:41 - Overriding database path with different value: C:\Users\bozo2\.stmcufinder\plugins\mcufinder/ => C:\Users\bozo2\.stmcufinder\plugins\mcufinder
2024-01-20 21:34:25,679 [WARN] DbFile:41 - Overriding database path with different value: C:\Users\bozo2\.stmcufinder\plugins\mcufinder/ => C:\Users\bozo2\.stmcufinder\plugins\mcufinder
2024-01-20 21:34:25,679 [INFO] CrossReferenceDbSqlite:203 - Set database path to: C:\Users\bozo2\.stmcufinder\plugins\mcufinder//mcu/cs/
2024-01-20 21:34:25,747 [INFO] MainPanel:264 - HeapMemory: 268435456
2024-01-20 21:34:25,820 [INFO] DbMcusXml:78 - Set database path to: C:\ST\STM32CubeIDE_1.13.1\STM32CubeIDE\plugins\com.st.stm32cube.common.mx_6.10.0.202311202037\\db\/mcu/
2024-01-20 21:34:25,820 [INFO] ApiDb:274 - Set plugin database path to: C:\ST\STM32CubeIDE_1.13.1\STM32CubeIDE\plugins\com.st.stm32cube.common.mx_6.10.0.202311202037\\db\/plugins/boardmanager/
2024-01-20 21:34:25,820 [INFO] ApiDb:261 - Set plugin images path to: C:\ST\STM32CubeIDE_1.13.1\STM32CubeIDE\plugins\com.st.stm32cube.common.mx_6.10.0.202311202037\\db\/plugins/mcufinder/images/
2024-01-20 21:34:25,821 [WARN] DbFile:41 - Overriding database path with different value: C:\Users\bozo2\.stmcufinder\plugins\mcufinder/ => C:\Users\bozo2\.stmcufinder\plugins\mcufinder
2024-01-20 21:34:25,821 [INFO] ApiDb:250 - Set database path to: C:\Users\bozo2\.stmcufinder\plugins\mcufinder//mcu/
2024-01-20 21:34:25,821 [WARN] DbFile:41 - Overriding database path with different value: C:\Users\bozo2\.stmcufinder\plugins\mcufinder/ => C:\Users\bozo2\.stmcufinder\plugins\mcufinder
2024-01-20 21:34:25,821 [INFO] DbMcusAds:125 - Set database path to: C:\Users\bozo2\.stmcufinder\plugins\mcufinder//mcu/
2024-01-20 21:34:25,821 [WARN] DbFile:41 - Overriding database path with different value: C:\Users\bozo2\.stmcufinder\plugins\mcufinder/ => C:\Users\bozo2\.stmcufinder\plugins\mcufinder
2024-01-20 21:34:25,821 [WARN] DbFile:41 - Overriding database path with different value: C:\Users\bozo2\.stmcufinder\plugins\mcufinder/ => C:\Users\bozo2\.stmcufinder\plugins\mcufinder
2024-01-20 21:34:25,821 [INFO] CrossReferenceDbSqlite:203 - Set database path to: C:\Users\bozo2\.stmcufinder\plugins\mcufinder//mcu/cs/
2024-01-20 21:34:25,839 [INFO] ApplicationProperties:184 - Using Application install path: C:\ST\STM32CubeIDE_1.13.1\STM32CubeIDE\plugins\com.st.stm32cube.common.mx_6.10.0.202311202037
2024-01-20 21:34:25,840 [INFO] PluginManage:196 - Search for loadable plugins [exclusion list=, ]
2024-01-20 21:34:25,842 [INFO] PluginManage:310 - Check plugin analytics
2024-01-20 21:34:26,007 [INFO] AnalyticsPlugin:253 - Accepted Software Licenses: STM32CubeMX.6.8.1
2024-01-20 21:34:26,007 [INFO] AnalyticsPlugin:255 - Accepted CMSIS Pack Licenses: 
2024-01-20 21:34:26,007 [INFO] AnalyticsPlugin:257 - Accepted Firmware Licenses: FW.H7.1.11.0,FW.F4.1.27.0
2024-01-20 21:34:26,010 [INFO] PluginManage:359 - Loaded plugin analytics (category:tool,tabindex:-1)
2024-01-20 21:34:26,010 [INFO] PluginManage:310 - Check plugin cadmodel
2024-01-20 21:34:26,015 [INFO] CADModel:105 - Init CAD model plugin
2024-01-20 21:34:26,015 [INFO] PluginManage:359 - Loaded plugin cadmodel (category:power,tabindex:5)
2024-01-20 21:34:26,016 [INFO] PluginManage:310 - Check plugin clock
2024-01-20 21:34:26,026 [INFO] PluginManage:359 - Loaded plugin clock (category:base,tabindex:2)
2024-01-20 21:34:26,026 [INFO] PluginManage:310 - Check plugin ddr
2024-01-20 21:34:26,028 [INFO] PluginManage:359 - Loaded plugin ddr (category:tool,tabindex:6)
2024-01-20 21:34:26,028 [INFO] PluginManage:310 - Check plugin filemanager
2024-01-20 21:34:26,159 [INFO] PluginManage:359 - Loaded plugin filemanager (category:base,tabindex:10)
2024-01-20 21:34:26,159 [INFO] PluginManage:310 - Check plugin ipmanager
2024-01-20 21:34:26,166 [INFO] PluginManage:359 - Loaded plugin ipmanager (category:base,tabindex:5)
2024-01-20 21:34:26,166 [INFO] PluginManage:310 - Check plugin lpbam
2024-01-20 21:34:26,174 [INFO] PluginManage:359 - Loaded plugin lpbam (category:base,tabindex:0)
2024-01-20 21:34:26,175 [INFO] PluginManage:310 - Check plugin memorymap
2024-01-20 21:34:26,187 [INFO] PluginManage:359 - Loaded plugin memorymap (category:base,tabindex:4)
2024-01-20 21:34:26,187 [INFO] PluginManage:310 - Check plugin pinoutandconfiguration
2024-01-20 21:34:26,193 [INFO] PluginManage:359 - Loaded plugin pinoutandconfiguration (category:base,tabindex:1)
2024-01-20 21:34:26,193 [INFO] PluginManage:310 - Check plugin pinoutconfig
2024-01-20 21:34:26,310 [WARN] SupportedApi:132 - Cannot load RTOS API schema: s4s-elt-must-match.1: The content of 'definitions' must match (annotation?, (simpleType | complexType)?, (unique | key | keyref)*)). A problem was found starting at: attribute.
2024-01-20 21:34:26,426 [INFO] PluginManage:359 - Loaded plugin pinoutconfig (category:base,tabindex:0)
2024-01-20 21:34:26,426 [INFO] PluginManage:310 - Check plugin power
2024-01-20 21:34:26,435 [INFO] PluginManage:359 - Loaded plugin power (category:power,tabindex:4)
2024-01-20 21:34:26,435 [INFO] PluginManage:310 - Check plugin projectmanager
2024-01-20 21:34:26,449 [INFO] PluginManage:359 - Loaded plugin projectmanager (category:projectmanager,tabindex:3)
2024-01-20 21:34:26,449 [INFO] PluginManage:310 - Check plugin thirdparty
2024-01-20 21:34:26,557 [INFO] PluginManage:359 - Loaded plugin thirdparty (category:base,tabindex:-1)
2024-01-20 21:34:26,557 [INFO] PluginManage:310 - Check plugin tools
2024-01-20 21:34:26,557 [WARN] IntegrityCheckThread:84 - waiting for thirdparty lock release [integrity check]
2024-01-20 21:34:26,557 [INFO] IntegrityCheckThread:86 - entering critical section [integrity check]
2024-01-20 21:34:26,558 [INFO] ThirdPartyUpdaterWithRetryManager:70 - Updater plugin not ready yet. [1/15]
2024-01-20 21:34:26,559 [INFO] PluginManage:359 - Loaded plugin tools (category:base,tabindex:7)
2024-01-20 21:34:26,559 [INFO] PluginManage:310 - Check plugin tutovideos
2024-01-20 21:34:26,694 [INFO] PluginManage:359 - Loaded plugin tutovideos (category:base,tabindex:-1)
2024-01-20 21:34:26,694 [INFO] PluginManage:310 - Check plugin updater
2024-01-20 21:34:26,703 [INFO] PluginManage:359 - Loaded plugin updater (category:base,tabindex:12)
2024-01-20 21:34:26,703 [INFO] PluginManage:310 - Check plugin userauth
2024-01-20 21:34:26,707 [INFO] UserAuth:114 - Init User Auth plugin
2024-01-20 21:34:26,707 [INFO] PluginManage:359 - Loaded plugin userauth (category:base,tabindex:14)
2024-01-20 21:34:26,707 [INFO] PluginManage:283 - PluginManage : Loaded plugins [17]
2024-01-20 21:34:26,879 [INFO] PinOutPanel:1499 - setPackage(No Configuration,No Configuration)
2024-01-20 21:34:26,942 [INFO] CADModel:165 - CPN selected for project level
2024-01-20 21:34:26,942 [INFO] CADModel:114 - Register for checkConnection events
2024-01-20 21:34:26,958 [INFO] IPUIPlugin:80 - create IPUIPlugin
2024-01-20 21:34:26,958 [INFO] PluginManager:220 - loadIPPluginJar : add adc
2024-01-20 21:34:26,960 [INFO] IPUIPlugin:80 - create IPUIPlugin
2024-01-20 21:34:26,960 [INFO] PluginManager:220 - loadIPPluginJar : add aes
2024-01-20 21:34:26,962 [INFO] IPUIPlugin:80 - create IPUIPlugin
2024-01-20 21:34:26,962 [INFO] PluginManager:220 - loadIPPluginJar : add can
2024-01-20 21:34:26,964 [INFO] IPUIPlugin:80 - create IPUIPlugin
2024-01-20 21:34:26,964 [INFO] PluginManager:220 - loadIPPluginJar : add comp
2024-01-20 21:34:26,966 [INFO] IPUIPlugin:80 - create IPUIPlugin
2024-01-20 21:34:26,966 [INFO] PluginManager:220 - loadIPPluginJar : add cryp
2024-01-20 21:34:26,969 [INFO] IPUIPlugin:80 - create IPUIPlugin
2024-01-20 21:34:26,969 [INFO] PluginManager:220 - loadIPPluginJar : add dfsdm
2024-01-20 21:34:26,973 [INFO] IPUIPlugin:80 - create IPUIPlugin
2024-01-20 21:34:26,974 [INFO] PluginManager:220 - loadIPPluginJar : add dma
2024-01-20 21:34:26,976 [INFO] IPUIPlugin:80 - create IPUIPlugin
2024-01-20 21:34:26,976 [INFO] PluginManager:220 - loadIPPluginJar : add dma3
2024-01-20 21:34:26,977 [INFO] IPUIPlugin:80 - create IPUIPlugin
2024-01-20 21:34:26,977 [INFO] PluginManager:220 - loadIPPluginJar : add fatfs
2024-01-20 21:34:26,980 [INFO] IPUIPlugin:80 - create IPUIPlugin
2024-01-20 21:34:26,981 [INFO] PluginManager:220 - loadIPPluginJar : add fmc
2024-01-20 21:34:26,986 [INFO] IPUIPlugin:80 - create IPUIPlugin
2024-01-20 21:34:26,986 [INFO] PluginManager:220 - loadIPPluginJar : add freertos
2024-01-20 21:34:26,987 [INFO] IPUIPlugin:80 - create IPUIPlugin
2024-01-20 21:34:26,987 [INFO] PluginManager:220 - loadIPPluginJar : add genericplugin
2024-01-20 21:34:26,989 [INFO] IPUIPlugin:80 - create IPUIPlugin
2024-01-20 21:34:26,989 [INFO] PluginManager:220 - loadIPPluginJar : add gfxmmu
2024-01-20 21:34:26,993 [INFO] IPUIPlugin:80 - create IPUIPlugin
2024-01-20 21:34:26,993 [INFO] PluginManager:220 - loadIPPluginJar : add gic
2024-01-20 21:34:26,996 [INFO] IPUIPlugin:80 - create IPUIPlugin
2024-01-20 21:34:26,997 [INFO] PluginManager:220 - loadIPPluginJar : add gpio
2024-01-20 21:34:26,999 [INFO] IPUIPlugin:80 - create IPUIPlugin
2024-01-20 21:34:26,999 [INFO] PluginManager:220 - loadIPPluginJar : add gtzc
2024-01-20 21:34:27,002 [INFO] IPUIPlugin:80 - create IPUIPlugin
2024-01-20 21:34:27,002 [INFO] PluginManager:220 - loadIPPluginJar : add hash
2024-01-20 21:34:27,005 [INFO] IPUIPlugin:80 - create IPUIPlugin
2024-01-20 21:34:27,005 [INFO] PluginManager:220 - loadIPPluginJar : add i2c
2024-01-20 21:34:27,007 [INFO] IPUIPlugin:80 - create IPUIPlugin
2024-01-20 21:34:27,007 [INFO] PluginManager:220 - loadIPPluginJar : add i2s
2024-01-20 21:34:27,009 [INFO] IPUIPlugin:80 - create IPUIPlugin
2024-01-20 21:34:27,009 [INFO] PluginManager:220 - loadIPPluginJar : add i3c
2024-01-20 21:34:27,012 [INFO] IPUIPlugin:80 - create IPUIPlugin
2024-01-20 21:34:27,012 [INFO] PluginManager:220 - loadIPPluginJar : add ipddr
2024-01-20 21:34:27,018 [INFO] IPUIPlugin:80 - create IPUIPlugin
2024-01-20 21:34:27,019 [INFO] PluginManager:220 - loadIPPluginJar : add linkedlist
2024-01-20 21:34:27,021 [INFO] IPUIPlugin:80 - create IPUIPlugin
2024-01-20 21:34:27,021 [INFO] PluginManager:220 - loadIPPluginJar : add lorawan
2024-01-20 21:34:27,022 [INFO] IPUIPlugin:80 - create IPUIPlugin
2024-01-20 21:34:27,022 [INFO] PluginManager:220 - loadIPPluginJar : add ltdc
2024-01-20 21:34:27,027 [INFO] IPUIPlugin:80 - create IPUIPlugin
2024-01-20 21:34:27,027 [INFO] PluginManager:220 - loadIPPluginJar : add mdma
2024-01-20 21:34:27,031 [INFO] IPUIPlugin:80 - create IPUIPlugin
2024-01-20 21:34:27,031 [INFO] PluginManager:220 - loadIPPluginJar : add nvic
2024-01-20 21:34:27,033 [INFO] IPUIPlugin:80 - create IPUIPlugin
2024-01-20 21:34:27,033 [INFO] PluginManager:220 - loadIPPluginJar : add opamp
2024-01-20 21:34:27,036 [INFO] IPUIPlugin:80 - create IPUIPlugin
2024-01-20 21:34:27,036 [INFO] PluginManager:220 - loadIPPluginJar : add openamp
2024-01-20 21:34:27,039 [INFO] IPUIPlugin:80 - create IPUIPlugin
2024-01-20 21:34:27,039 [INFO] PluginManager:220 - loadIPPluginJar : add pdm2pcm
2024-01-20 21:34:27,043 [INFO] IPUIPlugin:80 - create IPUIPlugin
2024-01-20 21:34:27,046 [INFO] PluginManager:220 - loadIPPluginJar : add plateformsettings
2024-01-20 21:34:27,047 [INFO] IPUIPlugin:80 - create IPUIPlugin
2024-01-20 21:34:27,048 [INFO] PluginManager:220 - loadIPPluginJar : add quadspi
2024-01-20 21:34:27,050 [INFO] IPUIPlugin:80 - create IPUIPlugin
2024-01-20 21:34:27,050 [INFO] PluginManager:220 - loadIPPluginJar : add resmgrutility
2024-01-20 21:34:27,053 [INFO] IPUIPlugin:80 - create IPUIPlugin
2024-01-20 21:34:27,053 [INFO] PluginManager:220 - loadIPPluginJar : add sai
2024-01-20 21:34:27,055 [INFO] IPUIPlugin:80 - create IPUIPlugin
2024-01-20 21:34:27,056 [INFO] PluginManager:220 - loadIPPluginJar : add spi
2024-01-20 21:34:27,059 [INFO] IPUIPlugin:80 - create IPUIPlugin
2024-01-20 21:34:27,059 [INFO] PluginManager:220 - loadIPPluginJar : add stm32_wpan
2024-01-20 21:34:27,061 [INFO] IPUIPlugin:80 - create IPUIPlugin
2024-01-20 21:34:27,061 [INFO] PluginManager:220 - loadIPPluginJar : add tim
2024-01-20 21:34:27,063 [INFO] IPUIPlugin:80 - create IPUIPlugin
2024-01-20 21:34:27,063 [INFO] PluginManager:220 - loadIPPluginJar : add touchsensing
2024-01-20 21:34:27,064 [INFO] IPUIPlugin:80 - create IPUIPlugin
2024-01-20 21:34:27,065 [INFO] PluginManager:220 - loadIPPluginJar : add tracer_emb
2024-01-20 21:34:27,066 [INFO] IPUIPlugin:80 - create IPUIPlugin
2024-01-20 21:34:27,066 [INFO] PluginManager:220 - loadIPPluginJar : add ts
2024-01-20 21:34:27,067 [INFO] IPUIPlugin:80 - create IPUIPlugin
2024-01-20 21:34:27,067 [INFO] PluginManager:220 - loadIPPluginJar : add tsc
2024-01-20 21:34:27,068 [INFO] IPUIPlugin:80 - create IPUIPlugin
2024-01-20 21:34:27,069 [INFO] PluginManager:220 - loadIPPluginJar : add ucpd
2024-01-20 21:34:27,071 [INFO] IPUIPlugin:80 - create IPUIPlugin
2024-01-20 21:34:27,071 [INFO] PluginManager:220 - loadIPPluginJar : add usart
2024-01-20 21:34:27,073 [INFO] IPUIPlugin:80 - create IPUIPlugin
2024-01-20 21:34:27,073 [INFO] PluginManager:220 - loadIPPluginJar : add usbx
2024-01-20 21:34:27,198 [INFO] CADModel:165 - CPN selected for project level
2024-01-20 21:34:27,198 [INFO] CADModel:114 - Register for checkConnection events
2024-01-20 21:34:27,198 [FATAL] Updater:308 - Updater called before beeing initialized
2024-01-20 21:34:27,198 [ERROR] CADModel:125 - Updater not yet initialized, retry later 
2024-01-20 21:34:27,295 [INFO] CADModel:165 - CPN selected for project level
2024-01-20 21:34:27,295 [INFO] CADModel:114 - Register for checkConnection events
2024-01-20 21:34:27,296 [FATAL] Updater:308 - Updater called before beeing initialized
2024-01-20 21:34:27,296 [ERROR] CADModel:125 - Updater not yet initialized, retry later 
2024-01-20 21:34:27,298 [FATAL] Updater:308 - Updater called before beeing initialized
2024-01-20 21:34:27,388 [FATAL] Updater:308 - Updater called before beeing initialized
2024-01-20 21:34:27,392 [INFO] DbMcusAds:53 - JSON generation date=Wed Nov 29 05:52:27 EST 2023 (1701255147200)
2024-01-20 21:34:27,392 [FATAL] Updater:308 - Updater called before beeing initialized
2024-01-20 21:34:27,425 [WARN] DetailPanel:346 - Failed to get advertising image, set to default
2024-01-20 21:34:27,512 [FATAL] Updater:308 - Updater called before beeing initialized
2024-01-20 21:34:27,513 [FATAL] Updater:308 - Updater called before beeing initialized
2024-01-20 21:34:27,513 [FATAL] Updater:308 - Updater called before beeing initialized
2024-01-20 21:34:27,513 [WARN] DetailPanel:346 - Failed to get advertising image, set to default
2024-01-20 21:34:27,514 [FATAL] Updater:308 - Updater called before beeing initialized
2024-01-20 21:34:27,556 [ERROR] Updater:1120 - MainUpdater not yet initialized. External WinMGr cannot be set.
2024-01-20 21:34:27,557 [INFO] Updater:1056 - Updater Version found : 6.10.0
2024-01-20 21:34:27,572 [INFO] ApplicationProperties:184 - Using Application install path: C:\ST\STM32CubeIDE_1.13.1\STM32CubeIDE\plugins\com.st.stm32cube.common.mx_6.10.0.202311202037
2024-01-20 21:34:27,840 [INFO] MainUpdater:2873 - connection check result : 10
2024-01-20 21:34:27,840 [INFO] MainUpdater:290 - Updater Check For Update Now.
2024-01-20 21:34:27,841 [INFO] MicroXplorer:498 - Change Database Version : DB.6.0.100
2024-01-20 21:34:27,847 [INFO] McuFinderGlobals:63 - Set McuFinder mode to 2 (CubeIDE integrated)
2024-01-20 21:34:27,855 [INFO] UserAuth:404 - Internet connection configuration mode: 1
2024-01-20 21:34:27,873 [INFO] JxBrowserEngine:152 - Initiate JxBrowser Engine with user profile folder
2024-01-20 21:34:28,011 [INFO] CheckServerUpdateThread:120 - End of CheckServer Thread
2024-01-20 21:34:28,428 [INFO] WebApp:161 - Instantiating new browser for Auth
2024-01-20 21:34:28,909 [INFO] WebApp:780 - Register for checkConnection events
2024-01-20 21:34:28,909 [INFO] WebApp:414 - Apply proxy settings
2024-01-20 21:34:28,909 [INFO] WebApp:499 - Chromium requires no authentication
2024-01-20 21:34:28,914 [INFO] WebApp:442 - Direct internet connection detected
2024-01-20 21:34:29,063 [INFO] WebApp:192 - Starting web application
2024-01-20 21:34:29,063 [INFO] WebApp:544 - Web application path used C:\ST\STM32CubeIDE_1.13.1\STM32CubeIDE\plugins\com.st.stm32cube.common.mx_6.10.0.202311202037\db\plugins\mcufinder\reactClient1\index.html
2024-01-20 21:34:29,704 [WARN] PackLoader:240 - Cannot read IP mode file for STMicroelectronics.X-CUBE-SMBUS.2.1.0
2024-01-20 21:34:29,713 [WARN] PackLoader:240 - Cannot read IP mode file for STMicroelectronics.X-CUBE-TOUCHGFX.4.23.0
2024-01-20 21:34:29,740 [WARN] PackLoader:240 - Cannot read IP mode file for STMicroelectronics.X-CUBE-AZRTOS-F7.1.1.0
2024-01-20 21:34:29,750 [WARN] PackLoader:240 - Cannot read IP mode file for STMicroelectronics.FP-SNS-MOTENV1.4.3.2
2024-01-20 21:34:29,757 [WARN] PackLoader:240 - Cannot read IP mode file for STMicroelectronics.FP-SNS-FLIGHT1.5.0.1
2024-01-20 21:34:29,763 [WARN] PackLoader:240 - Cannot read IP mode file for STMicroelectronics.X-CUBE-BLE1.6.2.4
2024-01-20 21:34:29,765 [WARN] PackLoader:240 - Cannot read IP mode file for STMicroelectronics.FP-SNS-FLIGHT1.5.0.2
2024-01-20 21:34:29,774 [WARN] PackLoader:240 - Cannot read IP mode file for STMicroelectronics.X-CUBE-DISPLAY.3.0.0
2024-01-20 21:34:29,781 [WARN] PackLoader:240 - Cannot read IP mode file for STMicroelectronics.X-CUBE-BLE1.7.0.0
2024-01-20 21:34:29,786 [WARN] PackLoader:240 - Cannot read IP mode file for emotas.I-CUBE-CANOPEN.1.3.0
2024-01-20 21:34:29,791 [WARN] PackLoader:240 - Cannot read IP mode file for STMicroelectronics.X-CUBE-TOUCHGFX.4.22.0
2024-01-20 21:34:29,793 [WARN] PackLoader:240 - Cannot read IP mode file for STMicroelectronics.X-CUBE-TOUCHGFX.4.22.1
2024-01-20 21:34:29,797 [WARN] PackLoader:240 - Cannot read IP mode file for STMicroelectronics.FP-SNS-SMARTAG2.1.2.0
2024-01-20 21:34:29,809 [INFO] LogOutputStream:77 - [STDOUT_REDIRECT] 1 : Invalid condition id : UX_CORESTACK_Condition cause : null
2024-01-20 21:34:29,809 [INFO] LogOutputStream:77 - [STDOUT_REDIRECT] 1 : Invalid condition id : UX_CORESTACK_Condition cause : null
2024-01-20 21:34:29,810 [INFO] LogOutputStream:77 - [STDOUT_REDIRECT] 1 : Invalid condition id : UX_CORESTACK_Condition cause : null
2024-01-20 21:34:29,811 [INFO] LogOutputStream:77 - [STDOUT_REDIRECT] 1 : Invalid condition id : UX_CORESTACK_Condition cause : null
2024-01-20 21:34:29,812 [INFO] LogOutputStream:77 - [STDOUT_REDIRECT] 1 : Invalid condition id : UX_CORESTACK_Condition cause : null
2024-01-20 21:34:29,815 [WARN] PackLoader:240 - Cannot read IP mode file for STMicroelectronics.X-CUBE-AZRTOS-WL.2.0.0
2024-01-20 21:34:29,833 [WARN] PackLoader:240 - Cannot read IP mode file for WES.I-CUBE-Cesium.1.3.0
2024-01-20 21:34:29,839 [WARN] PackLoader:240 - Cannot read IP mode file for STMicroelectronics.X-CUBE-BLE2.3.3.0
2024-01-20 21:34:29,846 [WARN] PackLoader:240 - Cannot read IP mode file for STMicroelectronics.X-CUBE-ALGOBUILD.1.3.0
2024-01-20 21:34:29,869 [WARN] PackLoader:240 - Cannot read IP mode file for STMicroelectronics.X-CUBE-AZRTOS-G0.1.1.0
2024-01-20 21:34:29,876 [WARN] PackLoader:240 - Cannot read IP mode file for STMicroelectronics.X-CUBE-NFC4.3.0.0
2024-01-20 21:34:29,915 [WARN] PackLoader:240 - Cannot read IP mode file for STMicroelectronics.X-CUBE-BLEMGR.3.0.0
2024-01-20 21:34:29,923 [WARN] PackLoader:240 - Cannot read IP mode file for STMicroelectronics.FP-ATR-SIGFOX1.3.2.0
2024-01-20 21:34:29,953 [WARN] PackLoader:240 - Cannot read IP mode file for SEGGER.I-CUBE-embOS.1.3.1
2024-01-20 21:34:29,992 [WARN] PackLoader:240 - Cannot read IP mode file for STMicroelectronics.X-CUBE-GNSS1.6.0.0
2024-01-20 21:34:30,007 [WARN] PackLoader:240 - Cannot read IP mode file for STMicroelectronics.X-CUBE-AZRTOS-F4.1.1.0
2024-01-20 21:34:30,012 [WARN] PackLoader:240 - Cannot read IP mode file for wolfSSL.I-CUBE-wolfSSL.5.6.3
2024-01-20 21:34:30,026 [WARN] PackLoader:240 - Cannot read IP mode file for STMicroelectronics.X-CUBE-AZRTOS-L5.2.0.0
2024-01-20 21:34:30,074 [WARN] PackLoader:240 - Cannot read IP mode file for STMicroelectronics.X-CUBE-MEMS1.9.6.0
2024-01-20 21:34:30,202 [WARN] PackLoader:240 - Cannot read IP mode file for STMicroelectronics.X-CUBE-EEPRMA1.4.2.0
2024-01-20 21:34:30,209 [WARN] PackLoader:240 - Cannot read IP mode file for ITTIA_DB.I-CUBE-ITTIADB.8.8.0
2024-01-20 21:34:30,213 [WARN] PackLoader:240 - Cannot read IP mode file for STMicroelectronics.X-CUBE-BLEMGR.2.0.0
2024-01-20 21:34:30,229 [WARN] ConditionMgr:438 - getConditionDescription Invalid condition id : UX DEVICE CLASS RTOS Condition cause : null
2024-01-20 21:34:30,229 [WARN] ConditionMgr:438 - getConditionDescription Invalid condition id : UX DEVICE CLASS RTOS Condition cause : null
2024-01-20 21:34:30,231 [WARN] PackLoader:240 - Cannot read IP mode file for STMicroelectronics.X-CUBE-AZRTOS-H7.3.1.0
2024-01-20 21:34:30,232 [WARN] ConditionMgr:1039 - genDependencies : Invalid condition id : UX DEVICE CLASS RTOS Condition cause : null
2024-01-20 21:34:30,232 [WARN] ConditionMgr:1039 - genDependencies : Invalid condition id : UX DEVICE CLASS RTOS Condition cause : null
2024-01-20 21:34:30,232 [WARN] ConditionMgr:1039 - genDependencies : Invalid condition id : UX DEVICE CLASS RTOS Condition cause : null
2024-01-20 21:34:30,233 [WARN] ConditionMgr:1039 - genDependencies : Invalid condition id : UX DEVICE CLASS RTOS Condition cause : null
2024-01-20 21:34:30,233 [WARN] ConditionMgr:1039 - genDependencies : Invalid condition id : UX DEVICE CLASS RTOS Condition cause : null
2024-01-20 21:34:30,239 [WARN] PackLoader:240 - Cannot read IP mode file for STMicroelectronics.X-CUBE-NFC7.1.0.1
2024-01-20 21:34:30,245 [WARN] PackLoader:240 - Cannot read IP mode file for STMicroelectronics.X-CUBE-NFC6.3.0.0
2024-01-20 21:34:30,249 [WARN] PackLoader:240 - Cannot read IP mode file for STMicroelectronics.X-CUBE-EEPRMA1.4.1.0
2024-01-20 21:34:30,253 [WARN] PackLoader:240 - Cannot read IP mode file for STMicroelectronics.X-CUBE-AI.8.1.0
2024-01-20 21:34:30,280 [WARN] ConditionMgr:438 - getConditionDescription Invalid condition id : LAN8742 Phy interface Condition cause : null
2024-01-20 21:34:30,281 [WARN] PackLoader:240 - Cannot read IP mode file for STMicroelectronics.X-CUBE-AZRTOS-L4.2.0.0
2024-01-20 21:34:30,282 [WARN] ConditionMgr:1039 - genDependencies : Invalid condition id : LAN8742 Phy interface Condition cause : null
2024-01-20 21:34:30,283 [WARN] ConditionMgr:1039 - genDependencies : Invalid condition id : LAN8742 Phy interface Condition cause : null
2024-01-20 21:34:30,283 [WARN] ConditionMgr:1039 - genDependencies : Invalid condition id : LAN8742 Phy interface Condition cause : null
2024-01-20 21:34:30,290 [WARN] PackLoader:240 - Cannot read IP mode file for STMicroelectronics.X-CUBE-SFXS2LP1.4.0.0
2024-01-20 21:34:30,294 [WARN] PackLoader:240 - Cannot read IP mode file for STMicroelectronics.X-CUBE-ISPU.1.1.0
2024-01-20 21:34:30,306 [WARN] ConditionMgr:438 - getConditionDescription Invalid condition id : UX DEVICE CLASS RTOS Condition cause : null
2024-01-20 21:34:30,306 [WARN] ConditionMgr:438 - getConditionDescription Invalid condition id : UX DEVICE CLASS RTOS Condition cause : null
2024-01-20 21:34:30,308 [WARN] PackLoader:240 - Cannot read IP mode file for STMicroelectronics.X-CUBE-AZRTOS-WB.2.0.0
2024-01-20 21:34:30,308 [WARN] ConditionMgr:1039 - genDependencies : Invalid condition id : UX DEVICE CLASS RTOS Condition cause : null
2024-01-20 21:34:30,308 [WARN] ConditionMgr:1039 - genDependencies : Invalid condition id : UX DEVICE CLASS RTOS Condition cause : null
2024-01-20 21:34:30,309 [WARN] ConditionMgr:1039 - genDependencies : Invalid condition id : UX DEVICE CLASS RTOS Condition cause : null
2024-01-20 21:34:30,309 [WARN] ConditionMgr:1039 - genDependencies : Invalid condition id : UX DEVICE CLASS RTOS Condition cause : null
2024-01-20 21:34:30,309 [WARN] ConditionMgr:1039 - genDependencies : Invalid condition id : UX DEVICE CLASS RTOS Condition cause : null
2024-01-20 21:34:30,313 [WARN] PackLoader:240 - Cannot read IP mode file for STMicroelectronics.X-CUBE-FREERTOS.1.0.1
2024-01-20 21:34:30,324 [WARN] PackLoader:240 - Cannot read IP mode file for STMicroelectronics.X-CUBE-AZRTOS-L5.1.1.0
2024-01-20 21:34:30,328 [WARN] PackLoader:240 - Cannot read IP mode file for STMicroelectronics.X-CUBE-AI.8.0.1
2024-01-20 21:34:30,336 [WARN] PackLoader:240 - Cannot read IP mode file for STMicroelectronics.X-CUBE-SUBG2.5.0.0
2024-01-20 21:34:30,348 [WARN] PackLoader:240 - Cannot read IP mode file for STMicroelectronics.X-CUBE-TOF1.3.3.1
2024-01-20 21:34:30,367 [WARN] PackLoader:240 - Cannot read IP mode file for STMicroelectronics.X-CUBE-AZRTOS-G4.2.0.0
2024-01-20 21:34:30,376 [WARN] PackLoader:240 - Cannot read IP mode file for STMicroelectronics.X-CUBE-TOF1.3.3.0
2024-01-20 21:34:30,393 [WARN] PackLoader:240 - Cannot read IP mode file for Infineon.AIROC-Wi-Fi-Bluetooth-STM32.1.5.1
2024-01-20 21:34:30,400 [WARN] PackLoader:240 - Cannot read IP mode file for STMicroelectronics.FP-SNS-MOTENVWB1.1.3.1
2024-01-20 21:34:30,403 [WARN] PackLoader:240 - Cannot read IP mode file for STMicroelectronics.X-CUBE-ISPU.2.0.0
2024-01-20 21:34:30,434 [WARN] PackLoader:240 - Cannot read IP mode file for STMicroelectronics.X-CUBE-MEMS1.10.0.0
2024-01-20 21:34:30,559 [WARN] PackLoader:240 - Cannot read IP mode file for STMicroelectronics.X-CUBE-FREERTOS.1.1.0
2024-01-20 21:34:30,564 [WARN] PackLoader:240 - Cannot read IP mode file for portGmbH.I-Cube-SoM-uGOAL.1.1.0
2024-01-20 21:34:30,568 [WARN] PackLoader:240 - Cannot read IP mode file for STMicroelectronics.X-CUBE-ALS.1.0.1
2024-01-20 21:34:30,580 [WARN] PackLoader:240 - Cannot read IP mode file for STMicroelectronics.X-CUBE-AZRTOS-WB.1.1.0
2024-01-20 21:34:30,584 [WARN] PackLoader:240 - Cannot read IP mode file for STMicroelectronics.FP-ATR-ASTRA1.2.0.0
2024-01-20 21:34:30,593 [WARN] PackLoader:240 - Cannot read IP mode file for STMicroelectronics.X-CUBE-TOF1.3.4.0
2024-01-20 21:34:30,616 [WARN] PackLoader:240 - Cannot read IP mode file for STMicroelectronics.X-CUBE-AZRTOS-H7.3.2.0
2024-01-20 21:34:30,619 [INFO] ThirdParty:978 - Integrity check success = true
2024-01-20 21:34:30,619 [INFO] IntegrityCheckThread:100 - exiting critical section [integrity check]
2024-01-20 21:34:30,619 [INFO] IntegrityCheckThread:103 - End integrity checks thread
2024-01-20 21:34:38,354 [ERROR] LogOutputStream:75 - [STDERR_REDIRECT] 
2024-01-20 21:35:09,164 [INFO] Activator:176 - 


2024-01-20 21:35:09,166 [INFO] Activator:177 - !SESSION log4j initialized
2024-01-20 21:35:11,707 [INFO] LogOutputStream:77 - [STDOUT_REDIRECT] 
2024-01-20 21:35:15,514 [INFO] ApplicationProperties:184 - Using Application install path: C:\ST\STM32CubeIDE_1.13.1\STM32CubeIDE\plugins\com.st.stm32cube.common.mx_6.10.0.202311202037
2024-01-20 21:35:15,534 [INFO] DbMcusXml:78 - Set database path to: C:\ST\STM32CubeIDE_1.13.1\STM32CubeIDE\plugins\com.st.stm32cube.common.mx_6.10.0.202311202037\\db\/mcu/
2024-01-20 21:35:15,535 [INFO] ApiDb:274 - Set plugin database path to: C:\ST\STM32CubeIDE_1.13.1\STM32CubeIDE\plugins\com.st.stm32cube.common.mx_6.10.0.202311202037\\db\/plugins/boardmanager/
2024-01-20 21:35:15,535 [WARN] ApiDb:259 - Overriding images path with different value:  => C:\ST\STM32CubeIDE_1.13.1\STM32CubeIDE\plugins\com.st.stm32cube.common.mx_6.10.0.202311202037\\db\/plugins/mcufinder/images/
2024-01-20 21:35:15,541 [INFO] ApiDb:250 - Set database path to: C:\Users\bozo2\.stmcufinder\plugins\mcufinder//mcu/
2024-01-20 21:35:15,543 [INFO] DbMcusAds:125 - Set database path to: C:\Users\bozo2\.stmcufinder\plugins\mcufinder//mcu/
2024-01-20 21:35:15,545 [INFO] CrossReferenceDbSqlite:203 - Set database path to: C:\Users\bozo2\.stmcufinder\plugins\mcufinder//mcu/cs/
2024-01-20 21:35:15,662 [INFO] RulesReader:64 - Compatibility file has been processed (297 Rules)
2024-01-20 21:35:15,737 [INFO] DbMcusXml:78 - Set database path to: C:\ST\STM32CubeIDE_1.13.1\STM32CubeIDE\plugins\com.st.stm32cube.common.mx_6.10.0.202311202037\\db\/mcu/
2024-01-20 21:35:15,738 [INFO] ApiDb:274 - Set plugin database path to: C:\ST\STM32CubeIDE_1.13.1\STM32CubeIDE\plugins\com.st.stm32cube.common.mx_6.10.0.202311202037\\db\/plugins/boardmanager/
2024-01-20 21:35:15,738 [INFO] ApiDb:261 - Set plugin images path to: C:\ST\STM32CubeIDE_1.13.1\STM32CubeIDE\plugins\com.st.stm32cube.common.mx_6.10.0.202311202037\\db\/plugins/mcufinder/images/
2024-01-20 21:35:15,738 [WARN] DbFile:41 - Overriding database path with different value: C:\Users\bozo2\.stmcufinder\plugins\mcufinder/ => C:\Users\bozo2\.stmcufinder\plugins\mcufinder
2024-01-20 21:35:15,738 [INFO] ApiDb:250 - Set database path to: C:\Users\bozo2\.stmcufinder\plugins\mcufinder//mcu/
2024-01-20 21:35:15,738 [WARN] DbFile:41 - Overriding database path with different value: C:\Users\bozo2\.stmcufinder\plugins\mcufinder/ => C:\Users\bozo2\.stmcufinder\plugins\mcufinder
2024-01-20 21:35:15,738 [INFO] DbMcusAds:125 - Set database path to: C:\Users\bozo2\.stmcufinder\plugins\mcufinder//mcu/
2024-01-20 21:35:15,738 [WARN] DbFile:41 - Overriding database path with different value: C:\Users\bozo2\.stmcufinder\plugins\mcufinder/ => C:\Users\bozo2\.stmcufinder\plugins\mcufinder
2024-01-20 21:35:15,738 [WARN] DbFile:41 - Overriding database path with different value: C:\Users\bozo2\.stmcufinder\plugins\mcufinder/ => C:\Users\bozo2\.stmcufinder\plugins\mcufinder
2024-01-20 21:35:15,739 [INFO] CrossReferenceDbSqlite:203 - Set database path to: C:\Users\bozo2\.stmcufinder\plugins\mcufinder//mcu/cs/
2024-01-20 21:35:15,807 [INFO] MainPanel:264 - HeapMemory: 268435456
2024-01-20 21:35:15,874 [INFO] DbMcusXml:78 - Set database path to: C:\ST\STM32CubeIDE_1.13.1\STM32CubeIDE\plugins\com.st.stm32cube.common.mx_6.10.0.202311202037\\db\/mcu/
2024-01-20 21:35:15,874 [INFO] ApiDb:274 - Set plugin database path to: C:\ST\STM32CubeIDE_1.13.1\STM32CubeIDE\plugins\com.st.stm32cube.common.mx_6.10.0.202311202037\\db\/plugins/boardmanager/
2024-01-20 21:35:15,874 [INFO] ApiDb:261 - Set plugin images path to: C:\ST\STM32CubeIDE_1.13.1\STM32CubeIDE\plugins\com.st.stm32cube.common.mx_6.10.0.202311202037\\db\/plugins/mcufinder/images/
2024-01-20 21:35:15,875 [WARN] DbFile:41 - Overriding database path with different value: C:\Users\bozo2\.stmcufinder\plugins\mcufinder/ => C:\Users\bozo2\.stmcufinder\plugins\mcufinder
2024-01-20 21:35:15,875 [INFO] ApiDb:250 - Set database path to: C:\Users\bozo2\.stmcufinder\plugins\mcufinder//mcu/
2024-01-20 21:35:15,875 [WARN] DbFile:41 - Overriding database path with different value: C:\Users\bozo2\.stmcufinder\plugins\mcufinder/ => C:\Users\bozo2\.stmcufinder\plugins\mcufinder
2024-01-20 21:35:15,875 [INFO] DbMcusAds:125 - Set database path to: C:\Users\bozo2\.stmcufinder\plugins\mcufinder//mcu/
2024-01-20 21:35:15,875 [WARN] DbFile:41 - Overriding database path with different value: C:\Users\bozo2\.stmcufinder\plugins\mcufinder/ => C:\Users\bozo2\.stmcufinder\plugins\mcufinder
2024-01-20 21:35:15,875 [WARN] DbFile:41 - Overriding database path with different value: C:\Users\bozo2\.stmcufinder\plugins\mcufinder/ => C:\Users\bozo2\.stmcufinder\plugins\mcufinder
2024-01-20 21:35:15,875 [INFO] CrossReferenceDbSqlite:203 - Set database path to: C:\Users\bozo2\.stmcufinder\plugins\mcufinder//mcu/cs/
2024-01-20 21:35:15,889 [INFO] ApplicationProperties:184 - Using Application install path: C:\ST\STM32CubeIDE_1.13.1\STM32CubeIDE\plugins\com.st.stm32cube.common.mx_6.10.0.202311202037
2024-01-20 21:35:15,890 [INFO] PluginManage:196 - Search for loadable plugins [exclusion list=, ]
2024-01-20 21:35:15,891 [INFO] PluginManage:310 - Check plugin analytics
2024-01-20 21:35:16,044 [INFO] AnalyticsPlugin:253 - Accepted Software Licenses: STM32CubeMX.6.8.1
2024-01-20 21:35:16,044 [INFO] AnalyticsPlugin:255 - Accepted CMSIS Pack Licenses: 
2024-01-20 21:35:16,044 [INFO] AnalyticsPlugin:257 - Accepted Firmware Licenses: FW.H7.1.11.0,FW.F4.1.27.0
2024-01-20 21:35:16,047 [INFO] PluginManage:359 - Loaded plugin analytics (category:tool,tabindex:-1)
2024-01-20 21:35:16,047 [INFO] PluginManage:310 - Check plugin cadmodel
2024-01-20 21:35:16,051 [INFO] CADModel:105 - Init CAD model plugin
2024-01-20 21:35:16,051 [INFO] PluginManage:359 - Loaded plugin cadmodel (category:power,tabindex:5)
2024-01-20 21:35:16,051 [INFO] PluginManage:310 - Check plugin clock
2024-01-20 21:35:16,059 [INFO] PluginManage:359 - Loaded plugin clock (category:base,tabindex:2)
2024-01-20 21:35:16,059 [INFO] PluginManage:310 - Check plugin ddr
2024-01-20 21:35:16,061 [INFO] PluginManage:359 - Loaded plugin ddr (category:tool,tabindex:6)
2024-01-20 21:35:16,061 [INFO] PluginManage:310 - Check plugin filemanager
2024-01-20 21:35:16,192 [INFO] PluginManage:359 - Loaded plugin filemanager (category:base,tabindex:10)
2024-01-20 21:35:16,192 [INFO] PluginManage:310 - Check plugin ipmanager
2024-01-20 21:35:16,198 [INFO] PluginManage:359 - Loaded plugin ipmanager (category:base,tabindex:5)
2024-01-20 21:35:16,198 [INFO] PluginManage:310 - Check plugin lpbam
2024-01-20 21:35:16,207 [INFO] PluginManage:359 - Loaded plugin lpbam (category:base,tabindex:0)
2024-01-20 21:35:16,207 [INFO] PluginManage:310 - Check plugin memorymap
2024-01-20 21:35:16,219 [INFO] PluginManage:359 - Loaded plugin memorymap (category:base,tabindex:4)
2024-01-20 21:35:16,219 [INFO] PluginManage:310 - Check plugin pinoutandconfiguration
2024-01-20 21:35:16,226 [INFO] PluginManage:359 - Loaded plugin pinoutandconfiguration (category:base,tabindex:1)
2024-01-20 21:35:16,226 [INFO] PluginManage:310 - Check plugin pinoutconfig
2024-01-20 21:35:16,302 [WARN] SupportedApi:132 - Cannot load RTOS API schema: s4s-elt-must-match.1: The content of 'definitions' must match (annotation?, (simpleType | complexType)?, (unique | key | keyref)*)). A problem was found starting at: attribute.
2024-01-20 21:35:16,479 [INFO] PluginManage:359 - Loaded plugin pinoutconfig (category:base,tabindex:0)
2024-01-20 21:35:16,479 [INFO] PluginManage:310 - Check plugin power
2024-01-20 21:35:16,488 [INFO] PluginManage:359 - Loaded plugin power (category:power,tabindex:4)
2024-01-20 21:35:16,489 [INFO] PluginManage:310 - Check plugin projectmanager
2024-01-20 21:35:16,503 [INFO] PluginManage:359 - Loaded plugin projectmanager (category:projectmanager,tabindex:3)
2024-01-20 21:35:16,503 [INFO] PluginManage:310 - Check plugin thirdparty
2024-01-20 21:35:16,606 [INFO] PluginManage:359 - Loaded plugin thirdparty (category:base,tabindex:-1)
2024-01-20 21:35:16,606 [INFO] PluginManage:310 - Check plugin tools
2024-01-20 21:35:16,606 [WARN] IntegrityCheckThread:84 - waiting for thirdparty lock release [integrity check]
2024-01-20 21:35:16,606 [INFO] IntegrityCheckThread:86 - entering critical section [integrity check]
2024-01-20 21:35:16,607 [INFO] ThirdPartyUpdaterWithRetryManager:70 - Updater plugin not ready yet. [1/15]
2024-01-20 21:35:16,607 [INFO] PluginManage:359 - Loaded plugin tools (category:base,tabindex:7)
2024-01-20 21:35:16,609 [INFO] PluginManage:310 - Check plugin tutovideos
2024-01-20 21:35:16,786 [INFO] PluginManage:359 - Loaded plugin tutovideos (category:base,tabindex:-1)
2024-01-20 21:35:16,786 [INFO] PluginManage:310 - Check plugin updater
2024-01-20 21:35:16,799 [INFO] PluginManage:359 - Loaded plugin updater (category:base,tabindex:12)
2024-01-20 21:35:16,799 [INFO] PluginManage:310 - Check plugin userauth
2024-01-20 21:35:16,806 [INFO] UserAuth:114 - Init User Auth plugin
2024-01-20 21:35:16,806 [INFO] PluginManage:359 - Loaded plugin userauth (category:base,tabindex:14)
2024-01-20 21:35:16,806 [INFO] PluginManage:283 - PluginManage : Loaded plugins [17]
2024-01-20 21:35:17,021 [INFO] PinOutPanel:1499 - setPackage(No Configuration,No Configuration)
2024-01-20 21:35:17,093 [INFO] CADModel:165 - CPN selected for project level
2024-01-20 21:35:17,093 [INFO] CADModel:114 - Register for checkConnection events
2024-01-20 21:35:17,109 [INFO] IPUIPlugin:80 - create IPUIPlugin
2024-01-20 21:35:17,109 [INFO] PluginManager:220 - loadIPPluginJar : add adc
2024-01-20 21:35:17,111 [INFO] IPUIPlugin:80 - create IPUIPlugin
2024-01-20 21:35:17,111 [INFO] PluginManager:220 - loadIPPluginJar : add aes
2024-01-20 21:35:17,114 [INFO] IPUIPlugin:80 - create IPUIPlugin
2024-01-20 21:35:17,114 [INFO] PluginManager:220 - loadIPPluginJar : add can
2024-01-20 21:35:17,116 [INFO] IPUIPlugin:80 - create IPUIPlugin
2024-01-20 21:35:17,116 [INFO] PluginManager:220 - loadIPPluginJar : add comp
2024-01-20 21:35:17,120 [INFO] IPUIPlugin:80 - create IPUIPlugin
2024-01-20 21:35:17,120 [INFO] PluginManager:220 - loadIPPluginJar : add cryp
2024-01-20 21:35:17,123 [INFO] IPUIPlugin:80 - create IPUIPlugin
2024-01-20 21:35:17,123 [INFO] PluginManager:220 - loadIPPluginJar : add dfsdm
2024-01-20 21:35:17,128 [INFO] IPUIPlugin:80 - create IPUIPlugin
2024-01-20 21:35:17,128 [INFO] PluginManager:220 - loadIPPluginJar : add dma
2024-01-20 21:35:17,131 [INFO] IPUIPlugin:80 - create IPUIPlugin
2024-01-20 21:35:17,131 [INFO] PluginManager:220 - loadIPPluginJar : add dma3
2024-01-20 21:35:17,132 [INFO] IPUIPlugin:80 - create IPUIPlugin
2024-01-20 21:35:17,132 [INFO] PluginManager:220 - loadIPPluginJar : add fatfs
2024-01-20 21:35:17,137 [INFO] IPUIPlugin:80 - create IPUIPlugin
2024-01-20 21:35:17,137 [INFO] PluginManager:220 - loadIPPluginJar : add fmc
2024-01-20 21:35:17,141 [INFO] IPUIPlugin:80 - create IPUIPlugin
2024-01-20 21:35:17,141 [INFO] PluginManager:220 - loadIPPluginJar : add freertos
2024-01-20 21:35:17,143 [INFO] IPUIPlugin:80 - create IPUIPlugin
2024-01-20 21:35:17,143 [INFO] PluginManager:220 - loadIPPluginJar : add genericplugin
2024-01-20 21:35:17,146 [INFO] IPUIPlugin:80 - create IPUIPlugin
2024-01-20 21:35:17,146 [INFO] PluginManager:220 - loadIPPluginJar : add gfxmmu
2024-01-20 21:35:17,150 [INFO] IPUIPlugin:80 - create IPUIPlugin
2024-01-20 21:35:17,150 [INFO] PluginManager:220 - loadIPPluginJar : add gic
2024-01-20 21:35:17,155 [INFO] IPUIPlugin:80 - create IPUIPlugin
2024-01-20 21:35:17,155 [INFO] PluginManager:220 - loadIPPluginJar : add gpio
2024-01-20 21:35:17,157 [INFO] IPUIPlugin:80 - create IPUIPlugin
2024-01-20 21:35:17,157 [INFO] PluginManager:220 - loadIPPluginJar : add gtzc
2024-01-20 21:35:17,159 [INFO] IPUIPlugin:80 - create IPUIPlugin
2024-01-20 21:35:17,159 [INFO] PluginManager:220 - loadIPPluginJar : add hash
2024-01-20 21:35:17,162 [INFO] IPUIPlugin:80 - create IPUIPlugin
2024-01-20 21:35:17,162 [INFO] PluginManager:220 - loadIPPluginJar : add i2c
2024-01-20 21:35:17,164 [INFO] IPUIPlugin:80 - create IPUIPlugin
2024-01-20 21:35:17,165 [INFO] PluginManager:220 - loadIPPluginJar : add i2s
2024-01-20 21:35:17,167 [INFO] IPUIPlugin:80 - create IPUIPlugin
2024-01-20 21:35:17,167 [INFO] PluginManager:220 - loadIPPluginJar : add i3c
2024-01-20 21:35:17,170 [INFO] IPUIPlugin:80 - create IPUIPlugin
2024-01-20 21:35:17,171 [INFO] PluginManager:220 - loadIPPluginJar : add ipddr
2024-01-20 21:35:17,176 [INFO] IPUIPlugin:80 - create IPUIPlugin
2024-01-20 21:35:17,177 [INFO] PluginManager:220 - loadIPPluginJar : add linkedlist
2024-01-20 21:35:17,179 [INFO] IPUIPlugin:80 - create IPUIPlugin
2024-01-20 21:35:17,179 [INFO] PluginManager:220 - loadIPPluginJar : add lorawan
2024-01-20 21:35:17,180 [INFO] IPUIPlugin:80 - create IPUIPlugin
2024-01-20 21:35:17,180 [INFO] PluginManager:220 - loadIPPluginJar : add ltdc
2024-01-20 21:35:17,186 [INFO] IPUIPlugin:80 - create IPUIPlugin
2024-01-20 21:35:17,187 [INFO] PluginManager:220 - loadIPPluginJar : add mdma
2024-01-20 21:35:17,189 [INFO] IPUIPlugin:80 - create IPUIPlugin
2024-01-20 21:35:17,190 [INFO] PluginManager:220 - loadIPPluginJar : add nvic
2024-01-20 21:35:17,192 [INFO] IPUIPlugin:80 - create IPUIPlugin
2024-01-20 21:35:17,192 [INFO] PluginManager:220 - loadIPPluginJar : add opamp
2024-01-20 21:35:17,195 [INFO] IPUIPlugin:80 - create IPUIPlugin
2024-01-20 21:35:17,195 [INFO] PluginManager:220 - loadIPPluginJar : add openamp
2024-01-20 21:35:17,197 [INFO] IPUIPlugin:80 - create IPUIPlugin
2024-01-20 21:35:17,197 [INFO] PluginManager:220 - loadIPPluginJar : add pdm2pcm
2024-01-20 21:35:17,203 [INFO] IPUIPlugin:80 - create IPUIPlugin
2024-01-20 21:35:17,205 [INFO] PluginManager:220 - loadIPPluginJar : add plateformsettings
2024-01-20 21:35:17,207 [INFO] IPUIPlugin:80 - create IPUIPlugin
2024-01-20 21:35:17,207 [INFO] PluginManager:220 - loadIPPluginJar : add quadspi
2024-01-20 21:35:17,209 [INFO] IPUIPlugin:80 - create IPUIPlugin
2024-01-20 21:35:17,210 [INFO] PluginManager:220 - loadIPPluginJar : add resmgrutility
2024-01-20 21:35:17,212 [INFO] IPUIPlugin:80 - create IPUIPlugin
2024-01-20 21:35:17,212 [INFO] PluginManager:220 - loadIPPluginJar : add sai
2024-01-20 21:35:17,215 [INFO] IPUIPlugin:80 - create IPUIPlugin
2024-01-20 21:35:17,215 [INFO] PluginManager:220 - loadIPPluginJar : add spi
2024-01-20 21:35:17,220 [INFO] IPUIPlugin:80 - create IPUIPlugin
2024-01-20 21:35:17,221 [INFO] PluginManager:220 - loadIPPluginJar : add stm32_wpan
2024-01-20 21:35:17,222 [INFO] IPUIPlugin:80 - create IPUIPlugin
2024-01-20 21:35:17,222 [INFO] PluginManager:220 - loadIPPluginJar : add tim
2024-01-20 21:35:17,225 [INFO] IPUIPlugin:80 - create IPUIPlugin
2024-01-20 21:35:17,225 [INFO] PluginManager:220 - loadIPPluginJar : add touchsensing
2024-01-20 21:35:17,226 [INFO] IPUIPlugin:80 - create IPUIPlugin
2024-01-20 21:35:17,226 [INFO] PluginManager:220 - loadIPPluginJar : add tracer_emb
2024-01-20 21:35:17,228 [INFO] IPUIPlugin:80 - create IPUIPlugin
2024-01-20 21:35:17,228 [INFO] PluginManager:220 - loadIPPluginJar : add ts
2024-01-20 21:35:17,229 [INFO] IPUIPlugin:80 - create IPUIPlugin
2024-01-20 21:35:17,230 [INFO] PluginManager:220 - loadIPPluginJar : add tsc
2024-01-20 21:35:17,231 [INFO] IPUIPlugin:80 - create IPUIPlugin
2024-01-20 21:35:17,231 [INFO] PluginManager:220 - loadIPPluginJar : add ucpd
2024-01-20 21:35:17,233 [INFO] IPUIPlugin:80 - create IPUIPlugin
2024-01-20 21:35:17,233 [INFO] PluginManager:220 - loadIPPluginJar : add usart
2024-01-20 21:35:17,236 [INFO] IPUIPlugin:80 - create IPUIPlugin
2024-01-20 21:35:17,237 [INFO] PluginManager:220 - loadIPPluginJar : add usbx
2024-01-20 21:35:17,361 [INFO] CADModel:165 - CPN selected for project level
2024-01-20 21:35:17,362 [INFO] CADModel:114 - Register for checkConnection events
2024-01-20 21:35:17,362 [FATAL] Updater:308 - Updater called before beeing initialized
2024-01-20 21:35:17,362 [ERROR] CADModel:125 - Updater not yet initialized, retry later 
2024-01-20 21:35:17,561 [INFO] CADModel:165 - CPN selected for project level
2024-01-20 21:35:17,562 [INFO] CADModel:114 - Register for checkConnection events
2024-01-20 21:35:17,562 [FATAL] Updater:308 - Updater called before beeing initialized
2024-01-20 21:35:17,562 [ERROR] CADModel:125 - Updater not yet initialized, retry later 
2024-01-20 21:35:17,564 [FATAL] Updater:308 - Updater called before beeing initialized
2024-01-20 21:35:17,659 [FATAL] Updater:308 - Updater called before beeing initialized
2024-01-20 21:35:17,662 [INFO] DbMcusAds:53 - JSON generation date=Wed Nov 29 05:52:27 EST 2023 (1701255147200)
2024-01-20 21:35:17,663 [FATAL] Updater:308 - Updater called before beeing initialized
2024-01-20 21:35:17,694 [WARN] DetailPanel:346 - Failed to get advertising image, set to default
2024-01-20 21:35:17,778 [FATAL] Updater:308 - Updater called before beeing initialized
2024-01-20 21:35:17,779 [FATAL] Updater:308 - Updater called before beeing initialized
2024-01-20 21:35:17,780 [FATAL] Updater:308 - Updater called before beeing initialized
2024-01-20 21:35:17,780 [WARN] DetailPanel:346 - Failed to get advertising image, set to default
2024-01-20 21:35:17,780 [FATAL] Updater:308 - Updater called before beeing initialized
2024-01-20 21:35:17,820 [ERROR] Updater:1120 - MainUpdater not yet initialized. External WinMGr cannot be set.
2024-01-20 21:35:17,821 [INFO] Updater:1056 - Updater Version found : 6.10.0
2024-01-20 21:35:17,837 [INFO] ApplicationProperties:184 - Using Application install path: C:\ST\STM32CubeIDE_1.13.1\STM32CubeIDE\plugins\com.st.stm32cube.common.mx_6.10.0.202311202037
2024-01-20 21:35:18,096 [INFO] MainUpdater:2873 - connection check result : 10
2024-01-20 21:35:18,097 [INFO] MainUpdater:290 - Updater Check For Update Now.
2024-01-20 21:35:18,097 [INFO] MicroXplorer:498 - Change Database Version : DB.6.0.100
2024-01-20 21:35:18,103 [INFO] McuFinderGlobals:63 - Set McuFinder mode to 2 (CubeIDE integrated)
2024-01-20 21:35:18,109 [INFO] UserAuth:404 - Internet connection configuration mode: 1
2024-01-20 21:35:18,123 [INFO] JxBrowserEngine:152 - Initiate JxBrowser Engine with user profile folder
2024-01-20 21:35:18,265 [INFO] CheckServerUpdateThread:120 - End of CheckServer Thread
2024-01-20 21:35:18,691 [INFO] WebApp:161 - Instantiating new browser for Auth
2024-01-20 21:35:19,194 [INFO] WebApp:780 - Register for checkConnection events
2024-01-20 21:35:19,194 [INFO] WebApp:414 - Apply proxy settings
2024-01-20 21:35:19,194 [INFO] WebApp:499 - Chromium requires no authentication
2024-01-20 21:35:19,200 [INFO] WebApp:442 - Direct internet connection detected
2024-01-20 21:35:19,334 [INFO] WebApp:192 - Starting web application
2024-01-20 21:35:19,334 [INFO] WebApp:544 - Web application path used C:\ST\STM32CubeIDE_1.13.1\STM32CubeIDE\plugins\com.st.stm32cube.common.mx_6.10.0.202311202037\db\plugins\mcufinder\reactClient1\index.html
2024-01-20 21:35:19,805 [WARN] PackLoader:240 - Cannot read IP mode file for STMicroelectronics.X-CUBE-SMBUS.2.1.0
2024-01-20 21:35:19,826 [WARN] PackLoader:240 - Cannot read IP mode file for STMicroelectronics.X-CUBE-TOUCHGFX.4.23.0
2024-01-20 21:35:19,869 [WARN] PackLoader:240 - Cannot read IP mode file for STMicroelectronics.X-CUBE-AZRTOS-F7.1.1.0
2024-01-20 21:35:19,886 [WARN] PackLoader:240 - Cannot read IP mode file for STMicroelectronics.FP-SNS-MOTENV1.4.3.2
2024-01-20 21:35:19,901 [WARN] PackLoader:240 - Cannot read IP mode file for STMicroelectronics.FP-SNS-FLIGHT1.5.0.1
2024-01-20 21:35:19,916 [WARN] PackLoader:240 - Cannot read IP mode file for STMicroelectronics.X-CUBE-BLE1.6.2.4
2024-01-20 21:35:19,920 [WARN] PackLoader:240 - Cannot read IP mode file for STMicroelectronics.FP-SNS-FLIGHT1.5.0.2
2024-01-20 21:35:19,933 [WARN] PackLoader:240 - Cannot read IP mode file for STMicroelectronics.X-CUBE-DISPLAY.3.0.0
2024-01-20 21:35:19,950 [WARN] PackLoader:240 - Cannot read IP mode file for STMicroelectronics.X-CUBE-BLE1.7.0.0
2024-01-20 21:35:19,956 [WARN] PackLoader:240 - Cannot read IP mode file for emotas.I-CUBE-CANOPEN.1.3.0
2024-01-20 21:35:19,965 [WARN] PackLoader:240 - Cannot read IP mode file for STMicroelectronics.X-CUBE-TOUCHGFX.4.22.0
2024-01-20 21:35:19,967 [WARN] PackLoader:240 - Cannot read IP mode file for STMicroelectronics.X-CUBE-TOUCHGFX.4.22.1
2024-01-20 21:35:19,974 [WARN] PackLoader:240 - Cannot read IP mode file for STMicroelectronics.FP-SNS-SMARTAG2.1.2.0
2024-01-20 21:35:19,991 [INFO] LogOutputStream:77 - [STDOUT_REDIRECT] 1 : Invalid condition id : UX_CORESTACK_Condition cause : null
2024-01-20 21:35:19,991 [INFO] LogOutputStream:77 - [STDOUT_REDIRECT] 1 : Invalid condition id : UX_CORESTACK_Condition cause : null
2024-01-20 21:35:19,993 [INFO] LogOutputStream:77 - [STDOUT_REDIRECT] 1 : Invalid condition id : UX_CORESTACK_Condition cause : null
2024-01-20 21:35:19,994 [INFO] LogOutputStream:77 - [STDOUT_REDIRECT] 1 : Invalid condition id : UX_CORESTACK_Condition cause : null
2024-01-20 21:35:19,995 [INFO] LogOutputStream:77 - [STDOUT_REDIRECT] 1 : Invalid condition id : UX_CORESTACK_Condition cause : null
2024-01-20 21:35:20,019 [WARN] PackLoader:240 - Cannot read IP mode file for STMicroelectronics.X-CUBE-AZRTOS-WL.2.0.0
2024-01-20 21:35:20,031 [WARN] PackLoader:240 - Cannot read IP mode file for WES.I-CUBE-Cesium.1.3.0
2024-01-20 21:35:20,035 [WARN] PackLoader:240 - Cannot read IP mode file for STMicroelectronics.X-CUBE-BLE2.3.3.0
2024-01-20 21:35:20,044 [WARN] PackLoader:240 - Cannot read IP mode file for STMicroelectronics.X-CUBE-ALGOBUILD.1.3.0
2024-01-20 21:35:20,074 [WARN] PackLoader:240 - Cannot read IP mode file for STMicroelectronics.X-CUBE-AZRTOS-G0.1.1.0
2024-01-20 21:35:20,081 [WARN] PackLoader:240 - Cannot read IP mode file for STMicroelectronics.X-CUBE-NFC4.3.0.0
2024-01-20 21:35:20,090 [WARN] PackLoader:240 - Cannot read IP mode file for STMicroelectronics.X-CUBE-BLEMGR.3.0.0
2024-01-20 21:35:20,112 [WARN] PackLoader:240 - Cannot read IP mode file for STMicroelectronics.FP-ATR-SIGFOX1.3.2.0
2024-01-20 21:35:20,142 [WARN] PackLoader:240 - Cannot read IP mode file for SEGGER.I-CUBE-embOS.1.3.1
2024-01-20 21:35:20,182 [WARN] PackLoader:240 - Cannot read IP mode file for STMicroelectronics.X-CUBE-GNSS1.6.0.0
2024-01-20 21:35:20,200 [WARN] PackLoader:240 - Cannot read IP mode file for STMicroelectronics.X-CUBE-AZRTOS-F4.1.1.0
2024-01-20 21:35:20,208 [WARN] PackLoader:240 - Cannot read IP mode file for wolfSSL.I-CUBE-wolfSSL.5.6.3
2024-01-20 21:35:20,223 [WARN] PackLoader:240 - Cannot read IP mode file for STMicroelectronics.X-CUBE-AZRTOS-L5.2.0.0
2024-01-20 21:35:20,274 [WARN] PackLoader:240 - Cannot read IP mode file for STMicroelectronics.X-CUBE-MEMS1.9.6.0
2024-01-20 21:35:20,394 [WARN] PackLoader:240 - Cannot read IP mode file for STMicroelectronics.X-CUBE-EEPRMA1.4.2.0
2024-01-20 21:35:20,398 [WARN] PackLoader:240 - Cannot read IP mode file for ITTIA_DB.I-CUBE-ITTIADB.8.8.0
2024-01-20 21:35:20,403 [WARN] PackLoader:240 - Cannot read IP mode file for STMicroelectronics.X-CUBE-BLEMGR.2.0.0
2024-01-20 21:35:20,418 [WARN] ConditionMgr:438 - getConditionDescription Invalid condition id : UX DEVICE CLASS RTOS Condition cause : null
2024-01-20 21:35:20,418 [WARN] ConditionMgr:438 - getConditionDescription Invalid condition id : UX DEVICE CLASS RTOS Condition cause : null
2024-01-20 21:35:20,421 [WARN] PackLoader:240 - Cannot read IP mode file for STMicroelectronics.X-CUBE-AZRTOS-H7.3.1.0
2024-01-20 21:35:20,423 [WARN] ConditionMgr:1039 - genDependencies : Invalid condition id : UX DEVICE CLASS RTOS Condition cause : null
2024-01-20 21:35:20,424 [WARN] ConditionMgr:1039 - genDependencies : Invalid condition id : UX DEVICE CLASS RTOS Condition cause : null
2024-01-20 21:35:20,424 [WARN] ConditionMgr:1039 - genDependencies : Invalid condition id : UX DEVICE CLASS RTOS Condition cause : null
2024-01-20 21:35:20,425 [WARN] ConditionMgr:1039 - genDependencies : Invalid condition id : UX DEVICE CLASS RTOS Condition cause : null
2024-01-20 21:35:20,425 [WARN] ConditionMgr:1039 - genDependencies : Invalid condition id : UX DEVICE CLASS RTOS Condition cause : null
2024-01-20 21:35:20,430 [WARN] PackLoader:240 - Cannot read IP mode file for STMicroelectronics.X-CUBE-NFC7.1.0.1
2024-01-20 21:35:20,437 [WARN] PackLoader:240 - Cannot read IP mode file for STMicroelectronics.X-CUBE-NFC6.3.0.0
2024-01-20 21:35:20,443 [WARN] PackLoader:240 - Cannot read IP mode file for STMicroelectronics.X-CUBE-EEPRMA1.4.1.0
2024-01-20 21:35:20,447 [WARN] PackLoader:240 - Cannot read IP mode file for STMicroelectronics.X-CUBE-AI.8.1.0
2024-01-20 21:35:20,471 [WARN] ConditionMgr:438 - getConditionDescription Invalid condition id : LAN8742 Phy interface Condition cause : null
2024-01-20 21:35:20,471 [WARN] PackLoader:240 - Cannot read IP mode file for STMicroelectronics.X-CUBE-AZRTOS-L4.2.0.0
2024-01-20 21:35:20,473 [WARN] ConditionMgr:1039 - genDependencies : Invalid condition id : LAN8742 Phy interface Condition cause : null
2024-01-20 21:35:20,473 [WARN] ConditionMgr:1039 - genDependencies : Invalid condition id : LAN8742 Phy interface Condition cause : null
2024-01-20 21:35:20,474 [WARN] ConditionMgr:1039 - genDependencies : Invalid condition id : LAN8742 Phy interface Condition cause : null
2024-01-20 21:35:20,480 [WARN] PackLoader:240 - Cannot read IP mode file for STMicroelectronics.X-CUBE-SFXS2LP1.4.0.0
2024-01-20 21:35:20,485 [WARN] PackLoader:240 - Cannot read IP mode file for STMicroelectronics.X-CUBE-ISPU.1.1.0
2024-01-20 21:35:20,495 [WARN] ConditionMgr:438 - getConditionDescription Invalid condition id : UX DEVICE CLASS RTOS Condition cause : null
2024-01-20 21:35:20,495 [WARN] ConditionMgr:438 - getConditionDescription Invalid condition id : UX DEVICE CLASS RTOS Condition cause : null
2024-01-20 21:35:20,497 [WARN] PackLoader:240 - Cannot read IP mode file for STMicroelectronics.X-CUBE-AZRTOS-WB.2.0.0
2024-01-20 21:35:20,497 [WARN] ConditionMgr:1039 - genDependencies : Invalid condition id : UX DEVICE CLASS RTOS Condition cause : null
2024-01-20 21:35:20,498 [WARN] ConditionMgr:1039 - genDependencies : Invalid condition id : UX DEVICE CLASS RTOS Condition cause : null
2024-01-20 21:35:20,498 [WARN] ConditionMgr:1039 - genDependencies : Invalid condition id : UX DEVICE CLASS RTOS Condition cause : null
2024-01-20 21:35:20,498 [WARN] ConditionMgr:1039 - genDependencies : Invalid condition id : UX DEVICE CLASS RTOS Condition cause : null
2024-01-20 21:35:20,498 [WARN] ConditionMgr:1039 - genDependencies : Invalid condition id : UX DEVICE CLASS RTOS Condition cause : null
2024-01-20 21:35:20,503 [WARN] PackLoader:240 - Cannot read IP mode file for STMicroelectronics.X-CUBE-FREERTOS.1.0.1
2024-01-20 21:35:20,514 [WARN] PackLoader:240 - Cannot read IP mode file for STMicroelectronics.X-CUBE-AZRTOS-L5.1.1.0
2024-01-20 21:35:20,518 [WARN] PackLoader:240 - Cannot read IP mode file for STMicroelectronics.X-CUBE-AI.8.0.1
2024-01-20 21:35:20,527 [WARN] PackLoader:240 - Cannot read IP mode file for STMicroelectronics.X-CUBE-SUBG2.5.0.0
2024-01-20 21:35:20,538 [WARN] PackLoader:240 - Cannot read IP mode file for STMicroelectronics.X-CUBE-TOF1.3.3.1
2024-01-20 21:35:20,557 [WARN] PackLoader:240 - Cannot read IP mode file for STMicroelectronics.X-CUBE-AZRTOS-G4.2.0.0
2024-01-20 21:35:20,565 [WARN] PackLoader:240 - Cannot read IP mode file for STMicroelectronics.X-CUBE-TOF1.3.3.0
2024-01-20 21:35:20,582 [WARN] PackLoader:240 - Cannot read IP mode file for Infineon.AIROC-Wi-Fi-Bluetooth-STM32.1.5.1
2024-01-20 21:35:20,588 [WARN] PackLoader:240 - Cannot read IP mode file for STMicroelectronics.FP-SNS-MOTENVWB1.1.3.1
2024-01-20 21:35:20,594 [WARN] PackLoader:240 - Cannot read IP mode file for STMicroelectronics.X-CUBE-ISPU.2.0.0
2024-01-20 21:35:20,623 [WARN] PackLoader:240 - Cannot read IP mode file for STMicroelectronics.X-CUBE-MEMS1.10.0.0
2024-01-20 21:35:20,731 [WARN] PackLoader:240 - Cannot read IP mode file for STMicroelectronics.X-CUBE-FREERTOS.1.1.0
2024-01-20 21:35:20,735 [WARN] PackLoader:240 - Cannot read IP mode file for portGmbH.I-Cube-SoM-uGOAL.1.1.0
2024-01-20 21:35:20,741 [WARN] PackLoader:240 - Cannot read IP mode file for STMicroelectronics.X-CUBE-ALS.1.0.1
2024-01-20 21:35:20,749 [WARN] PackLoader:240 - Cannot read IP mode file for STMicroelectronics.X-CUBE-AZRTOS-WB.1.1.0
2024-01-20 21:35:20,754 [WARN] PackLoader:240 - Cannot read IP mode file for STMicroelectronics.FP-ATR-ASTRA1.2.0.0
2024-01-20 21:35:20,762 [WARN] PackLoader:240 - Cannot read IP mode file for STMicroelectronics.X-CUBE-TOF1.3.4.0
2024-01-20 21:35:20,784 [WARN] PackLoader:240 - Cannot read IP mode file for STMicroelectronics.X-CUBE-AZRTOS-H7.3.2.0
2024-01-20 21:35:20,787 [INFO] ThirdParty:978 - Integrity check success = true
2024-01-20 21:35:20,787 [INFO] IntegrityCheckThread:100 - exiting critical section [integrity check]
2024-01-20 21:35:20,787 [INFO] IntegrityCheckThread:103 - End integrity checks thread
2024-01-20 21:35:39,913 [ERROR] LogOutputStream:75 - [STDERR_REDIRECT] SLF4J: Failed to load class "org.slf4j.impl.StaticLoggerBinder".
2024-01-20 21:35:39,913 [ERROR] LogOutputStream:75 - [STDERR_REDIRECT] SLF4J: Defaulting to no-operation (NOP) logger implementation
2024-01-20 21:35:39,914 [ERROR] LogOutputStream:75 - [STDERR_REDIRECT] SLF4J: See http://www.slf4j.org/codes.html#StaticLoggerBinder for further details.
2024-01-20 21:35:54,217 [ERROR] LogOutputStream:75 - [STDERR_REDIRECT] 
