2023-12-31 14:34:06,530 [ERROR] LogOutputStream:75 - [STDERR_REDIRECT] 
2023-12-31 14:41:28,910 [INFO] Activator:176 - 


2023-12-31 14:41:28,912 [INFO] Activator:177 - !SESSION log4j initialized
2023-12-31 14:41:35,765 [INFO] LogOutputStream:77 - [STDOUT_REDIRECT] 
2023-12-31 14:41:36,729 [INFO] ApplicationProperties:184 - Using Application install path: C:\ST\STM32CubeIDE_1.13.1\STM32CubeIDE\plugins\com.st.stm32cube.common.mx_6.10.0.202311202037
2023-12-31 14:41:36,753 [INFO] DbMcusXml:78 - Set database path to: C:\ST\STM32CubeIDE_1.13.1\STM32CubeIDE\plugins\com.st.stm32cube.common.mx_6.10.0.202311202037\\db\/mcu/
2023-12-31 14:41:36,754 [INFO] ApiDb:274 - Set plugin database path to: C:\ST\STM32CubeIDE_1.13.1\STM32CubeIDE\plugins\com.st.stm32cube.common.mx_6.10.0.202311202037\\db\/plugins/boardmanager/
2023-12-31 14:41:36,754 [WARN] ApiDb:259 - Overriding images path with different value:  => C:\ST\STM32CubeIDE_1.13.1\STM32CubeIDE\plugins\com.st.stm32cube.common.mx_6.10.0.202311202037\\db\/plugins/mcufinder/images/
2023-12-31 14:41:36,769 [INFO] ApiDb:250 - Set database path to: C:\Users\bozo2\.stmcufinder\plugins\mcufinder//mcu/
2023-12-31 14:41:36,770 [INFO] DbMcusAds:125 - Set database path to: C:\Users\bozo2\.stmcufinder\plugins\mcufinder//mcu/
2023-12-31 14:41:36,773 [INFO] CrossReferenceDbSqlite:203 - Set database path to: C:\Users\bozo2\.stmcufinder\plugins\mcufinder//mcu/cs/
2023-12-31 14:41:36,901 [INFO] RulesReader:64 - Compatibility file has been processed (297 Rules)
2023-12-31 14:41:36,987 [INFO] DbMcusXml:78 - Set database path to: C:\ST\STM32CubeIDE_1.13.1\STM32CubeIDE\plugins\com.st.stm32cube.common.mx_6.10.0.202311202037\\db\/mcu/
2023-12-31 14:41:36,987 [INFO] ApiDb:274 - Set plugin database path to: C:\ST\STM32CubeIDE_1.13.1\STM32CubeIDE\plugins\com.st.stm32cube.common.mx_6.10.0.202311202037\\db\/plugins/boardmanager/
2023-12-31 14:41:36,987 [INFO] ApiDb:261 - Set plugin images path to: C:\ST\STM32CubeIDE_1.13.1\STM32CubeIDE\plugins\com.st.stm32cube.common.mx_6.10.0.202311202037\\db\/plugins/mcufinder/images/
2023-12-31 14:41:36,987 [WARN] DbFile:41 - Overriding database path with different value: C:\Users\bozo2\.stmcufinder\plugins\mcufinder/ => C:\Users\bozo2\.stmcufinder\plugins\mcufinder
2023-12-31 14:41:36,987 [INFO] ApiDb:250 - Set database path to: C:\Users\bozo2\.stmcufinder\plugins\mcufinder//mcu/
2023-12-31 14:41:36,987 [WARN] DbFile:41 - Overriding database path with different value: C:\Users\bozo2\.stmcufinder\plugins\mcufinder/ => C:\Users\bozo2\.stmcufinder\plugins\mcufinder
2023-12-31 14:41:36,987 [INFO] DbMcusAds:125 - Set database path to: C:\Users\bozo2\.stmcufinder\plugins\mcufinder//mcu/
2023-12-31 14:41:36,987 [WARN] DbFile:41 - Overriding database path with different value: C:\Users\bozo2\.stmcufinder\plugins\mcufinder/ => C:\Users\bozo2\.stmcufinder\plugins\mcufinder
2023-12-31 14:41:36,987 [WARN] DbFile:41 - Overriding database path with different value: C:\Users\bozo2\.stmcufinder\plugins\mcufinder/ => C:\Users\bozo2\.stmcufinder\plugins\mcufinder
2023-12-31 14:41:36,988 [INFO] CrossReferenceDbSqlite:203 - Set database path to: C:\Users\bozo2\.stmcufinder\plugins\mcufinder//mcu/cs/
2023-12-31 14:41:37,062 [INFO] MainPanel:264 - HeapMemory: 268435456
2023-12-31 14:41:37,160 [INFO] DbMcusXml:78 - Set database path to: C:\ST\STM32CubeIDE_1.13.1\STM32CubeIDE\plugins\com.st.stm32cube.common.mx_6.10.0.202311202037\\db\/mcu/
2023-12-31 14:41:37,161 [INFO] ApiDb:274 - Set plugin database path to: C:\ST\STM32CubeIDE_1.13.1\STM32CubeIDE\plugins\com.st.stm32cube.common.mx_6.10.0.202311202037\\db\/plugins/boardmanager/
2023-12-31 14:41:37,161 [INFO] ApiDb:261 - Set plugin images path to: C:\ST\STM32CubeIDE_1.13.1\STM32CubeIDE\plugins\com.st.stm32cube.common.mx_6.10.0.202311202037\\db\/plugins/mcufinder/images/
2023-12-31 14:41:37,161 [WARN] DbFile:41 - Overriding database path with different value: C:\Users\bozo2\.stmcufinder\plugins\mcufinder/ => C:\Users\bozo2\.stmcufinder\plugins\mcufinder
2023-12-31 14:41:37,161 [INFO] ApiDb:250 - Set database path to: C:\Users\bozo2\.stmcufinder\plugins\mcufinder//mcu/
2023-12-31 14:41:37,161 [WARN] DbFile:41 - Overriding database path with different value: C:\Users\bozo2\.stmcufinder\plugins\mcufinder/ => C:\Users\bozo2\.stmcufinder\plugins\mcufinder
2023-12-31 14:41:37,161 [INFO] DbMcusAds:125 - Set database path to: C:\Users\bozo2\.stmcufinder\plugins\mcufinder//mcu/
2023-12-31 14:41:37,161 [WARN] DbFile:41 - Overriding database path with different value: C:\Users\bozo2\.stmcufinder\plugins\mcufinder/ => C:\Users\bozo2\.stmcufinder\plugins\mcufinder
2023-12-31 14:41:37,161 [WARN] DbFile:41 - Overriding database path with different value: C:\Users\bozo2\.stmcufinder\plugins\mcufinder/ => C:\Users\bozo2\.stmcufinder\plugins\mcufinder
2023-12-31 14:41:37,162 [INFO] CrossReferenceDbSqlite:203 - Set database path to: C:\Users\bozo2\.stmcufinder\plugins\mcufinder//mcu/cs/
2023-12-31 14:41:37,180 [INFO] ApplicationProperties:184 - Using Application install path: C:\ST\STM32CubeIDE_1.13.1\STM32CubeIDE\plugins\com.st.stm32cube.common.mx_6.10.0.202311202037
2023-12-31 14:41:37,182 [INFO] PluginManage:196 - Search for loadable plugins [exclusion list=, ]
2023-12-31 14:41:37,183 [INFO] PluginManage:310 - Check plugin analytics
2023-12-31 14:41:37,398 [INFO] AnalyticsPlugin:253 - Accepted Software Licenses: STM32CubeMX.6.8.1
2023-12-31 14:41:37,399 [INFO] AnalyticsPlugin:255 - Accepted CMSIS Pack Licenses: 
2023-12-31 14:41:37,399 [INFO] AnalyticsPlugin:257 - Accepted Firmware Licenses: FW.H7.1.11.0,FW.F4.1.27.0
2023-12-31 14:41:37,402 [INFO] PluginManage:359 - Loaded plugin analytics (category:tool,tabindex:-1)
2023-12-31 14:41:37,402 [INFO] PluginManage:310 - Check plugin cadmodel
2023-12-31 14:41:37,420 [INFO] CADModel:105 - Init CAD model plugin
2023-12-31 14:41:37,420 [INFO] PluginManage:359 - Loaded plugin cadmodel (category:power,tabindex:5)
2023-12-31 14:41:37,420 [INFO] PluginManage:310 - Check plugin clock
2023-12-31 14:41:37,444 [INFO] PluginManage:359 - Loaded plugin clock (category:base,tabindex:2)
2023-12-31 14:41:37,444 [INFO] PluginManage:310 - Check plugin ddr
2023-12-31 14:41:37,447 [INFO] PluginManage:359 - Loaded plugin ddr (category:tool,tabindex:6)
2023-12-31 14:41:37,447 [INFO] PluginManage:310 - Check plugin filemanager
2023-12-31 14:41:37,646 [INFO] PluginManage:359 - Loaded plugin filemanager (category:base,tabindex:10)
2023-12-31 14:41:37,646 [INFO] PluginManage:310 - Check plugin ipmanager
2023-12-31 14:41:37,653 [INFO] PluginManage:359 - Loaded plugin ipmanager (category:base,tabindex:5)
2023-12-31 14:41:37,653 [INFO] PluginManage:310 - Check plugin lpbam
2023-12-31 14:41:37,672 [INFO] PluginManage:359 - Loaded plugin lpbam (category:base,tabindex:0)
2023-12-31 14:41:37,673 [INFO] PluginManage:310 - Check plugin memorymap
2023-12-31 14:41:37,697 [INFO] PluginManage:359 - Loaded plugin memorymap (category:base,tabindex:4)
2023-12-31 14:41:37,697 [INFO] PluginManage:310 - Check plugin pinoutandconfiguration
2023-12-31 14:41:37,712 [INFO] PluginManage:359 - Loaded plugin pinoutandconfiguration (category:base,tabindex:1)
2023-12-31 14:41:37,712 [INFO] PluginManage:310 - Check plugin pinoutconfig
2023-12-31 14:41:37,802 [WARN] SupportedApi:132 - Cannot load RTOS API schema: s4s-elt-must-match.1: The content of 'definitions' must match (annotation?, (simpleType | complexType)?, (unique | key | keyref)*)). A problem was found starting at: attribute.
2023-12-31 14:41:37,930 [INFO] PluginManage:359 - Loaded plugin pinoutconfig (category:base,tabindex:0)
2023-12-31 14:41:37,930 [INFO] PluginManage:310 - Check plugin power
2023-12-31 14:41:37,948 [INFO] PluginManage:359 - Loaded plugin power (category:power,tabindex:4)
2023-12-31 14:41:37,948 [INFO] PluginManage:310 - Check plugin projectmanager
2023-12-31 14:41:37,962 [INFO] PluginManage:359 - Loaded plugin projectmanager (category:projectmanager,tabindex:3)
2023-12-31 14:41:37,962 [INFO] PluginManage:310 - Check plugin thirdparty
2023-12-31 14:41:38,214 [INFO] PluginManage:359 - Loaded plugin thirdparty (category:base,tabindex:-1)
2023-12-31 14:41:38,214 [WARN] IntegrityCheckThread:84 - waiting for thirdparty lock release [integrity check]
2023-12-31 14:41:38,214 [INFO] PluginManage:310 - Check plugin tools
2023-12-31 14:41:38,214 [INFO] IntegrityCheckThread:86 - entering critical section [integrity check]
2023-12-31 14:41:38,215 [INFO] ThirdPartyUpdaterWithRetryManager:70 - Updater plugin not ready yet. [1/15]
2023-12-31 14:41:38,245 [INFO] PluginManage:359 - Loaded plugin tools (category:base,tabindex:7)
2023-12-31 14:41:38,245 [INFO] PluginManage:310 - Check plugin tutovideos
2023-12-31 14:41:38,423 [INFO] PluginManage:359 - Loaded plugin tutovideos (category:base,tabindex:-1)
2023-12-31 14:41:38,423 [INFO] PluginManage:310 - Check plugin updater
2023-12-31 14:41:38,433 [INFO] PluginManage:359 - Loaded plugin updater (category:base,tabindex:12)
2023-12-31 14:41:38,433 [INFO] PluginManage:310 - Check plugin userauth
2023-12-31 14:41:38,439 [INFO] UserAuth:114 - Init User Auth plugin
2023-12-31 14:41:38,439 [INFO] PluginManage:359 - Loaded plugin userauth (category:base,tabindex:14)
2023-12-31 14:41:38,439 [INFO] PluginManage:283 - PluginManage : Loaded plugins [17]
2023-12-31 14:41:38,635 [INFO] PinOutPanel:1499 - setPackage(No Configuration,No Configuration)
2023-12-31 14:41:38,710 [INFO] CADModel:165 - CPN selected for project level
2023-12-31 14:41:38,711 [INFO] CADModel:114 - Register for checkConnection events
2023-12-31 14:41:38,748 [INFO] IPUIPlugin:80 - create IPUIPlugin
2023-12-31 14:41:38,748 [INFO] PluginManager:220 - loadIPPluginJar : add adc
2023-12-31 14:41:38,790 [INFO] IPUIPlugin:80 - create IPUIPlugin
2023-12-31 14:41:38,790 [INFO] PluginManager:220 - loadIPPluginJar : add aes
2023-12-31 14:41:38,838 [INFO] IPUIPlugin:80 - create IPUIPlugin
2023-12-31 14:41:38,838 [INFO] PluginManager:220 - loadIPPluginJar : add can
2023-12-31 14:41:38,869 [INFO] McuFinderGlobals:63 - Set McuFinder mode to 2 (CubeIDE integrated)
2023-12-31 14:41:38,873 [INFO] IPUIPlugin:80 - create IPUIPlugin
2023-12-31 14:41:38,873 [INFO] PluginManager:220 - loadIPPluginJar : add comp
2023-12-31 14:41:38,910 [INFO] IPUIPlugin:80 - create IPUIPlugin
2023-12-31 14:41:38,910 [INFO] PluginManager:220 - loadIPPluginJar : add cryp
2023-12-31 14:41:38,955 [INFO] IPUIPlugin:80 - create IPUIPlugin
2023-12-31 14:41:38,955 [INFO] PluginManager:220 - loadIPPluginJar : add dfsdm
2023-12-31 14:41:38,972 [INFO] IPUIPlugin:80 - create IPUIPlugin
2023-12-31 14:41:38,973 [INFO] PluginManager:220 - loadIPPluginJar : add dma
2023-12-31 14:41:39,040 [INFO] IPUIPlugin:80 - create IPUIPlugin
2023-12-31 14:41:39,040 [INFO] PluginManager:220 - loadIPPluginJar : add dma3
2023-12-31 14:41:39,064 [INFO] IPUIPlugin:80 - create IPUIPlugin
2023-12-31 14:41:39,064 [INFO] PluginManager:220 - loadIPPluginJar : add fatfs
2023-12-31 14:41:39,125 [INFO] IPUIPlugin:80 - create IPUIPlugin
2023-12-31 14:41:39,125 [INFO] PluginManager:220 - loadIPPluginJar : add fmc
2023-12-31 14:41:39,150 [INFO] IPUIPlugin:80 - create IPUIPlugin
2023-12-31 14:41:39,151 [INFO] PluginManager:220 - loadIPPluginJar : add freertos
2023-12-31 14:41:39,181 [INFO] IPUIPlugin:80 - create IPUIPlugin
2023-12-31 14:41:39,182 [INFO] PluginManager:220 - loadIPPluginJar : add genericplugin
2023-12-31 14:41:39,287 [INFO] IPUIPlugin:80 - create IPUIPlugin
2023-12-31 14:41:39,287 [INFO] PluginManager:220 - loadIPPluginJar : add gfxmmu
2023-12-31 14:41:39,415 [INFO] IPUIPlugin:80 - create IPUIPlugin
2023-12-31 14:41:39,415 [INFO] PluginManager:220 - loadIPPluginJar : add gic
2023-12-31 14:41:39,427 [INFO] IPUIPlugin:80 - create IPUIPlugin
2023-12-31 14:41:39,427 [INFO] PluginManager:220 - loadIPPluginJar : add gpio
2023-12-31 14:41:39,506 [INFO] IPUIPlugin:80 - create IPUIPlugin
2023-12-31 14:41:39,506 [INFO] PluginManager:220 - loadIPPluginJar : add gtzc
2023-12-31 14:41:39,531 [INFO] IPUIPlugin:80 - create IPUIPlugin
2023-12-31 14:41:39,531 [INFO] PluginManager:220 - loadIPPluginJar : add hash
2023-12-31 14:41:39,579 [INFO] IPUIPlugin:80 - create IPUIPlugin
2023-12-31 14:41:39,579 [INFO] PluginManager:220 - loadIPPluginJar : add i2c
2023-12-31 14:41:39,612 [INFO] IPUIPlugin:80 - create IPUIPlugin
2023-12-31 14:41:39,612 [INFO] PluginManager:220 - loadIPPluginJar : add i2s
2023-12-31 14:41:39,647 [INFO] IPUIPlugin:80 - create IPUIPlugin
2023-12-31 14:41:39,648 [INFO] PluginManager:220 - loadIPPluginJar : add i3c
2023-12-31 14:41:39,743 [INFO] IPUIPlugin:80 - create IPUIPlugin
2023-12-31 14:41:39,743 [INFO] PluginManager:220 - loadIPPluginJar : add ipddr
2023-12-31 14:41:39,820 [INFO] IPUIPlugin:80 - create IPUIPlugin
2023-12-31 14:41:39,820 [INFO] PluginManager:220 - loadIPPluginJar : add linkedlist
2023-12-31 14:41:39,849 [INFO] IPUIPlugin:80 - create IPUIPlugin
2023-12-31 14:41:39,849 [INFO] PluginManager:220 - loadIPPluginJar : add lorawan
2023-12-31 14:41:39,878 [INFO] IPUIPlugin:80 - create IPUIPlugin
2023-12-31 14:41:39,879 [INFO] PluginManager:220 - loadIPPluginJar : add ltdc
2023-12-31 14:41:39,891 [INFO] IPUIPlugin:80 - create IPUIPlugin
2023-12-31 14:41:39,891 [INFO] PluginManager:220 - loadIPPluginJar : add mdma
2023-12-31 14:41:39,902 [INFO] IPUIPlugin:80 - create IPUIPlugin
2023-12-31 14:41:39,902 [INFO] PluginManager:220 - loadIPPluginJar : add nvic
2023-12-31 14:41:39,933 [INFO] IPUIPlugin:80 - create IPUIPlugin
2023-12-31 14:41:39,933 [INFO] PluginManager:220 - loadIPPluginJar : add opamp
2023-12-31 14:41:39,980 [INFO] IPUIPlugin:80 - create IPUIPlugin
2023-12-31 14:41:39,980 [INFO] PluginManager:220 - loadIPPluginJar : add openamp
2023-12-31 14:41:40,014 [INFO] IPUIPlugin:80 - create IPUIPlugin
2023-12-31 14:41:40,014 [INFO] PluginManager:220 - loadIPPluginJar : add pdm2pcm
2023-12-31 14:41:40,025 [INFO] IPUIPlugin:80 - create IPUIPlugin
2023-12-31 14:41:40,027 [INFO] PluginManager:220 - loadIPPluginJar : add plateformsettings
2023-12-31 14:41:40,045 [INFO] IPUIPlugin:80 - create IPUIPlugin
2023-12-31 14:41:40,045 [INFO] PluginManager:220 - loadIPPluginJar : add quadspi
2023-12-31 14:41:40,055 [INFO] IPUIPlugin:80 - create IPUIPlugin
2023-12-31 14:41:40,056 [INFO] PluginManager:220 - loadIPPluginJar : add resmgrutility
2023-12-31 14:41:40,095 [INFO] IPUIPlugin:80 - create IPUIPlugin
2023-12-31 14:41:40,095 [INFO] PluginManager:220 - loadIPPluginJar : add sai
2023-12-31 14:41:40,125 [INFO] IPUIPlugin:80 - create IPUIPlugin
2023-12-31 14:41:40,125 [INFO] PluginManager:220 - loadIPPluginJar : add spi
2023-12-31 14:41:40,182 [INFO] IPUIPlugin:80 - create IPUIPlugin
2023-12-31 14:41:40,182 [INFO] PluginManager:220 - loadIPPluginJar : add stm32_wpan
2023-12-31 14:41:40,201 [INFO] IPUIPlugin:80 - create IPUIPlugin
2023-12-31 14:41:40,201 [INFO] PluginManager:220 - loadIPPluginJar : add tim
2023-12-31 14:41:40,249 [INFO] IPUIPlugin:80 - create IPUIPlugin
2023-12-31 14:41:40,250 [INFO] PluginManager:220 - loadIPPluginJar : add touchsensing
2023-12-31 14:41:40,268 [INFO] IPUIPlugin:80 - create IPUIPlugin
2023-12-31 14:41:40,268 [INFO] PluginManager:220 - loadIPPluginJar : add tracer_emb
2023-12-31 14:41:40,287 [INFO] IPUIPlugin:80 - create IPUIPlugin
2023-12-31 14:41:40,288 [INFO] PluginManager:220 - loadIPPluginJar : add ts
2023-12-31 14:41:40,305 [INFO] IPUIPlugin:80 - create IPUIPlugin
2023-12-31 14:41:40,305 [INFO] PluginManager:220 - loadIPPluginJar : add tsc
2023-12-31 14:41:40,322 [INFO] IPUIPlugin:80 - create IPUIPlugin
2023-12-31 14:41:40,323 [INFO] PluginManager:220 - loadIPPluginJar : add ucpd
2023-12-31 14:41:40,357 [INFO] IPUIPlugin:80 - create IPUIPlugin
2023-12-31 14:41:40,357 [INFO] PluginManager:220 - loadIPPluginJar : add usart
2023-12-31 14:41:40,393 [INFO] IPUIPlugin:80 - create IPUIPlugin
2023-12-31 14:41:40,393 [INFO] PluginManager:220 - loadIPPluginJar : add usbx
2023-12-31 14:41:40,517 [INFO] CADModel:165 - CPN selected for project level
2023-12-31 14:41:40,517 [INFO] CADModel:114 - Register for checkConnection events
2023-12-31 14:41:40,517 [FATAL] Updater:308 - Updater called before beeing initialized
2023-12-31 14:41:40,517 [ERROR] CADModel:125 - Updater not yet initialized, retry later 
2023-12-31 14:41:40,636 [INFO] CADModel:165 - CPN selected for project level
2023-12-31 14:41:40,636 [INFO] CADModel:114 - Register for checkConnection events
2023-12-31 14:41:40,636 [FATAL] Updater:308 - Updater called before beeing initialized
2023-12-31 14:41:40,636 [ERROR] CADModel:125 - Updater not yet initialized, retry later 
2023-12-31 14:41:40,639 [FATAL] Updater:308 - Updater called before beeing initialized
2023-12-31 14:41:40,729 [FATAL] Updater:308 - Updater called before beeing initialized
2023-12-31 14:41:40,738 [INFO] DbMcusAds:53 - JSON generation date=Wed Nov 29 05:52:27 EST 2023 (1701255147349)
2023-12-31 14:41:40,738 [FATAL] Updater:308 - Updater called before beeing initialized
2023-12-31 14:41:40,809 [WARN] DetailPanel:346 - Failed to get advertising image, set to default
2023-12-31 14:41:40,892 [FATAL] Updater:308 - Updater called before beeing initialized
2023-12-31 14:41:40,894 [FATAL] Updater:308 - Updater called before beeing initialized
2023-12-31 14:41:40,894 [FATAL] Updater:308 - Updater called before beeing initialized
2023-12-31 14:41:40,894 [WARN] DetailPanel:346 - Failed to get advertising image, set to default
2023-12-31 14:41:40,895 [FATAL] Updater:308 - Updater called before beeing initialized
2023-12-31 14:41:40,948 [ERROR] Updater:1120 - MainUpdater not yet initialized. External WinMGr cannot be set.
2023-12-31 14:41:40,957 [INFO] Updater:1056 - Updater Version found : 6.10.0
2023-12-31 14:41:40,972 [INFO] ApplicationProperties:184 - Using Application install path: C:\ST\STM32CubeIDE_1.13.1\STM32CubeIDE\plugins\com.st.stm32cube.common.mx_6.10.0.202311202037
2023-12-31 14:41:41,216 [INFO] ThirdPartyUpdaterWithRetryManager:70 - Updater plugin not ready yet. [2/15]
2023-12-31 14:41:41,365 [INFO] MainUpdater:2873 - connection check result : 10
2023-12-31 14:41:41,365 [INFO] MainUpdater:290 - Updater Check For Update Now.
2023-12-31 14:41:41,366 [INFO] MicroXplorer:498 - Change Database Version : DB.6.0.100
2023-12-31 14:41:41,380 [INFO] McuFinderGlobals:63 - Set McuFinder mode to 2 (CubeIDE integrated)
2023-12-31 14:41:41,393 [INFO] UserAuth:404 - Internet connection configuration mode: 1
2023-12-31 14:41:41,419 [INFO] JxBrowserEngine:152 - Initiate JxBrowser Engine with user profile folder
2023-12-31 14:41:41,556 [INFO] CheckServerUpdateThread:120 - End of CheckServer Thread
2023-12-31 14:41:41,583 [INFO] MainUpdater:2873 - connection check result : 10
2023-12-31 14:41:41,584 [INFO] MainUpdater:2873 - connection check result : 10
2023-12-31 14:41:41,633 [INFO] MicroXplorer:468 - Change Database Path : 
2023-12-31 14:41:41,633 [INFO] MicroXplorer:498 - Change Database Version : DB.6.0.100
2023-12-31 14:41:41,637 [WARN] ThirdParty:871 - waiting for thirdparty lock release [close project]
2023-12-31 14:41:44,153 [INFO] WebApp:161 - Instantiating new browser for Auth
2023-12-31 14:41:44,434 [WARN] PackLoader:240 - Cannot read IP mode file for STMicroelectronics.X-CUBE-SMBUS.2.1.0
2023-12-31 14:41:44,451 [WARN] PackLoader:240 - Cannot read IP mode file for STMicroelectronics.X-CUBE-TOUCHGFX.4.23.0
2023-12-31 14:41:44,491 [WARN] PackLoader:240 - Cannot read IP mode file for STMicroelectronics.X-CUBE-AZRTOS-F7.1.1.0
2023-12-31 14:41:44,509 [WARN] PackLoader:240 - Cannot read IP mode file for STMicroelectronics.FP-SNS-MOTENV1.4.3.2
2023-12-31 14:41:44,522 [WARN] PackLoader:240 - Cannot read IP mode file for STMicroelectronics.FP-SNS-FLIGHT1.5.0.1
2023-12-31 14:41:44,538 [WARN] PackLoader:240 - Cannot read IP mode file for STMicroelectronics.X-CUBE-BLE1.6.2.4
2023-12-31 14:41:44,550 [WARN] PackLoader:240 - Cannot read IP mode file for STMicroelectronics.FP-SNS-FLIGHT1.5.0.2
2023-12-31 14:41:44,565 [WARN] PackLoader:240 - Cannot read IP mode file for STMicroelectronics.X-CUBE-DISPLAY.3.0.0
2023-12-31 14:41:44,582 [WARN] PackLoader:240 - Cannot read IP mode file for STMicroelectronics.X-CUBE-BLE1.7.0.0
2023-12-31 14:41:44,598 [WARN] PackLoader:240 - Cannot read IP mode file for emotas.I-CUBE-CANOPEN.1.3.0
2023-12-31 14:41:44,610 [WARN] PackLoader:240 - Cannot read IP mode file for STMicroelectronics.X-CUBE-TOUCHGFX.4.22.0
2023-12-31 14:41:44,620 [WARN] PackLoader:240 - Cannot read IP mode file for STMicroelectronics.X-CUBE-TOUCHGFX.4.22.1
2023-12-31 14:41:44,632 [WARN] PackLoader:240 - Cannot read IP mode file for STMicroelectronics.FP-SNS-SMARTAG2.1.2.0
2023-12-31 14:41:44,657 [INFO] LogOutputStream:77 - [STDOUT_REDIRECT] 1 : Invalid condition id : UX_CORESTACK_Condition cause : null
2023-12-31 14:41:44,659 [INFO] LogOutputStream:77 - [STDOUT_REDIRECT] 1 : Invalid condition id : UX_CORESTACK_Condition cause : null
2023-12-31 14:41:44,660 [INFO] LogOutputStream:77 - [STDOUT_REDIRECT] 1 : Invalid condition id : UX_CORESTACK_Condition cause : null
2023-12-31 14:41:44,662 [INFO] LogOutputStream:77 - [STDOUT_REDIRECT] 1 : Invalid condition id : UX_CORESTACK_Condition cause : null
2023-12-31 14:41:44,663 [INFO] LogOutputStream:77 - [STDOUT_REDIRECT] 1 : Invalid condition id : UX_CORESTACK_Condition cause : null
2023-12-31 14:41:44,665 [WARN] PackLoader:240 - Cannot read IP mode file for STMicroelectronics.X-CUBE-AZRTOS-WL.2.0.0
2023-12-31 14:41:44,683 [WARN] PackLoader:240 - Cannot read IP mode file for WES.I-CUBE-Cesium.1.3.0
2023-12-31 14:41:44,697 [WARN] PackLoader:240 - Cannot read IP mode file for STMicroelectronics.X-CUBE-BLE2.3.3.0
2023-12-31 14:41:44,713 [WARN] PackLoader:240 - Cannot read IP mode file for STMicroelectronics.X-CUBE-ALGOBUILD.1.3.0
2023-12-31 14:41:44,744 [WARN] PackLoader:240 - Cannot read IP mode file for STMicroelectronics.X-CUBE-AZRTOS-G0.1.1.0
2023-12-31 14:41:44,760 [WARN] PackLoader:240 - Cannot read IP mode file for STMicroelectronics.X-CUBE-NFC4.3.0.0
2023-12-31 14:41:44,779 [WARN] PackLoader:240 - Cannot read IP mode file for STMicroelectronics.X-CUBE-BLEMGR.3.0.0
2023-12-31 14:41:44,791 [WARN] PackLoader:240 - Cannot read IP mode file for STMicroelectronics.FP-ATR-SIGFOX1.3.2.0
2023-12-31 14:41:44,827 [WARN] PackLoader:240 - Cannot read IP mode file for SEGGER.I-CUBE-embOS.1.3.1
2023-12-31 14:41:44,868 [WARN] PackLoader:240 - Cannot read IP mode file for STMicroelectronics.X-CUBE-GNSS1.6.0.0
2023-12-31 14:41:44,908 [WARN] PackLoader:240 - Cannot read IP mode file for STMicroelectronics.X-CUBE-AZRTOS-F4.1.1.0
2023-12-31 14:41:44,925 [WARN] PackLoader:240 - Cannot read IP mode file for wolfSSL.I-CUBE-wolfSSL.5.6.3
2023-12-31 14:41:44,957 [WARN] PackLoader:240 - Cannot read IP mode file for STMicroelectronics.X-CUBE-AZRTOS-L5.2.0.0
2023-12-31 14:41:45,011 [WARN] PackLoader:240 - Cannot read IP mode file for STMicroelectronics.X-CUBE-MEMS1.9.6.0
2023-12-31 14:41:45,029 [INFO] WebApp:780 - Register for checkConnection events
2023-12-31 14:41:45,030 [INFO] WebApp:414 - Apply proxy settings
2023-12-31 14:41:45,030 [INFO] WebApp:499 - Chromium requires no authentication
2023-12-31 14:41:45,058 [INFO] WebApp:442 - Direct internet connection detected
2023-12-31 14:41:45,162 [WARN] PackLoader:240 - Cannot read IP mode file for STMicroelectronics.X-CUBE-EEPRMA1.4.2.0
2023-12-31 14:41:45,174 [WARN] PackLoader:240 - Cannot read IP mode file for ITTIA_DB.I-CUBE-ITTIADB.8.8.0
2023-12-31 14:41:45,190 [WARN] PackLoader:240 - Cannot read IP mode file for STMicroelectronics.X-CUBE-BLEMGR.2.0.0
2023-12-31 14:41:45,217 [WARN] ConditionMgr:438 - getConditionDescription Invalid condition id : UX DEVICE CLASS RTOS Condition cause : null
2023-12-31 14:41:45,217 [WARN] ConditionMgr:438 - getConditionDescription Invalid condition id : UX DEVICE CLASS RTOS Condition cause : null
2023-12-31 14:41:45,220 [WARN] PackLoader:240 - Cannot read IP mode file for STMicroelectronics.X-CUBE-AZRTOS-H7.3.1.0
2023-12-31 14:41:45,221 [WARN] ConditionMgr:1039 - genDependencies : Invalid condition id : UX DEVICE CLASS RTOS Condition cause : null
2023-12-31 14:41:45,221 [WARN] ConditionMgr:1039 - genDependencies : Invalid condition id : UX DEVICE CLASS RTOS Condition cause : null
2023-12-31 14:41:45,221 [WARN] ConditionMgr:1039 - genDependencies : Invalid condition id : UX DEVICE CLASS RTOS Condition cause : null
2023-12-31 14:41:45,222 [WARN] ConditionMgr:1039 - genDependencies : Invalid condition id : UX DEVICE CLASS RTOS Condition cause : null
2023-12-31 14:41:45,222 [WARN] ConditionMgr:1039 - genDependencies : Invalid condition id : UX DEVICE CLASS RTOS Condition cause : null
2023-12-31 14:41:45,236 [WARN] PackLoader:240 - Cannot read IP mode file for STMicroelectronics.X-CUBE-NFC7.1.0.1
2023-12-31 14:41:45,252 [WARN] PackLoader:240 - Cannot read IP mode file for STMicroelectronics.X-CUBE-NFC6.3.0.0
2023-12-31 14:41:45,265 [WARN] PackLoader:240 - Cannot read IP mode file for STMicroelectronics.X-CUBE-EEPRMA1.4.1.0
2023-12-31 14:41:45,278 [INFO] WebApp:192 - Starting web application
2023-12-31 14:41:45,280 [INFO] WebApp:544 - Web application path used C:\ST\STM32CubeIDE_1.13.1\STM32CubeIDE\plugins\com.st.stm32cube.common.mx_6.10.0.202311202037\db\plugins\mcufinder\reactClient1\index.html
2023-12-31 14:41:45,280 [WARN] PackLoader:240 - Cannot read IP mode file for STMicroelectronics.X-CUBE-AI.8.1.0
2023-12-31 14:41:45,317 [WARN] ConditionMgr:438 - getConditionDescription Invalid condition id : LAN8742 Phy interface Condition cause : null
2023-12-31 14:41:45,317 [WARN] PackLoader:240 - Cannot read IP mode file for STMicroelectronics.X-CUBE-AZRTOS-L4.2.0.0
2023-12-31 14:41:45,322 [WARN] ConditionMgr:1039 - genDependencies : Invalid condition id : LAN8742 Phy interface Condition cause : null
2023-12-31 14:41:45,323 [WARN] ConditionMgr:1039 - genDependencies : Invalid condition id : LAN8742 Phy interface Condition cause : null
2023-12-31 14:41:45,323 [WARN] ConditionMgr:1039 - genDependencies : Invalid condition id : LAN8742 Phy interface Condition cause : null
2023-12-31 14:41:45,414 [WARN] PackLoader:240 - Cannot read IP mode file for STMicroelectronics.X-CUBE-SFXS2LP1.4.0.0
2023-12-31 14:41:45,433 [WARN] PackLoader:240 - Cannot read IP mode file for STMicroelectronics.X-CUBE-ISPU.1.1.0
2023-12-31 14:41:45,457 [WARN] ConditionMgr:438 - getConditionDescription Invalid condition id : UX DEVICE CLASS RTOS Condition cause : null
2023-12-31 14:41:45,458 [WARN] ConditionMgr:438 - getConditionDescription Invalid condition id : UX DEVICE CLASS RTOS Condition cause : null
2023-12-31 14:41:45,459 [WARN] PackLoader:240 - Cannot read IP mode file for STMicroelectronics.X-CUBE-AZRTOS-WB.2.0.0
2023-12-31 14:41:45,460 [WARN] ConditionMgr:1039 - genDependencies : Invalid condition id : UX DEVICE CLASS RTOS Condition cause : null
2023-12-31 14:41:45,460 [WARN] ConditionMgr:1039 - genDependencies : Invalid condition id : UX DEVICE CLASS RTOS Condition cause : null
2023-12-31 14:41:45,460 [WARN] ConditionMgr:1039 - genDependencies : Invalid condition id : UX DEVICE CLASS RTOS Condition cause : null
2023-12-31 14:41:45,461 [WARN] ConditionMgr:1039 - genDependencies : Invalid condition id : UX DEVICE CLASS RTOS Condition cause : null
2023-12-31 14:41:45,461 [WARN] ConditionMgr:1039 - genDependencies : Invalid condition id : UX DEVICE CLASS RTOS Condition cause : null
2023-12-31 14:41:45,473 [WARN] PackLoader:240 - Cannot read IP mode file for STMicroelectronics.X-CUBE-FREERTOS.1.0.1
2023-12-31 14:41:45,496 [WARN] PackLoader:240 - Cannot read IP mode file for STMicroelectronics.X-CUBE-AZRTOS-L5.1.1.0
2023-12-31 14:41:45,511 [WARN] PackLoader:240 - Cannot read IP mode file for STMicroelectronics.X-CUBE-AI.8.0.1
2023-12-31 14:41:45,530 [WARN] PackLoader:240 - Cannot read IP mode file for STMicroelectronics.X-CUBE-SUBG2.5.0.0
2023-12-31 14:41:45,559 [WARN] PackLoader:240 - Cannot read IP mode file for STMicroelectronics.X-CUBE-TOF1.3.3.1
2023-12-31 14:41:45,587 [WARN] PackLoader:240 - Cannot read IP mode file for STMicroelectronics.X-CUBE-AZRTOS-G4.2.0.0
2023-12-31 14:41:45,606 [WARN] PackLoader:240 - Cannot read IP mode file for STMicroelectronics.X-CUBE-TOF1.3.3.0
2023-12-31 14:41:45,632 [WARN] PackLoader:240 - Cannot read IP mode file for Infineon.AIROC-Wi-Fi-Bluetooth-STM32.1.5.1
2023-12-31 14:41:45,645 [WARN] PackLoader:240 - Cannot read IP mode file for STMicroelectronics.FP-SNS-MOTENVWB1.1.3.1
2023-12-31 14:41:45,654 [WARN] PackLoader:240 - Cannot read IP mode file for STMicroelectronics.X-CUBE-ISPU.2.0.0
2023-12-31 14:41:45,695 [WARN] PackLoader:240 - Cannot read IP mode file for STMicroelectronics.X-CUBE-MEMS1.10.0.0
2023-12-31 14:41:45,794 [WARN] PackLoader:240 - Cannot read IP mode file for STMicroelectronics.X-CUBE-FREERTOS.1.1.0
2023-12-31 14:41:45,807 [WARN] PackLoader:240 - Cannot read IP mode file for portGmbH.I-Cube-SoM-uGOAL.1.1.0
2023-12-31 14:41:45,818 [WARN] PackLoader:240 - Cannot read IP mode file for STMicroelectronics.X-CUBE-ALS.1.0.1
2023-12-31 14:41:45,837 [WARN] PackLoader:240 - Cannot read IP mode file for STMicroelectronics.X-CUBE-AZRTOS-WB.1.1.0
2023-12-31 14:41:45,849 [WARN] PackLoader:240 - Cannot read IP mode file for STMicroelectronics.FP-ATR-ASTRA1.2.0.0
2023-12-31 14:41:45,867 [WARN] PackLoader:240 - Cannot read IP mode file for STMicroelectronics.X-CUBE-TOF1.3.4.0
2023-12-31 14:41:45,902 [WARN] PackLoader:240 - Cannot read IP mode file for STMicroelectronics.X-CUBE-AZRTOS-H7.3.2.0
2023-12-31 14:41:45,904 [INFO] ThirdParty:978 - Integrity check success = true
2023-12-31 14:41:45,905 [INFO] IntegrityCheckThread:100 - exiting critical section [integrity check]
2023-12-31 14:41:45,905 [INFO] IntegrityCheckThread:103 - End integrity checks thread
2023-12-31 14:41:45,905 [INFO] ThirdParty:873 - entering critical section [close project]
2023-12-31 14:41:45,906 [INFO] ThirdParty:883 - exiting critical section [close project]
2023-12-31 14:41:45,907 [INFO] PinOutPanel:1499 - setPackage(No Configuration,No Configuration)
2023-12-31 14:41:45,910 [INFO] UtilMem:75 - Begin LoadConfig() Used Memory: 228661024 Bytes (288358400)
2023-12-31 14:41:45,914 [INFO] OpenFileManager:312 - Change cursor
2023-12-31 14:41:45,940 [INFO] Mcu:2016 - Initializing MCU STM32F446R(C-E)Tx STM32F446RETx STM32F446RET6
2023-12-31 14:41:47,420 [INFO] Context:659 - Trying to add GPIOservice into a context  which must be forbidden
2023-12-31 14:41:48,164 [INFO] RtosManager:555 - Registered RTOS mode: class=CMSIS, group=RTOS, mode=CMSIS_V1, owner=FREERTOS
2023-12-31 14:41:48,164 [INFO] RtosManager:555 - Registered RTOS mode: class=CMSIS, group=RTOS2, mode=CMSIS_V2, owner=FREERTOS
2023-12-31 14:41:48,164 [INFO] RtosManager:555 - Registered RTOS mode: class=RTOS, group=Core, mode=CMSIS_V1, owner=FREERTOS
2023-12-31 14:41:48,164 [INFO] RtosManager:555 - Registered RTOS mode: class=RTOS, group=Core, mode=CMSIS_V2, owner=FREERTOS
2023-12-31 14:41:48,165 [WARN] ModelIntegratedComponent:184 - Missing modes for component STMicroelectronics:FreeRTOS:0.0.1:STMicroelectronics:RTOS:FreeRTOS:Core:::10.2.0:
2023-12-31 14:41:48,187 [WARN] ModelIntegratedComponent:63 - No mode defined for component null
2023-12-31 14:41:48,187 [WARN] ModelIntegratedComponent:63 - No mode defined for component null
2023-12-31 14:41:48,187 [WARN] ModelIntegratedComponent:63 - No mode defined for component null
2023-12-31 14:41:48,187 [WARN] ModelIntegratedComponent:63 - No mode defined for component null
2023-12-31 14:41:48,187 [WARN] ModelIntegratedComponent:63 - No mode defined for component null
2023-12-31 14:41:48,187 [WARN] ModelIntegratedComponent:63 - No mode defined for component null
2023-12-31 14:41:48,187 [WARN] ModelIntegratedComponent:63 - No mode defined for component null
2023-12-31 14:41:48,187 [WARN] ModelIntegratedComponent:63 - No mode defined for component null
2023-12-31 14:41:48,187 [WARN] ModelIntegratedComponent:63 - No mode defined for component null
2023-12-31 14:41:48,187 [WARN] ModelIntegratedComponent:63 - No mode defined for component null
2023-12-31 14:41:48,187 [WARN] ModelIntegratedComponent:63 - No mode defined for component null
2023-12-31 14:41:48,187 [WARN] ModelIntegratedComponent:63 - No mode defined for component null
2023-12-31 14:41:48,187 [WARN] ModelIntegratedComponent:63 - No mode defined for component null
2023-12-31 14:41:48,187 [WARN] ModelIntegratedComponent:63 - No mode defined for component null
2023-12-31 14:41:48,187 [WARN] ModelIntegratedComponent:63 - No mode defined for component null
2023-12-31 14:41:48,187 [WARN] ModelIntegratedComponent:63 - No mode defined for component null
2023-12-31 14:41:48,188 [WARN] ModelIntegratedComponent:63 - No mode defined for component null
2023-12-31 14:41:48,188 [WARN] ModelIntegratedComponent:63 - No mode defined for component null
2023-12-31 14:41:48,188 [WARN] ModelIntegratedComponent:63 - No mode defined for component null
2023-12-31 14:41:48,188 [WARN] ModelIntegratedComponent:63 - No mode defined for component null
2023-12-31 14:41:48,188 [WARN] ModelIntegratedComponent:63 - No mode defined for component null
2023-12-31 14:41:48,188 [WARN] ModelIntegratedComponent:63 - No mode defined for component null
2023-12-31 14:41:48,188 [WARN] ModelIntegratedComponent:63 - No mode defined for component null
2023-12-31 14:41:48,188 [WARN] ModelIntegratedComponent:63 - No mode defined for component null
2023-12-31 14:41:48,188 [WARN] ModelIntegratedComponent:63 - No mode defined for component null
2023-12-31 14:41:48,188 [WARN] ModelIntegratedComponent:63 - No mode defined for component null
2023-12-31 14:41:48,188 [WARN] ModelIntegratedComponent:63 - No mode defined for component null
2023-12-31 14:41:48,188 [WARN] ModelIntegratedComponent:63 - No mode defined for component null
2023-12-31 14:41:48,188 [WARN] ModelIntegratedComponent:63 - No mode defined for component null
2023-12-31 14:41:48,188 [WARN] ModelIntegratedComponent:63 - No mode defined for component null
2023-12-31 14:41:48,188 [WARN] ModelIntegratedComponent:63 - No mode defined for component null
2023-12-31 14:41:48,188 [WARN] ModelIntegratedComponent:63 - No mode defined for component null
2023-12-31 14:41:48,188 [WARN] ModelIntegratedComponent:63 - No mode defined for component null
2023-12-31 14:41:48,294 [INFO] ThirdPartyModel:298 - Start build external matchings
2023-12-31 14:41:48,924 [INFO] ThirdPartyModel:316 - End build external matchings
2023-12-31 14:41:48,951 [INFO] ImportTextPane:194 - (OptionalMessage_ERROR) IP (DMA) : Parameter (Instance) has Id (I2C3_RX) currently not set
2023-12-31 14:41:48,951 [INFO] ImportTextPane:194 - (OptionalMessage_ERROR) IP (DMA) : Parameter (Channel) has Id (I2C3_RX) currently not set
2023-12-31 14:41:48,951 [INFO] ImportTextPane:194 - (OptionalMessage_ERROR) IP (DMA) : Parameter (Direction) has Id (I2C3_RX) currently not set
2023-12-31 14:41:48,951 [INFO] ImportTextPane:194 - (OptionalMessage_ERROR) IP (DMA) : Parameter (PeriphInc) has Id (I2C3_RX) currently not set
2023-12-31 14:41:48,952 [INFO] ImportTextPane:194 - (OptionalMessage_ERROR) IP (DMA) : Parameter (MemInc) has Id (I2C3_RX) currently not set
2023-12-31 14:41:48,952 [INFO] ImportTextPane:194 - (OptionalMessage_ERROR) IP (DMA) : Parameter (PeriphDataAlignment) has Id (I2C3_RX) currently not set
2023-12-31 14:41:48,952 [INFO] ImportTextPane:194 - (OptionalMessage_ERROR) IP (DMA) : Parameter (MemDataAlignment) has Id (I2C3_RX) currently not set
2023-12-31 14:41:48,952 [INFO] ImportTextPane:194 - (OptionalMessage_ERROR) IP (DMA) : Parameter (Mode) has Id (I2C3_RX) currently not set
2023-12-31 14:41:48,952 [INFO] ImportTextPane:194 - (OptionalMessage_ERROR) IP (DMA) : Parameter (Priority) has Id (I2C3_RX) currently not set
2023-12-31 14:41:48,952 [INFO] ImportTextPane:194 - (OptionalMessage_ERROR) IP (DMA) : Parameter (FIFOMode) has Id (I2C3_RX) currently not set
2023-12-31 14:41:48,952 [INFO] ImportTextPane:194 - (OptionalMessage_ERROR) IP (DMA) : Parameter (Instance) has Id (I2C3_TX) currently not set
2023-12-31 14:41:48,952 [INFO] ImportTextPane:194 - (OptionalMessage_ERROR) IP (DMA) : Parameter (Channel) has Id (I2C3_TX) currently not set
2023-12-31 14:41:48,952 [INFO] ImportTextPane:194 - (OptionalMessage_ERROR) IP (DMA) : Parameter (Direction) has Id (I2C3_TX) currently not set
2023-12-31 14:41:48,953 [INFO] ImportTextPane:194 - (OptionalMessage_ERROR) IP (DMA) : Parameter (PeriphInc) has Id (I2C3_TX) currently not set
2023-12-31 14:41:48,953 [INFO] ImportTextPane:194 - (OptionalMessage_ERROR) IP (DMA) : Parameter (MemInc) has Id (I2C3_TX) currently not set
2023-12-31 14:41:48,953 [INFO] ImportTextPane:194 - (OptionalMessage_ERROR) IP (DMA) : Parameter (PeriphDataAlignment) has Id (I2C3_TX) currently not set
2023-12-31 14:41:48,953 [INFO] ImportTextPane:194 - (OptionalMessage_ERROR) IP (DMA) : Parameter (MemDataAlignment) has Id (I2C3_TX) currently not set
2023-12-31 14:41:48,953 [INFO] ImportTextPane:194 - (OptionalMessage_ERROR) IP (DMA) : Parameter (Mode) has Id (I2C3_TX) currently not set
2023-12-31 14:41:48,953 [INFO] ImportTextPane:194 - (OptionalMessage_ERROR) IP (DMA) : Parameter (Priority) has Id (I2C3_TX) currently not set
2023-12-31 14:41:48,953 [INFO] ImportTextPane:194 - (OptionalMessage_ERROR) IP (DMA) : Parameter (FIFOMode) has Id (I2C3_TX) currently not set
2023-12-31 14:41:48,954 [WARN] IP:2119 - I2C_Coeff_DF not found: check if there is a RefParameter without a condition.
2023-12-31 14:41:48,954 [WARN] IP:2119 - Analog_Filter not found: check if there is a RefParameter without a condition.
2023-12-31 14:41:48,955 [INFO] ImportTextPane:194 - (OptionalMessage_ERROR) IP (RCC) : Invalid parameter (48MHZClocksFreq_Value)
2023-12-31 14:41:48,955 [INFO] ImportTextPane:194 - (OptionalMessage_ERROR) IP (RCC) : Invalid parameter (EthernetFreq_Value)
2023-12-31 14:41:48,957 [INFO] ImportTextPane:194 - (OptionalMessage_ERROR) IP (RCC) : Parameter (FLatency) has Id (AdvancedSettings) currently not set
2023-12-31 14:41:48,957 [INFO] ImportTextPane:194 - (OptionalMessage_ERROR) IP (RCC) : Invalid parameter (FamilyName)
2023-12-31 14:41:48,957 [INFO] ImportTextPane:194 - (OptionalMessage_ERROR) IP (RCC) : Invalid parameter (I2SClocksFreq_Value)
2023-12-31 14:41:48,958 [INFO] ImportTextPane:194 - (OptionalMessage_ERROR) IP (RCC) : Invalid parameter (VCOInputMFreq_Value)
2023-12-31 14:41:48,958 [INFO] ImportTextPane:194 - (OptionalMessage_ERROR) IP (RCC) : Invalid parameter (VcooutputI2S)
2023-12-31 14:41:49,269 [INFO] UtilMem:75 - End LoadConfig() Used Memory: 427391824 Bytes (602931200)
2023-12-31 14:41:49,458 [INFO] ApiDb:581 - Connected to CubeFinder SQLite database (C:\Users\bozo2\.stmcufinder\plugins\mcufinder\mcu\cube-finder-db.db)
2023-12-31 14:41:49,556 [INFO] ApiDb:668 - CubeFinder database Data Model version=2.1
2023-12-31 14:41:49,556 [INFO] ApiDb:669 - CubeFinder database Configuration version=3.0.39
2023-12-31 14:41:49,556 [INFO] ApiDb:670 - CubeFinder database generation date=2023-12-08 (1702028721)
2023-12-31 14:41:49,556 [INFO] ApiDb:671 - CubeFinder database FW Pack versions=[FP-ATR-ASTRA1_V2.0.0, FP-SNS-FLIGHT1_V5.0.1, FP-SNS-FLIGHT1_V5.0.2, FP-SNS-MOTENV1_V4.3.1, FP-SNS-MOTENV1_V4.3.2, FP-SNS-MOTENVWB1_V1.3.1, FP-SNS-SMARTAG2_V1.2.0, STM32Cube_FW_C0_V1.1.0, STM32Cube_FW_F4_V1.28.0, STM32Cube_FW_F7_V1.17.0, STM32Cube_FW_G0_V1.6.1, STM32Cube_FW_G4_V1.5.1, STM32Cube_FW_H5_V0.5.1, STM32Cube_FW_H5_V1.1.1, STM32Cube_FW_H5_V1.2.0RC2, STM32Cube_FW_H7_V1.11.0, STM32Cube_FW_L0_V1.12.2, STM32Cube_FW_L5_V1.5.0, STM32Cube_FW_U5_V1.3.0RC4, STM32Cube_FW_U5_V1.4.0, STM32Cube_FW_WBA_V1.0.0RC1, STM32Cube_FW_WBA_V1.1.0RC1, STM32Cube_FW_WBA_V1.2.0, STM32Cube_FW_WBA_V1.2.0RC2, STM32Cube_FW_WB_V1.15.0RC1, STM32Cube_FW_WB_V1.16.0, STM32Cube_FW_WB_V1.16.0RC2, STM32Cube_FW_WB_V1.18.0, STM32Cube_FW_WL_V1.3.0, X-CUBE-ALGOBUILD_V1.3.0, X-CUBE-ALS_V1.0.1, X-CUBE-AZRTOS-F4_V1.1.0, X-CUBE-AZRTOS-F7_V1.1.0, X-CUBE-AZRTOS-G0_V1.1.0, X-CUBE-AZRTOS-G4_V2.0.0, X-CUBE-AZRTOS-H7_V3.1.0, X-CUBE-AZRTOS-L4_V1.0.0, X-CUBE-AZRTOS-L4_V2.0.0, X-CUBE-AZRTOS-L5_V1.1.0, X-CUBE-AZRTOS-WB_V2.0.0, X-CUBE-AZRTOS-WL_V2.0.0, X-CUBE-BLE1_V7.0.0, X-CUBE-BLE2_V3.3.0, X-CUBE-BLEMGR_V3.0.0, X-CUBE-EEPRMA1_V4.1.0, X-CUBE-EEPRMA1_V4.2.0, X-CUBE-FREERTOS_V1.1.0, X-CUBE-GNSS1_V6.0.0, X-CUBE-MEMS1_V10.0.0, X-CUBE-MEMS1_V9.1.0, X-CUBE-MEMS1_V9.4.0, X-CUBE-MEMS1_V9.6.0, X-CUBE-NFC4_V3.0.0, X-CUBE-NFC7_V1.0.1, X-CUBE-SFXS2LP1_V4.0.0, X-CUBE-SUBG2_V5.0.0, X-CUBE-TOF1_V3.4.0]
2023-12-31 14:41:52,084 [INFO] ApiDb:240 - Found 371 in-development CPN: [B-G473E-ZEST1S, B-WB1M-WPAN1, B-WL5M-SUBG1, NUCLEO-C031C6, NUCLEO-H503RB, NUCLEO-H563ZI, NUCLEO-U545RE-Q, NUCLEO-U5A5ZJ-Q, NUCLEO-WBA52CG, NUCLEO-WBA55CG, STEVAL-MKBOXPRO, STEVAL-PROTEUS1, STEVAL-STWINBX1, STM320518-EVAL, STM32C0116-DK, STM32C011D6Y3TR, STM32C011D6Y6TR, STM32C011F4P3, STM32C011F4P6, STM32C011F4U3, STM32C011F4U6TR, STM32C011F6P3, STM32C011F6P6, STM32C011F6U3, STM32C011F6U6TR, STM32C011J4M3, STM32C011J4M6, STM32C011J6M3, STM32C011J6M6, STM32C0316-DK, STM32C031C4T3, STM32C031C4T6, STM32C031C4U3, STM32C031C4U6, STM32C031C6T3, STM32C031C6T6, STM32C031C6U3, STM32C031C6U6, STM32C031F4P3, STM32C031F4P6, STM32C031F6P3, STM32C031F6P6, STM32C031G4U3, STM32C031G4U6, STM32C031G6U3, STM32C031G6U6, STM32C031K4T3, STM32C031K4T6, STM32C031K4U3, STM32C031K4U6, STM32C031K6T3, STM32C031K6T6, STM32C031K6U3, STM32C031K6U6, STM32G071K8TXN, STM32G071K8UXN, STM32G081GBU6N, STM32G081KBT6N, STM32G081KBUXN, STM32G0B1CCT6N, STM32G0B1KCT6, STM32G0B1NEY6TR, STM32G0B1RCT6N, STM32G0C1CCT6, STM32G0C1CCT6N, STM32G0C1CCU6N, STM32G0C1CET6N, STM32G0C1CEU6N, STM32G0C1KCT6, STM32G0C1NEY6TR, STM32G0C1RCI6N, STM32G0C1RCT6N, STM32G0C1REI6N, STM32G0C1RET6N, STM32G0C1VCI6, STM32G0C1VEI6, STM32G471CCT6, STM32G471CCU6, STM32G471CET3, STM32G471CET6, STM32G471CEU3, STM32G471CEU6, STM32G471MCT6, STM32G471MET3, STM32G471MET6, STM32G471MEY6TR, STM32G471QCT6, STM32G471QET3, STM32G471RCT6, STM32G471RET3, STM32G471RET6, STM32G471VCH6, STM32G471VCI6, STM32G471VCT6, STM32G471VEH3, STM32G471VEH6, STM32G471VEI3, STM32G471VEI6, STM32G471VET3, STM32G471VET6, STM32G474CCT6, STM32H503CBT6, STM32H503CBU6, STM32H503EBY6TR, STM32H503KBU6, STM32H503RBT6, STM32H562AGI6, STM32H562AII6, STM32H562IGK6, STM32H562IGT6, STM32H562IIK6, STM32H562IIT6, STM32H562RGT6, STM32H562RGV6, STM32H562RIT6, STM32H562RIV6, STM32H562VGT6, STM32H562VIT6, STM32H562ZGT6, STM32H562ZIT6, STM32H563AGI6, STM32H563AII3Q, STM32H563AII6, STM32H563IGK6, STM32H563IGT6, STM32H563IIK3Q, STM32H563IIK6, STM32H563IIT3Q, STM32H563IIT6, STM32H563MIY3QTR, STM32H563RGT6, STM32H563RGV6, STM32H563RIT6, STM32H563RIV6, STM32H563VGT6, STM32H563VIT3Q, STM32H563VIT6, STM32H563ZGT6, STM32H563ZIT3Q, STM32H563ZIT6, STM32H573AII3Q, STM32H573AII6, STM32H573I-DK, STM32H573IIK3Q, STM32H573IIK6, STM32H573IIT3Q, STM32H573IIT6, STM32H573MIY3QTR, STM32H573RIT6, STM32H573RIV6, STM32H573VIT3Q, STM32H573VIT6, STM32H573ZIT3Q, STM32H573ZIT6, STM32L4R5QGI6STR, STM32MP131AAE3, STM32MP131AAF3, STM32MP131AAG3, STM32MP131CAE3, STM32MP131CAF3, STM32MP131CAG3, STM32MP131DAE7, STM32MP131DAF7, STM32MP131DAG7, STM32MP131FAE7, STM32MP131FAF7, STM32MP131FAG7, STM32MP133AAE3, STM32MP133AAF3, STM32MP133AAG3, STM32MP133CAE3, STM32MP133CAF3, STM32MP133CAG3, STM32MP133DAE7, STM32MP133DAF7, STM32MP133DAG7, STM32MP133FAE7, STM32MP133FAF7, STM32MP133FAG7, STM32MP135AAE3, STM32MP135AAF3, STM32MP135AAG3, STM32MP135CAE3, STM32MP135CAF3, STM32MP135CAG3, STM32MP135DAE7, STM32MP135DAF7, STM32MP135DAG7, STM32MP135F-DK, STM32MP135FAE7, STM32MP135FAF7, STM32MP135FAF7T, STM32MP135FAF7U, STM32MP135FAG7, STM32U535CBT6, STM32U535CBT6Q, STM32U535CBU6, STM32U535CBU6Q, STM32U535CCT6, STM32U535CCT6Q, STM32U535CCU6, STM32U535CCU6Q, STM32U535CET6, STM32U535CET6Q, STM32U535CEU6, STM32U535CEU6Q, STM32U535JEY6QTR, STM32U535NCY6QTR, STM32U535NEY6QTR, STM32U535RBI6, STM32U535RBI6Q, STM32U535RBT6, STM32U535RBT6Q, STM32U535RCI6, STM32U535RCI6Q, STM32U535RCT6, STM32U535RCT6Q, STM32U535REI6, STM32U535REI6Q, STM32U535RET6, STM32U535RET6Q, STM32U535VCI6, STM32U535VCI6Q, STM32U535VCT6, STM32U535VCT6Q, STM32U535VEI6, STM32U535VEI6Q, STM32U535VET6, STM32U535VET6Q, STM32U545CET6, STM32U545CET6Q, STM32U545CEU6, STM32U545CEU6Q, STM32U545JEY6QTR, STM32U545NEY6QTR, STM32U545REI6, STM32U545REI6Q, STM32U545RET6, STM32U545RET6Q, STM32U545VEI6, STM32U545VEI6Q, STM32U545VET6, STM32U545VET6Q, STM32U595AIH6, STM32U595AIH6Q, STM32U595AJH6, STM32U595AJH6Q, STM32U595QII6, STM32U595QII6Q, STM32U595QJI6, STM32U595QJI6Q, STM32U595RIT6, STM32U595RIT6Q, STM32U595RJT6, STM32U595RJT6Q, STM32U595VIT6, STM32U595VIT6Q, STM32U595VJT6, STM32U595VJT6Q, STM32U595ZIT6, STM32U595ZIT6Q, STM32U595ZIY6QTR, STM32U595ZJT6, STM32U595ZJT6Q, STM32U595ZJY6QTR, STM32U599BJY6QTR, STM32U599NIH6Q, STM32U599NJH6Q, STM32U599VIT6Q, STM32U599VJT6, STM32U599VJT6Q, STM32U599ZIT6Q, STM32U599ZIY6QTR, STM32U599ZJT6Q, STM32U599ZJY6QTR, STM32U5A5AJH6, STM32U5A5AJH6Q, STM32U5A5QJI6, STM32U5A5QJI6Q, STM32U5A5RJT6, STM32U5A5RJT6Q, STM32U5A5VJT6, STM32U5A5VJT6Q, STM32U5A5ZJT6, STM32U5A5ZJT6Q, STM32U5A5ZJY6QTR, STM32U5A9BJY6QTR, STM32U5A9J-DK, STM32U5A9NJH6Q, STM32U5A9VJT6Q, STM32U5A9ZJT6Q, STM32U5A9ZJY6QTR, STM32U5F7VIT6, STM32U5F7VIT6Q, STM32U5F7VJT6, STM32U5F7VJT6Q, STM32U5F9BJY6QTR, STM32U5F9NJH6Q, STM32U5F9VIT6Q, STM32U5F9VJT6Q, STM32U5F9ZIJ6QTR, STM32U5F9ZIT6Q, STM32U5F9ZJJ6QTR, STM32U5F9ZJT6Q, STM32U5G7VJT6, STM32U5G7VJT6Q, STM32U5G9BJY6QTR, STM32U5G9J-DK1, STM32U5G9J-DK2, STM32U5G9NJH6Q, STM32U5G9VJT6Q, STM32U5G9ZJJ6QTR, STM32U5G9ZJT6Q, STM32WB1MMCH6, STM32WBA50KEU6, STM32WBA50KEU6TR, STM32WBA50KGU6, STM32WBA50KGU6TR, STM32WBA52CEU6, STM32WBA52CEU6TR, STM32WBA52CEU7, STM32WBA52CEU7TR, STM32WBA52CGU6, STM32WBA52CGU6TR, STM32WBA52CGU6U, STM32WBA52CGU7, STM32WBA52CGU7TR, STM32WBA52KEU6, STM32WBA52KEU6TR, STM32WBA52KGU6, STM32WBA52KGU6TR, STM32WBA54CEU6, STM32WBA54CEU6TR, STM32WBA54CEU7, STM32WBA54CEU7TR, STM32WBA54CGU6, STM32WBA54CGU6TR, STM32WBA54CGU7, STM32WBA54CGU7TR, STM32WBA54KEU6, STM32WBA54KEU6TR, STM32WBA54KEU7, STM32WBA54KEU7TR, STM32WBA54KGU6, STM32WBA54KGU6TR, STM32WBA54KGU7, STM32WBA54KGU7TR, STM32WBA55CEU6, STM32WBA55CEU6TR, STM32WBA55CEU7, STM32WBA55CEU7TR, STM32WBA55CGU6, STM32WBA55CGU6TR, STM32WBA55CGU6U, STM32WBA55CGU7, STM32WBA55CGU7TR, STM32WBA55G-DK1, STM32WBA55HEF6, STM32WBA55HEF7, STM32WBA55HGF6, STM32WBA55HGF7, STM32WBA55UEI6, STM32WBA55UEI6TR, STM32WBA55UEI7, STM32WBA55UEI7TR, STM32WBA55UGI6, STM32WBA55UGI6TR, STM32WBA55UGI7, STM32WBA55UGI7TR, STM32WL5MOCH6, STM32WL5MOCH6TR]
2023-12-31 14:41:52,089 [INFO] DbMcus:218 - Found 3930 MCUs, 3930 are supported
2023-12-31 14:41:52,089 [INFO] ApiDb:423 - Load user favorites file C:\Users\bozo2/.stm32cubeide/favorites.mcus.txt: 0 item(s)
2023-12-31 14:41:52,090 [INFO] ApiDb:427 - User favorites MCUs=[]
2023-12-31 14:41:52,090 [INFO] DbMcus:224 - Set 0 / 0 favorites MCUs
2023-12-31 14:41:52,418 [INFO] MicroXplorer:468 - Change Database Path : 
2023-12-31 14:41:52,419 [INFO] MicroXplorer:498 - Change Database Version : DB.6.0.100
2023-12-31 14:41:52,419 [WARN] ThirdParty:833 - waiting for thirdparty lock release [change project]
2023-12-31 14:41:52,419 [INFO] ThirdParty:835 - entering critical section [change project]
2023-12-31 14:41:52,419 [INFO] ThirdParty:1030 - CMSIS Pack Vendor :STMicroelectronics X-CUBE-ISPU 1.1.0
2023-12-31 14:41:52,419 [INFO] ThirdParty:1030 - CMSIS Pack Vendor :STMicroelectronics USBPD 4.1
2023-12-31 14:41:52,419 [INFO] ThirdParty:1030 - CMSIS Pack Vendor :STMicroelectronics X-CUBE-GNSS1 6.0.0
2023-12-31 14:41:52,419 [INFO] ThirdParty:1030 - CMSIS Pack Vendor :STMicroelectronics USB_HOST 2.0.0
2023-12-31 14:41:52,419 [INFO] ThirdParty:1030 - CMSIS Pack Vendor :STMicroelectronics X-CUBE-AZRTOS-F4 1.1.0
2023-12-31 14:41:52,419 [INFO] ThirdParty:1030 - CMSIS Pack Vendor :STMicroelectronics LIBJPEG 8.0.0
2023-12-31 14:41:52,419 [INFO] ThirdParty:1030 - CMSIS Pack Vendor :wolfSSL I-CUBE-wolfSSL 5.6.3
2023-12-31 14:41:52,419 [INFO] ThirdParty:1030 - CMSIS Pack Vendor :STMicroelectronics X-CUBE-SMBUS 2.1.0
2023-12-31 14:41:52,420 [INFO] ThirdParty:1030 - CMSIS Pack Vendor :STMicroelectronics USB_DEVICE 3.0.0
2023-12-31 14:41:52,420 [INFO] ThirdParty:1030 - CMSIS Pack Vendor :STMicroelectronics X-CUBE-AZRTOS-WB 2.0.0
2023-12-31 14:41:52,420 [INFO] ThirdParty:1030 - CMSIS Pack Vendor :STMicroelectronics X-CUBE-FREERTOS 1.0.1
2023-12-31 14:41:52,420 [INFO] ThirdParty:1030 - CMSIS Pack Vendor :STMicroelectronics X-CUBE-TOUCHGFX 4.23.0
2023-12-31 14:41:52,420 [INFO] ThirdParty:1030 - CMSIS Pack Vendor :STMicroelectronics X-CUBE-AZRTOS-F7 1.1.0
2023-12-31 14:41:52,420 [INFO] ThirdParty:1030 - CMSIS Pack Vendor :STMicroelectronics X-CUBE-AZRTOS-L5 2.0.0
2023-12-31 14:41:52,420 [INFO] ThirdParty:1030 - CMSIS Pack Vendor :STMicroelectronics USB_DEVICE 2.0.0
2023-12-31 14:41:52,420 [INFO] ThirdParty:1030 - CMSIS Pack Vendor :STMicroelectronics X-CUBE-MEMS1 9.6.0
2023-12-31 14:41:52,420 [INFO] ThirdParty:1030 - CMSIS Pack Vendor :STMicroelectronics X-CUBE-EEPRMA1 4.2.0
2023-12-31 14:41:52,420 [INFO] ThirdParty:1030 - CMSIS Pack Vendor :ITTIA_DB I-CUBE-ITTIADB 8.8.0
2023-12-31 14:41:52,420 [INFO] ThirdParty:1030 - CMSIS Pack Vendor :STMicroelectronics FP-SNS-MOTENV1 4.3.2
2023-12-31 14:41:52,420 [INFO] ThirdParty:1030 - CMSIS Pack Vendor :STMicroelectronics FP-SNS-FLIGHT1 5.0.1
2023-12-31 14:41:52,420 [INFO] ThirdParty:1030 - CMSIS Pack Vendor :STMicroelectronics X-CUBE-ALGOBUILD 1.3.0
2023-12-31 14:41:52,420 [INFO] ThirdParty:1030 - CMSIS Pack Vendor :STMicroelectronics X-CUBE-BLE1 6.2.4
2023-12-31 14:41:52,420 [INFO] ThirdParty:1030 - CMSIS Pack Vendor :STMicroelectronics X-CUBE-AZRTOS-L5 1.1.0
2023-12-31 14:41:52,420 [INFO] ThirdParty:1030 - CMSIS Pack Vendor :STMicroelectronics FreeRTOS 0.0.1
2023-12-31 14:41:52,420 [INFO] ThirdParty:1030 - CMSIS Pack Vendor :STMicroelectronics X-CUBE-AZRTOS-G0 1.1.0
2023-12-31 14:41:52,420 [INFO] ThirdParty:1030 - CMSIS Pack Vendor :STMicroelectronics X-CUBE-BLEMGR 2.0.0
2023-12-31 14:41:52,420 [INFO] ThirdParty:1030 - CMSIS Pack Vendor :STMicroelectronics X-CUBE-AI 8.0.1
2023-12-31 14:41:52,420 [INFO] ThirdParty:1030 - CMSIS Pack Vendor :STMicroelectronics X-CUBE-NFC4 3.0.0
2023-12-31 14:41:52,420 [INFO] ThirdParty:1030 - CMSIS Pack Vendor :STMicroelectronics X-CUBE-SUBG2 5.0.0
2023-12-31 14:41:52,420 [INFO] ThirdParty:1030 - CMSIS Pack Vendor :STMicroelectronics STM32_WPAN 1.0.0
2023-12-31 14:41:52,421 [INFO] ThirdParty:1030 - CMSIS Pack Vendor :STMicroelectronics lwIP 2.0.3
2023-12-31 14:41:52,421 [INFO] ThirdParty:1030 - CMSIS Pack Vendor :STMicroelectronics FP-SNS-FLIGHT1 5.0.2
2023-12-31 14:41:52,421 [INFO] ThirdParty:1030 - CMSIS Pack Vendor :STMicroelectronics USB_HOST 1.0.0
2023-12-31 14:41:52,421 [INFO] ThirdParty:1030 - CMSIS Pack Vendor :STMicroelectronics X-CUBE-TOF1 3.3.1
2023-12-31 14:41:52,421 [INFO] ThirdParty:1030 - CMSIS Pack Vendor :STMicroelectronics X-CUBE-AZRTOS-G4 2.0.0
2023-12-31 14:41:52,421 [INFO] ThirdParty:1030 - CMSIS Pack Vendor :STMicroelectronics PDM2PCM 3.1.0
2023-12-31 14:41:52,421 [INFO] ThirdParty:1030 - CMSIS Pack Vendor :STMicroelectronics X-CUBE-AZRTOS-H7 3.1.0
2023-12-31 14:41:52,421 [INFO] ThirdParty:1030 - CMSIS Pack Vendor :STMicroelectronics X-CUBE-TOF1 3.3.0
2023-12-31 14:41:52,421 [INFO] ThirdParty:1030 - CMSIS Pack Vendor :Infineon AIROC-Wi-Fi-Bluetooth-STM32 1.5.1
2023-12-31 14:41:52,421 [INFO] ThirdParty:1030 - CMSIS Pack Vendor :STMicroelectronics X-CUBE-BLEMGR 3.0.0
2023-12-31 14:41:52,421 [INFO] ThirdParty:1030 - CMSIS Pack Vendor :STMicroelectronics PDM2PCM 3.3.0
2023-12-31 14:41:52,421 [INFO] ThirdParty:1030 - CMSIS Pack Vendor :STMicroelectronics X-CUBE-DISPLAY 3.0.0
2023-12-31 14:41:52,421 [INFO] ThirdParty:1030 - CMSIS Pack Vendor :STMicroelectronics FP-SNS-MOTENVWB1 1.3.1
2023-12-31 14:41:52,421 [INFO] ThirdParty:1030 - CMSIS Pack Vendor :STMicroelectronics X-CUBE-BLE1 7.0.0
2023-12-31 14:41:52,421 [INFO] ThirdParty:1030 - CMSIS Pack Vendor :STMicroelectronics FP-ATR-SIGFOX1 3.2.0
2023-12-31 14:41:52,421 [INFO] ThirdParty:1030 - CMSIS Pack Vendor :STMicroelectronics X-CUBE-ISPU 2.0.0
2023-12-31 14:41:52,421 [INFO] ThirdParty:1030 - CMSIS Pack Vendor :STMicroelectronics HAL Drivers 0.0.0
2023-12-31 14:41:52,421 [INFO] ThirdParty:1030 - CMSIS Pack Vendor :STMicroelectronics MBEDTLS 2.16.2
2023-12-31 14:41:52,421 [INFO] ThirdParty:1030 - CMSIS Pack Vendor :emotas I-CUBE-CANOPEN 1.3.0
2023-12-31 14:41:52,421 [INFO] ThirdParty:1030 - CMSIS Pack Vendor :STMicroelectronics X-CUBE-MEMS1 10.0.0
2023-12-31 14:41:52,421 [INFO] ThirdParty:1030 - CMSIS Pack Vendor :STMicroelectronics X-CUBE-FREERTOS 1.1.0
2023-12-31 14:41:52,421 [INFO] ThirdParty:1030 - CMSIS Pack Vendor :STMicroelectronics X-CUBE-TOUCHGFX 4.22.0
2023-12-31 14:41:52,421 [INFO] ThirdParty:1030 - CMSIS Pack Vendor :STMicroelectronics X-CUBE-NFC7 1.0.1
2023-12-31 14:41:52,421 [INFO] ThirdParty:1030 - CMSIS Pack Vendor :STMicroelectronics MBEDTLS 2.14.1
2023-12-31 14:41:52,421 [INFO] ThirdParty:1030 - CMSIS Pack Vendor :STMicroelectronics X-CUBE-TOUCHGFX 4.22.1
2023-12-31 14:41:52,422 [INFO] ThirdParty:1030 - CMSIS Pack Vendor :STMicroelectronics X-CUBE-NFC6 3.0.0
2023-12-31 14:41:52,422 [INFO] ThirdParty:1030 - CMSIS Pack Vendor :STMicroelectronics X-CUBE-EEPRMA1 4.1.0
2023-12-31 14:41:52,422 [INFO] ThirdParty:1030 - CMSIS Pack Vendor :portGmbH I-Cube-SoM-uGOAL 1.1.0
2023-12-31 14:41:52,422 [INFO] ThirdParty:1030 - CMSIS Pack Vendor :STMicroelectronics X-CUBE-ALS 1.0.1
2023-12-31 14:41:52,422 [INFO] ThirdParty:1030 - CMSIS Pack Vendor :STMicroelectronics ThreadX 1.0.0
2023-12-31 14:41:52,422 [INFO] ThirdParty:1030 - CMSIS Pack Vendor :STMicroelectronics FP-SNS-SMARTAG2 1.2.0
2023-12-31 14:41:52,422 [INFO] ThirdParty:1030 - CMSIS Pack Vendor :STMicroelectronics X-CUBE-AZRTOS-WB 1.1.0
2023-12-31 14:41:52,422 [INFO] ThirdParty:1030 - CMSIS Pack Vendor :STMicroelectronics X-CUBE-AZRTOS-WL 2.0.0
2023-12-31 14:41:52,422 [INFO] ThirdParty:1030 - CMSIS Pack Vendor :SEGGER I-CUBE-embOS 1.3.1
2023-12-31 14:41:52,422 [INFO] ThirdParty:1030 - CMSIS Pack Vendor :STMicroelectronics USB_DEVICE 1.0.0
2023-12-31 14:41:52,422 [INFO] ThirdParty:1030 - CMSIS Pack Vendor :STMicroelectronics X-CUBE-AI 8.1.0
2023-12-31 14:41:52,422 [INFO] ThirdParty:1030 - CMSIS Pack Vendor :STMicroelectronics X-CUBE-AZRTOS-L4 2.0.0
2023-12-31 14:41:52,422 [INFO] ThirdParty:1030 - CMSIS Pack Vendor :STMicroelectronics ThreadX 0.0.2
2023-12-31 14:41:52,422 [INFO] ThirdParty:1030 - CMSIS Pack Vendor :WES I-CUBE-Cesium 1.3.0
2023-12-31 14:41:52,422 [INFO] ThirdParty:1030 - CMSIS Pack Vendor :STMicroelectronics FP-ATR-ASTRA1 2.0.0
2023-12-31 14:41:52,422 [INFO] ThirdParty:1030 - CMSIS Pack Vendor :STMicroelectronics lwIP 2.1.2
2023-12-31 14:41:52,422 [INFO] ThirdParty:1030 - CMSIS Pack Vendor :STMicroelectronics X-CUBE-SFXS2LP1 4.0.0
2023-12-31 14:41:52,422 [INFO] ThirdParty:1030 - CMSIS Pack Vendor :STMicroelectronics X-CUBE-BLE2 3.3.0
2023-12-31 14:41:52,422 [INFO] ThirdParty:1030 - CMSIS Pack Vendor :STMicroelectronics X-CUBE-TOF1 3.4.0
2023-12-31 14:41:52,422 [INFO] ThirdParty:1030 - CMSIS Pack Vendor :STMicroelectronics X-CUBE-AZRTOS-H7 3.2.0
2023-12-31 14:41:52,422 [INFO] ThirdParty:1030 - CMSIS Pack Vendor :STMicroelectronics PDM2PCM 3.2.0
2023-12-31 14:41:52,422 [INFO] ThirdParty:841 - exiting critical section [change project]
2023-12-31 14:41:52,771 [INFO] PinOutPanel:1499 - setPackage(No Configuration,No Configuration)
2023-12-31 14:41:52,772 [INFO] PinOutPanel:1499 - setPackage(STM32F446RETx,LQFP64)
2023-12-31 14:41:53,326 [INFO] UtilMem:75 - Before build in PCC Used Memory: 222644224 Bytes (602931200)
2023-12-31 14:41:53,978 [INFO] UtilMem:75 - After build in PCC Used Memory: 302610064 Bytes (602931200)
2023-12-31 14:41:54,002 [INFO] IPUIPlugin:80 - create IPUIPlugin
2023-12-31 14:41:54,002 [INFO] IPUIPlugin:80 - create IPUIPlugin
2023-12-31 14:41:54,002 [INFO] IPUIPlugin:80 - create IPUIPlugin
2023-12-31 14:41:54,003 [INFO] IPUIPlugin:80 - create IPUIPlugin
2023-12-31 14:41:54,003 [INFO] IPUIPlugin:80 - create IPUIPlugin
2023-12-31 14:41:54,003 [INFO] IPUIPlugin:80 - create IPUIPlugin
2023-12-31 14:41:54,004 [INFO] IPUIPlugin:80 - create IPUIPlugin
2023-12-31 14:41:54,004 [INFO] IPUIPlugin:80 - create IPUIPlugin
2023-12-31 14:41:54,004 [INFO] IPUIPlugin:80 - create IPUIPlugin
2023-12-31 14:41:54,004 [INFO] IPUIPlugin:80 - create IPUIPlugin
2023-12-31 14:41:54,004 [INFO] IPUIPlugin:80 - create IPUIPlugin
2023-12-31 14:41:54,004 [INFO] IPUIPlugin:80 - create IPUIPlugin
2023-12-31 14:41:54,004 [INFO] IPUIPlugin:80 - create IPUIPlugin
2023-12-31 14:41:54,005 [INFO] IPUIPlugin:80 - create IPUIPlugin
2023-12-31 14:41:54,005 [INFO] IPUIPlugin:80 - create IPUIPlugin
2023-12-31 14:41:54,005 [INFO] IPUIPlugin:80 - create IPUIPlugin
2023-12-31 14:41:54,005 [INFO] IPUIPlugin:80 - create IPUIPlugin
2023-12-31 14:41:54,005 [INFO] IPUIPlugin:80 - create IPUIPlugin
2023-12-31 14:41:54,005 [INFO] IPUIPlugin:80 - create IPUIPlugin
2023-12-31 14:41:54,005 [INFO] IPUIPlugin:80 - create IPUIPlugin
2023-12-31 14:41:54,005 [INFO] IPUIPlugin:80 - create IPUIPlugin
2023-12-31 14:41:54,006 [INFO] IPUIPlugin:80 - create IPUIPlugin
2023-12-31 14:41:54,006 [INFO] IPUIPlugin:80 - create IPUIPlugin
2023-12-31 14:41:54,006 [INFO] IPUIPlugin:80 - create IPUIPlugin
2023-12-31 14:41:54,006 [INFO] IPUIPlugin:80 - create IPUIPlugin
2023-12-31 14:41:54,006 [INFO] IPUIPlugin:80 - create IPUIPlugin
2023-12-31 14:41:54,006 [INFO] IPUIPlugin:80 - create IPUIPlugin
2023-12-31 14:41:54,006 [INFO] IPUIPlugin:80 - create IPUIPlugin
2023-12-31 14:41:54,007 [INFO] IPUIPlugin:80 - create IPUIPlugin
2023-12-31 14:41:54,007 [INFO] IPUIPlugin:80 - create IPUIPlugin
2023-12-31 14:41:54,007 [INFO] IPUIPlugin:80 - create IPUIPlugin
2023-12-31 14:41:54,007 [INFO] IPUIPlugin:80 - create IPUIPlugin
2023-12-31 14:41:54,007 [INFO] IPUIPlugin:80 - create IPUIPlugin
2023-12-31 14:41:54,007 [INFO] IPUIPlugin:80 - create IPUIPlugin
2023-12-31 14:41:54,008 [INFO] IPUIPlugin:80 - create IPUIPlugin
2023-12-31 14:41:54,008 [INFO] IPUIPlugin:80 - create IPUIPlugin
2023-12-31 14:41:54,008 [INFO] IPUIPlugin:80 - create IPUIPlugin
2023-12-31 14:41:54,008 [INFO] IPUIPlugin:80 - create IPUIPlugin
2023-12-31 14:41:54,008 [INFO] IPUIPlugin:80 - create IPUIPlugin
2023-12-31 14:41:54,008 [INFO] IPUIPlugin:80 - create IPUIPlugin
2023-12-31 14:41:54,009 [INFO] IPUIPlugin:80 - create IPUIPlugin
2023-12-31 14:41:54,009 [INFO] IPUIPlugin:80 - create IPUIPlugin
2023-12-31 14:41:54,009 [INFO] IPUIPlugin:80 - create IPUIPlugin
2023-12-31 14:41:54,009 [INFO] IPUIPlugin:80 - create IPUIPlugin
2023-12-31 14:41:54,009 [INFO] IPUIPlugin:80 - create IPUIPlugin
2023-12-31 14:41:54,010 [INFO] IPUIPlugin:80 - create IPUIPlugin
2023-12-31 14:41:54,010 [INFO] IPUIPlugin:80 - create IPUIPlugin
2023-12-31 14:41:54,010 [INFO] IPUIPlugin:80 - create IPUIPlugin
2023-12-31 14:41:54,010 [INFO] IPUIPlugin:80 - create IPUIPlugin
2023-12-31 14:41:54,010 [INFO] IPUIPlugin:80 - create IPUIPlugin
2023-12-31 14:41:54,011 [INFO] IPUIPlugin:80 - create IPUIPlugin
2023-12-31 14:41:54,011 [INFO] IPUIPlugin:80 - create IPUIPlugin
2023-12-31 14:41:54,011 [INFO] IPUIPlugin:80 - create IPUIPlugin
2023-12-31 14:41:54,012 [INFO] IPUIPlugin:80 - create IPUIPlugin
2023-12-31 14:41:54,012 [INFO] IPUIPlugin:80 - create IPUIPlugin
2023-12-31 14:41:54,012 [INFO] IPUIPlugin:80 - create IPUIPlugin
2023-12-31 14:41:54,013 [INFO] IPUIPlugin:80 - create IPUIPlugin
2023-12-31 14:41:54,013 [INFO] IPUIPlugin:80 - create IPUIPlugin
2023-12-31 14:41:54,014 [INFO] IPUIPlugin:80 - create IPUIPlugin
2023-12-31 14:41:54,014 [INFO] IPUIPlugin:80 - create IPUIPlugin
2023-12-31 14:41:54,082 [INFO] ApiDbMcu:508 - Load IP Config File for PDM2PCM
2023-12-31 14:41:54,094 [WARN] IP:2119 - I2C_Coeff_DF not found: check if there is a RefParameter without a condition.
2023-12-31 14:41:54,094 [WARN] IP:2119 - Analog_Filter not found: check if there is a RefParameter without a condition.
2023-12-31 14:41:54,095 [WARN] IP:2119 - I2C_Coeff_DF not found: check if there is a RefParameter without a condition.
2023-12-31 14:41:54,095 [WARN] IP:2119 - Analog_Filter not found: check if there is a RefParameter without a condition.
2023-12-31 14:41:54,299 [INFO] CADModel:165 - CPN selected for project levelSTM32F446RET6
2023-12-31 14:41:54,300 [INFO] CADModel:114 - Register for checkConnection events
2023-12-31 14:41:54,359 [INFO] OpenFileManager:343 - Restore cursor
2023-12-31 14:41:54,630 [WARN] IP:2119 - I2C_Coeff_DF not found: check if there is a RefParameter without a condition.
2023-12-31 14:41:54,630 [WARN] IP:2119 - Analog_Filter not found: check if there is a RefParameter without a condition.
2023-12-31 14:41:54,631 [WARN] IP:2119 - I2C_Coeff_DF not found: check if there is a RefParameter without a condition.
2023-12-31 14:41:54,631 [WARN] IP:2119 - Analog_Filter not found: check if there is a RefParameter without a condition.
2023-12-31 14:41:54,634 [WARN] IP:2119 - I2C_Coeff_DF not found: check if there is a RefParameter without a condition.
2023-12-31 14:41:54,635 [WARN] IP:2119 - Analog_Filter not found: check if there is a RefParameter without a condition.
2023-12-31 14:41:54,637 [WARN] IP:2119 - I2C_Coeff_DF not found: check if there is a RefParameter without a condition.
2023-12-31 14:41:54,637 [WARN] IP:2119 - Analog_Filter not found: check if there is a RefParameter without a condition.
2023-12-31 14:42:06,205 [ERROR] LogOutputStream:75 - [STDERR_REDIRECT] SLF4J: Failed to load class "org.slf4j.impl.StaticLoggerBinder".
2023-12-31 14:42:06,206 [ERROR] LogOutputStream:75 - [STDERR_REDIRECT] SLF4J: Defaulting to no-operation (NOP) logger implementation
2023-12-31 14:42:06,207 [ERROR] LogOutputStream:75 - [STDERR_REDIRECT] SLF4J: See http://www.slf4j.org/codes.html#StaticLoggerBinder for further details.
2023-12-31 15:02:50,196 [ERROR] LogOutputStream:75 - [STDERR_REDIRECT] 
