2023-12-28 12:32:21,784 [ERROR] LogOutputStream:75 - [STDERR_REDIRECT] Exception in thread "SWV client thread" java.lang.NullPointerException: Cannot invoke "com.st.stm32cube.ide.mcu.debug.swv.core.SWVPlugin.isDebugging()" because "com.st.stm32cube.ide.mcu.debug.swv.core.SWVPlugin.plugin" is null
2023-12-28 12:32:21,800 [ERROR] LogOutputStream:75 - [STDERR_REDIRECT] 	at com.st.stm32cube.ide.mcu.debug.swv.core.SWVPlugin.debugTrace(SWVPlugin.java:85)
2023-12-28 12:32:21,802 [ERROR] LogOutputStream:75 - [STDERR_REDIRECT] 	at com.st.stm32cube.ide.mcu.debug.swv.core.SWVClient.TRACE(SWVClient.java:768)
2023-12-28 12:32:21,803 [ERROR] LogOutputStream:75 - [STDERR_REDIRECT] 	at com.st.stm32cube.ide.mcu.debug.swv.core.SWVClient.createProtocolPacket(SWVClient.java:472)
2023-12-28 12:32:21,804 [ERROR] LogOutputStream:75 - [STDERR_REDIRECT] 	at com.st.stm32cube.ide.mcu.debug.swv.core.SWVClient.run(SWVClient.java:370)
2023-12-28 12:32:27,278 [ERROR] LogOutputStream:75 - [STDERR_REDIRECT] 
2023-12-28 12:36:35,565 [INFO] Activator:176 - 


2023-12-28 12:36:35,567 [INFO] Activator:177 - !SESSION log4j initialized
2023-12-28 12:36:42,727 [INFO] LogOutputStream:77 - [STDOUT_REDIRECT] 
2023-12-28 12:36:44,930 [INFO] ApplicationProperties:184 - Using Application install path: C:\ST\STM32CubeIDE_1.13.1\STM32CubeIDE\plugins\com.st.stm32cube.common.mx_6.10.0.202311202037
2023-12-28 12:36:44,955 [INFO] DbMcusXml:78 - Set database path to: C:\ST\STM32CubeIDE_1.13.1\STM32CubeIDE\plugins\com.st.stm32cube.common.mx_6.10.0.202311202037\\db\/mcu/
2023-12-28 12:36:44,956 [INFO] ApiDb:274 - Set plugin database path to: C:\ST\STM32CubeIDE_1.13.1\STM32CubeIDE\plugins\com.st.stm32cube.common.mx_6.10.0.202311202037\\db\/plugins/boardmanager/
2023-12-28 12:36:44,956 [WARN] ApiDb:259 - Overriding images path with different value:  => C:\ST\STM32CubeIDE_1.13.1\STM32CubeIDE\plugins\com.st.stm32cube.common.mx_6.10.0.202311202037\\db\/plugins/mcufinder/images/
2023-12-28 12:36:44,972 [INFO] ApiDb:250 - Set database path to: C:\Users\bozo2\.stmcufinder\plugins\mcufinder//mcu/
2023-12-28 12:36:44,973 [INFO] DbMcusAds:125 - Set database path to: C:\Users\bozo2\.stmcufinder\plugins\mcufinder//mcu/
2023-12-28 12:36:44,977 [INFO] CrossReferenceDbSqlite:203 - Set database path to: C:\Users\bozo2\.stmcufinder\plugins\mcufinder//mcu/cs/
2023-12-28 12:36:45,125 [INFO] RulesReader:64 - Compatibility file has been processed (297 Rules)
2023-12-28 12:36:45,232 [INFO] DbMcusXml:78 - Set database path to: C:\ST\STM32CubeIDE_1.13.1\STM32CubeIDE\plugins\com.st.stm32cube.common.mx_6.10.0.202311202037\\db\/mcu/
2023-12-28 12:36:45,232 [INFO] ApiDb:274 - Set plugin database path to: C:\ST\STM32CubeIDE_1.13.1\STM32CubeIDE\plugins\com.st.stm32cube.common.mx_6.10.0.202311202037\\db\/plugins/boardmanager/
2023-12-28 12:36:45,232 [INFO] ApiDb:261 - Set plugin images path to: C:\ST\STM32CubeIDE_1.13.1\STM32CubeIDE\plugins\com.st.stm32cube.common.mx_6.10.0.202311202037\\db\/plugins/mcufinder/images/
2023-12-28 12:36:45,232 [WARN] DbFile:41 - Overriding database path with different value: C:\Users\bozo2\.stmcufinder\plugins\mcufinder/ => C:\Users\bozo2\.stmcufinder\plugins\mcufinder
2023-12-28 12:36:45,232 [INFO] ApiDb:250 - Set database path to: C:\Users\bozo2\.stmcufinder\plugins\mcufinder//mcu/
2023-12-28 12:36:45,232 [WARN] DbFile:41 - Overriding database path with different value: C:\Users\bozo2\.stmcufinder\plugins\mcufinder/ => C:\Users\bozo2\.stmcufinder\plugins\mcufinder
2023-12-28 12:36:45,233 [INFO] DbMcusAds:125 - Set database path to: C:\Users\bozo2\.stmcufinder\plugins\mcufinder//mcu/
2023-12-28 12:36:45,233 [WARN] DbFile:41 - Overriding database path with different value: C:\Users\bozo2\.stmcufinder\plugins\mcufinder/ => C:\Users\bozo2\.stmcufinder\plugins\mcufinder
2023-12-28 12:36:45,233 [WARN] DbFile:41 - Overriding database path with different value: C:\Users\bozo2\.stmcufinder\plugins\mcufinder/ => C:\Users\bozo2\.stmcufinder\plugins\mcufinder
2023-12-28 12:36:45,233 [INFO] CrossReferenceDbSqlite:203 - Set database path to: C:\Users\bozo2\.stmcufinder\plugins\mcufinder//mcu/cs/
2023-12-28 12:36:45,430 [INFO] MainPanel:264 - HeapMemory: 471859200
2023-12-28 12:36:45,543 [INFO] DbMcusXml:78 - Set database path to: C:\ST\STM32CubeIDE_1.13.1\STM32CubeIDE\plugins\com.st.stm32cube.common.mx_6.10.0.202311202037\\db\/mcu/
2023-12-28 12:36:45,543 [INFO] ApiDb:274 - Set plugin database path to: C:\ST\STM32CubeIDE_1.13.1\STM32CubeIDE\plugins\com.st.stm32cube.common.mx_6.10.0.202311202037\\db\/plugins/boardmanager/
2023-12-28 12:36:45,543 [INFO] ApiDb:261 - Set plugin images path to: C:\ST\STM32CubeIDE_1.13.1\STM32CubeIDE\plugins\com.st.stm32cube.common.mx_6.10.0.202311202037\\db\/plugins/mcufinder/images/
2023-12-28 12:36:45,544 [WARN] DbFile:41 - Overriding database path with different value: C:\Users\bozo2\.stmcufinder\plugins\mcufinder/ => C:\Users\bozo2\.stmcufinder\plugins\mcufinder
2023-12-28 12:36:45,544 [INFO] ApiDb:250 - Set database path to: C:\Users\bozo2\.stmcufinder\plugins\mcufinder//mcu/
2023-12-28 12:36:45,544 [WARN] DbFile:41 - Overriding database path with different value: C:\Users\bozo2\.stmcufinder\plugins\mcufinder/ => C:\Users\bozo2\.stmcufinder\plugins\mcufinder
2023-12-28 12:36:45,544 [INFO] DbMcusAds:125 - Set database path to: C:\Users\bozo2\.stmcufinder\plugins\mcufinder//mcu/
2023-12-28 12:36:45,544 [WARN] DbFile:41 - Overriding database path with different value: C:\Users\bozo2\.stmcufinder\plugins\mcufinder/ => C:\Users\bozo2\.stmcufinder\plugins\mcufinder
2023-12-28 12:36:45,544 [WARN] DbFile:41 - Overriding database path with different value: C:\Users\bozo2\.stmcufinder\plugins\mcufinder/ => C:\Users\bozo2\.stmcufinder\plugins\mcufinder
2023-12-28 12:36:45,544 [INFO] CrossReferenceDbSqlite:203 - Set database path to: C:\Users\bozo2\.stmcufinder\plugins\mcufinder//mcu/cs/
2023-12-28 12:36:45,568 [INFO] ApplicationProperties:184 - Using Application install path: C:\ST\STM32CubeIDE_1.13.1\STM32CubeIDE\plugins\com.st.stm32cube.common.mx_6.10.0.202311202037
2023-12-28 12:36:45,569 [INFO] PluginManage:196 - Search for loadable plugins [exclusion list=, ]
2023-12-28 12:36:45,571 [INFO] PluginManage:310 - Check plugin analytics
2023-12-28 12:36:45,766 [INFO] AnalyticsPlugin:253 - Accepted Software Licenses: STM32CubeMX.6.8.1
2023-12-28 12:36:45,766 [INFO] AnalyticsPlugin:255 - Accepted CMSIS Pack Licenses: 
2023-12-28 12:36:45,767 [INFO] AnalyticsPlugin:257 - Accepted Firmware Licenses: FW.H7.1.11.0,FW.F4.1.27.0
2023-12-28 12:36:45,770 [INFO] PluginManage:359 - Loaded plugin analytics (category:tool,tabindex:-1)
2023-12-28 12:36:45,770 [INFO] PluginManage:310 - Check plugin cadmodel
2023-12-28 12:36:45,786 [INFO] CADModel:105 - Init CAD model plugin
2023-12-28 12:36:45,786 [INFO] PluginManage:359 - Loaded plugin cadmodel (category:power,tabindex:5)
2023-12-28 12:36:45,786 [INFO] PluginManage:310 - Check plugin clock
2023-12-28 12:36:45,808 [INFO] PluginManage:359 - Loaded plugin clock (category:base,tabindex:2)
2023-12-28 12:36:45,808 [INFO] PluginManage:310 - Check plugin ddr
2023-12-28 12:36:45,811 [INFO] PluginManage:359 - Loaded plugin ddr (category:tool,tabindex:6)
2023-12-28 12:36:45,811 [INFO] PluginManage:310 - Check plugin filemanager
2023-12-28 12:36:45,984 [INFO] PluginManage:359 - Loaded plugin filemanager (category:base,tabindex:10)
2023-12-28 12:36:45,985 [INFO] PluginManage:310 - Check plugin ipmanager
2023-12-28 12:36:45,998 [INFO] PluginManage:359 - Loaded plugin ipmanager (category:base,tabindex:5)
2023-12-28 12:36:45,998 [INFO] PluginManage:310 - Check plugin lpbam
2023-12-28 12:36:46,024 [INFO] PluginManage:359 - Loaded plugin lpbam (category:base,tabindex:0)
2023-12-28 12:36:46,025 [INFO] PluginManage:310 - Check plugin memorymap
2023-12-28 12:36:46,069 [INFO] PluginManage:359 - Loaded plugin memorymap (category:base,tabindex:4)
2023-12-28 12:36:46,069 [INFO] PluginManage:310 - Check plugin pinoutandconfiguration
2023-12-28 12:36:46,102 [INFO] PluginManage:359 - Loaded plugin pinoutandconfiguration (category:base,tabindex:1)
2023-12-28 12:36:46,102 [INFO] PluginManage:310 - Check plugin pinoutconfig
2023-12-28 12:36:46,228 [WARN] SupportedApi:132 - Cannot load RTOS API schema: s4s-elt-must-match.1: The content of 'definitions' must match (annotation?, (simpleType | complexType)?, (unique | key | keyref)*)). A problem was found starting at: attribute.
2023-12-28 12:36:46,413 [INFO] PluginManage:359 - Loaded plugin pinoutconfig (category:base,tabindex:0)
2023-12-28 12:36:46,413 [INFO] PluginManage:310 - Check plugin power
2023-12-28 12:36:46,443 [INFO] PluginManage:359 - Loaded plugin power (category:power,tabindex:4)
2023-12-28 12:36:46,444 [INFO] PluginManage:310 - Check plugin projectmanager
2023-12-28 12:36:46,467 [INFO] PluginManage:359 - Loaded plugin projectmanager (category:projectmanager,tabindex:3)
2023-12-28 12:36:46,467 [INFO] PluginManage:310 - Check plugin thirdparty
2023-12-28 12:36:46,831 [INFO] PluginManage:359 - Loaded plugin thirdparty (category:base,tabindex:-1)
2023-12-28 12:36:46,831 [WARN] IntegrityCheckThread:84 - waiting for thirdparty lock release [integrity check]
2023-12-28 12:36:46,831 [INFO] PluginManage:310 - Check plugin tools
2023-12-28 12:36:46,831 [INFO] IntegrityCheckThread:86 - entering critical section [integrity check]
2023-12-28 12:36:46,832 [INFO] ThirdPartyUpdaterWithRetryManager:70 - Updater plugin not ready yet. [1/15]
2023-12-28 12:36:46,872 [INFO] PluginManage:359 - Loaded plugin tools (category:base,tabindex:7)
2023-12-28 12:36:46,872 [INFO] PluginManage:310 - Check plugin tutovideos
2023-12-28 12:36:47,140 [INFO] PluginManage:359 - Loaded plugin tutovideos (category:base,tabindex:-1)
2023-12-28 12:36:47,140 [INFO] PluginManage:310 - Check plugin updater
2023-12-28 12:36:47,157 [INFO] PluginManage:359 - Loaded plugin updater (category:base,tabindex:12)
2023-12-28 12:36:47,159 [INFO] PluginManage:310 - Check plugin userauth
2023-12-28 12:36:47,166 [INFO] UserAuth:114 - Init User Auth plugin
2023-12-28 12:36:47,166 [INFO] PluginManage:359 - Loaded plugin userauth (category:base,tabindex:14)
2023-12-28 12:36:47,167 [INFO] PluginManage:283 - PluginManage : Loaded plugins [17]
2023-12-28 12:36:47,646 [INFO] PinOutPanel:1499 - setPackage(No Configuration,No Configuration)
2023-12-28 12:36:47,746 [INFO] CADModel:165 - CPN selected for project level
2023-12-28 12:36:47,746 [INFO] CADModel:114 - Register for checkConnection events
2023-12-28 12:36:47,773 [INFO] IPUIPlugin:80 - create IPUIPlugin
2023-12-28 12:36:47,773 [INFO] PluginManager:220 - loadIPPluginJar : add adc
2023-12-28 12:36:47,812 [INFO] IPUIPlugin:80 - create IPUIPlugin
2023-12-28 12:36:47,812 [INFO] PluginManager:220 - loadIPPluginJar : add aes
2023-12-28 12:36:47,854 [INFO] IPUIPlugin:80 - create IPUIPlugin
2023-12-28 12:36:47,855 [INFO] PluginManager:220 - loadIPPluginJar : add can
2023-12-28 12:36:47,874 [INFO] IPUIPlugin:80 - create IPUIPlugin
2023-12-28 12:36:47,875 [INFO] PluginManager:220 - loadIPPluginJar : add comp
2023-12-28 12:36:47,911 [INFO] IPUIPlugin:80 - create IPUIPlugin
2023-12-28 12:36:47,911 [INFO] PluginManager:220 - loadIPPluginJar : add cryp
2023-12-28 12:36:47,943 [INFO] IPUIPlugin:80 - create IPUIPlugin
2023-12-28 12:36:47,943 [INFO] PluginManager:220 - loadIPPluginJar : add dfsdm
2023-12-28 12:36:47,956 [INFO] IPUIPlugin:80 - create IPUIPlugin
2023-12-28 12:36:47,957 [INFO] PluginManager:220 - loadIPPluginJar : add dma
2023-12-28 12:36:48,002 [INFO] IPUIPlugin:80 - create IPUIPlugin
2023-12-28 12:36:48,002 [INFO] PluginManager:220 - loadIPPluginJar : add dma3
2023-12-28 12:36:48,023 [INFO] IPUIPlugin:80 - create IPUIPlugin
2023-12-28 12:36:48,023 [INFO] PluginManager:220 - loadIPPluginJar : add fatfs
2023-12-28 12:36:48,067 [INFO] IPUIPlugin:80 - create IPUIPlugin
2023-12-28 12:36:48,067 [INFO] PluginManager:220 - loadIPPluginJar : add fmc
2023-12-28 12:36:48,080 [INFO] IPUIPlugin:80 - create IPUIPlugin
2023-12-28 12:36:48,080 [INFO] PluginManager:220 - loadIPPluginJar : add freertos
2023-12-28 12:36:48,098 [INFO] IPUIPlugin:80 - create IPUIPlugin
2023-12-28 12:36:48,098 [INFO] PluginManager:220 - loadIPPluginJar : add genericplugin
2023-12-28 12:36:48,178 [INFO] IPUIPlugin:80 - create IPUIPlugin
2023-12-28 12:36:48,178 [INFO] PluginManager:220 - loadIPPluginJar : add gfxmmu
2023-12-28 12:36:48,288 [INFO] IPUIPlugin:80 - create IPUIPlugin
2023-12-28 12:36:48,288 [INFO] PluginManager:220 - loadIPPluginJar : add gic
2023-12-28 12:36:48,297 [INFO] IPUIPlugin:80 - create IPUIPlugin
2023-12-28 12:36:48,298 [INFO] PluginManager:220 - loadIPPluginJar : add gpio
2023-12-28 12:36:48,372 [INFO] IPUIPlugin:80 - create IPUIPlugin
2023-12-28 12:36:48,372 [INFO] PluginManager:220 - loadIPPluginJar : add gtzc
2023-12-28 12:36:48,397 [INFO] IPUIPlugin:80 - create IPUIPlugin
2023-12-28 12:36:48,397 [INFO] PluginManager:220 - loadIPPluginJar : add hash
2023-12-28 12:36:48,451 [INFO] IPUIPlugin:80 - create IPUIPlugin
2023-12-28 12:36:48,451 [INFO] PluginManager:220 - loadIPPluginJar : add i2c
2023-12-28 12:36:48,500 [INFO] IPUIPlugin:80 - create IPUIPlugin
2023-12-28 12:36:48,500 [INFO] PluginManager:220 - loadIPPluginJar : add i2s
2023-12-28 12:36:48,542 [INFO] IPUIPlugin:80 - create IPUIPlugin
2023-12-28 12:36:48,542 [INFO] PluginManager:220 - loadIPPluginJar : add i3c
2023-12-28 12:36:48,641 [INFO] IPUIPlugin:80 - create IPUIPlugin
2023-12-28 12:36:48,641 [INFO] PluginManager:220 - loadIPPluginJar : add ipddr
2023-12-28 12:36:48,720 [INFO] IPUIPlugin:80 - create IPUIPlugin
2023-12-28 12:36:48,720 [INFO] PluginManager:220 - loadIPPluginJar : add linkedlist
2023-12-28 12:36:48,747 [INFO] IPUIPlugin:80 - create IPUIPlugin
2023-12-28 12:36:48,748 [INFO] PluginManager:220 - loadIPPluginJar : add lorawan
2023-12-28 12:36:48,775 [INFO] IPUIPlugin:80 - create IPUIPlugin
2023-12-28 12:36:48,776 [INFO] PluginManager:220 - loadIPPluginJar : add ltdc
2023-12-28 12:36:48,788 [INFO] IPUIPlugin:80 - create IPUIPlugin
2023-12-28 12:36:48,788 [INFO] PluginManager:220 - loadIPPluginJar : add mdma
2023-12-28 12:36:48,798 [INFO] IPUIPlugin:80 - create IPUIPlugin
2023-12-28 12:36:48,798 [INFO] PluginManager:220 - loadIPPluginJar : add nvic
2023-12-28 12:36:48,828 [INFO] IPUIPlugin:80 - create IPUIPlugin
2023-12-28 12:36:48,828 [INFO] PluginManager:220 - loadIPPluginJar : add opamp
2023-12-28 12:36:48,879 [INFO] IPUIPlugin:80 - create IPUIPlugin
2023-12-28 12:36:48,879 [INFO] PluginManager:220 - loadIPPluginJar : add openamp
2023-12-28 12:36:48,914 [INFO] IPUIPlugin:80 - create IPUIPlugin
2023-12-28 12:36:48,914 [INFO] PluginManager:220 - loadIPPluginJar : add pdm2pcm
2023-12-28 12:36:48,927 [INFO] IPUIPlugin:80 - create IPUIPlugin
2023-12-28 12:36:48,929 [INFO] PluginManager:220 - loadIPPluginJar : add plateformsettings
2023-12-28 12:36:48,947 [INFO] IPUIPlugin:80 - create IPUIPlugin
2023-12-28 12:36:48,947 [INFO] PluginManager:220 - loadIPPluginJar : add quadspi
2023-12-28 12:36:48,956 [INFO] IPUIPlugin:80 - create IPUIPlugin
2023-12-28 12:36:48,957 [INFO] PluginManager:220 - loadIPPluginJar : add resmgrutility
2023-12-28 12:36:48,996 [INFO] IPUIPlugin:80 - create IPUIPlugin
2023-12-28 12:36:48,996 [INFO] PluginManager:220 - loadIPPluginJar : add sai
2023-12-28 12:36:49,023 [INFO] IPUIPlugin:80 - create IPUIPlugin
2023-12-28 12:36:49,023 [INFO] PluginManager:220 - loadIPPluginJar : add spi
2023-12-28 12:36:49,082 [INFO] IPUIPlugin:80 - create IPUIPlugin
2023-12-28 12:36:49,082 [INFO] PluginManager:220 - loadIPPluginJar : add stm32_wpan
2023-12-28 12:36:49,101 [INFO] IPUIPlugin:80 - create IPUIPlugin
2023-12-28 12:36:49,101 [INFO] PluginManager:220 - loadIPPluginJar : add tim
2023-12-28 12:36:49,147 [INFO] IPUIPlugin:80 - create IPUIPlugin
2023-12-28 12:36:49,147 [INFO] PluginManager:220 - loadIPPluginJar : add touchsensing
2023-12-28 12:36:49,164 [INFO] IPUIPlugin:80 - create IPUIPlugin
2023-12-28 12:36:49,164 [INFO] PluginManager:220 - loadIPPluginJar : add tracer_emb
2023-12-28 12:36:49,182 [INFO] IPUIPlugin:80 - create IPUIPlugin
2023-12-28 12:36:49,182 [INFO] PluginManager:220 - loadIPPluginJar : add ts
2023-12-28 12:36:49,200 [INFO] IPUIPlugin:80 - create IPUIPlugin
2023-12-28 12:36:49,200 [INFO] PluginManager:220 - loadIPPluginJar : add tsc
2023-12-28 12:36:49,217 [INFO] IPUIPlugin:80 - create IPUIPlugin
2023-12-28 12:36:49,217 [INFO] PluginManager:220 - loadIPPluginJar : add ucpd
2023-12-28 12:36:49,252 [INFO] IPUIPlugin:80 - create IPUIPlugin
2023-12-28 12:36:49,252 [INFO] PluginManager:220 - loadIPPluginJar : add usart
2023-12-28 12:36:49,287 [INFO] IPUIPlugin:80 - create IPUIPlugin
2023-12-28 12:36:49,288 [INFO] PluginManager:220 - loadIPPluginJar : add usbx
2023-12-28 12:36:49,417 [INFO] CADModel:165 - CPN selected for project level
2023-12-28 12:36:49,418 [INFO] CADModel:114 - Register for checkConnection events
2023-12-28 12:36:49,418 [FATAL] Updater:308 - Updater called before beeing initialized
2023-12-28 12:36:49,418 [ERROR] CADModel:125 - Updater not yet initialized, retry later 
2023-12-28 12:36:49,556 [INFO] CADModel:165 - CPN selected for project level
2023-12-28 12:36:49,556 [INFO] CADModel:114 - Register for checkConnection events
2023-12-28 12:36:49,556 [FATAL] Updater:308 - Updater called before beeing initialized
2023-12-28 12:36:49,556 [ERROR] CADModel:125 - Updater not yet initialized, retry later 
2023-12-28 12:36:49,558 [FATAL] Updater:308 - Updater called before beeing initialized
2023-12-28 12:36:49,667 [FATAL] Updater:308 - Updater called before beeing initialized
2023-12-28 12:36:49,675 [INFO] DbMcusAds:53 - JSON generation date=Wed Nov 29 05:52:27 EST 2023 (1701255147349)
2023-12-28 12:36:49,675 [FATAL] Updater:308 - Updater called before beeing initialized
2023-12-28 12:36:49,749 [WARN] DetailPanel:346 - Failed to get advertising image, set to default
2023-12-28 12:36:49,848 [INFO] ThirdPartyUpdaterWithRetryManager:70 - Updater plugin not ready yet. [2/15]
2023-12-28 12:36:49,851 [FATAL] Updater:308 - Updater called before beeing initialized
2023-12-28 12:36:49,852 [FATAL] Updater:308 - Updater called before beeing initialized
2023-12-28 12:36:49,853 [FATAL] Updater:308 - Updater called before beeing initialized
2023-12-28 12:36:49,853 [WARN] DetailPanel:346 - Failed to get advertising image, set to default
2023-12-28 12:36:49,854 [FATAL] Updater:308 - Updater called before beeing initialized
2023-12-28 12:36:49,908 [ERROR] Updater:1120 - MainUpdater not yet initialized. External WinMGr cannot be set.
2023-12-28 12:36:49,917 [INFO] Updater:1056 - Updater Version found : 6.10.0
2023-12-28 12:36:49,935 [INFO] ApplicationProperties:184 - Using Application install path: C:\ST\STM32CubeIDE_1.13.1\STM32CubeIDE\plugins\com.st.stm32cube.common.mx_6.10.0.202311202037
2023-12-28 12:36:50,349 [INFO] MainUpdater:2873 - connection check result : 10
2023-12-28 12:36:50,350 [INFO] MainUpdater:290 - Updater Check For Update Now.
2023-12-28 12:36:50,350 [INFO] MicroXplorer:498 - Change Database Version : DB.6.0.100
2023-12-28 12:36:50,367 [INFO] McuFinderGlobals:63 - Set McuFinder mode to 2 (CubeIDE integrated)
2023-12-28 12:36:50,381 [INFO] UserAuth:404 - Internet connection configuration mode: 1
2023-12-28 12:36:50,403 [INFO] JxBrowserEngine:152 - Initiate JxBrowser Engine with user profile folder
2023-12-28 12:36:50,537 [INFO] CheckServerUpdateThread:120 - End of CheckServer Thread
2023-12-28 12:36:52,722 [INFO] WebApp:161 - Instantiating new browser for Auth
2023-12-28 12:36:53,071 [WARN] PackLoader:240 - Cannot read IP mode file for STMicroelectronics.X-CUBE-SMBUS.2.1.0
2023-12-28 12:36:53,089 [WARN] PackLoader:240 - Cannot read IP mode file for STMicroelectronics.X-CUBE-TOUCHGFX.4.23.0
2023-12-28 12:36:53,129 [WARN] PackLoader:240 - Cannot read IP mode file for STMicroelectronics.X-CUBE-AZRTOS-F7.1.1.0
2023-12-28 12:36:53,145 [WARN] PackLoader:240 - Cannot read IP mode file for STMicroelectronics.FP-SNS-MOTENV1.4.3.2
2023-12-28 12:36:53,158 [WARN] PackLoader:240 - Cannot read IP mode file for STMicroelectronics.FP-SNS-FLIGHT1.5.0.1
2023-12-28 12:36:53,173 [WARN] PackLoader:240 - Cannot read IP mode file for STMicroelectronics.X-CUBE-BLE1.6.2.4
2023-12-28 12:36:53,185 [WARN] PackLoader:240 - Cannot read IP mode file for STMicroelectronics.FP-SNS-FLIGHT1.5.0.2
2023-12-28 12:36:53,199 [WARN] PackLoader:240 - Cannot read IP mode file for STMicroelectronics.X-CUBE-DISPLAY.3.0.0
2023-12-28 12:36:53,215 [WARN] PackLoader:240 - Cannot read IP mode file for STMicroelectronics.X-CUBE-BLE1.7.0.0
2023-12-28 12:36:53,239 [WARN] PackLoader:240 - Cannot read IP mode file for emotas.I-CUBE-CANOPEN.1.3.0
2023-12-28 12:36:53,252 [WARN] PackLoader:240 - Cannot read IP mode file for STMicroelectronics.X-CUBE-TOUCHGFX.4.22.0
2023-12-28 12:36:53,264 [WARN] PackLoader:240 - Cannot read IP mode file for STMicroelectronics.X-CUBE-TOUCHGFX.4.22.1
2023-12-28 12:36:53,277 [WARN] PackLoader:240 - Cannot read IP mode file for STMicroelectronics.FP-SNS-SMARTAG2.1.2.0
2023-12-28 12:36:53,305 [INFO] LogOutputStream:77 - [STDOUT_REDIRECT] 1 : Invalid condition id : UX_CORESTACK_Condition cause : null
2023-12-28 12:36:53,305 [INFO] LogOutputStream:77 - [STDOUT_REDIRECT] 1 : Invalid condition id : UX_CORESTACK_Condition cause : null
2023-12-28 12:36:53,306 [INFO] LogOutputStream:77 - [STDOUT_REDIRECT] 1 : Invalid condition id : UX_CORESTACK_Condition cause : null
2023-12-28 12:36:53,308 [INFO] LogOutputStream:77 - [STDOUT_REDIRECT] 1 : Invalid condition id : UX_CORESTACK_Condition cause : null
2023-12-28 12:36:53,309 [INFO] LogOutputStream:77 - [STDOUT_REDIRECT] 1 : Invalid condition id : UX_CORESTACK_Condition cause : null
2023-12-28 12:36:53,312 [WARN] PackLoader:240 - Cannot read IP mode file for STMicroelectronics.X-CUBE-AZRTOS-WL.2.0.0
2023-12-28 12:36:53,337 [WARN] PackLoader:240 - Cannot read IP mode file for WES.I-CUBE-Cesium.1.3.0
2023-12-28 12:36:53,350 [WARN] PackLoader:240 - Cannot read IP mode file for STMicroelectronics.X-CUBE-BLE2.3.3.0
2023-12-28 12:36:53,367 [WARN] PackLoader:240 - Cannot read IP mode file for STMicroelectronics.X-CUBE-ALGOBUILD.1.3.0
2023-12-28 12:36:53,398 [WARN] PackLoader:240 - Cannot read IP mode file for STMicroelectronics.X-CUBE-AZRTOS-G0.1.1.0
2023-12-28 12:36:53,412 [WARN] PackLoader:240 - Cannot read IP mode file for STMicroelectronics.X-CUBE-NFC4.3.0.0
2023-12-28 12:36:53,427 [WARN] PackLoader:240 - Cannot read IP mode file for STMicroelectronics.X-CUBE-BLEMGR.3.0.0
2023-12-28 12:36:53,440 [WARN] PackLoader:240 - Cannot read IP mode file for STMicroelectronics.FP-ATR-SIGFOX1.3.2.0
2023-12-28 12:36:53,471 [WARN] PackLoader:240 - Cannot read IP mode file for SEGGER.I-CUBE-embOS.1.3.1
2023-12-28 12:36:53,517 [WARN] PackLoader:240 - Cannot read IP mode file for STMicroelectronics.X-CUBE-GNSS1.6.0.0
2023-12-28 12:36:53,529 [INFO] WebApp:780 - Register for checkConnection events
2023-12-28 12:36:53,530 [INFO] WebApp:414 - Apply proxy settings
2023-12-28 12:36:53,530 [INFO] WebApp:499 - Chromium requires no authentication
2023-12-28 12:36:53,545 [WARN] PackLoader:240 - Cannot read IP mode file for STMicroelectronics.X-CUBE-AZRTOS-F4.1.1.0
2023-12-28 12:36:53,548 [INFO] WebApp:442 - Direct internet connection detected
2023-12-28 12:36:53,557 [WARN] PackLoader:240 - Cannot read IP mode file for wolfSSL.I-CUBE-wolfSSL.5.6.3
2023-12-28 12:36:53,588 [WARN] PackLoader:240 - Cannot read IP mode file for STMicroelectronics.X-CUBE-AZRTOS-L5.2.0.0
2023-12-28 12:36:53,655 [WARN] PackLoader:240 - Cannot read IP mode file for STMicroelectronics.X-CUBE-MEMS1.9.6.0
2023-12-28 12:36:53,788 [WARN] PackLoader:240 - Cannot read IP mode file for STMicroelectronics.X-CUBE-EEPRMA1.4.2.0
2023-12-28 12:36:53,800 [WARN] PackLoader:240 - Cannot read IP mode file for ITTIA_DB.I-CUBE-ITTIADB.8.8.0
2023-12-28 12:36:53,812 [INFO] WebApp:192 - Starting web application
2023-12-28 12:36:53,812 [WARN] PackLoader:240 - Cannot read IP mode file for STMicroelectronics.X-CUBE-BLEMGR.2.0.0
2023-12-28 12:36:53,812 [INFO] WebApp:544 - Web application path used C:\ST\STM32CubeIDE_1.13.1\STM32CubeIDE\plugins\com.st.stm32cube.common.mx_6.10.0.202311202037\db\plugins\mcufinder\reactClient1\index.html
2023-12-28 12:36:53,848 [WARN] ConditionMgr:438 - getConditionDescription Invalid condition id : UX DEVICE CLASS RTOS Condition cause : null
2023-12-28 12:36:53,848 [WARN] ConditionMgr:438 - getConditionDescription Invalid condition id : UX DEVICE CLASS RTOS Condition cause : null
2023-12-28 12:36:53,851 [WARN] PackLoader:240 - Cannot read IP mode file for STMicroelectronics.X-CUBE-AZRTOS-H7.3.1.0
2023-12-28 12:36:53,852 [WARN] ConditionMgr:1039 - genDependencies : Invalid condition id : UX DEVICE CLASS RTOS Condition cause : null
2023-12-28 12:36:53,852 [WARN] ConditionMgr:1039 - genDependencies : Invalid condition id : UX DEVICE CLASS RTOS Condition cause : null
2023-12-28 12:36:53,853 [WARN] ConditionMgr:1039 - genDependencies : Invalid condition id : UX DEVICE CLASS RTOS Condition cause : null
2023-12-28 12:36:53,853 [WARN] ConditionMgr:1039 - genDependencies : Invalid condition id : UX DEVICE CLASS RTOS Condition cause : null
2023-12-28 12:36:53,853 [WARN] ConditionMgr:1039 - genDependencies : Invalid condition id : UX DEVICE CLASS RTOS Condition cause : null
2023-12-28 12:36:53,871 [WARN] PackLoader:240 - Cannot read IP mode file for STMicroelectronics.X-CUBE-NFC7.1.0.1
2023-12-28 12:36:53,885 [WARN] PackLoader:240 - Cannot read IP mode file for STMicroelectronics.X-CUBE-NFC6.3.0.0
2023-12-28 12:36:53,899 [WARN] PackLoader:240 - Cannot read IP mode file for STMicroelectronics.X-CUBE-EEPRMA1.4.1.0
2023-12-28 12:36:53,911 [WARN] PackLoader:240 - Cannot read IP mode file for STMicroelectronics.X-CUBE-AI.8.1.0
2023-12-28 12:36:53,938 [WARN] ConditionMgr:438 - getConditionDescription Invalid condition id : LAN8742 Phy interface Condition cause : null
2023-12-28 12:36:53,939 [WARN] PackLoader:240 - Cannot read IP mode file for STMicroelectronics.X-CUBE-AZRTOS-L4.2.0.0
2023-12-28 12:36:53,940 [WARN] ConditionMgr:1039 - genDependencies : Invalid condition id : LAN8742 Phy interface Condition cause : null
2023-12-28 12:36:53,940 [WARN] ConditionMgr:1039 - genDependencies : Invalid condition id : LAN8742 Phy interface Condition cause : null
2023-12-28 12:36:53,941 [WARN] ConditionMgr:1039 - genDependencies : Invalid condition id : LAN8742 Phy interface Condition cause : null
2023-12-28 12:36:53,959 [WARN] PackLoader:240 - Cannot read IP mode file for STMicroelectronics.X-CUBE-SFXS2LP1.4.0.0
2023-12-28 12:36:53,970 [WARN] PackLoader:240 - Cannot read IP mode file for STMicroelectronics.X-CUBE-ISPU.1.1.0
2023-12-28 12:36:53,992 [WARN] ConditionMgr:438 - getConditionDescription Invalid condition id : UX DEVICE CLASS RTOS Condition cause : null
2023-12-28 12:36:53,993 [WARN] ConditionMgr:438 - getConditionDescription Invalid condition id : UX DEVICE CLASS RTOS Condition cause : null
2023-12-28 12:36:53,994 [WARN] PackLoader:240 - Cannot read IP mode file for STMicroelectronics.X-CUBE-AZRTOS-WB.2.0.0
2023-12-28 12:36:53,995 [WARN] ConditionMgr:1039 - genDependencies : Invalid condition id : UX DEVICE CLASS RTOS Condition cause : null
2023-12-28 12:36:53,995 [WARN] ConditionMgr:1039 - genDependencies : Invalid condition id : UX DEVICE CLASS RTOS Condition cause : null
2023-12-28 12:36:53,995 [WARN] ConditionMgr:1039 - genDependencies : Invalid condition id : UX DEVICE CLASS RTOS Condition cause : null
2023-12-28 12:36:53,996 [WARN] ConditionMgr:1039 - genDependencies : Invalid condition id : UX DEVICE CLASS RTOS Condition cause : null
2023-12-28 12:36:53,996 [WARN] ConditionMgr:1039 - genDependencies : Invalid condition id : UX DEVICE CLASS RTOS Condition cause : null
2023-12-28 12:36:54,012 [WARN] PackLoader:240 - Cannot read IP mode file for STMicroelectronics.X-CUBE-FREERTOS.1.0.1
2023-12-28 12:36:54,047 [WARN] PackLoader:240 - Cannot read IP mode file for STMicroelectronics.X-CUBE-AZRTOS-L5.1.1.0
2023-12-28 12:36:54,067 [WARN] PackLoader:240 - Cannot read IP mode file for STMicroelectronics.X-CUBE-AI.8.0.1
2023-12-28 12:36:54,089 [WARN] PackLoader:240 - Cannot read IP mode file for STMicroelectronics.X-CUBE-SUBG2.5.0.0
2023-12-28 12:36:54,115 [WARN] PackLoader:240 - Cannot read IP mode file for STMicroelectronics.X-CUBE-TOF1.3.3.1
2023-12-28 12:36:54,149 [WARN] PackLoader:240 - Cannot read IP mode file for STMicroelectronics.X-CUBE-AZRTOS-G4.2.0.0
2023-12-28 12:36:54,168 [WARN] PackLoader:240 - Cannot read IP mode file for STMicroelectronics.X-CUBE-TOF1.3.3.0
2023-12-28 12:36:54,196 [WARN] PackLoader:240 - Cannot read IP mode file for Infineon.AIROC-Wi-Fi-Bluetooth-STM32.1.5.1
2023-12-28 12:36:54,208 [WARN] PackLoader:240 - Cannot read IP mode file for STMicroelectronics.FP-SNS-MOTENVWB1.1.3.1
2023-12-28 12:36:54,220 [WARN] PackLoader:240 - Cannot read IP mode file for STMicroelectronics.X-CUBE-ISPU.2.0.0
2023-12-28 12:36:54,263 [WARN] PackLoader:240 - Cannot read IP mode file for STMicroelectronics.X-CUBE-MEMS1.10.0.0
2023-12-28 12:36:54,370 [WARN] PackLoader:240 - Cannot read IP mode file for STMicroelectronics.X-CUBE-FREERTOS.1.1.0
2023-12-28 12:36:54,382 [WARN] PackLoader:240 - Cannot read IP mode file for portGmbH.I-Cube-SoM-uGOAL.1.1.0
2023-12-28 12:36:54,393 [WARN] PackLoader:240 - Cannot read IP mode file for STMicroelectronics.X-CUBE-ALS.1.0.1
2023-12-28 12:36:54,414 [WARN] PackLoader:240 - Cannot read IP mode file for STMicroelectronics.X-CUBE-AZRTOS-WB.1.1.0
2023-12-28 12:36:54,425 [WARN] PackLoader:240 - Cannot read IP mode file for STMicroelectronics.FP-ATR-ASTRA1.2.0.0
2023-12-28 12:36:54,444 [WARN] PackLoader:240 - Cannot read IP mode file for STMicroelectronics.X-CUBE-TOF1.3.4.0
2023-12-28 12:36:54,476 [WARN] PackLoader:240 - Cannot read IP mode file for STMicroelectronics.X-CUBE-AZRTOS-H7.3.2.0
2023-12-28 12:36:54,479 [INFO] ThirdParty:978 - Integrity check success = true
2023-12-28 12:36:54,479 [INFO] IntegrityCheckThread:100 - exiting critical section [integrity check]
2023-12-28 12:36:54,479 [INFO] IntegrityCheckThread:103 - End integrity checks thread
2023-12-28 12:37:14,519 [ERROR] LogOutputStream:75 - [STDERR_REDIRECT] SLF4J: Failed to load class "org.slf4j.impl.StaticLoggerBinder".
2023-12-28 12:37:14,520 [ERROR] LogOutputStream:75 - [STDERR_REDIRECT] SLF4J: Defaulting to no-operation (NOP) logger implementation
2023-12-28 12:37:14,521 [ERROR] LogOutputStream:75 - [STDERR_REDIRECT] SLF4J: See http://www.slf4j.org/codes.html#StaticLoggerBinder for further details.
2023-12-28 14:27:24,324 [INFO] Activator:176 - 


2023-12-28 14:27:24,326 [INFO] Activator:177 - !SESSION log4j initialized
2023-12-28 14:27:30,165 [INFO] LogOutputStream:77 - [STDOUT_REDIRECT] 
2023-12-28 14:27:31,084 [INFO] ApplicationProperties:184 - Using Application install path: C:\ST\STM32CubeIDE_1.13.1\STM32CubeIDE\plugins\com.st.stm32cube.common.mx_6.10.0.202311202037
2023-12-28 14:27:31,105 [INFO] DbMcusXml:78 - Set database path to: C:\ST\STM32CubeIDE_1.13.1\STM32CubeIDE\plugins\com.st.stm32cube.common.mx_6.10.0.202311202037\\db\/mcu/
2023-12-28 14:27:31,105 [INFO] ApiDb:274 - Set plugin database path to: C:\ST\STM32CubeIDE_1.13.1\STM32CubeIDE\plugins\com.st.stm32cube.common.mx_6.10.0.202311202037\\db\/plugins/boardmanager/
2023-12-28 14:27:31,105 [WARN] ApiDb:259 - Overriding images path with different value:  => C:\ST\STM32CubeIDE_1.13.1\STM32CubeIDE\plugins\com.st.stm32cube.common.mx_6.10.0.202311202037\\db\/plugins/mcufinder/images/
2023-12-28 14:27:31,122 [INFO] ApiDb:250 - Set database path to: C:\Users\bozo2\.stmcufinder\plugins\mcufinder//mcu/
2023-12-28 14:27:31,122 [INFO] DbMcusAds:125 - Set database path to: C:\Users\bozo2\.stmcufinder\plugins\mcufinder//mcu/
2023-12-28 14:27:31,124 [INFO] CrossReferenceDbSqlite:203 - Set database path to: C:\Users\bozo2\.stmcufinder\plugins\mcufinder//mcu/cs/
2023-12-28 14:27:31,268 [INFO] RulesReader:64 - Compatibility file has been processed (297 Rules)
2023-12-28 14:27:31,356 [INFO] DbMcusXml:78 - Set database path to: C:\ST\STM32CubeIDE_1.13.1\STM32CubeIDE\plugins\com.st.stm32cube.common.mx_6.10.0.202311202037\\db\/mcu/
2023-12-28 14:27:31,356 [INFO] ApiDb:274 - Set plugin database path to: C:\ST\STM32CubeIDE_1.13.1\STM32CubeIDE\plugins\com.st.stm32cube.common.mx_6.10.0.202311202037\\db\/plugins/boardmanager/
2023-12-28 14:27:31,356 [INFO] ApiDb:261 - Set plugin images path to: C:\ST\STM32CubeIDE_1.13.1\STM32CubeIDE\plugins\com.st.stm32cube.common.mx_6.10.0.202311202037\\db\/plugins/mcufinder/images/
2023-12-28 14:27:31,357 [WARN] DbFile:41 - Overriding database path with different value: C:\Users\bozo2\.stmcufinder\plugins\mcufinder/ => C:\Users\bozo2\.stmcufinder\plugins\mcufinder
2023-12-28 14:27:31,357 [INFO] ApiDb:250 - Set database path to: C:\Users\bozo2\.stmcufinder\plugins\mcufinder//mcu/
2023-12-28 14:27:31,357 [WARN] DbFile:41 - Overriding database path with different value: C:\Users\bozo2\.stmcufinder\plugins\mcufinder/ => C:\Users\bozo2\.stmcufinder\plugins\mcufinder
2023-12-28 14:27:31,357 [INFO] DbMcusAds:125 - Set database path to: C:\Users\bozo2\.stmcufinder\plugins\mcufinder//mcu/
2023-12-28 14:27:31,357 [WARN] DbFile:41 - Overriding database path with different value: C:\Users\bozo2\.stmcufinder\plugins\mcufinder/ => C:\Users\bozo2\.stmcufinder\plugins\mcufinder
2023-12-28 14:27:31,357 [WARN] DbFile:41 - Overriding database path with different value: C:\Users\bozo2\.stmcufinder\plugins\mcufinder/ => C:\Users\bozo2\.stmcufinder\plugins\mcufinder
2023-12-28 14:27:31,357 [INFO] CrossReferenceDbSqlite:203 - Set database path to: C:\Users\bozo2\.stmcufinder\plugins\mcufinder//mcu/cs/
2023-12-28 14:27:31,433 [INFO] MainPanel:264 - HeapMemory: 268435456
2023-12-28 14:27:31,526 [INFO] DbMcusXml:78 - Set database path to: C:\ST\STM32CubeIDE_1.13.1\STM32CubeIDE\plugins\com.st.stm32cube.common.mx_6.10.0.202311202037\\db\/mcu/
2023-12-28 14:27:31,526 [INFO] ApiDb:274 - Set plugin database path to: C:\ST\STM32CubeIDE_1.13.1\STM32CubeIDE\plugins\com.st.stm32cube.common.mx_6.10.0.202311202037\\db\/plugins/boardmanager/
2023-12-28 14:27:31,526 [INFO] ApiDb:261 - Set plugin images path to: C:\ST\STM32CubeIDE_1.13.1\STM32CubeIDE\plugins\com.st.stm32cube.common.mx_6.10.0.202311202037\\db\/plugins/mcufinder/images/
2023-12-28 14:27:31,526 [WARN] DbFile:41 - Overriding database path with different value: C:\Users\bozo2\.stmcufinder\plugins\mcufinder/ => C:\Users\bozo2\.stmcufinder\plugins\mcufinder
2023-12-28 14:27:31,526 [INFO] ApiDb:250 - Set database path to: C:\Users\bozo2\.stmcufinder\plugins\mcufinder//mcu/
2023-12-28 14:27:31,526 [WARN] DbFile:41 - Overriding database path with different value: C:\Users\bozo2\.stmcufinder\plugins\mcufinder/ => C:\Users\bozo2\.stmcufinder\plugins\mcufinder
2023-12-28 14:27:31,526 [INFO] DbMcusAds:125 - Set database path to: C:\Users\bozo2\.stmcufinder\plugins\mcufinder//mcu/
2023-12-28 14:27:31,527 [WARN] DbFile:41 - Overriding database path with different value: C:\Users\bozo2\.stmcufinder\plugins\mcufinder/ => C:\Users\bozo2\.stmcufinder\plugins\mcufinder
2023-12-28 14:27:31,527 [WARN] DbFile:41 - Overriding database path with different value: C:\Users\bozo2\.stmcufinder\plugins\mcufinder/ => C:\Users\bozo2\.stmcufinder\plugins\mcufinder
2023-12-28 14:27:31,527 [INFO] CrossReferenceDbSqlite:203 - Set database path to: C:\Users\bozo2\.stmcufinder\plugins\mcufinder//mcu/cs/
2023-12-28 14:27:31,543 [INFO] ApplicationProperties:184 - Using Application install path: C:\ST\STM32CubeIDE_1.13.1\STM32CubeIDE\plugins\com.st.stm32cube.common.mx_6.10.0.202311202037
2023-12-28 14:27:31,544 [INFO] PluginManage:196 - Search for loadable plugins [exclusion list=, ]
2023-12-28 14:27:31,546 [INFO] PluginManage:310 - Check plugin analytics
2023-12-28 14:27:31,729 [INFO] AnalyticsPlugin:253 - Accepted Software Licenses: STM32CubeMX.6.8.1
2023-12-28 14:27:31,729 [INFO] AnalyticsPlugin:255 - Accepted CMSIS Pack Licenses: 
2023-12-28 14:27:31,729 [INFO] AnalyticsPlugin:257 - Accepted Firmware Licenses: FW.H7.1.11.0,FW.F4.1.27.0
2023-12-28 14:27:31,732 [INFO] PluginManage:359 - Loaded plugin analytics (category:tool,tabindex:-1)
2023-12-28 14:27:31,732 [INFO] PluginManage:310 - Check plugin cadmodel
2023-12-28 14:27:31,747 [INFO] CADModel:105 - Init CAD model plugin
2023-12-28 14:27:31,747 [INFO] PluginManage:359 - Loaded plugin cadmodel (category:power,tabindex:5)
2023-12-28 14:27:31,747 [INFO] PluginManage:310 - Check plugin clock
2023-12-28 14:27:31,766 [INFO] PluginManage:359 - Loaded plugin clock (category:base,tabindex:2)
2023-12-28 14:27:31,766 [INFO] PluginManage:310 - Check plugin ddr
2023-12-28 14:27:31,769 [INFO] PluginManage:359 - Loaded plugin ddr (category:tool,tabindex:6)
2023-12-28 14:27:31,769 [INFO] PluginManage:310 - Check plugin filemanager
2023-12-28 14:27:31,931 [INFO] PluginManage:359 - Loaded plugin filemanager (category:base,tabindex:10)
2023-12-28 14:27:31,931 [INFO] PluginManage:310 - Check plugin ipmanager
2023-12-28 14:27:31,939 [INFO] PluginManage:359 - Loaded plugin ipmanager (category:base,tabindex:5)
2023-12-28 14:27:31,939 [INFO] PluginManage:310 - Check plugin lpbam
2023-12-28 14:27:31,957 [INFO] PluginManage:359 - Loaded plugin lpbam (category:base,tabindex:0)
2023-12-28 14:27:31,958 [INFO] PluginManage:310 - Check plugin memorymap
2023-12-28 14:27:31,985 [INFO] PluginManage:359 - Loaded plugin memorymap (category:base,tabindex:4)
2023-12-28 14:27:31,985 [INFO] PluginManage:310 - Check plugin pinoutandconfiguration
2023-12-28 14:27:32,006 [INFO] PluginManage:359 - Loaded plugin pinoutandconfiguration (category:base,tabindex:1)
2023-12-28 14:27:32,007 [INFO] PluginManage:310 - Check plugin pinoutconfig
2023-12-28 14:27:32,178 [WARN] SupportedApi:132 - Cannot load RTOS API schema: s4s-elt-must-match.1: The content of 'definitions' must match (annotation?, (simpleType | complexType)?, (unique | key | keyref)*)). A problem was found starting at: attribute.
2023-12-28 14:27:32,396 [INFO] PluginManage:359 - Loaded plugin pinoutconfig (category:base,tabindex:0)
2023-12-28 14:27:32,397 [INFO] PluginManage:310 - Check plugin power
2023-12-28 14:27:32,424 [INFO] PluginManage:359 - Loaded plugin power (category:power,tabindex:4)
2023-12-28 14:27:32,424 [INFO] PluginManage:310 - Check plugin projectmanager
2023-12-28 14:27:32,442 [INFO] PluginManage:359 - Loaded plugin projectmanager (category:projectmanager,tabindex:3)
2023-12-28 14:27:32,442 [INFO] PluginManage:310 - Check plugin thirdparty
2023-12-28 14:27:32,826 [INFO] PluginManage:359 - Loaded plugin thirdparty (category:base,tabindex:-1)
2023-12-28 14:27:32,826 [WARN] IntegrityCheckThread:84 - waiting for thirdparty lock release [integrity check]
2023-12-28 14:27:32,826 [INFO] PluginManage:310 - Check plugin tools
2023-12-28 14:27:32,826 [INFO] IntegrityCheckThread:86 - entering critical section [integrity check]
2023-12-28 14:27:32,827 [INFO] ThirdPartyUpdaterWithRetryManager:70 - Updater plugin not ready yet. [1/15]
2023-12-28 14:27:32,862 [INFO] PluginManage:359 - Loaded plugin tools (category:base,tabindex:7)
2023-12-28 14:27:32,862 [INFO] PluginManage:310 - Check plugin tutovideos
2023-12-28 14:27:33,216 [INFO] PluginManage:359 - Loaded plugin tutovideos (category:base,tabindex:-1)
2023-12-28 14:27:33,217 [INFO] PluginManage:310 - Check plugin updater
2023-12-28 14:27:33,229 [INFO] PluginManage:359 - Loaded plugin updater (category:base,tabindex:12)
2023-12-28 14:27:33,230 [INFO] PluginManage:310 - Check plugin userauth
2023-12-28 14:27:33,236 [INFO] UserAuth:114 - Init User Auth plugin
2023-12-28 14:27:33,236 [INFO] PluginManage:359 - Loaded plugin userauth (category:base,tabindex:14)
2023-12-28 14:27:33,236 [INFO] PluginManage:283 - PluginManage : Loaded plugins [17]
2023-12-28 14:27:33,466 [INFO] PinOutPanel:1499 - setPackage(No Configuration,No Configuration)
2023-12-28 14:27:33,539 [INFO] CADModel:165 - CPN selected for project level
2023-12-28 14:27:33,539 [INFO] CADModel:114 - Register for checkConnection events
2023-12-28 14:27:33,563 [INFO] IPUIPlugin:80 - create IPUIPlugin
2023-12-28 14:27:33,564 [INFO] PluginManager:220 - loadIPPluginJar : add adc
2023-12-28 14:27:33,597 [INFO] IPUIPlugin:80 - create IPUIPlugin
2023-12-28 14:27:33,597 [INFO] PluginManager:220 - loadIPPluginJar : add aes
2023-12-28 14:27:33,681 [INFO] IPUIPlugin:80 - create IPUIPlugin
2023-12-28 14:27:33,682 [INFO] PluginManager:220 - loadIPPluginJar : add can
2023-12-28 14:27:33,706 [INFO] IPUIPlugin:80 - create IPUIPlugin
2023-12-28 14:27:33,706 [INFO] PluginManager:220 - loadIPPluginJar : add comp
2023-12-28 14:27:33,735 [INFO] IPUIPlugin:80 - create IPUIPlugin
2023-12-28 14:27:33,735 [INFO] PluginManager:220 - loadIPPluginJar : add cryp
2023-12-28 14:27:33,762 [INFO] IPUIPlugin:80 - create IPUIPlugin
2023-12-28 14:27:33,762 [INFO] PluginManager:220 - loadIPPluginJar : add dfsdm
2023-12-28 14:27:33,774 [INFO] IPUIPlugin:80 - create IPUIPlugin
2023-12-28 14:27:33,775 [INFO] PluginManager:220 - loadIPPluginJar : add dma
2023-12-28 14:27:33,807 [INFO] IPUIPlugin:80 - create IPUIPlugin
2023-12-28 14:27:33,807 [INFO] PluginManager:220 - loadIPPluginJar : add dma3
2023-12-28 14:27:33,824 [INFO] IPUIPlugin:80 - create IPUIPlugin
2023-12-28 14:27:33,824 [INFO] PluginManager:220 - loadIPPluginJar : add fatfs
2023-12-28 14:27:33,863 [INFO] IPUIPlugin:80 - create IPUIPlugin
2023-12-28 14:27:33,863 [INFO] PluginManager:220 - loadIPPluginJar : add fmc
2023-12-28 14:27:33,875 [INFO] IPUIPlugin:80 - create IPUIPlugin
2023-12-28 14:27:33,876 [INFO] PluginManager:220 - loadIPPluginJar : add freertos
2023-12-28 14:27:33,892 [INFO] IPUIPlugin:80 - create IPUIPlugin
2023-12-28 14:27:33,892 [INFO] PluginManager:220 - loadIPPluginJar : add genericplugin
2023-12-28 14:27:33,966 [INFO] IPUIPlugin:80 - create IPUIPlugin
2023-12-28 14:27:33,966 [INFO] PluginManager:220 - loadIPPluginJar : add gfxmmu
2023-12-28 14:27:34,068 [INFO] IPUIPlugin:80 - create IPUIPlugin
2023-12-28 14:27:34,068 [INFO] PluginManager:220 - loadIPPluginJar : add gic
2023-12-28 14:27:34,078 [INFO] IPUIPlugin:80 - create IPUIPlugin
2023-12-28 14:27:34,079 [INFO] PluginManager:220 - loadIPPluginJar : add gpio
2023-12-28 14:27:34,153 [INFO] IPUIPlugin:80 - create IPUIPlugin
2023-12-28 14:27:34,153 [INFO] PluginManager:220 - loadIPPluginJar : add gtzc
2023-12-28 14:27:34,178 [INFO] IPUIPlugin:80 - create IPUIPlugin
2023-12-28 14:27:34,178 [INFO] PluginManager:220 - loadIPPluginJar : add hash
2023-12-28 14:27:34,218 [INFO] IPUIPlugin:80 - create IPUIPlugin
2023-12-28 14:27:34,218 [INFO] PluginManager:220 - loadIPPluginJar : add i2c
2023-12-28 14:27:34,249 [INFO] IPUIPlugin:80 - create IPUIPlugin
2023-12-28 14:27:34,249 [INFO] PluginManager:220 - loadIPPluginJar : add i2s
2023-12-28 14:27:34,290 [INFO] IPUIPlugin:80 - create IPUIPlugin
2023-12-28 14:27:34,290 [INFO] PluginManager:220 - loadIPPluginJar : add i3c
2023-12-28 14:27:34,377 [INFO] IPUIPlugin:80 - create IPUIPlugin
2023-12-28 14:27:34,377 [INFO] PluginManager:220 - loadIPPluginJar : add ipddr
2023-12-28 14:27:34,451 [INFO] IPUIPlugin:80 - create IPUIPlugin
2023-12-28 14:27:34,451 [INFO] PluginManager:220 - loadIPPluginJar : add linkedlist
2023-12-28 14:27:34,478 [INFO] IPUIPlugin:80 - create IPUIPlugin
2023-12-28 14:27:34,479 [INFO] PluginManager:220 - loadIPPluginJar : add lorawan
2023-12-28 14:27:34,510 [INFO] IPUIPlugin:80 - create IPUIPlugin
2023-12-28 14:27:34,510 [INFO] PluginManager:220 - loadIPPluginJar : add ltdc
2023-12-28 14:27:34,521 [INFO] IPUIPlugin:80 - create IPUIPlugin
2023-12-28 14:27:34,521 [INFO] PluginManager:220 - loadIPPluginJar : add mdma
2023-12-28 14:27:34,533 [INFO] IPUIPlugin:80 - create IPUIPlugin
2023-12-28 14:27:34,533 [INFO] PluginManager:220 - loadIPPluginJar : add nvic
2023-12-28 14:27:34,564 [INFO] IPUIPlugin:80 - create IPUIPlugin
2023-12-28 14:27:34,564 [INFO] PluginManager:220 - loadIPPluginJar : add opamp
2023-12-28 14:27:34,614 [INFO] IPUIPlugin:80 - create IPUIPlugin
2023-12-28 14:27:34,614 [INFO] PluginManager:220 - loadIPPluginJar : add openamp
2023-12-28 14:27:34,646 [INFO] IPUIPlugin:80 - create IPUIPlugin
2023-12-28 14:27:34,647 [INFO] PluginManager:220 - loadIPPluginJar : add pdm2pcm
2023-12-28 14:27:34,658 [INFO] IPUIPlugin:80 - create IPUIPlugin
2023-12-28 14:27:34,660 [INFO] PluginManager:220 - loadIPPluginJar : add plateformsettings
2023-12-28 14:27:34,677 [INFO] IPUIPlugin:80 - create IPUIPlugin
2023-12-28 14:27:34,677 [INFO] PluginManager:220 - loadIPPluginJar : add quadspi
2023-12-28 14:27:34,687 [INFO] IPUIPlugin:80 - create IPUIPlugin
2023-12-28 14:27:34,687 [INFO] PluginManager:220 - loadIPPluginJar : add resmgrutility
2023-12-28 14:27:34,729 [INFO] IPUIPlugin:80 - create IPUIPlugin
2023-12-28 14:27:34,729 [INFO] PluginManager:220 - loadIPPluginJar : add sai
2023-12-28 14:27:34,758 [INFO] IPUIPlugin:80 - create IPUIPlugin
2023-12-28 14:27:34,758 [INFO] PluginManager:220 - loadIPPluginJar : add spi
2023-12-28 14:27:34,815 [INFO] IPUIPlugin:80 - create IPUIPlugin
2023-12-28 14:27:34,815 [INFO] PluginManager:220 - loadIPPluginJar : add stm32_wpan
2023-12-28 14:27:34,833 [INFO] IPUIPlugin:80 - create IPUIPlugin
2023-12-28 14:27:34,833 [INFO] PluginManager:220 - loadIPPluginJar : add tim
2023-12-28 14:27:34,880 [INFO] IPUIPlugin:80 - create IPUIPlugin
2023-12-28 14:27:34,880 [INFO] PluginManager:220 - loadIPPluginJar : add touchsensing
2023-12-28 14:27:34,899 [INFO] IPUIPlugin:80 - create IPUIPlugin
2023-12-28 14:27:34,899 [INFO] PluginManager:220 - loadIPPluginJar : add tracer_emb
2023-12-28 14:27:34,917 [INFO] IPUIPlugin:80 - create IPUIPlugin
2023-12-28 14:27:34,917 [INFO] PluginManager:220 - loadIPPluginJar : add ts
2023-12-28 14:27:34,935 [INFO] IPUIPlugin:80 - create IPUIPlugin
2023-12-28 14:27:34,935 [INFO] PluginManager:220 - loadIPPluginJar : add tsc
2023-12-28 14:27:34,953 [INFO] IPUIPlugin:80 - create IPUIPlugin
2023-12-28 14:27:34,953 [INFO] PluginManager:220 - loadIPPluginJar : add ucpd
2023-12-28 14:27:34,988 [INFO] IPUIPlugin:80 - create IPUIPlugin
2023-12-28 14:27:34,989 [INFO] PluginManager:220 - loadIPPluginJar : add usart
2023-12-28 14:27:35,024 [INFO] IPUIPlugin:80 - create IPUIPlugin
2023-12-28 14:27:35,024 [INFO] PluginManager:220 - loadIPPluginJar : add usbx
2023-12-28 14:27:35,147 [INFO] CADModel:165 - CPN selected for project level
2023-12-28 14:27:35,147 [INFO] CADModel:114 - Register for checkConnection events
2023-12-28 14:27:35,147 [FATAL] Updater:308 - Updater called before beeing initialized
2023-12-28 14:27:35,147 [ERROR] CADModel:125 - Updater not yet initialized, retry later 
2023-12-28 14:27:35,281 [INFO] CADModel:165 - CPN selected for project level
2023-12-28 14:27:35,281 [INFO] CADModel:114 - Register for checkConnection events
2023-12-28 14:27:35,281 [FATAL] Updater:308 - Updater called before beeing initialized
2023-12-28 14:27:35,281 [ERROR] CADModel:125 - Updater not yet initialized, retry later 
2023-12-28 14:27:35,284 [FATAL] Updater:308 - Updater called before beeing initialized
2023-12-28 14:27:35,374 [FATAL] Updater:308 - Updater called before beeing initialized
2023-12-28 14:27:35,383 [INFO] DbMcusAds:53 - JSON generation date=Wed Nov 29 05:52:27 EST 2023 (1701255147349)
2023-12-28 14:27:35,383 [FATAL] Updater:308 - Updater called before beeing initialized
2023-12-28 14:27:35,451 [WARN] DetailPanel:346 - Failed to get advertising image, set to default
2023-12-28 14:27:35,534 [FATAL] Updater:308 - Updater called before beeing initialized
2023-12-28 14:27:35,536 [FATAL] Updater:308 - Updater called before beeing initialized
2023-12-28 14:27:35,536 [FATAL] Updater:308 - Updater called before beeing initialized
2023-12-28 14:27:35,536 [WARN] DetailPanel:346 - Failed to get advertising image, set to default
2023-12-28 14:27:35,536 [FATAL] Updater:308 - Updater called before beeing initialized
2023-12-28 14:27:35,588 [ERROR] Updater:1120 - MainUpdater not yet initialized. External WinMGr cannot be set.
2023-12-28 14:27:35,597 [INFO] Updater:1056 - Updater Version found : 6.10.0
2023-12-28 14:27:35,613 [INFO] ApplicationProperties:184 - Using Application install path: C:\ST\STM32CubeIDE_1.13.1\STM32CubeIDE\plugins\com.st.stm32cube.common.mx_6.10.0.202311202037
2023-12-28 14:27:35,828 [INFO] ThirdPartyUpdaterWithRetryManager:70 - Updater plugin not ready yet. [2/15]
2023-12-28 14:27:35,978 [INFO] MainUpdater:2873 - connection check result : 10
2023-12-28 14:27:35,979 [INFO] MainUpdater:290 - Updater Check For Update Now.
2023-12-28 14:27:35,979 [INFO] MicroXplorer:498 - Change Database Version : DB.6.0.100
2023-12-28 14:27:35,992 [INFO] McuFinderGlobals:63 - Set McuFinder mode to 2 (CubeIDE integrated)
2023-12-28 14:27:36,006 [INFO] UserAuth:404 - Internet connection configuration mode: 1
2023-12-28 14:27:36,035 [INFO] JxBrowserEngine:152 - Initiate JxBrowser Engine with user profile folder
2023-12-28 14:27:36,177 [INFO] CheckServerUpdateThread:120 - End of CheckServer Thread
2023-12-28 14:27:38,865 [INFO] WebApp:161 - Instantiating new browser for Auth
2023-12-28 14:27:39,093 [WARN] PackLoader:240 - Cannot read IP mode file for STMicroelectronics.X-CUBE-SMBUS.2.1.0
2023-12-28 14:27:39,112 [WARN] PackLoader:240 - Cannot read IP mode file for STMicroelectronics.X-CUBE-TOUCHGFX.4.23.0
2023-12-28 14:27:39,164 [WARN] PackLoader:240 - Cannot read IP mode file for STMicroelectronics.X-CUBE-AZRTOS-F7.1.1.0
2023-12-28 14:27:39,182 [WARN] PackLoader:240 - Cannot read IP mode file for STMicroelectronics.FP-SNS-MOTENV1.4.3.2
2023-12-28 14:27:39,194 [WARN] PackLoader:240 - Cannot read IP mode file for STMicroelectronics.FP-SNS-FLIGHT1.5.0.1
2023-12-28 14:27:39,209 [WARN] PackLoader:240 - Cannot read IP mode file for STMicroelectronics.X-CUBE-BLE1.6.2.4
2023-12-28 14:27:39,221 [WARN] PackLoader:240 - Cannot read IP mode file for STMicroelectronics.FP-SNS-FLIGHT1.5.0.2
2023-12-28 14:27:39,236 [WARN] PackLoader:240 - Cannot read IP mode file for STMicroelectronics.X-CUBE-DISPLAY.3.0.0
2023-12-28 14:27:39,251 [WARN] PackLoader:240 - Cannot read IP mode file for STMicroelectronics.X-CUBE-BLE1.7.0.0
2023-12-28 14:27:39,264 [WARN] PackLoader:240 - Cannot read IP mode file for emotas.I-CUBE-CANOPEN.1.3.0
2023-12-28 14:27:39,274 [WARN] PackLoader:240 - Cannot read IP mode file for STMicroelectronics.X-CUBE-TOUCHGFX.4.22.0
2023-12-28 14:27:39,286 [WARN] PackLoader:240 - Cannot read IP mode file for STMicroelectronics.X-CUBE-TOUCHGFX.4.22.1
2023-12-28 14:27:39,297 [WARN] PackLoader:240 - Cannot read IP mode file for STMicroelectronics.FP-SNS-SMARTAG2.1.2.0
2023-12-28 14:27:39,316 [INFO] LogOutputStream:77 - [STDOUT_REDIRECT] 1 : Invalid condition id : UX_CORESTACK_Condition cause : null
2023-12-28 14:27:39,317 [INFO] LogOutputStream:77 - [STDOUT_REDIRECT] 1 : Invalid condition id : UX_CORESTACK_Condition cause : null
2023-12-28 14:27:39,318 [INFO] LogOutputStream:77 - [STDOUT_REDIRECT] 1 : Invalid condition id : UX_CORESTACK_Condition cause : null
2023-12-28 14:27:39,319 [INFO] LogOutputStream:77 - [STDOUT_REDIRECT] 1 : Invalid condition id : UX_CORESTACK_Condition cause : null
2023-12-28 14:27:39,320 [INFO] LogOutputStream:77 - [STDOUT_REDIRECT] 1 : Invalid condition id : UX_CORESTACK_Condition cause : null
2023-12-28 14:27:39,322 [WARN] PackLoader:240 - Cannot read IP mode file for STMicroelectronics.X-CUBE-AZRTOS-WL.2.0.0
2023-12-28 14:27:39,337 [WARN] PackLoader:240 - Cannot read IP mode file for WES.I-CUBE-Cesium.1.3.0
2023-12-28 14:27:39,347 [WARN] PackLoader:240 - Cannot read IP mode file for STMicroelectronics.X-CUBE-BLE2.3.3.0
2023-12-28 14:27:39,358 [WARN] PackLoader:240 - Cannot read IP mode file for STMicroelectronics.X-CUBE-ALGOBUILD.1.3.0
2023-12-28 14:27:39,388 [WARN] PackLoader:240 - Cannot read IP mode file for STMicroelectronics.X-CUBE-AZRTOS-G0.1.1.0
2023-12-28 14:27:39,404 [WARN] PackLoader:240 - Cannot read IP mode file for STMicroelectronics.X-CUBE-NFC4.3.0.0
2023-12-28 14:27:39,421 [WARN] PackLoader:240 - Cannot read IP mode file for STMicroelectronics.X-CUBE-BLEMGR.3.0.0
2023-12-28 14:27:39,435 [WARN] PackLoader:240 - Cannot read IP mode file for STMicroelectronics.FP-ATR-SIGFOX1.3.2.0
2023-12-28 14:27:39,470 [WARN] PackLoader:240 - Cannot read IP mode file for SEGGER.I-CUBE-embOS.1.3.1
2023-12-28 14:27:39,519 [WARN] PackLoader:240 - Cannot read IP mode file for STMicroelectronics.X-CUBE-GNSS1.6.0.0
2023-12-28 14:27:39,547 [WARN] PackLoader:240 - Cannot read IP mode file for STMicroelectronics.X-CUBE-AZRTOS-F4.1.1.0
2023-12-28 14:27:39,560 [WARN] PackLoader:240 - Cannot read IP mode file for wolfSSL.I-CUBE-wolfSSL.5.6.3
2023-12-28 14:27:39,586 [WARN] PackLoader:240 - Cannot read IP mode file for STMicroelectronics.X-CUBE-AZRTOS-L5.2.0.0
2023-12-28 14:27:39,632 [WARN] PackLoader:240 - Cannot read IP mode file for STMicroelectronics.X-CUBE-MEMS1.9.6.0
2023-12-28 14:27:39,713 [INFO] WebApp:780 - Register for checkConnection events
2023-12-28 14:27:39,713 [INFO] WebApp:414 - Apply proxy settings
2023-12-28 14:27:39,713 [INFO] WebApp:499 - Chromium requires no authentication
2023-12-28 14:27:39,721 [INFO] WebApp:442 - Direct internet connection detected
2023-12-28 14:27:39,768 [WARN] PackLoader:240 - Cannot read IP mode file for STMicroelectronics.X-CUBE-EEPRMA1.4.2.0
2023-12-28 14:27:39,782 [WARN] PackLoader:240 - Cannot read IP mode file for ITTIA_DB.I-CUBE-ITTIADB.8.8.0
2023-12-28 14:27:39,795 [WARN] PackLoader:240 - Cannot read IP mode file for STMicroelectronics.X-CUBE-BLEMGR.2.0.0
2023-12-28 14:27:39,826 [WARN] ConditionMgr:438 - getConditionDescription Invalid condition id : UX DEVICE CLASS RTOS Condition cause : null
2023-12-28 14:27:39,827 [WARN] ConditionMgr:438 - getConditionDescription Invalid condition id : UX DEVICE CLASS RTOS Condition cause : null
2023-12-28 14:27:39,830 [WARN] PackLoader:240 - Cannot read IP mode file for STMicroelectronics.X-CUBE-AZRTOS-H7.3.1.0
2023-12-28 14:27:39,831 [WARN] ConditionMgr:1039 - genDependencies : Invalid condition id : UX DEVICE CLASS RTOS Condition cause : null
2023-12-28 14:27:39,831 [WARN] ConditionMgr:1039 - genDependencies : Invalid condition id : UX DEVICE CLASS RTOS Condition cause : null
2023-12-28 14:27:39,832 [WARN] ConditionMgr:1039 - genDependencies : Invalid condition id : UX DEVICE CLASS RTOS Condition cause : null
2023-12-28 14:27:39,832 [WARN] ConditionMgr:1039 - genDependencies : Invalid condition id : UX DEVICE CLASS RTOS Condition cause : null
2023-12-28 14:27:39,832 [WARN] ConditionMgr:1039 - genDependencies : Invalid condition id : UX DEVICE CLASS RTOS Condition cause : null
2023-12-28 14:27:39,854 [WARN] PackLoader:240 - Cannot read IP mode file for STMicroelectronics.X-CUBE-NFC7.1.0.1
2023-12-28 14:27:39,895 [WARN] PackLoader:240 - Cannot read IP mode file for STMicroelectronics.X-CUBE-NFC6.3.0.0
2023-12-28 14:27:39,921 [WARN] PackLoader:240 - Cannot read IP mode file for STMicroelectronics.X-CUBE-EEPRMA1.4.1.0
2023-12-28 14:27:39,938 [WARN] PackLoader:240 - Cannot read IP mode file for STMicroelectronics.X-CUBE-AI.8.1.0
2023-12-28 14:27:39,976 [WARN] ConditionMgr:438 - getConditionDescription Invalid condition id : LAN8742 Phy interface Condition cause : null
2023-12-28 14:27:39,977 [WARN] PackLoader:240 - Cannot read IP mode file for STMicroelectronics.X-CUBE-AZRTOS-L4.2.0.0
2023-12-28 14:27:39,978 [WARN] ConditionMgr:1039 - genDependencies : Invalid condition id : LAN8742 Phy interface Condition cause : null
2023-12-28 14:27:39,979 [WARN] ConditionMgr:1039 - genDependencies : Invalid condition id : LAN8742 Phy interface Condition cause : null
2023-12-28 14:27:39,979 [WARN] ConditionMgr:1039 - genDependencies : Invalid condition id : LAN8742 Phy interface Condition cause : null
2023-12-28 14:27:39,993 [WARN] PackLoader:240 - Cannot read IP mode file for STMicroelectronics.X-CUBE-SFXS2LP1.4.0.0
2023-12-28 14:27:40,005 [WARN] PackLoader:240 - Cannot read IP mode file for STMicroelectronics.X-CUBE-ISPU.1.1.0
2023-12-28 14:27:40,026 [WARN] ConditionMgr:438 - getConditionDescription Invalid condition id : UX DEVICE CLASS RTOS Condition cause : null
2023-12-28 14:27:40,026 [WARN] ConditionMgr:438 - getConditionDescription Invalid condition id : UX DEVICE CLASS RTOS Condition cause : null
2023-12-28 14:27:40,028 [WARN] PackLoader:240 - Cannot read IP mode file for STMicroelectronics.X-CUBE-AZRTOS-WB.2.0.0
2023-12-28 14:27:40,028 [WARN] ConditionMgr:1039 - genDependencies : Invalid condition id : UX DEVICE CLASS RTOS Condition cause : null
2023-12-28 14:27:40,028 [WARN] ConditionMgr:1039 - genDependencies : Invalid condition id : UX DEVICE CLASS RTOS Condition cause : null
2023-12-28 14:27:40,029 [WARN] ConditionMgr:1039 - genDependencies : Invalid condition id : UX DEVICE CLASS RTOS Condition cause : null
2023-12-28 14:27:40,029 [WARN] ConditionMgr:1039 - genDependencies : Invalid condition id : UX DEVICE CLASS RTOS Condition cause : null
2023-12-28 14:27:40,029 [WARN] ConditionMgr:1039 - genDependencies : Invalid condition id : UX DEVICE CLASS RTOS Condition cause : null
2023-12-28 14:27:40,040 [WARN] PackLoader:240 - Cannot read IP mode file for STMicroelectronics.X-CUBE-FREERTOS.1.0.1
2023-12-28 14:27:40,045 [INFO] WebApp:192 - Starting web application
2023-12-28 14:27:40,046 [INFO] WebApp:544 - Web application path used C:\ST\STM32CubeIDE_1.13.1\STM32CubeIDE\plugins\com.st.stm32cube.common.mx_6.10.0.202311202037\db\plugins\mcufinder\reactClient1\index.html
2023-12-28 14:27:40,063 [WARN] PackLoader:240 - Cannot read IP mode file for STMicroelectronics.X-CUBE-AZRTOS-L5.1.1.0
2023-12-28 14:27:40,079 [WARN] PackLoader:240 - Cannot read IP mode file for STMicroelectronics.X-CUBE-AI.8.0.1
2023-12-28 14:27:40,095 [WARN] PackLoader:240 - Cannot read IP mode file for STMicroelectronics.X-CUBE-SUBG2.5.0.0
2023-12-28 14:27:40,116 [WARN] PackLoader:240 - Cannot read IP mode file for STMicroelectronics.X-CUBE-TOF1.3.3.1
2023-12-28 14:27:40,148 [WARN] PackLoader:240 - Cannot read IP mode file for STMicroelectronics.X-CUBE-AZRTOS-G4.2.0.0
2023-12-28 14:27:40,165 [WARN] PackLoader:240 - Cannot read IP mode file for STMicroelectronics.X-CUBE-TOF1.3.3.0
2023-12-28 14:27:40,200 [WARN] PackLoader:240 - Cannot read IP mode file for Infineon.AIROC-Wi-Fi-Bluetooth-STM32.1.5.1
2023-12-28 14:27:40,217 [WARN] PackLoader:240 - Cannot read IP mode file for STMicroelectronics.FP-SNS-MOTENVWB1.1.3.1
2023-12-28 14:27:40,230 [WARN] PackLoader:240 - Cannot read IP mode file for STMicroelectronics.X-CUBE-ISPU.2.0.0
2023-12-28 14:27:40,290 [WARN] PackLoader:240 - Cannot read IP mode file for STMicroelectronics.X-CUBE-MEMS1.10.0.0
2023-12-28 14:27:40,377 [WARN] PackLoader:240 - Cannot read IP mode file for STMicroelectronics.X-CUBE-FREERTOS.1.1.0
2023-12-28 14:27:40,391 [WARN] PackLoader:240 - Cannot read IP mode file for portGmbH.I-Cube-SoM-uGOAL.1.1.0
2023-12-28 14:27:40,403 [WARN] PackLoader:240 - Cannot read IP mode file for STMicroelectronics.X-CUBE-ALS.1.0.1
2023-12-28 14:27:40,423 [WARN] PackLoader:240 - Cannot read IP mode file for STMicroelectronics.X-CUBE-AZRTOS-WB.1.1.0
2023-12-28 14:27:40,437 [WARN] PackLoader:240 - Cannot read IP mode file for STMicroelectronics.FP-ATR-ASTRA1.2.0.0
2023-12-28 14:27:40,453 [WARN] PackLoader:240 - Cannot read IP mode file for STMicroelectronics.X-CUBE-TOF1.3.4.0
2023-12-28 14:27:40,488 [WARN] PackLoader:240 - Cannot read IP mode file for STMicroelectronics.X-CUBE-AZRTOS-H7.3.2.0
2023-12-28 14:27:40,490 [INFO] ThirdParty:978 - Integrity check success = true
2023-12-28 14:27:40,490 [INFO] IntegrityCheckThread:100 - exiting critical section [integrity check]
2023-12-28 14:27:40,490 [INFO] IntegrityCheckThread:103 - End integrity checks thread
2023-12-28 14:28:00,888 [ERROR] LogOutputStream:75 - [STDERR_REDIRECT] SLF4J: Failed to load class "org.slf4j.impl.StaticLoggerBinder".
2023-12-28 14:28:00,889 [ERROR] LogOutputStream:75 - [STDERR_REDIRECT] SLF4J: Defaulting to no-operation (NOP) logger implementation
2023-12-28 14:28:00,890 [ERROR] LogOutputStream:75 - [STDERR_REDIRECT] SLF4J: See http://www.slf4j.org/codes.html#StaticLoggerBinder for further details.
2023-12-28 14:57:09,492 [INFO] McuFinderGlobals:63 - Set McuFinder mode to 2 (CubeIDE integrated)
2023-12-28 14:57:09,525 [INFO] MainUpdater:2873 - connection check result : 10
2023-12-28 14:57:09,531 [INFO] MainUpdater:2873 - connection check result : 10
2023-12-28 14:57:09,863 [INFO] MicroXplorer:468 - Change Database Path : 
2023-12-28 14:57:09,863 [INFO] MicroXplorer:498 - Change Database Version : DB.6.0.100
2023-12-28 14:57:09,871 [WARN] ThirdParty:871 - waiting for thirdparty lock release [close project]
2023-12-28 14:57:09,871 [INFO] ThirdParty:873 - entering critical section [close project]
2023-12-28 14:57:09,878 [INFO] ThirdParty:883 - exiting critical section [close project]
2023-12-28 14:57:09,884 [INFO] PinOutPanel:1499 - setPackage(No Configuration,No Configuration)
2023-12-28 14:57:09,888 [INFO] UtilMem:75 - Begin LoadConfig() Used Memory: 431543944 Bytes (618659840)
2023-12-28 14:57:09,895 [INFO] OpenFileManager:312 - Change cursor
2023-12-28 14:57:09,973 [INFO] Mcu:2016 - Initializing MCU STM32F446R(C-E)Tx STM32F446RETx STM32F446RET6
2023-12-28 14:57:11,851 [INFO] Context:659 - Trying to add GPIOservice into a context  which must be forbidden
2023-12-28 14:57:12,639 [INFO] RtosManager:555 - Registered RTOS mode: class=CMSIS, group=RTOS, mode=CMSIS_V1, owner=FREERTOS
2023-12-28 14:57:12,639 [INFO] RtosManager:555 - Registered RTOS mode: class=CMSIS, group=RTOS2, mode=CMSIS_V2, owner=FREERTOS
2023-12-28 14:57:12,639 [INFO] RtosManager:555 - Registered RTOS mode: class=RTOS, group=Core, mode=CMSIS_V1, owner=FREERTOS
2023-12-28 14:57:12,639 [INFO] RtosManager:555 - Registered RTOS mode: class=RTOS, group=Core, mode=CMSIS_V2, owner=FREERTOS
2023-12-28 14:57:12,639 [WARN] ModelIntegratedComponent:184 - Missing modes for component STMicroelectronics:FreeRTOS:0.0.1:STMicroelectronics:RTOS:FreeRTOS:Core:::10.2.0:
2023-12-28 14:57:12,659 [WARN] ModelIntegratedComponent:63 - No mode defined for component null
2023-12-28 14:57:12,659 [WARN] ModelIntegratedComponent:63 - No mode defined for component null
2023-12-28 14:57:12,659 [WARN] ModelIntegratedComponent:63 - No mode defined for component null
2023-12-28 14:57:12,659 [WARN] ModelIntegratedComponent:63 - No mode defined for component null
2023-12-28 14:57:12,659 [WARN] ModelIntegratedComponent:63 - No mode defined for component null
2023-12-28 14:57:12,659 [WARN] ModelIntegratedComponent:63 - No mode defined for component null
2023-12-28 14:57:12,659 [WARN] ModelIntegratedComponent:63 - No mode defined for component null
2023-12-28 14:57:12,659 [WARN] ModelIntegratedComponent:63 - No mode defined for component null
2023-12-28 14:57:12,659 [WARN] ModelIntegratedComponent:63 - No mode defined for component null
2023-12-28 14:57:12,659 [WARN] ModelIntegratedComponent:63 - No mode defined for component null
2023-12-28 14:57:12,659 [WARN] ModelIntegratedComponent:63 - No mode defined for component null
2023-12-28 14:57:12,659 [WARN] ModelIntegratedComponent:63 - No mode defined for component null
2023-12-28 14:57:12,660 [WARN] ModelIntegratedComponent:63 - No mode defined for component null
2023-12-28 14:57:12,660 [WARN] ModelIntegratedComponent:63 - No mode defined for component null
2023-12-28 14:57:12,660 [WARN] ModelIntegratedComponent:63 - No mode defined for component null
2023-12-28 14:57:12,660 [WARN] ModelIntegratedComponent:63 - No mode defined for component null
2023-12-28 14:57:12,660 [WARN] ModelIntegratedComponent:63 - No mode defined for component null
2023-12-28 14:57:12,660 [WARN] ModelIntegratedComponent:63 - No mode defined for component null
2023-12-28 14:57:12,660 [WARN] ModelIntegratedComponent:63 - No mode defined for component null
2023-12-28 14:57:12,660 [WARN] ModelIntegratedComponent:63 - No mode defined for component null
2023-12-28 14:57:12,660 [WARN] ModelIntegratedComponent:63 - No mode defined for component null
2023-12-28 14:57:12,660 [WARN] ModelIntegratedComponent:63 - No mode defined for component null
2023-12-28 14:57:12,660 [WARN] ModelIntegratedComponent:63 - No mode defined for component null
2023-12-28 14:57:12,660 [WARN] ModelIntegratedComponent:63 - No mode defined for component null
2023-12-28 14:57:12,660 [WARN] ModelIntegratedComponent:63 - No mode defined for component null
2023-12-28 14:57:12,660 [WARN] ModelIntegratedComponent:63 - No mode defined for component null
2023-12-28 14:57:12,660 [WARN] ModelIntegratedComponent:63 - No mode defined for component null
2023-12-28 14:57:12,660 [WARN] ModelIntegratedComponent:63 - No mode defined for component null
2023-12-28 14:57:12,660 [WARN] ModelIntegratedComponent:63 - No mode defined for component null
2023-12-28 14:57:12,660 [WARN] ModelIntegratedComponent:63 - No mode defined for component null
2023-12-28 14:57:12,660 [WARN] ModelIntegratedComponent:63 - No mode defined for component null
2023-12-28 14:57:12,660 [WARN] ModelIntegratedComponent:63 - No mode defined for component null
2023-12-28 14:57:12,660 [WARN] ModelIntegratedComponent:63 - No mode defined for component null
2023-12-28 14:57:12,780 [INFO] ThirdPartyModel:298 - Start build external matchings
2023-12-28 14:57:13,403 [INFO] ThirdPartyModel:316 - End build external matchings
2023-12-28 14:57:13,432 [INFO] ImportTextPane:194 - (OptionalMessage_ERROR) IP (DMA) : Parameter (Instance) has Id (I2C3_RX) currently not set
2023-12-28 14:57:13,432 [INFO] ImportTextPane:194 - (OptionalMessage_ERROR) IP (DMA) : Parameter (Channel) has Id (I2C3_RX) currently not set
2023-12-28 14:57:13,432 [INFO] ImportTextPane:194 - (OptionalMessage_ERROR) IP (DMA) : Parameter (Direction) has Id (I2C3_RX) currently not set
2023-12-28 14:57:13,433 [INFO] ImportTextPane:194 - (OptionalMessage_ERROR) IP (DMA) : Parameter (PeriphInc) has Id (I2C3_RX) currently not set
2023-12-28 14:57:13,433 [INFO] ImportTextPane:194 - (OptionalMessage_ERROR) IP (DMA) : Parameter (MemInc) has Id (I2C3_RX) currently not set
2023-12-28 14:57:13,433 [INFO] ImportTextPane:194 - (OptionalMessage_ERROR) IP (DMA) : Parameter (PeriphDataAlignment) has Id (I2C3_RX) currently not set
2023-12-28 14:57:13,434 [INFO] ImportTextPane:194 - (OptionalMessage_ERROR) IP (DMA) : Parameter (MemDataAlignment) has Id (I2C3_RX) currently not set
2023-12-28 14:57:13,434 [INFO] ImportTextPane:194 - (OptionalMessage_ERROR) IP (DMA) : Parameter (Mode) has Id (I2C3_RX) currently not set
2023-12-28 14:57:13,434 [INFO] ImportTextPane:194 - (OptionalMessage_ERROR) IP (DMA) : Parameter (Priority) has Id (I2C3_RX) currently not set
2023-12-28 14:57:13,434 [INFO] ImportTextPane:194 - (OptionalMessage_ERROR) IP (DMA) : Parameter (FIFOMode) has Id (I2C3_RX) currently not set
2023-12-28 14:57:13,434 [INFO] ImportTextPane:194 - (OptionalMessage_ERROR) IP (DMA) : Parameter (Instance) has Id (I2C3_TX) currently not set
2023-12-28 14:57:13,434 [INFO] ImportTextPane:194 - (OptionalMessage_ERROR) IP (DMA) : Parameter (Channel) has Id (I2C3_TX) currently not set
2023-12-28 14:57:13,434 [INFO] ImportTextPane:194 - (OptionalMessage_ERROR) IP (DMA) : Parameter (Direction) has Id (I2C3_TX) currently not set
2023-12-28 14:57:13,434 [INFO] ImportTextPane:194 - (OptionalMessage_ERROR) IP (DMA) : Parameter (PeriphInc) has Id (I2C3_TX) currently not set
2023-12-28 14:57:13,434 [INFO] ImportTextPane:194 - (OptionalMessage_ERROR) IP (DMA) : Parameter (MemInc) has Id (I2C3_TX) currently not set
2023-12-28 14:57:13,434 [INFO] ImportTextPane:194 - (OptionalMessage_ERROR) IP (DMA) : Parameter (PeriphDataAlignment) has Id (I2C3_TX) currently not set
2023-12-28 14:57:13,434 [INFO] ImportTextPane:194 - (OptionalMessage_ERROR) IP (DMA) : Parameter (MemDataAlignment) has Id (I2C3_TX) currently not set
2023-12-28 14:57:13,434 [INFO] ImportTextPane:194 - (OptionalMessage_ERROR) IP (DMA) : Parameter (Mode) has Id (I2C3_TX) currently not set
2023-12-28 14:57:13,434 [INFO] ImportTextPane:194 - (OptionalMessage_ERROR) IP (DMA) : Parameter (Priority) has Id (I2C3_TX) currently not set
2023-12-28 14:57:13,434 [INFO] ImportTextPane:194 - (OptionalMessage_ERROR) IP (DMA) : Parameter (FIFOMode) has Id (I2C3_TX) currently not set
2023-12-28 14:57:13,436 [WARN] IP:2119 - I2C_Coeff_DF not found: check if there is a RefParameter without a condition.
2023-12-28 14:57:13,436 [WARN] IP:2119 - Analog_Filter not found: check if there is a RefParameter without a condition.
2023-12-28 14:57:13,437 [INFO] ImportTextPane:194 - (OptionalMessage_ERROR) IP (RCC) : Invalid parameter (48MHZClocksFreq_Value)
2023-12-28 14:57:13,437 [INFO] ImportTextPane:194 - (OptionalMessage_ERROR) IP (RCC) : Invalid parameter (EthernetFreq_Value)
2023-12-28 14:57:13,438 [INFO] ImportTextPane:194 - (OptionalMessage_ERROR) IP (RCC) : Parameter (FLatency) has Id (AdvancedSettings) currently not set
2023-12-28 14:57:13,438 [INFO] ImportTextPane:194 - (OptionalMessage_ERROR) IP (RCC) : Invalid parameter (FamilyName)
2023-12-28 14:57:13,439 [INFO] ImportTextPane:194 - (OptionalMessage_ERROR) IP (RCC) : Invalid parameter (I2SClocksFreq_Value)
2023-12-28 14:57:13,440 [INFO] ImportTextPane:194 - (OptionalMessage_ERROR) IP (RCC) : Parameter (SDIOFreq_Value) has invalid value (168000000)
2023-12-28 14:57:13,440 [INFO] ImportTextPane:194 - (OptionalMessage_ERROR) IP (RCC) : Parameter (USBFreq_Value) has invalid value (168000000)
2023-12-28 14:57:13,441 [INFO] ImportTextPane:194 - (OptionalMessage_ERROR) IP (RCC) : Invalid parameter (VCOInputMFreq_Value)
2023-12-28 14:57:13,441 [INFO] ImportTextPane:194 - (OptionalMessage_ERROR) IP (RCC) : Invalid parameter (VcooutputI2S)
2023-12-28 14:57:13,875 [INFO] UtilMem:75 - End LoadConfig() Used Memory: 401688744 Bytes (797966336)
2023-12-28 14:57:14,106 [INFO] ApiDb:581 - Connected to CubeFinder SQLite database (C:\Users\bozo2\.stmcufinder\plugins\mcufinder\mcu\cube-finder-db.db)
2023-12-28 14:57:14,212 [INFO] ApiDb:668 - CubeFinder database Data Model version=2.1
2023-12-28 14:57:14,213 [INFO] ApiDb:669 - CubeFinder database Configuration version=3.0.39
2023-12-28 14:57:14,214 [INFO] ApiDb:670 - CubeFinder database generation date=2023-12-08 (1702028721)
2023-12-28 14:57:14,214 [INFO] ApiDb:671 - CubeFinder database FW Pack versions=[FP-ATR-ASTRA1_V2.0.0, FP-SNS-FLIGHT1_V5.0.1, FP-SNS-FLIGHT1_V5.0.2, FP-SNS-MOTENV1_V4.3.1, FP-SNS-MOTENV1_V4.3.2, FP-SNS-MOTENVWB1_V1.3.1, FP-SNS-SMARTAG2_V1.2.0, STM32Cube_FW_C0_V1.1.0, STM32Cube_FW_F4_V1.28.0, STM32Cube_FW_F7_V1.17.0, STM32Cube_FW_G0_V1.6.1, STM32Cube_FW_G4_V1.5.1, STM32Cube_FW_H5_V0.5.1, STM32Cube_FW_H5_V1.1.1, STM32Cube_FW_H5_V1.2.0RC2, STM32Cube_FW_H7_V1.11.0, STM32Cube_FW_L0_V1.12.2, STM32Cube_FW_L5_V1.5.0, STM32Cube_FW_U5_V1.3.0RC4, STM32Cube_FW_U5_V1.4.0, STM32Cube_FW_WBA_V1.0.0RC1, STM32Cube_FW_WBA_V1.1.0RC1, STM32Cube_FW_WBA_V1.2.0, STM32Cube_FW_WBA_V1.2.0RC2, STM32Cube_FW_WB_V1.15.0RC1, STM32Cube_FW_WB_V1.16.0, STM32Cube_FW_WB_V1.16.0RC2, STM32Cube_FW_WB_V1.18.0, STM32Cube_FW_WL_V1.3.0, X-CUBE-ALGOBUILD_V1.3.0, X-CUBE-ALS_V1.0.1, X-CUBE-AZRTOS-F4_V1.1.0, X-CUBE-AZRTOS-F7_V1.1.0, X-CUBE-AZRTOS-G0_V1.1.0, X-CUBE-AZRTOS-G4_V2.0.0, X-CUBE-AZRTOS-H7_V3.1.0, X-CUBE-AZRTOS-L4_V1.0.0, X-CUBE-AZRTOS-L4_V2.0.0, X-CUBE-AZRTOS-L5_V1.1.0, X-CUBE-AZRTOS-WB_V2.0.0, X-CUBE-AZRTOS-WL_V2.0.0, X-CUBE-BLE1_V7.0.0, X-CUBE-BLE2_V3.3.0, X-CUBE-BLEMGR_V3.0.0, X-CUBE-EEPRMA1_V4.1.0, X-CUBE-EEPRMA1_V4.2.0, X-CUBE-FREERTOS_V1.1.0, X-CUBE-GNSS1_V6.0.0, X-CUBE-MEMS1_V10.0.0, X-CUBE-MEMS1_V9.1.0, X-CUBE-MEMS1_V9.4.0, X-CUBE-MEMS1_V9.6.0, X-CUBE-NFC4_V3.0.0, X-CUBE-NFC7_V1.0.1, X-CUBE-SFXS2LP1_V4.0.0, X-CUBE-SUBG2_V5.0.0, X-CUBE-TOF1_V3.4.0]
2023-12-28 14:57:17,293 [INFO] ApiDb:240 - Found 371 in-development CPN: [B-G473E-ZEST1S, B-WB1M-WPAN1, B-WL5M-SUBG1, NUCLEO-C031C6, NUCLEO-H503RB, NUCLEO-H563ZI, NUCLEO-U545RE-Q, NUCLEO-U5A5ZJ-Q, NUCLEO-WBA52CG, NUCLEO-WBA55CG, STEVAL-MKBOXPRO, STEVAL-PROTEUS1, STEVAL-STWINBX1, STM320518-EVAL, STM32C0116-DK, STM32C011D6Y3TR, STM32C011D6Y6TR, STM32C011F4P3, STM32C011F4P6, STM32C011F4U3, STM32C011F4U6TR, STM32C011F6P3, STM32C011F6P6, STM32C011F6U3, STM32C011F6U6TR, STM32C011J4M3, STM32C011J4M6, STM32C011J6M3, STM32C011J6M6, STM32C0316-DK, STM32C031C4T3, STM32C031C4T6, STM32C031C4U3, STM32C031C4U6, STM32C031C6T3, STM32C031C6T6, STM32C031C6U3, STM32C031C6U6, STM32C031F4P3, STM32C031F4P6, STM32C031F6P3, STM32C031F6P6, STM32C031G4U3, STM32C031G4U6, STM32C031G6U3, STM32C031G6U6, STM32C031K4T3, STM32C031K4T6, STM32C031K4U3, STM32C031K4U6, STM32C031K6T3, STM32C031K6T6, STM32C031K6U3, STM32C031K6U6, STM32G071K8TXN, STM32G071K8UXN, STM32G081GBU6N, STM32G081KBT6N, STM32G081KBUXN, STM32G0B1CCT6N, STM32G0B1KCT6, STM32G0B1NEY6TR, STM32G0B1RCT6N, STM32G0C1CCT6, STM32G0C1CCT6N, STM32G0C1CCU6N, STM32G0C1CET6N, STM32G0C1CEU6N, STM32G0C1KCT6, STM32G0C1NEY6TR, STM32G0C1RCI6N, STM32G0C1RCT6N, STM32G0C1REI6N, STM32G0C1RET6N, STM32G0C1VCI6, STM32G0C1VEI6, STM32G471CCT6, STM32G471CCU6, STM32G471CET3, STM32G471CET6, STM32G471CEU3, STM32G471CEU6, STM32G471MCT6, STM32G471MET3, STM32G471MET6, STM32G471MEY6TR, STM32G471QCT6, STM32G471QET3, STM32G471RCT6, STM32G471RET3, STM32G471RET6, STM32G471VCH6, STM32G471VCI6, STM32G471VCT6, STM32G471VEH3, STM32G471VEH6, STM32G471VEI3, STM32G471VEI6, STM32G471VET3, STM32G471VET6, STM32G474CCT6, STM32H503CBT6, STM32H503CBU6, STM32H503EBY6TR, STM32H503KBU6, STM32H503RBT6, STM32H562AGI6, STM32H562AII6, STM32H562IGK6, STM32H562IGT6, STM32H562IIK6, STM32H562IIT6, STM32H562RGT6, STM32H562RGV6, STM32H562RIT6, STM32H562RIV6, STM32H562VGT6, STM32H562VIT6, STM32H562ZGT6, STM32H562ZIT6, STM32H563AGI6, STM32H563AII3Q, STM32H563AII6, STM32H563IGK6, STM32H563IGT6, STM32H563IIK3Q, STM32H563IIK6, STM32H563IIT3Q, STM32H563IIT6, STM32H563MIY3QTR, STM32H563RGT6, STM32H563RGV6, STM32H563RIT6, STM32H563RIV6, STM32H563VGT6, STM32H563VIT3Q, STM32H563VIT6, STM32H563ZGT6, STM32H563ZIT3Q, STM32H563ZIT6, STM32H573AII3Q, STM32H573AII6, STM32H573I-DK, STM32H573IIK3Q, STM32H573IIK6, STM32H573IIT3Q, STM32H573IIT6, STM32H573MIY3QTR, STM32H573RIT6, STM32H573RIV6, STM32H573VIT3Q, STM32H573VIT6, STM32H573ZIT3Q, STM32H573ZIT6, STM32L4R5QGI6STR, STM32MP131AAE3, STM32MP131AAF3, STM32MP131AAG3, STM32MP131CAE3, STM32MP131CAF3, STM32MP131CAG3, STM32MP131DAE7, STM32MP131DAF7, STM32MP131DAG7, STM32MP131FAE7, STM32MP131FAF7, STM32MP131FAG7, STM32MP133AAE3, STM32MP133AAF3, STM32MP133AAG3, STM32MP133CAE3, STM32MP133CAF3, STM32MP133CAG3, STM32MP133DAE7, STM32MP133DAF7, STM32MP133DAG7, STM32MP133FAE7, STM32MP133FAF7, STM32MP133FAG7, STM32MP135AAE3, STM32MP135AAF3, STM32MP135AAG3, STM32MP135CAE3, STM32MP135CAF3, STM32MP135CAG3, STM32MP135DAE7, STM32MP135DAF7, STM32MP135DAG7, STM32MP135F-DK, STM32MP135FAE7, STM32MP135FAF7, STM32MP135FAF7T, STM32MP135FAF7U, STM32MP135FAG7, STM32U535CBT6, STM32U535CBT6Q, STM32U535CBU6, STM32U535CBU6Q, STM32U535CCT6, STM32U535CCT6Q, STM32U535CCU6, STM32U535CCU6Q, STM32U535CET6, STM32U535CET6Q, STM32U535CEU6, STM32U535CEU6Q, STM32U535JEY6QTR, STM32U535NCY6QTR, STM32U535NEY6QTR, STM32U535RBI6, STM32U535RBI6Q, STM32U535RBT6, STM32U535RBT6Q, STM32U535RCI6, STM32U535RCI6Q, STM32U535RCT6, STM32U535RCT6Q, STM32U535REI6, STM32U535REI6Q, STM32U535RET6, STM32U535RET6Q, STM32U535VCI6, STM32U535VCI6Q, STM32U535VCT6, STM32U535VCT6Q, STM32U535VEI6, STM32U535VEI6Q, STM32U535VET6, STM32U535VET6Q, STM32U545CET6, STM32U545CET6Q, STM32U545CEU6, STM32U545CEU6Q, STM32U545JEY6QTR, STM32U545NEY6QTR, STM32U545REI6, STM32U545REI6Q, STM32U545RET6, STM32U545RET6Q, STM32U545VEI6, STM32U545VEI6Q, STM32U545VET6, STM32U545VET6Q, STM32U595AIH6, STM32U595AIH6Q, STM32U595AJH6, STM32U595AJH6Q, STM32U595QII6, STM32U595QII6Q, STM32U595QJI6, STM32U595QJI6Q, STM32U595RIT6, STM32U595RIT6Q, STM32U595RJT6, STM32U595RJT6Q, STM32U595VIT6, STM32U595VIT6Q, STM32U595VJT6, STM32U595VJT6Q, STM32U595ZIT6, STM32U595ZIT6Q, STM32U595ZIY6QTR, STM32U595ZJT6, STM32U595ZJT6Q, STM32U595ZJY6QTR, STM32U599BJY6QTR, STM32U599NIH6Q, STM32U599NJH6Q, STM32U599VIT6Q, STM32U599VJT6, STM32U599VJT6Q, STM32U599ZIT6Q, STM32U599ZIY6QTR, STM32U599ZJT6Q, STM32U599ZJY6QTR, STM32U5A5AJH6, STM32U5A5AJH6Q, STM32U5A5QJI6, STM32U5A5QJI6Q, STM32U5A5RJT6, STM32U5A5RJT6Q, STM32U5A5VJT6, STM32U5A5VJT6Q, STM32U5A5ZJT6, STM32U5A5ZJT6Q, STM32U5A5ZJY6QTR, STM32U5A9BJY6QTR, STM32U5A9J-DK, STM32U5A9NJH6Q, STM32U5A9VJT6Q, STM32U5A9ZJT6Q, STM32U5A9ZJY6QTR, STM32U5F7VIT6, STM32U5F7VIT6Q, STM32U5F7VJT6, STM32U5F7VJT6Q, STM32U5F9BJY6QTR, STM32U5F9NJH6Q, STM32U5F9VIT6Q, STM32U5F9VJT6Q, STM32U5F9ZIJ6QTR, STM32U5F9ZIT6Q, STM32U5F9ZJJ6QTR, STM32U5F9ZJT6Q, STM32U5G7VJT6, STM32U5G7VJT6Q, STM32U5G9BJY6QTR, STM32U5G9J-DK1, STM32U5G9J-DK2, STM32U5G9NJH6Q, STM32U5G9VJT6Q, STM32U5G9ZJJ6QTR, STM32U5G9ZJT6Q, STM32WB1MMCH6, STM32WBA50KEU6, STM32WBA50KEU6TR, STM32WBA50KGU6, STM32WBA50KGU6TR, STM32WBA52CEU6, STM32WBA52CEU6TR, STM32WBA52CEU7, STM32WBA52CEU7TR, STM32WBA52CGU6, STM32WBA52CGU6TR, STM32WBA52CGU6U, STM32WBA52CGU7, STM32WBA52CGU7TR, STM32WBA52KEU6, STM32WBA52KEU6TR, STM32WBA52KGU6, STM32WBA52KGU6TR, STM32WBA54CEU6, STM32WBA54CEU6TR, STM32WBA54CEU7, STM32WBA54CEU7TR, STM32WBA54CGU6, STM32WBA54CGU6TR, STM32WBA54CGU7, STM32WBA54CGU7TR, STM32WBA54KEU6, STM32WBA54KEU6TR, STM32WBA54KEU7, STM32WBA54KEU7TR, STM32WBA54KGU6, STM32WBA54KGU6TR, STM32WBA54KGU7, STM32WBA54KGU7TR, STM32WBA55CEU6, STM32WBA55CEU6TR, STM32WBA55CEU7, STM32WBA55CEU7TR, STM32WBA55CGU6, STM32WBA55CGU6TR, STM32WBA55CGU6U, STM32WBA55CGU7, STM32WBA55CGU7TR, STM32WBA55G-DK1, STM32WBA55HEF6, STM32WBA55HEF7, STM32WBA55HGF6, STM32WBA55HGF7, STM32WBA55UEI6, STM32WBA55UEI6TR, STM32WBA55UEI7, STM32WBA55UEI7TR, STM32WBA55UGI6, STM32WBA55UGI6TR, STM32WBA55UGI7, STM32WBA55UGI7TR, STM32WL5MOCH6, STM32WL5MOCH6TR]
2023-12-28 14:57:17,297 [INFO] DbMcus:218 - Found 3930 MCUs, 3930 are supported
2023-12-28 14:57:17,297 [INFO] ApiDb:423 - Load user favorites file C:\Users\bozo2/.stm32cubeide/favorites.mcus.txt: 0 item(s)
2023-12-28 14:57:17,297 [INFO] ApiDb:427 - User favorites MCUs=[]
2023-12-28 14:57:17,297 [INFO] DbMcus:224 - Set 0 / 0 favorites MCUs
2023-12-28 14:57:17,687 [INFO] MicroXplorer:468 - Change Database Path : 
2023-12-28 14:57:17,688 [INFO] MicroXplorer:498 - Change Database Version : DB.6.0.100
2023-12-28 14:57:17,688 [WARN] ThirdParty:833 - waiting for thirdparty lock release [change project]
2023-12-28 14:57:17,688 [INFO] ThirdParty:835 - entering critical section [change project]
2023-12-28 14:57:17,688 [INFO] ThirdParty:1030 - CMSIS Pack Vendor :STMicroelectronics X-CUBE-ISPU 1.1.0
2023-12-28 14:57:17,688 [INFO] ThirdParty:1030 - CMSIS Pack Vendor :STMicroelectronics USBPD 4.1
2023-12-28 14:57:17,688 [INFO] ThirdParty:1030 - CMSIS Pack Vendor :STMicroelectronics X-CUBE-GNSS1 6.0.0
2023-12-28 14:57:17,688 [INFO] ThirdParty:1030 - CMSIS Pack Vendor :STMicroelectronics USB_HOST 2.0.0
2023-12-28 14:57:17,689 [INFO] ThirdParty:1030 - CMSIS Pack Vendor :STMicroelectronics X-CUBE-AZRTOS-F4 1.1.0
2023-12-28 14:57:17,689 [INFO] ThirdParty:1030 - CMSIS Pack Vendor :STMicroelectronics LIBJPEG 8.0.0
2023-12-28 14:57:17,689 [INFO] ThirdParty:1030 - CMSIS Pack Vendor :wolfSSL I-CUBE-wolfSSL 5.6.3
2023-12-28 14:57:17,689 [INFO] ThirdParty:1030 - CMSIS Pack Vendor :STMicroelectronics X-CUBE-SMBUS 2.1.0
2023-12-28 14:57:17,689 [INFO] ThirdParty:1030 - CMSIS Pack Vendor :STMicroelectronics USB_DEVICE 3.0.0
2023-12-28 14:57:17,689 [INFO] ThirdParty:1030 - CMSIS Pack Vendor :STMicroelectronics X-CUBE-AZRTOS-WB 2.0.0
2023-12-28 14:57:17,689 [INFO] ThirdParty:1030 - CMSIS Pack Vendor :STMicroelectronics X-CUBE-FREERTOS 1.0.1
2023-12-28 14:57:17,689 [INFO] ThirdParty:1030 - CMSIS Pack Vendor :STMicroelectronics X-CUBE-TOUCHGFX 4.23.0
2023-12-28 14:57:17,689 [INFO] ThirdParty:1030 - CMSIS Pack Vendor :STMicroelectronics X-CUBE-AZRTOS-F7 1.1.0
2023-12-28 14:57:17,689 [INFO] ThirdParty:1030 - CMSIS Pack Vendor :STMicroelectronics X-CUBE-AZRTOS-L5 2.0.0
2023-12-28 14:57:17,689 [INFO] ThirdParty:1030 - CMSIS Pack Vendor :STMicroelectronics USB_DEVICE 2.0.0
2023-12-28 14:57:17,689 [INFO] ThirdParty:1030 - CMSIS Pack Vendor :STMicroelectronics X-CUBE-MEMS1 9.6.0
2023-12-28 14:57:17,689 [INFO] ThirdParty:1030 - CMSIS Pack Vendor :STMicroelectronics X-CUBE-EEPRMA1 4.2.0
2023-12-28 14:57:17,689 [INFO] ThirdParty:1030 - CMSIS Pack Vendor :ITTIA_DB I-CUBE-ITTIADB 8.8.0
2023-12-28 14:57:17,689 [INFO] ThirdParty:1030 - CMSIS Pack Vendor :STMicroelectronics FP-SNS-MOTENV1 4.3.2
2023-12-28 14:57:17,689 [INFO] ThirdParty:1030 - CMSIS Pack Vendor :STMicroelectronics FP-SNS-FLIGHT1 5.0.1
2023-12-28 14:57:17,689 [INFO] ThirdParty:1030 - CMSIS Pack Vendor :STMicroelectronics X-CUBE-ALGOBUILD 1.3.0
2023-12-28 14:57:17,689 [INFO] ThirdParty:1030 - CMSIS Pack Vendor :STMicroelectronics X-CUBE-BLE1 6.2.4
2023-12-28 14:57:17,689 [INFO] ThirdParty:1030 - CMSIS Pack Vendor :STMicroelectronics X-CUBE-AZRTOS-L5 1.1.0
2023-12-28 14:57:17,689 [INFO] ThirdParty:1030 - CMSIS Pack Vendor :STMicroelectronics FreeRTOS 0.0.1
2023-12-28 14:57:17,689 [INFO] ThirdParty:1030 - CMSIS Pack Vendor :STMicroelectronics X-CUBE-AZRTOS-G0 1.1.0
2023-12-28 14:57:17,689 [INFO] ThirdParty:1030 - CMSIS Pack Vendor :STMicroelectronics X-CUBE-BLEMGR 2.0.0
2023-12-28 14:57:17,689 [INFO] ThirdParty:1030 - CMSIS Pack Vendor :STMicroelectronics X-CUBE-AI 8.0.1
2023-12-28 14:57:17,689 [INFO] ThirdParty:1030 - CMSIS Pack Vendor :STMicroelectronics X-CUBE-NFC4 3.0.0
2023-12-28 14:57:17,690 [INFO] ThirdParty:1030 - CMSIS Pack Vendor :STMicroelectronics X-CUBE-SUBG2 5.0.0
2023-12-28 14:57:17,690 [INFO] ThirdParty:1030 - CMSIS Pack Vendor :STMicroelectronics STM32_WPAN 1.0.0
2023-12-28 14:57:17,690 [INFO] ThirdParty:1030 - CMSIS Pack Vendor :STMicroelectronics lwIP 2.0.3
2023-12-28 14:57:17,690 [INFO] ThirdParty:1030 - CMSIS Pack Vendor :STMicroelectronics FP-SNS-FLIGHT1 5.0.2
2023-12-28 14:57:17,690 [INFO] ThirdParty:1030 - CMSIS Pack Vendor :STMicroelectronics USB_HOST 1.0.0
2023-12-28 14:57:17,690 [INFO] ThirdParty:1030 - CMSIS Pack Vendor :STMicroelectronics X-CUBE-TOF1 3.3.1
2023-12-28 14:57:17,690 [INFO] ThirdParty:1030 - CMSIS Pack Vendor :STMicroelectronics X-CUBE-AZRTOS-G4 2.0.0
2023-12-28 14:57:17,690 [INFO] ThirdParty:1030 - CMSIS Pack Vendor :STMicroelectronics PDM2PCM 3.1.0
2023-12-28 14:57:17,690 [INFO] ThirdParty:1030 - CMSIS Pack Vendor :STMicroelectronics X-CUBE-AZRTOS-H7 3.1.0
2023-12-28 14:57:17,690 [INFO] ThirdParty:1030 - CMSIS Pack Vendor :STMicroelectronics X-CUBE-TOF1 3.3.0
2023-12-28 14:57:17,690 [INFO] ThirdParty:1030 - CMSIS Pack Vendor :Infineon AIROC-Wi-Fi-Bluetooth-STM32 1.5.1
2023-12-28 14:57:17,690 [INFO] ThirdParty:1030 - CMSIS Pack Vendor :STMicroelectronics X-CUBE-BLEMGR 3.0.0
2023-12-28 14:57:17,690 [INFO] ThirdParty:1030 - CMSIS Pack Vendor :STMicroelectronics PDM2PCM 3.3.0
2023-12-28 14:57:17,690 [INFO] ThirdParty:1030 - CMSIS Pack Vendor :STMicroelectronics X-CUBE-DISPLAY 3.0.0
2023-12-28 14:57:17,690 [INFO] ThirdParty:1030 - CMSIS Pack Vendor :STMicroelectronics FP-SNS-MOTENVWB1 1.3.1
2023-12-28 14:57:17,690 [INFO] ThirdParty:1030 - CMSIS Pack Vendor :STMicroelectronics X-CUBE-BLE1 7.0.0
2023-12-28 14:57:17,690 [INFO] ThirdParty:1030 - CMSIS Pack Vendor :STMicroelectronics FP-ATR-SIGFOX1 3.2.0
2023-12-28 14:57:17,690 [INFO] ThirdParty:1030 - CMSIS Pack Vendor :STMicroelectronics X-CUBE-ISPU 2.0.0
2023-12-28 14:57:17,690 [INFO] ThirdParty:1030 - CMSIS Pack Vendor :STMicroelectronics HAL Drivers 0.0.0
2023-12-28 14:57:17,690 [INFO] ThirdParty:1030 - CMSIS Pack Vendor :STMicroelectronics MBEDTLS 2.16.2
2023-12-28 14:57:17,690 [INFO] ThirdParty:1030 - CMSIS Pack Vendor :emotas I-CUBE-CANOPEN 1.3.0
2023-12-28 14:57:17,690 [INFO] ThirdParty:1030 - CMSIS Pack Vendor :STMicroelectronics X-CUBE-MEMS1 10.0.0
2023-12-28 14:57:17,690 [INFO] ThirdParty:1030 - CMSIS Pack Vendor :STMicroelectronics X-CUBE-FREERTOS 1.1.0
2023-12-28 14:57:17,690 [INFO] ThirdParty:1030 - CMSIS Pack Vendor :STMicroelectronics X-CUBE-TOUCHGFX 4.22.0
2023-12-28 14:57:17,690 [INFO] ThirdParty:1030 - CMSIS Pack Vendor :STMicroelectronics X-CUBE-NFC7 1.0.1
2023-12-28 14:57:17,690 [INFO] ThirdParty:1030 - CMSIS Pack Vendor :STMicroelectronics MBEDTLS 2.14.1
2023-12-28 14:57:17,691 [INFO] ThirdParty:1030 - CMSIS Pack Vendor :STMicroelectronics X-CUBE-TOUCHGFX 4.22.1
2023-12-28 14:57:17,691 [INFO] ThirdParty:1030 - CMSIS Pack Vendor :STMicroelectronics X-CUBE-NFC6 3.0.0
2023-12-28 14:57:17,691 [INFO] ThirdParty:1030 - CMSIS Pack Vendor :STMicroelectronics X-CUBE-EEPRMA1 4.1.0
2023-12-28 14:57:17,691 [INFO] ThirdParty:1030 - CMSIS Pack Vendor :portGmbH I-Cube-SoM-uGOAL 1.1.0
2023-12-28 14:57:17,691 [INFO] ThirdParty:1030 - CMSIS Pack Vendor :STMicroelectronics X-CUBE-ALS 1.0.1
2023-12-28 14:57:17,691 [INFO] ThirdParty:1030 - CMSIS Pack Vendor :STMicroelectronics ThreadX 1.0.0
2023-12-28 14:57:17,691 [INFO] ThirdParty:1030 - CMSIS Pack Vendor :STMicroelectronics FP-SNS-SMARTAG2 1.2.0
2023-12-28 14:57:17,691 [INFO] ThirdParty:1030 - CMSIS Pack Vendor :STMicroelectronics X-CUBE-AZRTOS-WB 1.1.0
2023-12-28 14:57:17,691 [INFO] ThirdParty:1030 - CMSIS Pack Vendor :STMicroelectronics X-CUBE-AZRTOS-WL 2.0.0
2023-12-28 14:57:17,691 [INFO] ThirdParty:1030 - CMSIS Pack Vendor :SEGGER I-CUBE-embOS 1.3.1
2023-12-28 14:57:17,691 [INFO] ThirdParty:1030 - CMSIS Pack Vendor :STMicroelectronics USB_DEVICE 1.0.0
2023-12-28 14:57:17,691 [INFO] ThirdParty:1030 - CMSIS Pack Vendor :STMicroelectronics X-CUBE-AI 8.1.0
2023-12-28 14:57:17,691 [INFO] ThirdParty:1030 - CMSIS Pack Vendor :STMicroelectronics X-CUBE-AZRTOS-L4 2.0.0
2023-12-28 14:57:17,691 [INFO] ThirdParty:1030 - CMSIS Pack Vendor :STMicroelectronics ThreadX 0.0.2
2023-12-28 14:57:17,691 [INFO] ThirdParty:1030 - CMSIS Pack Vendor :WES I-CUBE-Cesium 1.3.0
2023-12-28 14:57:17,691 [INFO] ThirdParty:1030 - CMSIS Pack Vendor :STMicroelectronics FP-ATR-ASTRA1 2.0.0
2023-12-28 14:57:17,691 [INFO] ThirdParty:1030 - CMSIS Pack Vendor :STMicroelectronics lwIP 2.1.2
2023-12-28 14:57:17,691 [INFO] ThirdParty:1030 - CMSIS Pack Vendor :STMicroelectronics X-CUBE-SFXS2LP1 4.0.0
2023-12-28 14:57:17,691 [INFO] ThirdParty:1030 - CMSIS Pack Vendor :STMicroelectronics X-CUBE-BLE2 3.3.0
2023-12-28 14:57:17,691 [INFO] ThirdParty:1030 - CMSIS Pack Vendor :STMicroelectronics X-CUBE-TOF1 3.4.0
2023-12-28 14:57:17,691 [INFO] ThirdParty:1030 - CMSIS Pack Vendor :STMicroelectronics X-CUBE-AZRTOS-H7 3.2.0
2023-12-28 14:57:17,691 [INFO] ThirdParty:1030 - CMSIS Pack Vendor :STMicroelectronics PDM2PCM 3.2.0
2023-12-28 14:57:17,691 [INFO] ThirdParty:841 - exiting critical section [change project]
2023-12-28 14:57:18,082 [INFO] PinOutPanel:1499 - setPackage(No Configuration,No Configuration)
2023-12-28 14:57:18,089 [INFO] PinOutPanel:1499 - setPackage(STM32F446RETx,LQFP64)
2023-12-28 14:57:18,772 [INFO] UtilMem:75 - Before build in PCC Used Memory: 240898072 Bytes (754974720)
2023-12-28 14:57:19,559 [INFO] UtilMem:75 - After build in PCC Used Memory: 327546784 Bytes (754974720)
2023-12-28 14:57:19,591 [INFO] IPUIPlugin:80 - create IPUIPlugin
2023-12-28 14:57:19,591 [INFO] IPUIPlugin:80 - create IPUIPlugin
2023-12-28 14:57:19,591 [INFO] IPUIPlugin:80 - create IPUIPlugin
2023-12-28 14:57:19,591 [INFO] IPUIPlugin:80 - create IPUIPlugin
2023-12-28 14:57:19,591 [INFO] IPUIPlugin:80 - create IPUIPlugin
2023-12-28 14:57:19,592 [INFO] IPUIPlugin:80 - create IPUIPlugin
2023-12-28 14:57:19,592 [INFO] IPUIPlugin:80 - create IPUIPlugin
2023-12-28 14:57:19,592 [INFO] IPUIPlugin:80 - create IPUIPlugin
2023-12-28 14:57:19,592 [INFO] IPUIPlugin:80 - create IPUIPlugin
2023-12-28 14:57:19,592 [INFO] IPUIPlugin:80 - create IPUIPlugin
2023-12-28 14:57:19,592 [INFO] IPUIPlugin:80 - create IPUIPlugin
2023-12-28 14:57:19,593 [INFO] IPUIPlugin:80 - create IPUIPlugin
2023-12-28 14:57:19,593 [INFO] IPUIPlugin:80 - create IPUIPlugin
2023-12-28 14:57:19,593 [INFO] IPUIPlugin:80 - create IPUIPlugin
2023-12-28 14:57:19,593 [INFO] IPUIPlugin:80 - create IPUIPlugin
2023-12-28 14:57:19,593 [INFO] IPUIPlugin:80 - create IPUIPlugin
2023-12-28 14:57:19,593 [INFO] IPUIPlugin:80 - create IPUIPlugin
2023-12-28 14:57:19,593 [INFO] IPUIPlugin:80 - create IPUIPlugin
2023-12-28 14:57:19,593 [INFO] IPUIPlugin:80 - create IPUIPlugin
2023-12-28 14:57:19,594 [INFO] IPUIPlugin:80 - create IPUIPlugin
2023-12-28 14:57:19,594 [INFO] IPUIPlugin:80 - create IPUIPlugin
2023-12-28 14:57:19,594 [INFO] IPUIPlugin:80 - create IPUIPlugin
2023-12-28 14:57:19,594 [INFO] IPUIPlugin:80 - create IPUIPlugin
2023-12-28 14:57:19,594 [INFO] IPUIPlugin:80 - create IPUIPlugin
2023-12-28 14:57:19,594 [INFO] IPUIPlugin:80 - create IPUIPlugin
2023-12-28 14:57:19,595 [INFO] IPUIPlugin:80 - create IPUIPlugin
2023-12-28 14:57:19,595 [INFO] IPUIPlugin:80 - create IPUIPlugin
2023-12-28 14:57:19,595 [INFO] IPUIPlugin:80 - create IPUIPlugin
2023-12-28 14:57:19,595 [INFO] IPUIPlugin:80 - create IPUIPlugin
2023-12-28 14:57:19,595 [INFO] IPUIPlugin:80 - create IPUIPlugin
2023-12-28 14:57:19,596 [INFO] IPUIPlugin:80 - create IPUIPlugin
2023-12-28 14:57:19,596 [INFO] IPUIPlugin:80 - create IPUIPlugin
2023-12-28 14:57:19,596 [INFO] IPUIPlugin:80 - create IPUIPlugin
2023-12-28 14:57:19,596 [INFO] IPUIPlugin:80 - create IPUIPlugin
2023-12-28 14:57:19,596 [INFO] IPUIPlugin:80 - create IPUIPlugin
2023-12-28 14:57:19,596 [INFO] IPUIPlugin:80 - create IPUIPlugin
2023-12-28 14:57:19,597 [INFO] IPUIPlugin:80 - create IPUIPlugin
2023-12-28 14:57:19,597 [INFO] IPUIPlugin:80 - create IPUIPlugin
2023-12-28 14:57:19,597 [INFO] IPUIPlugin:80 - create IPUIPlugin
2023-12-28 14:57:19,597 [INFO] IPUIPlugin:80 - create IPUIPlugin
2023-12-28 14:57:19,597 [INFO] IPUIPlugin:80 - create IPUIPlugin
2023-12-28 14:57:19,597 [INFO] IPUIPlugin:80 - create IPUIPlugin
2023-12-28 14:57:19,598 [INFO] IPUIPlugin:80 - create IPUIPlugin
2023-12-28 14:57:19,598 [INFO] IPUIPlugin:80 - create IPUIPlugin
2023-12-28 14:57:19,598 [INFO] IPUIPlugin:80 - create IPUIPlugin
2023-12-28 14:57:19,598 [INFO] IPUIPlugin:80 - create IPUIPlugin
2023-12-28 14:57:19,598 [INFO] IPUIPlugin:80 - create IPUIPlugin
2023-12-28 14:57:19,599 [INFO] IPUIPlugin:80 - create IPUIPlugin
2023-12-28 14:57:19,599 [INFO] IPUIPlugin:80 - create IPUIPlugin
2023-12-28 14:57:19,599 [INFO] IPUIPlugin:80 - create IPUIPlugin
2023-12-28 14:57:19,599 [INFO] IPUIPlugin:80 - create IPUIPlugin
2023-12-28 14:57:19,600 [INFO] IPUIPlugin:80 - create IPUIPlugin
2023-12-28 14:57:19,600 [INFO] IPUIPlugin:80 - create IPUIPlugin
2023-12-28 14:57:19,600 [INFO] IPUIPlugin:80 - create IPUIPlugin
2023-12-28 14:57:19,601 [INFO] IPUIPlugin:80 - create IPUIPlugin
2023-12-28 14:57:19,601 [INFO] IPUIPlugin:80 - create IPUIPlugin
2023-12-28 14:57:19,601 [INFO] IPUIPlugin:80 - create IPUIPlugin
2023-12-28 14:57:19,602 [INFO] IPUIPlugin:80 - create IPUIPlugin
2023-12-28 14:57:19,603 [INFO] IPUIPlugin:80 - create IPUIPlugin
2023-12-28 14:57:19,603 [INFO] IPUIPlugin:80 - create IPUIPlugin
2023-12-28 14:57:19,689 [INFO] ApiDbMcu:508 - Load IP Config File for PDM2PCM
2023-12-28 14:57:19,702 [WARN] IP:2119 - I2C_Coeff_DF not found: check if there is a RefParameter without a condition.
2023-12-28 14:57:19,702 [WARN] IP:2119 - Analog_Filter not found: check if there is a RefParameter without a condition.
2023-12-28 14:57:19,910 [INFO] CADModel:165 - CPN selected for project levelSTM32F446RET6
2023-12-28 14:57:19,910 [INFO] CADModel:114 - Register for checkConnection events
2023-12-28 14:57:19,968 [INFO] OpenFileManager:343 - Restore cursor
2023-12-28 14:57:20,168 [WARN] IP:2119 - I2C_Coeff_DF not found: check if there is a RefParameter without a condition.
2023-12-28 14:57:20,168 [WARN] IP:2119 - Analog_Filter not found: check if there is a RefParameter without a condition.
2023-12-28 14:57:20,169 [WARN] IP:2119 - I2C_Coeff_DF not found: check if there is a RefParameter without a condition.
2023-12-28 14:57:20,169 [WARN] IP:2119 - Analog_Filter not found: check if there is a RefParameter without a condition.
2023-12-28 15:18:25,042 [WARN] IP:2119 - I2C_Coeff_DF not found: check if there is a RefParameter without a condition.
2023-12-28 15:18:25,042 [WARN] IP:2119 - Analog_Filter not found: check if there is a RefParameter without a condition.
2023-12-28 15:18:25,059 [INFO] NvicIntPanel:101 - NVIC parent = com.st.microxplorer.plugins.ip.nvic.MultiNvicIntPanel[,0,0,0x0,invalid,layout=javax.swing.BoxLayout,alignmentX=0.0,alignmentY=0.0,border=,flags=9,maximumSize=,minimumSize=,preferredSize=]
2023-12-28 15:18:30,032 [WARN] IP:2119 - I2C_Coeff_DF not found: check if there is a RefParameter without a condition.
2023-12-28 15:18:30,032 [WARN] IP:2119 - Analog_Filter not found: check if there is a RefParameter without a condition.
2023-12-28 15:18:30,033 [WARN] IP:2119 - I2C_Coeff_DF not found: check if there is a RefParameter without a condition.
2023-12-28 15:18:30,033 [WARN] IP:2119 - Analog_Filter not found: check if there is a RefParameter without a condition.
2023-12-28 15:18:30,124 [INFO] NvicIntPanel:101 - NVIC parent = com.st.microxplorer.plugins.ip.nvic.MultiNvicIntPanel[,0,0,0x0,invalid,layout=javax.swing.BoxLayout,alignmentX=0.0,alignmentY=0.0,border=,flags=9,maximumSize=,minimumSize=,preferredSize=]
2023-12-28 15:18:37,392 [WARN] IP:2119 - I2C_Coeff_DF not found: check if there is a RefParameter without a condition.
2023-12-28 15:18:37,392 [WARN] IP:2119 - Analog_Filter not found: check if there is a RefParameter without a condition.
2023-12-28 16:06:22,217 [ERROR] LogOutputStream:75 - [STDERR_REDIRECT] 
