2024-04-15 01:46:13,770 [ERROR] LogOutputStream:75 - [STDERR_REDIRECT] [Fatal Error] :1:1: Premature end of file.
2024-04-15 01:46:13,808 [ERROR] LogOutputStream:75 - [STDERR_REDIRECT] 
2024-04-15 01:46:14,637 [ERROR] LogOutputStream:75 - [STDERR_REDIRECT] [Fatal Error] :1:1: Premature end of file.
2024-04-15 01:46:14,637 [ERROR] LogOutputStream:75 - [STDERR_REDIRECT] 
2024-04-15 01:46:15,635 [ERROR] LogOutputStream:75 - [STDERR_REDIRECT] [Fatal Error] :1:1: Premature end of file.
2024-04-15 01:46:15,635 [ERROR] LogOutputStream:75 - [STDERR_REDIRECT] 
2024-04-15 01:46:16,635 [ERROR] LogOutputStream:75 - [STDERR_REDIRECT] [Fatal Error] :1:1: Premature end of file.
2024-04-15 01:46:16,635 [ERROR] LogOutputStream:75 - [STDERR_REDIRECT] 
2024-04-15 01:46:17,635 [ERROR] LogOutputStream:75 - [STDERR_REDIRECT] [Fatal Error] :1:1: Premature end of file.
2024-04-15 01:46:17,635 [ERROR] LogOutputStream:75 - [STDERR_REDIRECT] 
2024-04-15 01:46:18,633 [ERROR] LogOutputStream:75 - [STDERR_REDIRECT] [Fatal Error] :1:1: Premature end of file.
2024-04-15 01:46:18,633 [ERROR] LogOutputStream:75 - [STDERR_REDIRECT] 
2024-04-15 01:46:19,634 [ERROR] LogOutputStream:75 - [STDERR_REDIRECT] [Fatal Error] :1:1: Premature end of file.
2024-04-15 01:46:19,634 [ERROR] LogOutputStream:75 - [STDERR_REDIRECT] 
2024-04-15 01:46:20,638 [ERROR] LogOutputStream:75 - [STDERR_REDIRECT] [Fatal Error] :1:1: Premature end of file.
2024-04-15 01:46:20,638 [ERROR] LogOutputStream:75 - [STDERR_REDIRECT] 
2024-04-15 01:46:21,634 [ERROR] LogOutputStream:75 - [STDERR_REDIRECT] [Fatal Error] :1:1: Premature end of file.
2024-04-15 01:46:21,634 [ERROR] LogOutputStream:75 - [STDERR_REDIRECT] 
2024-04-15 01:46:22,634 [ERROR] LogOutputStream:75 - [STDERR_REDIRECT] [Fatal Error] :1:1: Premature end of file.
2024-04-15 01:46:22,634 [ERROR] LogOutputStream:75 - [STDERR_REDIRECT] 
2024-04-15 01:46:23,635 [ERROR] LogOutputStream:75 - [STDERR_REDIRECT] [Fatal Error] :1:1: Premature end of file.
2024-04-15 01:46:23,635 [ERROR] LogOutputStream:75 - [STDERR_REDIRECT] 
2024-04-15 01:46:24,633 [ERROR] LogOutputStream:75 - [STDERR_REDIRECT] [Fatal Error] :1:1: Premature end of file.
2024-04-15 01:46:24,634 [ERROR] LogOutputStream:75 - [STDERR_REDIRECT] 
2024-04-15 01:46:25,633 [ERROR] LogOutputStream:75 - [STDERR_REDIRECT] [Fatal Error] :1:1: Premature end of file.
2024-04-15 01:46:25,633 [ERROR] LogOutputStream:75 - [STDERR_REDIRECT] 
2024-04-15 01:46:26,634 [ERROR] LogOutputStream:75 - [STDERR_REDIRECT] [Fatal Error] :1:1: Premature end of file.
2024-04-15 01:46:26,634 [ERROR] LogOutputStream:75 - [STDERR_REDIRECT] 
2024-04-15 01:46:27,635 [ERROR] LogOutputStream:75 - [STDERR_REDIRECT] [Fatal Error] :1:1: Premature end of file.
2024-04-15 01:46:27,635 [ERROR] LogOutputStream:75 - [STDERR_REDIRECT] 
2024-04-15 01:50:57,742 [INFO] Activator:176 - 


2024-04-15 01:50:57,744 [INFO] Activator:177 - !SESSION log4j initialized
2024-04-15 01:51:03,367 [INFO] LogOutputStream:77 - [STDOUT_REDIRECT] 
2024-04-15 01:51:07,966 [INFO] ApplicationProperties:184 - Using Application install path: C:\ST\STM32CubeIDE_1.13.1\STM32CubeIDE\plugins\com.st.stm32cube.common.mx_6.11.0.202403141607
2024-04-15 01:51:07,987 [INFO] DbMcusXml:78 - Set database path to: C:\ST\STM32CubeIDE_1.13.1\STM32CubeIDE\plugins\com.st.stm32cube.common.mx_6.11.0.202403141607\\db\/mcu/
2024-04-15 01:51:07,987 [INFO] ApiDb:274 - Set plugin database path to: C:\ST\STM32CubeIDE_1.13.1\STM32CubeIDE\plugins\com.st.stm32cube.common.mx_6.11.0.202403141607\\db\/plugins/boardmanager/
2024-04-15 01:51:07,988 [WARN] ApiDb:259 - Overriding images path with different value:  => C:\ST\STM32CubeIDE_1.13.1\STM32CubeIDE\plugins\com.st.stm32cube.common.mx_6.11.0.202403141607\\db\/plugins/mcufinder/images/
2024-04-15 01:51:08,006 [INFO] ApiDb:250 - Set database path to: C:\Users\bozo2\.stmcufinder\plugins\mcufinder//mcu/
2024-04-15 01:51:08,007 [INFO] DbMcusAds:125 - Set database path to: C:\Users\bozo2\.stmcufinder\plugins\mcufinder//mcu/
2024-04-15 01:51:08,010 [INFO] CrossReferenceDbSqlite:203 - Set database path to: C:\Users\bozo2\.stmcufinder\plugins\mcufinder//mcu/cs/
2024-04-15 01:51:08,146 [INFO] RulesReader:64 - Compatibility file has been processed (297 Rules)
2024-04-15 01:51:08,241 [INFO] DbMcusXml:78 - Set database path to: C:\ST\STM32CubeIDE_1.13.1\STM32CubeIDE\plugins\com.st.stm32cube.common.mx_6.11.0.202403141607\\db\/mcu/
2024-04-15 01:51:08,241 [INFO] ApiDb:274 - Set plugin database path to: C:\ST\STM32CubeIDE_1.13.1\STM32CubeIDE\plugins\com.st.stm32cube.common.mx_6.11.0.202403141607\\db\/plugins/boardmanager/
2024-04-15 01:51:08,242 [INFO] ApiDb:261 - Set plugin images path to: C:\ST\STM32CubeIDE_1.13.1\STM32CubeIDE\plugins\com.st.stm32cube.common.mx_6.11.0.202403141607\\db\/plugins/mcufinder/images/
2024-04-15 01:51:08,242 [WARN] DbFile:41 - Overriding database path with different value: C:\Users\bozo2\.stmcufinder\plugins\mcufinder/ => C:\Users\bozo2\.stmcufinder\plugins\mcufinder
2024-04-15 01:51:08,242 [INFO] ApiDb:250 - Set database path to: C:\Users\bozo2\.stmcufinder\plugins\mcufinder//mcu/
2024-04-15 01:51:08,242 [WARN] DbFile:41 - Overriding database path with different value: C:\Users\bozo2\.stmcufinder\plugins\mcufinder/ => C:\Users\bozo2\.stmcufinder\plugins\mcufinder
2024-04-15 01:51:08,242 [INFO] DbMcusAds:125 - Set database path to: C:\Users\bozo2\.stmcufinder\plugins\mcufinder//mcu/
2024-04-15 01:51:08,242 [WARN] DbFile:41 - Overriding database path with different value: C:\Users\bozo2\.stmcufinder\plugins\mcufinder/ => C:\Users\bozo2\.stmcufinder\plugins\mcufinder
2024-04-15 01:51:08,242 [WARN] DbFile:41 - Overriding database path with different value: C:\Users\bozo2\.stmcufinder\plugins\mcufinder/ => C:\Users\bozo2\.stmcufinder\plugins\mcufinder
2024-04-15 01:51:08,242 [INFO] CrossReferenceDbSqlite:203 - Set database path to: C:\Users\bozo2\.stmcufinder\plugins\mcufinder//mcu/cs/
2024-04-15 01:51:08,340 [INFO] MainPanel:264 - HeapMemory: 268435456
2024-04-15 01:51:08,489 [INFO] DbMcusXml:78 - Set database path to: C:\ST\STM32CubeIDE_1.13.1\STM32CubeIDE\plugins\com.st.stm32cube.common.mx_6.11.0.202403141607\\db\/mcu/
2024-04-15 01:51:08,489 [INFO] ApiDb:274 - Set plugin database path to: C:\ST\STM32CubeIDE_1.13.1\STM32CubeIDE\plugins\com.st.stm32cube.common.mx_6.11.0.202403141607\\db\/plugins/boardmanager/
2024-04-15 01:51:08,489 [INFO] ApiDb:261 - Set plugin images path to: C:\ST\STM32CubeIDE_1.13.1\STM32CubeIDE\plugins\com.st.stm32cube.common.mx_6.11.0.202403141607\\db\/plugins/mcufinder/images/
2024-04-15 01:51:08,489 [WARN] DbFile:41 - Overriding database path with different value: C:\Users\bozo2\.stmcufinder\plugins\mcufinder/ => C:\Users\bozo2\.stmcufinder\plugins\mcufinder
2024-04-15 01:51:08,490 [INFO] ApiDb:250 - Set database path to: C:\Users\bozo2\.stmcufinder\plugins\mcufinder//mcu/
2024-04-15 01:51:08,490 [WARN] DbFile:41 - Overriding database path with different value: C:\Users\bozo2\.stmcufinder\plugins\mcufinder/ => C:\Users\bozo2\.stmcufinder\plugins\mcufinder
2024-04-15 01:51:08,490 [INFO] DbMcusAds:125 - Set database path to: C:\Users\bozo2\.stmcufinder\plugins\mcufinder//mcu/
2024-04-15 01:51:08,490 [WARN] DbFile:41 - Overriding database path with different value: C:\Users\bozo2\.stmcufinder\plugins\mcufinder/ => C:\Users\bozo2\.stmcufinder\plugins\mcufinder
2024-04-15 01:51:08,490 [WARN] DbFile:41 - Overriding database path with different value: C:\Users\bozo2\.stmcufinder\plugins\mcufinder/ => C:\Users\bozo2\.stmcufinder\plugins\mcufinder
2024-04-15 01:51:08,490 [INFO] CrossReferenceDbSqlite:203 - Set database path to: C:\Users\bozo2\.stmcufinder\plugins\mcufinder//mcu/cs/
2024-04-15 01:51:08,511 [INFO] ApplicationProperties:184 - Using Application install path: C:\ST\STM32CubeIDE_1.13.1\STM32CubeIDE\plugins\com.st.stm32cube.common.mx_6.11.0.202403141607
2024-04-15 01:51:08,513 [INFO] PluginManage:196 - Search for loadable plugins [exclusion list=, ]
2024-04-15 01:51:08,514 [INFO] PluginManage:310 - Check plugin analytics
2024-04-15 01:51:08,680 [INFO] AnalyticsPlugin:253 - Accepted Software Licenses: STM32CubeMX.6.8.1
2024-04-15 01:51:08,680 [INFO] AnalyticsPlugin:255 - Accepted CMSIS Pack Licenses: 
2024-04-15 01:51:08,680 [INFO] AnalyticsPlugin:257 - Accepted Firmware Licenses: FW.H7.1.11.0,FW.F4.1.27.0
2024-04-15 01:51:08,682 [INFO] PluginManage:359 - Loaded plugin analytics (category:tool,tabindex:-1)
2024-04-15 01:51:08,682 [INFO] PluginManage:310 - Check plugin cadmodel
2024-04-15 01:51:08,695 [INFO] CADModel:105 - Init CAD model plugin
2024-04-15 01:51:08,695 [INFO] PluginManage:359 - Loaded plugin cadmodel (category:power,tabindex:5)
2024-04-15 01:51:08,695 [INFO] PluginManage:310 - Check plugin clock
2024-04-15 01:51:08,714 [INFO] PluginManage:359 - Loaded plugin clock (category:base,tabindex:2)
2024-04-15 01:51:08,714 [INFO] PluginManage:310 - Check plugin ddr
2024-04-15 01:51:08,716 [INFO] PluginManage:359 - Loaded plugin ddr (category:tool,tabindex:6)
2024-04-15 01:51:08,717 [INFO] PluginManage:310 - Check plugin filemanager
2024-04-15 01:51:08,849 [INFO] PluginManage:359 - Loaded plugin filemanager (category:base,tabindex:10)
2024-04-15 01:51:08,849 [INFO] PluginManage:310 - Check plugin ipmanager
2024-04-15 01:51:08,857 [INFO] PluginManage:359 - Loaded plugin ipmanager (category:base,tabindex:5)
2024-04-15 01:51:08,858 [INFO] PluginManage:310 - Check plugin lpbam
2024-04-15 01:51:08,873 [INFO] PluginManage:359 - Loaded plugin lpbam (category:base,tabindex:0)
2024-04-15 01:51:08,873 [INFO] PluginManage:310 - Check plugin memorymap
2024-04-15 01:51:08,897 [INFO] PluginManage:359 - Loaded plugin memorymap (category:base,tabindex:4)
2024-04-15 01:51:08,897 [INFO] PluginManage:310 - Check plugin pinoutandconfiguration
2024-04-15 01:51:08,912 [INFO] PluginManage:359 - Loaded plugin pinoutandconfiguration (category:base,tabindex:1)
2024-04-15 01:51:08,912 [INFO] PluginManage:310 - Check plugin pinoutconfig
2024-04-15 01:51:09,008 [WARN] SupportedApi:132 - Cannot load RTOS API schema: s4s-elt-must-match.1: The content of 'definitions' must match (annotation?, (simpleType | complexType)?, (unique | key | keyref)*)). A problem was found starting at: attribute.
2024-04-15 01:51:09,147 [INFO] PluginManage:359 - Loaded plugin pinoutconfig (category:base,tabindex:0)
2024-04-15 01:51:09,147 [INFO] PluginManage:310 - Check plugin power
2024-04-15 01:51:09,165 [INFO] PluginManage:359 - Loaded plugin power (category:power,tabindex:4)
2024-04-15 01:51:09,165 [INFO] PluginManage:310 - Check plugin projectmanager
2024-04-15 01:51:09,178 [INFO] PluginManage:359 - Loaded plugin projectmanager (category:projectmanager,tabindex:3)
2024-04-15 01:51:09,179 [INFO] PluginManage:310 - Check plugin thirdparty
2024-04-15 01:51:09,439 [INFO] PluginManage:359 - Loaded plugin thirdparty (category:base,tabindex:-1)
2024-04-15 01:51:09,439 [INFO] PluginManage:310 - Check plugin tools
2024-04-15 01:51:09,439 [WARN] IntegrityCheckThread:84 - waiting for thirdparty lock release [integrity check]
2024-04-15 01:51:09,440 [INFO] IntegrityCheckThread:86 - entering critical section [integrity check]
2024-04-15 01:51:09,440 [INFO] ThirdPartyUpdaterWithRetryManager:70 - Updater plugin not ready yet. [1/15]
2024-04-15 01:51:09,470 [INFO] PluginManage:359 - Loaded plugin tools (category:base,tabindex:7)
2024-04-15 01:51:09,471 [INFO] PluginManage:310 - Check plugin tutovideos
2024-04-15 01:51:09,664 [INFO] PluginManage:359 - Loaded plugin tutovideos (category:base,tabindex:-1)
2024-04-15 01:51:09,664 [INFO] PluginManage:310 - Check plugin updater
2024-04-15 01:51:09,674 [INFO] PluginManage:359 - Loaded plugin updater (category:base,tabindex:12)
2024-04-15 01:51:09,674 [INFO] PluginManage:310 - Check plugin userauth
2024-04-15 01:51:09,680 [INFO] UserAuth:114 - Init User Auth plugin
2024-04-15 01:51:09,680 [INFO] PluginManage:359 - Loaded plugin userauth (category:base,tabindex:14)
2024-04-15 01:51:09,680 [INFO] PluginManage:283 - PluginManage : Loaded plugins [17]
2024-04-15 01:51:09,903 [INFO] PinOutPanel:1561 - setPackage(No Configuration,No Configuration)
2024-04-15 01:51:09,986 [INFO] CADModel:165 - CPN selected for project level
2024-04-15 01:51:09,987 [INFO] CADModel:114 - Register for checkConnection events
2024-04-15 01:51:10,023 [INFO] IPUIPlugin:80 - create IPUIPlugin
2024-04-15 01:51:10,023 [INFO] PluginManager:220 - loadIPPluginJar : add adc
2024-04-15 01:51:10,063 [INFO] IPUIPlugin:80 - create IPUIPlugin
2024-04-15 01:51:10,063 [INFO] PluginManager:220 - loadIPPluginJar : add aes
2024-04-15 01:51:10,106 [INFO] IPUIPlugin:80 - create IPUIPlugin
2024-04-15 01:51:10,107 [INFO] PluginManager:220 - loadIPPluginJar : add can
2024-04-15 01:51:10,129 [INFO] IPUIPlugin:80 - create IPUIPlugin
2024-04-15 01:51:10,130 [INFO] PluginManager:220 - loadIPPluginJar : add comp
2024-04-15 01:51:10,159 [INFO] IPUIPlugin:80 - create IPUIPlugin
2024-04-15 01:51:10,160 [INFO] PluginManager:220 - loadIPPluginJar : add cryp
2024-04-15 01:51:10,185 [INFO] IPUIPlugin:80 - create IPUIPlugin
2024-04-15 01:51:10,186 [INFO] PluginManager:220 - loadIPPluginJar : add dfsdm
2024-04-15 01:51:10,198 [INFO] IPUIPlugin:80 - create IPUIPlugin
2024-04-15 01:51:10,198 [INFO] PluginManager:220 - loadIPPluginJar : add dma
2024-04-15 01:51:10,236 [INFO] IPUIPlugin:80 - create IPUIPlugin
2024-04-15 01:51:10,236 [INFO] PluginManager:220 - loadIPPluginJar : add dma3
2024-04-15 01:51:10,276 [INFO] IPUIPlugin:80 - create IPUIPlugin
2024-04-15 01:51:10,276 [INFO] PluginManager:220 - loadIPPluginJar : add extmemmanager
2024-04-15 01:51:10,293 [INFO] IPUIPlugin:80 - create IPUIPlugin
2024-04-15 01:51:10,293 [INFO] PluginManager:220 - loadIPPluginJar : add fatfs
2024-04-15 01:51:10,347 [INFO] IPUIPlugin:80 - create IPUIPlugin
2024-04-15 01:51:10,348 [INFO] PluginManager:220 - loadIPPluginJar : add fmc
2024-04-15 01:51:10,365 [INFO] IPUIPlugin:80 - create IPUIPlugin
2024-04-15 01:51:10,365 [INFO] PluginManager:220 - loadIPPluginJar : add freertos
2024-04-15 01:51:10,387 [INFO] IPUIPlugin:80 - create IPUIPlugin
2024-04-15 01:51:10,387 [INFO] PluginManager:220 - loadIPPluginJar : add genericplugin
2024-04-15 01:51:10,486 [INFO] IPUIPlugin:80 - create IPUIPlugin
2024-04-15 01:51:10,486 [INFO] PluginManager:220 - loadIPPluginJar : add gfxmmu
2024-04-15 01:51:10,607 [INFO] IPUIPlugin:80 - create IPUIPlugin
2024-04-15 01:51:10,607 [INFO] PluginManager:220 - loadIPPluginJar : add gic
2024-04-15 01:51:10,619 [INFO] IPUIPlugin:80 - create IPUIPlugin
2024-04-15 01:51:10,619 [INFO] PluginManager:220 - loadIPPluginJar : add gpio
2024-04-15 01:51:10,694 [INFO] IPUIPlugin:80 - create IPUIPlugin
2024-04-15 01:51:10,694 [INFO] PluginManager:220 - loadIPPluginJar : add gtzc
2024-04-15 01:51:10,721 [INFO] IPUIPlugin:80 - create IPUIPlugin
2024-04-15 01:51:10,721 [INFO] PluginManager:220 - loadIPPluginJar : add hash
2024-04-15 01:51:10,761 [INFO] IPUIPlugin:80 - create IPUIPlugin
2024-04-15 01:51:10,762 [INFO] PluginManager:220 - loadIPPluginJar : add i2c
2024-04-15 01:51:10,791 [INFO] IPUIPlugin:80 - create IPUIPlugin
2024-04-15 01:51:10,792 [INFO] PluginManager:220 - loadIPPluginJar : add i2s
2024-04-15 01:51:10,830 [INFO] IPUIPlugin:80 - create IPUIPlugin
2024-04-15 01:51:10,830 [INFO] PluginManager:220 - loadIPPluginJar : add i3c
2024-04-15 01:51:10,922 [INFO] IPUIPlugin:80 - create IPUIPlugin
2024-04-15 01:51:10,922 [INFO] PluginManager:220 - loadIPPluginJar : add ipddr
2024-04-15 01:51:11,002 [INFO] IPUIPlugin:80 - create IPUIPlugin
2024-04-15 01:51:11,002 [INFO] PluginManager:220 - loadIPPluginJar : add linkedlist
2024-04-15 01:51:11,031 [INFO] IPUIPlugin:80 - create IPUIPlugin
2024-04-15 01:51:11,032 [INFO] PluginManager:220 - loadIPPluginJar : add lorawan
2024-04-15 01:51:11,061 [INFO] IPUIPlugin:80 - create IPUIPlugin
2024-04-15 01:51:11,061 [INFO] PluginManager:220 - loadIPPluginJar : add ltdc
2024-04-15 01:51:11,073 [INFO] IPUIPlugin:80 - create IPUIPlugin
2024-04-15 01:51:11,073 [INFO] PluginManager:220 - loadIPPluginJar : add mdma
2024-04-15 01:51:11,084 [INFO] IPUIPlugin:80 - create IPUIPlugin
2024-04-15 01:51:11,085 [INFO] PluginManager:220 - loadIPPluginJar : add nvic
2024-04-15 01:51:11,115 [INFO] IPUIPlugin:80 - create IPUIPlugin
2024-04-15 01:51:11,115 [INFO] PluginManager:220 - loadIPPluginJar : add opamp
2024-04-15 01:51:11,165 [INFO] IPUIPlugin:80 - create IPUIPlugin
2024-04-15 01:51:11,165 [INFO] PluginManager:220 - loadIPPluginJar : add openamp
2024-04-15 01:51:11,199 [INFO] IPUIPlugin:80 - create IPUIPlugin
2024-04-15 01:51:11,199 [INFO] PluginManager:220 - loadIPPluginJar : add pdm2pcm
2024-04-15 01:51:11,211 [INFO] IPUIPlugin:80 - create IPUIPlugin
2024-04-15 01:51:11,213 [INFO] PluginManager:220 - loadIPPluginJar : add plateformsettings
2024-04-15 01:51:11,230 [INFO] IPUIPlugin:80 - create IPUIPlugin
2024-04-15 01:51:11,230 [INFO] PluginManager:220 - loadIPPluginJar : add quadspi
2024-04-15 01:51:11,241 [INFO] IPUIPlugin:80 - create IPUIPlugin
2024-04-15 01:51:11,241 [INFO] PluginManager:220 - loadIPPluginJar : add resmgrutility
2024-04-15 01:51:11,285 [INFO] IPUIPlugin:80 - create IPUIPlugin
2024-04-15 01:51:11,285 [INFO] PluginManager:220 - loadIPPluginJar : add sai
2024-04-15 01:51:11,316 [INFO] IPUIPlugin:80 - create IPUIPlugin
2024-04-15 01:51:11,316 [INFO] PluginManager:220 - loadIPPluginJar : add spi
2024-04-15 01:51:11,373 [INFO] IPUIPlugin:80 - create IPUIPlugin
2024-04-15 01:51:11,373 [INFO] PluginManager:220 - loadIPPluginJar : add stm32_wpan
2024-04-15 01:51:11,392 [INFO] IPUIPlugin:80 - create IPUIPlugin
2024-04-15 01:51:11,392 [INFO] PluginManager:220 - loadIPPluginJar : add tim
2024-04-15 01:51:11,442 [INFO] IPUIPlugin:80 - create IPUIPlugin
2024-04-15 01:51:11,442 [INFO] PluginManager:220 - loadIPPluginJar : add touchsensing
2024-04-15 01:51:11,460 [INFO] IPUIPlugin:80 - create IPUIPlugin
2024-04-15 01:51:11,460 [INFO] PluginManager:220 - loadIPPluginJar : add tracer_emb
2024-04-15 01:51:11,478 [INFO] IPUIPlugin:80 - create IPUIPlugin
2024-04-15 01:51:11,478 [INFO] PluginManager:220 - loadIPPluginJar : add ts
2024-04-15 01:51:11,495 [INFO] IPUIPlugin:80 - create IPUIPlugin
2024-04-15 01:51:11,495 [INFO] PluginManager:220 - loadIPPluginJar : add tsc
2024-04-15 01:51:11,512 [INFO] IPUIPlugin:80 - create IPUIPlugin
2024-04-15 01:51:11,512 [INFO] PluginManager:220 - loadIPPluginJar : add ucpd
2024-04-15 01:51:11,546 [INFO] IPUIPlugin:80 - create IPUIPlugin
2024-04-15 01:51:11,546 [INFO] PluginManager:220 - loadIPPluginJar : add usart
2024-04-15 01:51:11,581 [INFO] IPUIPlugin:80 - create IPUIPlugin
2024-04-15 01:51:11,581 [INFO] PluginManager:220 - loadIPPluginJar : add usbx
2024-04-15 01:51:11,708 [INFO] CADModel:165 - CPN selected for project level
2024-04-15 01:51:11,708 [INFO] CADModel:114 - Register for checkConnection events
2024-04-15 01:51:11,708 [FATAL] Updater:308 - Updater called before beeing initialized
2024-04-15 01:51:11,708 [ERROR] CADModel:125 - Updater not yet initialized, retry later 
2024-04-15 01:51:11,868 [INFO] CADModel:165 - CPN selected for project level
2024-04-15 01:51:11,868 [INFO] CADModel:114 - Register for checkConnection events
2024-04-15 01:51:11,868 [FATAL] Updater:308 - Updater called before beeing initialized
2024-04-15 01:51:11,868 [ERROR] CADModel:125 - Updater not yet initialized, retry later 
2024-04-15 01:51:11,870 [FATAL] Updater:308 - Updater called before beeing initialized
2024-04-15 01:51:11,960 [FATAL] Updater:308 - Updater called before beeing initialized
2024-04-15 01:51:11,968 [INFO] DbMcusAds:53 - JSON generation date=Wed Nov 29 05:52:27 EST 2023 (1701255147349)
2024-04-15 01:51:11,969 [FATAL] Updater:308 - Updater called before beeing initialized
2024-04-15 01:51:12,037 [WARN] DetailPanel:346 - Failed to get advertising image, set to default
2024-04-15 01:51:12,136 [FATAL] Updater:308 - Updater called before beeing initialized
2024-04-15 01:51:12,138 [FATAL] Updater:308 - Updater called before beeing initialized
2024-04-15 01:51:12,138 [FATAL] Updater:308 - Updater called before beeing initialized
2024-04-15 01:51:12,138 [WARN] DetailPanel:346 - Failed to get advertising image, set to default
2024-04-15 01:51:12,139 [FATAL] Updater:308 - Updater called before beeing initialized
2024-04-15 01:51:12,215 [ERROR] Updater:1120 - MainUpdater not yet initialized. External WinMGr cannot be set.
2024-04-15 01:51:12,228 [INFO] Updater:1056 - Updater Version found : 6.11.0
2024-04-15 01:51:12,246 [INFO] ApplicationProperties:184 - Using Application install path: C:\ST\STM32CubeIDE_1.13.1\STM32CubeIDE\plugins\com.st.stm32cube.common.mx_6.11.0.202403141607
2024-04-15 01:51:12,442 [INFO] ThirdPartyUpdaterWithRetryManager:70 - Updater plugin not ready yet. [2/15]
2024-04-15 01:51:12,771 [INFO] MainUpdater:2873 - connection check result : 10
2024-04-15 01:51:12,772 [INFO] MainUpdater:290 - Updater Check For Update Now.
2024-04-15 01:51:12,772 [INFO] MicroXplorer:498 - Change Database Version : DB.6.0.110
2024-04-15 01:51:12,794 [INFO] McuFinderGlobals:63 - Set McuFinder mode to 2 (CubeIDE integrated)
2024-04-15 01:51:12,804 [INFO] UserAuth:415 - Internet connection configuration mode: 1
2024-04-15 01:51:12,827 [INFO] JxBrowserEngine:152 - Initiate JxBrowser Engine with user profile folder
2024-04-15 01:51:12,960 [INFO] CheckServerUpdateThread:120 - End of CheckServer Thread
2024-04-15 01:51:15,623 [WARN] PackLoader:240 - Cannot read IP mode file for STMicroelectronics.X-CUBE-SMBUS.2.1.0
2024-04-15 01:51:15,636 [WARN] PackLoader:240 - Cannot read IP mode file for STMicroelectronics.X-CUBE-TOUCHGFX.4.23.1
2024-04-15 01:51:15,645 [WARN] PackLoader:240 - Cannot read IP mode file for STMicroelectronics.X-CUBE-TOUCHGFX.4.23.0
2024-04-15 01:51:15,654 [WARN] PackLoader:240 - Cannot read IP mode file for STMicroelectronics.X-CUBE-TOUCHGFX.4.23.2
2024-04-15 01:51:15,686 [WARN] PackLoader:240 - Cannot read IP mode file for STMicroelectronics.X-CUBE-AZRTOS-F7.1.1.0
2024-04-15 01:51:15,700 [WARN] PackLoader:240 - Cannot read IP mode file for STMicroelectronics.FP-SNS-MOTENV1.4.3.2
2024-04-15 01:51:15,713 [WARN] PackLoader:240 - Cannot read IP mode file for STMicroelectronics.FP-SNS-FLIGHT1.5.0.1
2024-04-15 01:51:15,726 [WARN] PackLoader:240 - Cannot read IP mode file for STMicroelectronics.X-CUBE-BLE1.6.2.4
2024-04-15 01:51:15,736 [WARN] PackLoader:240 - Cannot read IP mode file for STMicroelectronics.FP-SNS-FLIGHT1.5.0.2
2024-04-15 01:51:15,747 [WARN] PackLoader:240 - Cannot read IP mode file for STMicroelectronics.X-CUBE-DISPLAY.3.0.0
2024-04-15 01:51:15,761 [WARN] PackLoader:240 - Cannot read IP mode file for STMicroelectronics.X-CUBE-BLE1.7.0.0
2024-04-15 01:51:15,771 [WARN] PackLoader:240 - Cannot read IP mode file for emotas.I-CUBE-CANOPEN.1.3.0
2024-04-15 01:51:15,781 [WARN] PackLoader:240 - Cannot read IP mode file for STMicroelectronics.X-CUBE-TOUCHGFX.4.22.0
2024-04-15 01:51:15,790 [WARN] PackLoader:240 - Cannot read IP mode file for STMicroelectronics.X-CUBE-TOUCHGFX.4.22.1
2024-04-15 01:51:15,804 [WARN] PackLoader:240 - Cannot read IP mode file for STMicroelectronics.X-CUBE-BLEMGR.3.1.0
2024-04-15 01:51:15,817 [WARN] PackLoader:240 - Cannot read IP mode file for STMicroelectronics.FP-SNS-SMARTAG2.1.2.0
2024-04-15 01:51:15,837 [INFO] LogOutputStream:77 - [STDOUT_REDIRECT] 1 : Invalid condition id : UX_CORESTACK_Condition cause : null
2024-04-15 01:51:15,837 [INFO] LogOutputStream:77 - [STDOUT_REDIRECT] 1 : Invalid condition id : UX_CORESTACK_Condition cause : null
2024-04-15 01:51:15,838 [INFO] LogOutputStream:77 - [STDOUT_REDIRECT] 1 : Invalid condition id : UX_CORESTACK_Condition cause : null
2024-04-15 01:51:15,839 [INFO] LogOutputStream:77 - [STDOUT_REDIRECT] 1 : Invalid condition id : UX_CORESTACK_Condition cause : null
2024-04-15 01:51:15,840 [INFO] LogOutputStream:77 - [STDOUT_REDIRECT] 1 : Invalid condition id : UX_CORESTACK_Condition cause : null
2024-04-15 01:51:15,843 [WARN] PackLoader:240 - Cannot read IP mode file for STMicroelectronics.X-CUBE-AZRTOS-WL.2.0.0
2024-04-15 01:51:15,854 [WARN] PackLoader:240 - Cannot read IP mode file for STMicroelectronics.FP-SNS-MOTENV1.5.0.0
2024-04-15 01:51:15,867 [WARN] PackLoader:240 - Cannot read IP mode file for WES.I-CUBE-Cesium.1.3.0
2024-04-15 01:51:15,876 [WARN] PackLoader:240 - Cannot read IP mode file for STMicroelectronics.X-CUBE-BLE2.3.3.0
2024-04-15 01:51:15,888 [WARN] PackLoader:240 - Cannot read IP mode file for STMicroelectronics.X-CUBE-TCPP.4.1.0
2024-04-15 01:51:15,905 [WARN] PackLoader:240 - Cannot read IP mode file for STMicroelectronics.X-CUBE-ALGOBUILD.1.3.0
2024-04-15 01:51:15,929 [WARN] PackLoader:240 - Cannot read IP mode file for STMicroelectronics.X-CUBE-AZRTOS-G0.1.1.0
2024-04-15 01:51:15,949 [WARN] PackLoader:240 - Cannot read IP mode file for STMicroelectronics.X-CUBE-SAFEA1.1.2.2
2024-04-15 01:51:15,963 [WARN] PackLoader:240 - Cannot read IP mode file for STMicroelectronics.X-CUBE-NFC4.3.0.0
2024-04-15 01:51:15,979 [WARN] PackLoader:240 - Cannot read IP mode file for STMicroelectronics.X-CUBE-BLEMGR.3.0.0
2024-04-15 01:51:15,992 [WARN] PackLoader:240 - Cannot read IP mode file for STMicroelectronics.FP-ATR-SIGFOX1.3.2.0
2024-04-15 01:51:16,003 [WARN] PackLoader:240 - Cannot read IP mode file for STMicroelectronics.X-CUBE-EEPRMA1.5.1.0
2024-04-15 01:51:16,036 [WARN] PackLoader:240 - Cannot read IP mode file for SEGGER.I-CUBE-embOS.1.3.1
2024-04-15 01:51:16,071 [WARN] PackLoader:240 - Cannot read IP mode file for STMicroelectronics.X-CUBE-GNSS1.6.0.0
2024-04-15 01:51:16,095 [WARN] PackLoader:240 - Cannot read IP mode file for STMicroelectronics.X-CUBE-AZRTOS-F4.1.1.0
2024-04-15 01:51:16,106 [WARN] PackLoader:240 - Cannot read IP mode file for wolfSSL.I-CUBE-wolfSSL.5.6.3
2024-04-15 01:51:16,114 [WARN] PackLoader:240 - Cannot read IP mode file for wolfSSL.I-CUBE-wolfSSL.5.6.6
2024-04-15 01:51:16,136 [WARN] PackLoader:240 - Cannot read IP mode file for STMicroelectronics.X-CUBE-AZRTOS-L5.2.0.0
2024-04-15 01:51:16,191 [WARN] PackLoader:240 - Cannot read IP mode file for STMicroelectronics.X-CUBE-MEMS1.9.6.0
2024-04-15 01:51:16,347 [WARN] PackLoader:240 - Cannot read IP mode file for STMicroelectronics.X-CUBE-EEPRMA1.4.2.0
2024-04-15 01:51:16,358 [WARN] PackLoader:240 - Cannot read IP mode file for STMicroelectronics.X-CUBE-NFC6.3.1.0
2024-04-15 01:51:16,370 [WARN] PackLoader:240 - Cannot read IP mode file for ITTIA_DB.I-CUBE-ITTIADB.8.8.0
2024-04-15 01:51:16,382 [WARN] PackLoader:240 - Cannot read IP mode file for STMicroelectronics.X-CUBE-BLEMGR.2.0.0
2024-04-15 01:51:16,410 [WARN] ConditionMgr:438 - getConditionDescription Invalid condition id : UX DEVICE CLASS RTOS Condition cause : null
2024-04-15 01:51:16,410 [WARN] ConditionMgr:438 - getConditionDescription Invalid condition id : UX DEVICE CLASS RTOS Condition cause : null
2024-04-15 01:51:16,412 [WARN] PackLoader:240 - Cannot read IP mode file for STMicroelectronics.X-CUBE-AZRTOS-H7.3.1.0
2024-04-15 01:51:16,413 [WARN] ConditionMgr:1039 - genDependencies : Invalid condition id : UX DEVICE CLASS RTOS Condition cause : null
2024-04-15 01:51:16,413 [WARN] ConditionMgr:1039 - genDependencies : Invalid condition id : UX DEVICE CLASS RTOS Condition cause : null
2024-04-15 01:51:16,414 [WARN] ConditionMgr:1039 - genDependencies : Invalid condition id : UX DEVICE CLASS RTOS Condition cause : null
2024-04-15 01:51:16,414 [WARN] ConditionMgr:1039 - genDependencies : Invalid condition id : UX DEVICE CLASS RTOS Condition cause : null
2024-04-15 01:51:16,414 [WARN] ConditionMgr:1039 - genDependencies : Invalid condition id : UX DEVICE CLASS RTOS Condition cause : null
2024-04-15 01:51:16,426 [WARN] PackLoader:240 - Cannot read IP mode file for STMicroelectronics.X-CUBE-NFC7.1.0.1
2024-04-15 01:51:16,442 [WARN] PackLoader:240 - Cannot read IP mode file for STMicroelectronics.X-CUBE-NFC6.3.0.0
2024-04-15 01:51:16,453 [WARN] PackLoader:240 - Cannot read IP mode file for STMicroelectronics.X-CUBE-EEPRMA1.4.1.0
2024-04-15 01:51:16,463 [WARN] PackLoader:240 - Cannot read IP mode file for STMicroelectronics.X-CUBE-AI.8.1.0
2024-04-15 01:51:16,490 [WARN] ConditionMgr:438 - getConditionDescription Invalid condition id : LAN8742 Phy interface Condition cause : null
2024-04-15 01:51:16,490 [WARN] PackLoader:240 - Cannot read IP mode file for STMicroelectronics.X-CUBE-AZRTOS-L4.2.0.0
2024-04-15 01:51:16,491 [WARN] ConditionMgr:1039 - genDependencies : Invalid condition id : LAN8742 Phy interface Condition cause : null
2024-04-15 01:51:16,491 [WARN] ConditionMgr:1039 - genDependencies : Invalid condition id : LAN8742 Phy interface Condition cause : null
2024-04-15 01:51:16,492 [WARN] ConditionMgr:1039 - genDependencies : Invalid condition id : LAN8742 Phy interface Condition cause : null
2024-04-15 01:51:16,505 [WARN] PackLoader:240 - Cannot read IP mode file for STMicroelectronics.X-CUBE-SFXS2LP1.4.0.0
2024-04-15 01:51:16,516 [WARN] PackLoader:240 - Cannot read IP mode file for STMicroelectronics.X-CUBE-ISPU.1.1.0
2024-04-15 01:51:16,537 [WARN] ConditionMgr:438 - getConditionDescription Invalid condition id : UX DEVICE CLASS RTOS Condition cause : null
2024-04-15 01:51:16,537 [WARN] ConditionMgr:438 - getConditionDescription Invalid condition id : UX DEVICE CLASS RTOS Condition cause : null
2024-04-15 01:51:16,538 [WARN] PackLoader:240 - Cannot read IP mode file for STMicroelectronics.X-CUBE-AZRTOS-WB.2.0.0
2024-04-15 01:51:16,539 [WARN] ConditionMgr:1039 - genDependencies : Invalid condition id : UX DEVICE CLASS RTOS Condition cause : null
2024-04-15 01:51:16,539 [WARN] ConditionMgr:1039 - genDependencies : Invalid condition id : UX DEVICE CLASS RTOS Condition cause : null
2024-04-15 01:51:16,539 [WARN] ConditionMgr:1039 - genDependencies : Invalid condition id : UX DEVICE CLASS RTOS Condition cause : null
2024-04-15 01:51:16,540 [WARN] ConditionMgr:1039 - genDependencies : Invalid condition id : UX DEVICE CLASS RTOS Condition cause : null
2024-04-15 01:51:16,540 [WARN] ConditionMgr:1039 - genDependencies : Invalid condition id : UX DEVICE CLASS RTOS Condition cause : null
2024-04-15 01:51:16,550 [WARN] PackLoader:240 - Cannot read IP mode file for STMicroelectronics.X-CUBE-FREERTOS.1.0.1
2024-04-15 01:51:16,651 [WARN] PackLoader:240 - Cannot read IP mode file for STMicroelectronics.X-CUBE-AZRTOS-L5.1.1.0
2024-04-15 01:51:16,662 [WARN] PackLoader:240 - Cannot read IP mode file for STMicroelectronics.X-CUBE-AI.8.0.1
2024-04-15 01:51:16,677 [WARN] PackLoader:240 - Cannot read IP mode file for STMicroelectronics.X-CUBE-SUBG2.5.0.0
2024-04-15 01:51:16,707 [WARN] PackLoader:240 - Cannot read IP mode file for STMicroelectronics.X-CUBE-TOF1.3.3.1
2024-04-15 01:51:16,831 [WARN] PackLoader:240 - Cannot read IP mode file for STMicroelectronics.X-CUBE-AZRTOS-G4.2.0.0
2024-04-15 01:51:16,848 [WARN] PackLoader:240 - Cannot read IP mode file for STMicroelectronics.X-CUBE-TOF1.3.3.0
2024-04-15 01:51:16,874 [WARN] PackLoader:240 - Cannot read IP mode file for Infineon.AIROC-Wi-Fi-Bluetooth-STM32.1.5.1
2024-04-15 01:51:16,891 [WARN] PackLoader:240 - Cannot read IP mode file for STMicroelectronics.FP-SNS-MOTENVWB1.1.3.1
2024-04-15 01:51:16,902 [WARN] PackLoader:240 - Cannot read IP mode file for STMicroelectronics.X-CUBE-ISPU.2.0.0
2024-04-15 01:51:16,944 [WARN] PackLoader:240 - Cannot read IP mode file for STMicroelectronics.X-CUBE-MEMS1.10.0.0
2024-04-15 01:51:17,069 [WARN] PackLoader:240 - Cannot read IP mode file for STMicroelectronics.X-CUBE-FREERTOS.1.1.0
2024-04-15 01:51:17,082 [WARN] PackLoader:240 - Cannot read IP mode file for portGmbH.I-Cube-SoM-uGOAL.1.1.0
2024-04-15 01:51:17,091 [WARN] PackLoader:240 - Cannot read IP mode file for STMicroelectronics.X-CUBE-ALS.1.0.1
2024-04-15 01:51:17,110 [WARN] PackLoader:240 - Cannot read IP mode file for STMicroelectronics.X-CUBE-AZRTOS-WB.1.1.0
2024-04-15 01:51:17,120 [WARN] PackLoader:240 - Cannot read IP mode file for STMicroelectronics.FP-ATR-ASTRA1.2.0.0
2024-04-15 01:51:17,137 [WARN] PackLoader:240 - Cannot read IP mode file for STMicroelectronics.X-CUBE-TOF1.3.4.0
2024-04-15 01:51:17,162 [WARN] PackLoader:240 - Cannot read IP mode file for STMicroelectronics.X-CUBE-TOF1.3.4.1
2024-04-15 01:51:17,197 [WARN] PackLoader:240 - Cannot read IP mode file for STMicroelectronics.X-CUBE-AZRTOS-H7.3.2.0
2024-04-15 01:51:17,200 [INFO] ThirdParty:978 - Integrity check success = true
2024-04-15 01:51:17,200 [INFO] IntegrityCheckThread:100 - exiting critical section [integrity check]
2024-04-15 01:51:17,200 [INFO] IntegrityCheckThread:103 - End integrity checks thread
2024-04-15 01:51:18,058 [INFO] WebApp:161 - Instantiating new browser for Auth
2024-04-15 01:51:19,089 [INFO] WebApp:779 - Register for checkConnection events
2024-04-15 01:51:19,089 [INFO] WebApp:414 - Apply proxy settings
2024-04-15 01:51:19,089 [INFO] WebApp:499 - Chromium requires no authentication
2024-04-15 01:51:19,103 [INFO] WebApp:442 - Direct internet connection detected
2024-04-15 01:51:19,359 [INFO] WebApp:192 - Starting web application
2024-04-15 01:51:19,359 [INFO] WebApp:544 - Web application path used C:\ST\STM32CubeIDE_1.13.1\STM32CubeIDE\plugins\com.st.stm32cube.common.mx_6.11.0.202403141607\db\plugins\mcufinder\reactClient1\index.html
2024-04-15 13:26:11,250 [ERROR] LogOutputStream:75 - [STDERR_REDIRECT] 
