2024-03-08 08:16:16,560 [INFO] Activator:176 - 


2024-03-08 08:16:16,568 [INFO] Activator:177 - !SESSION log4j initialized
2024-03-08 08:16:27,424 [INFO] LogOutputStream:77 - [STDOUT_REDIRECT] 
2024-03-08 08:16:28,329 [INFO] ApplicationProperties:184 - Using Application install path: C:\ST\STM32CubeIDE_1.13.1\STM32CubeIDE\plugins\com.st.stm32cube.common.mx_6.10.0.202311202037
2024-03-08 08:16:28,349 [INFO] DbMcusXml:78 - Set database path to: C:\ST\STM32CubeIDE_1.13.1\STM32CubeIDE\plugins\com.st.stm32cube.common.mx_6.10.0.202311202037\\db\/mcu/
2024-03-08 08:16:28,349 [INFO] ApiDb:274 - Set plugin database path to: C:\ST\STM32CubeIDE_1.13.1\STM32CubeIDE\plugins\com.st.stm32cube.common.mx_6.10.0.202311202037\\db\/plugins/boardmanager/
2024-03-08 08:16:28,350 [WARN] ApiDb:259 - Overriding images path with different value:  => C:\ST\STM32CubeIDE_1.13.1\STM32CubeIDE\plugins\com.st.stm32cube.common.mx_6.10.0.202311202037\\db\/plugins/mcufinder/images/
2024-03-08 08:16:28,364 [INFO] ApiDb:250 - Set database path to: C:\Users\bozo2\.stmcufinder\plugins\mcufinder//mcu/
2024-03-08 08:16:28,365 [INFO] DbMcusAds:125 - Set database path to: C:\Users\bozo2\.stmcufinder\plugins\mcufinder//mcu/
2024-03-08 08:16:28,366 [INFO] CrossReferenceDbSqlite:203 - Set database path to: C:\Users\bozo2\.stmcufinder\plugins\mcufinder//mcu/cs/
2024-03-08 08:16:28,485 [INFO] RulesReader:64 - Compatibility file has been processed (297 Rules)
2024-03-08 08:16:28,568 [INFO] DbMcusXml:78 - Set database path to: C:\ST\STM32CubeIDE_1.13.1\STM32CubeIDE\plugins\com.st.stm32cube.common.mx_6.10.0.202311202037\\db\/mcu/
2024-03-08 08:16:28,569 [INFO] ApiDb:274 - Set plugin database path to: C:\ST\STM32CubeIDE_1.13.1\STM32CubeIDE\plugins\com.st.stm32cube.common.mx_6.10.0.202311202037\\db\/plugins/boardmanager/
2024-03-08 08:16:28,569 [INFO] ApiDb:261 - Set plugin images path to: C:\ST\STM32CubeIDE_1.13.1\STM32CubeIDE\plugins\com.st.stm32cube.common.mx_6.10.0.202311202037\\db\/plugins/mcufinder/images/
2024-03-08 08:16:28,569 [WARN] DbFile:41 - Overriding database path with different value: C:\Users\bozo2\.stmcufinder\plugins\mcufinder/ => C:\Users\bozo2\.stmcufinder\plugins\mcufinder
2024-03-08 08:16:28,569 [INFO] ApiDb:250 - Set database path to: C:\Users\bozo2\.stmcufinder\plugins\mcufinder//mcu/
2024-03-08 08:16:28,569 [WARN] DbFile:41 - Overriding database path with different value: C:\Users\bozo2\.stmcufinder\plugins\mcufinder/ => C:\Users\bozo2\.stmcufinder\plugins\mcufinder
2024-03-08 08:16:28,569 [INFO] DbMcusAds:125 - Set database path to: C:\Users\bozo2\.stmcufinder\plugins\mcufinder//mcu/
2024-03-08 08:16:28,569 [WARN] DbFile:41 - Overriding database path with different value: C:\Users\bozo2\.stmcufinder\plugins\mcufinder/ => C:\Users\bozo2\.stmcufinder\plugins\mcufinder
2024-03-08 08:16:28,569 [WARN] DbFile:41 - Overriding database path with different value: C:\Users\bozo2\.stmcufinder\plugins\mcufinder/ => C:\Users\bozo2\.stmcufinder\plugins\mcufinder
2024-03-08 08:16:28,569 [INFO] CrossReferenceDbSqlite:203 - Set database path to: C:\Users\bozo2\.stmcufinder\plugins\mcufinder//mcu/cs/
2024-03-08 08:16:28,653 [INFO] MainPanel:264 - HeapMemory: 268435456
2024-03-08 08:16:28,772 [INFO] DbMcusXml:78 - Set database path to: C:\ST\STM32CubeIDE_1.13.1\STM32CubeIDE\plugins\com.st.stm32cube.common.mx_6.10.0.202311202037\\db\/mcu/
2024-03-08 08:16:28,772 [INFO] ApiDb:274 - Set plugin database path to: C:\ST\STM32CubeIDE_1.13.1\STM32CubeIDE\plugins\com.st.stm32cube.common.mx_6.10.0.202311202037\\db\/plugins/boardmanager/
2024-03-08 08:16:28,773 [INFO] ApiDb:261 - Set plugin images path to: C:\ST\STM32CubeIDE_1.13.1\STM32CubeIDE\plugins\com.st.stm32cube.common.mx_6.10.0.202311202037\\db\/plugins/mcufinder/images/
2024-03-08 08:16:28,773 [WARN] DbFile:41 - Overriding database path with different value: C:\Users\bozo2\.stmcufinder\plugins\mcufinder/ => C:\Users\bozo2\.stmcufinder\plugins\mcufinder
2024-03-08 08:16:28,773 [INFO] ApiDb:250 - Set database path to: C:\Users\bozo2\.stmcufinder\plugins\mcufinder//mcu/
2024-03-08 08:16:28,773 [WARN] DbFile:41 - Overriding database path with different value: C:\Users\bozo2\.stmcufinder\plugins\mcufinder/ => C:\Users\bozo2\.stmcufinder\plugins\mcufinder
2024-03-08 08:16:28,773 [INFO] DbMcusAds:125 - Set database path to: C:\Users\bozo2\.stmcufinder\plugins\mcufinder//mcu/
2024-03-08 08:16:28,773 [WARN] DbFile:41 - Overriding database path with different value: C:\Users\bozo2\.stmcufinder\plugins\mcufinder/ => C:\Users\bozo2\.stmcufinder\plugins\mcufinder
2024-03-08 08:16:28,773 [WARN] DbFile:41 - Overriding database path with different value: C:\Users\bozo2\.stmcufinder\plugins\mcufinder/ => C:\Users\bozo2\.stmcufinder\plugins\mcufinder
2024-03-08 08:16:28,773 [INFO] CrossReferenceDbSqlite:203 - Set database path to: C:\Users\bozo2\.stmcufinder\plugins\mcufinder//mcu/cs/
2024-03-08 08:16:28,790 [INFO] ApplicationProperties:184 - Using Application install path: C:\ST\STM32CubeIDE_1.13.1\STM32CubeIDE\plugins\com.st.stm32cube.common.mx_6.10.0.202311202037
2024-03-08 08:16:28,792 [INFO] PluginManage:196 - Search for loadable plugins [exclusion list=, ]
2024-03-08 08:16:28,794 [INFO] PluginManage:310 - Check plugin analytics
2024-03-08 08:16:28,970 [INFO] AnalyticsPlugin:253 - Accepted Software Licenses: STM32CubeMX.6.8.1
2024-03-08 08:16:28,970 [INFO] AnalyticsPlugin:255 - Accepted CMSIS Pack Licenses: 
2024-03-08 08:16:28,970 [INFO] AnalyticsPlugin:257 - Accepted Firmware Licenses: FW.H7.1.11.0,FW.F4.1.27.0
2024-03-08 08:16:28,973 [INFO] PluginManage:359 - Loaded plugin analytics (category:tool,tabindex:-1)
2024-03-08 08:16:28,973 [INFO] PluginManage:310 - Check plugin cadmodel
2024-03-08 08:16:28,989 [INFO] CADModel:105 - Init CAD model plugin
2024-03-08 08:16:28,989 [INFO] PluginManage:359 - Loaded plugin cadmodel (category:power,tabindex:5)
2024-03-08 08:16:28,990 [INFO] PluginManage:310 - Check plugin clock
2024-03-08 08:16:29,011 [INFO] PluginManage:359 - Loaded plugin clock (category:base,tabindex:2)
2024-03-08 08:16:29,011 [INFO] PluginManage:310 - Check plugin ddr
2024-03-08 08:16:29,014 [INFO] PluginManage:359 - Loaded plugin ddr (category:tool,tabindex:6)
2024-03-08 08:16:29,014 [INFO] PluginManage:310 - Check plugin filemanager
2024-03-08 08:16:29,176 [INFO] PluginManage:359 - Loaded plugin filemanager (category:base,tabindex:10)
2024-03-08 08:16:29,176 [INFO] PluginManage:310 - Check plugin ipmanager
2024-03-08 08:16:29,184 [INFO] PluginManage:359 - Loaded plugin ipmanager (category:base,tabindex:5)
2024-03-08 08:16:29,185 [INFO] PluginManage:310 - Check plugin lpbam
2024-03-08 08:16:29,203 [INFO] PluginManage:359 - Loaded plugin lpbam (category:base,tabindex:0)
2024-03-08 08:16:29,203 [INFO] PluginManage:310 - Check plugin memorymap
2024-03-08 08:16:29,225 [INFO] PluginManage:359 - Loaded plugin memorymap (category:base,tabindex:4)
2024-03-08 08:16:29,226 [INFO] PluginManage:310 - Check plugin pinoutandconfiguration
2024-03-08 08:16:29,240 [INFO] PluginManage:359 - Loaded plugin pinoutandconfiguration (category:base,tabindex:1)
2024-03-08 08:16:29,240 [INFO] PluginManage:310 - Check plugin pinoutconfig
2024-03-08 08:16:29,357 [WARN] SupportedApi:132 - Cannot load RTOS API schema: s4s-elt-must-match.1: The content of 'definitions' must match (annotation?, (simpleType | complexType)?, (unique | key | keyref)*)). A problem was found starting at: attribute.
2024-03-08 08:16:29,498 [INFO] PluginManage:359 - Loaded plugin pinoutconfig (category:base,tabindex:0)
2024-03-08 08:16:29,499 [INFO] PluginManage:310 - Check plugin power
2024-03-08 08:16:29,519 [INFO] PluginManage:359 - Loaded plugin power (category:power,tabindex:4)
2024-03-08 08:16:29,519 [INFO] PluginManage:310 - Check plugin projectmanager
2024-03-08 08:16:29,536 [INFO] PluginManage:359 - Loaded plugin projectmanager (category:projectmanager,tabindex:3)
2024-03-08 08:16:29,536 [INFO] PluginManage:310 - Check plugin thirdparty
2024-03-08 08:16:29,830 [INFO] PluginManage:359 - Loaded plugin thirdparty (category:base,tabindex:-1)
2024-03-08 08:16:29,830 [INFO] PluginManage:310 - Check plugin tools
2024-03-08 08:16:29,830 [WARN] IntegrityCheckThread:84 - waiting for thirdparty lock release [integrity check]
2024-03-08 08:16:29,830 [INFO] IntegrityCheckThread:86 - entering critical section [integrity check]
2024-03-08 08:16:29,831 [INFO] ThirdPartyUpdaterWithRetryManager:70 - Updater plugin not ready yet. [1/15]
2024-03-08 08:16:29,865 [INFO] PluginManage:359 - Loaded plugin tools (category:base,tabindex:7)
2024-03-08 08:16:29,865 [INFO] PluginManage:310 - Check plugin tutovideos
2024-03-08 08:16:30,175 [INFO] PluginManage:359 - Loaded plugin tutovideos (category:base,tabindex:-1)
2024-03-08 08:16:30,175 [INFO] PluginManage:310 - Check plugin updater
2024-03-08 08:16:30,340 [INFO] PluginManage:359 - Loaded plugin updater (category:base,tabindex:12)
2024-03-08 08:16:30,340 [INFO] PluginManage:310 - Check plugin userauth
2024-03-08 08:16:30,442 [INFO] UserAuth:114 - Init User Auth plugin
2024-03-08 08:16:30,442 [INFO] PluginManage:359 - Loaded plugin userauth (category:base,tabindex:14)
2024-03-08 08:16:30,442 [INFO] PluginManage:283 - PluginManage : Loaded plugins [17]
2024-03-08 08:16:31,242 [INFO] PinOutPanel:1499 - setPackage(No Configuration,No Configuration)
2024-03-08 08:16:31,360 [INFO] CADModel:165 - CPN selected for project level
2024-03-08 08:16:31,360 [INFO] CADModel:114 - Register for checkConnection events
2024-03-08 08:16:31,409 [INFO] IPUIPlugin:80 - create IPUIPlugin
2024-03-08 08:16:31,410 [INFO] PluginManager:220 - loadIPPluginJar : add adc
2024-03-08 08:16:31,459 [INFO] IPUIPlugin:80 - create IPUIPlugin
2024-03-08 08:16:31,459 [INFO] PluginManager:220 - loadIPPluginJar : add aes
2024-03-08 08:16:31,512 [INFO] IPUIPlugin:80 - create IPUIPlugin
2024-03-08 08:16:31,512 [INFO] PluginManager:220 - loadIPPluginJar : add can
2024-03-08 08:16:31,542 [INFO] IPUIPlugin:80 - create IPUIPlugin
2024-03-08 08:16:31,542 [INFO] PluginManager:220 - loadIPPluginJar : add comp
2024-03-08 08:16:31,589 [INFO] IPUIPlugin:80 - create IPUIPlugin
2024-03-08 08:16:31,589 [INFO] PluginManager:220 - loadIPPluginJar : add cryp
2024-03-08 08:16:31,637 [INFO] IPUIPlugin:80 - create IPUIPlugin
2024-03-08 08:16:31,638 [INFO] PluginManager:220 - loadIPPluginJar : add dfsdm
2024-03-08 08:16:31,688 [INFO] IPUIPlugin:80 - create IPUIPlugin
2024-03-08 08:16:31,689 [INFO] PluginManager:220 - loadIPPluginJar : add dma
2024-03-08 08:16:31,770 [INFO] IPUIPlugin:80 - create IPUIPlugin
2024-03-08 08:16:31,770 [INFO] PluginManager:220 - loadIPPluginJar : add dma3
2024-03-08 08:16:31,789 [INFO] IPUIPlugin:80 - create IPUIPlugin
2024-03-08 08:16:31,789 [INFO] PluginManager:220 - loadIPPluginJar : add fatfs
2024-03-08 08:16:31,834 [INFO] IPUIPlugin:80 - create IPUIPlugin
2024-03-08 08:16:31,834 [INFO] PluginManager:220 - loadIPPluginJar : add fmc
2024-03-08 08:16:31,870 [INFO] IPUIPlugin:80 - create IPUIPlugin
2024-03-08 08:16:31,870 [INFO] PluginManager:220 - loadIPPluginJar : add freertos
2024-03-08 08:16:31,894 [INFO] IPUIPlugin:80 - create IPUIPlugin
2024-03-08 08:16:31,894 [INFO] PluginManager:220 - loadIPPluginJar : add genericplugin
2024-03-08 08:16:31,986 [INFO] IPUIPlugin:80 - create IPUIPlugin
2024-03-08 08:16:31,986 [INFO] PluginManager:220 - loadIPPluginJar : add gfxmmu
2024-03-08 08:16:32,116 [INFO] IPUIPlugin:80 - create IPUIPlugin
2024-03-08 08:16:32,116 [INFO] PluginManager:220 - loadIPPluginJar : add gic
2024-03-08 08:16:32,136 [INFO] IPUIPlugin:80 - create IPUIPlugin
2024-03-08 08:16:32,136 [INFO] PluginManager:220 - loadIPPluginJar : add gpio
2024-03-08 08:16:32,232 [INFO] IPUIPlugin:80 - create IPUIPlugin
2024-03-08 08:16:32,232 [INFO] PluginManager:220 - loadIPPluginJar : add gtzc
2024-03-08 08:16:32,262 [INFO] IPUIPlugin:80 - create IPUIPlugin
2024-03-08 08:16:32,262 [INFO] PluginManager:220 - loadIPPluginJar : add hash
2024-03-08 08:16:32,310 [INFO] IPUIPlugin:80 - create IPUIPlugin
2024-03-08 08:16:32,310 [INFO] PluginManager:220 - loadIPPluginJar : add i2c
2024-03-08 08:16:32,345 [INFO] IPUIPlugin:80 - create IPUIPlugin
2024-03-08 08:16:32,345 [INFO] PluginManager:220 - loadIPPluginJar : add i2s
2024-03-08 08:16:32,381 [INFO] IPUIPlugin:80 - create IPUIPlugin
2024-03-08 08:16:32,382 [INFO] PluginManager:220 - loadIPPluginJar : add i3c
2024-03-08 08:16:32,478 [INFO] IPUIPlugin:80 - create IPUIPlugin
2024-03-08 08:16:32,478 [INFO] PluginManager:220 - loadIPPluginJar : add ipddr
2024-03-08 08:16:32,562 [INFO] IPUIPlugin:80 - create IPUIPlugin
2024-03-08 08:16:32,562 [INFO] PluginManager:220 - loadIPPluginJar : add linkedlist
2024-03-08 08:16:32,593 [INFO] IPUIPlugin:80 - create IPUIPlugin
2024-03-08 08:16:32,593 [INFO] PluginManager:220 - loadIPPluginJar : add lorawan
2024-03-08 08:16:32,625 [INFO] IPUIPlugin:80 - create IPUIPlugin
2024-03-08 08:16:32,625 [INFO] PluginManager:220 - loadIPPluginJar : add ltdc
2024-03-08 08:16:32,637 [INFO] IPUIPlugin:80 - create IPUIPlugin
2024-03-08 08:16:32,637 [INFO] PluginManager:220 - loadIPPluginJar : add mdma
2024-03-08 08:16:32,649 [INFO] IPUIPlugin:80 - create IPUIPlugin
2024-03-08 08:16:32,649 [INFO] PluginManager:220 - loadIPPluginJar : add nvic
2024-03-08 08:16:32,682 [INFO] IPUIPlugin:80 - create IPUIPlugin
2024-03-08 08:16:32,682 [INFO] PluginManager:220 - loadIPPluginJar : add opamp
2024-03-08 08:16:32,743 [INFO] IPUIPlugin:80 - create IPUIPlugin
2024-03-08 08:16:32,743 [INFO] PluginManager:220 - loadIPPluginJar : add openamp
2024-03-08 08:16:32,782 [INFO] IPUIPlugin:80 - create IPUIPlugin
2024-03-08 08:16:32,782 [INFO] PluginManager:220 - loadIPPluginJar : add pdm2pcm
2024-03-08 08:16:32,797 [INFO] IPUIPlugin:80 - create IPUIPlugin
2024-03-08 08:16:32,801 [INFO] PluginManager:220 - loadIPPluginJar : add plateformsettings
2024-03-08 08:16:32,825 [INFO] IPUIPlugin:80 - create IPUIPlugin
2024-03-08 08:16:32,825 [INFO] PluginManager:220 - loadIPPluginJar : add quadspi
2024-03-08 08:16:32,833 [INFO] ThirdPartyUpdaterWithRetryManager:70 - Updater plugin not ready yet. [2/15]
2024-03-08 08:16:32,837 [INFO] IPUIPlugin:80 - create IPUIPlugin
2024-03-08 08:16:32,838 [INFO] PluginManager:220 - loadIPPluginJar : add resmgrutility
2024-03-08 08:16:32,879 [INFO] IPUIPlugin:80 - create IPUIPlugin
2024-03-08 08:16:32,879 [INFO] PluginManager:220 - loadIPPluginJar : add sai
2024-03-08 08:16:32,913 [INFO] IPUIPlugin:80 - create IPUIPlugin
2024-03-08 08:16:32,913 [INFO] PluginManager:220 - loadIPPluginJar : add spi
2024-03-08 08:16:32,977 [INFO] IPUIPlugin:80 - create IPUIPlugin
2024-03-08 08:16:32,977 [INFO] PluginManager:220 - loadIPPluginJar : add stm32_wpan
2024-03-08 08:16:32,999 [INFO] IPUIPlugin:80 - create IPUIPlugin
2024-03-08 08:16:32,999 [INFO] PluginManager:220 - loadIPPluginJar : add tim
2024-03-08 08:16:33,051 [INFO] IPUIPlugin:80 - create IPUIPlugin
2024-03-08 08:16:33,051 [INFO] PluginManager:220 - loadIPPluginJar : add touchsensing
2024-03-08 08:16:33,070 [INFO] IPUIPlugin:80 - create IPUIPlugin
2024-03-08 08:16:33,070 [INFO] PluginManager:220 - loadIPPluginJar : add tracer_emb
2024-03-08 08:16:33,089 [INFO] IPUIPlugin:80 - create IPUIPlugin
2024-03-08 08:16:33,090 [INFO] PluginManager:220 - loadIPPluginJar : add ts
2024-03-08 08:16:33,110 [INFO] IPUIPlugin:80 - create IPUIPlugin
2024-03-08 08:16:33,110 [INFO] PluginManager:220 - loadIPPluginJar : add tsc
2024-03-08 08:16:33,127 [INFO] IPUIPlugin:80 - create IPUIPlugin
2024-03-08 08:16:33,128 [INFO] PluginManager:220 - loadIPPluginJar : add ucpd
2024-03-08 08:16:33,169 [INFO] IPUIPlugin:80 - create IPUIPlugin
2024-03-08 08:16:33,169 [INFO] PluginManager:220 - loadIPPluginJar : add usart
2024-03-08 08:16:33,207 [INFO] IPUIPlugin:80 - create IPUIPlugin
2024-03-08 08:16:33,207 [INFO] PluginManager:220 - loadIPPluginJar : add usbx
2024-03-08 08:16:33,339 [INFO] CADModel:165 - CPN selected for project level
2024-03-08 08:16:33,339 [INFO] CADModel:114 - Register for checkConnection events
2024-03-08 08:16:33,339 [FATAL] Updater:308 - Updater called before beeing initialized
2024-03-08 08:16:33,339 [ERROR] CADModel:125 - Updater not yet initialized, retry later 
2024-03-08 08:16:33,485 [INFO] CADModel:165 - CPN selected for project level
2024-03-08 08:16:33,485 [INFO] CADModel:114 - Register for checkConnection events
2024-03-08 08:16:33,485 [FATAL] Updater:308 - Updater called before beeing initialized
2024-03-08 08:16:33,485 [ERROR] CADModel:125 - Updater not yet initialized, retry later 
2024-03-08 08:16:33,489 [FATAL] Updater:308 - Updater called before beeing initialized
2024-03-08 08:16:33,597 [FATAL] Updater:308 - Updater called before beeing initialized
2024-03-08 08:16:33,606 [INFO] DbMcusAds:53 - JSON generation date=Wed Nov 29 05:52:27 EST 2023 (1701255147349)
2024-03-08 08:16:33,606 [FATAL] Updater:308 - Updater called before beeing initialized
2024-03-08 08:16:33,683 [WARN] DetailPanel:346 - Failed to get advertising image, set to default
2024-03-08 08:16:33,788 [FATAL] Updater:308 - Updater called before beeing initialized
2024-03-08 08:16:33,791 [FATAL] Updater:308 - Updater called before beeing initialized
2024-03-08 08:16:33,791 [FATAL] Updater:308 - Updater called before beeing initialized
2024-03-08 08:16:33,791 [WARN] DetailPanel:346 - Failed to get advertising image, set to default
2024-03-08 08:16:33,792 [FATAL] Updater:308 - Updater called before beeing initialized
2024-03-08 08:16:33,896 [ERROR] Updater:1120 - MainUpdater not yet initialized. External WinMGr cannot be set.
2024-03-08 08:16:33,911 [INFO] Updater:1056 - Updater Version found : 6.10.0
2024-03-08 08:16:33,938 [INFO] ApplicationProperties:184 - Using Application install path: C:\ST\STM32CubeIDE_1.13.1\STM32CubeIDE\plugins\com.st.stm32cube.common.mx_6.10.0.202311202037
2024-03-08 08:16:34,404 [INFO] MainUpdater:2873 - connection check result : 10
2024-03-08 08:16:34,405 [INFO] MainUpdater:290 - Updater Check For Update Now.
2024-03-08 08:16:34,405 [INFO] MicroXplorer:498 - Change Database Version : DB.6.0.100
2024-03-08 08:16:34,431 [INFO] McuFinderGlobals:63 - Set McuFinder mode to 2 (CubeIDE integrated)
2024-03-08 08:16:34,450 [INFO] UserAuth:404 - Internet connection configuration mode: 1
2024-03-08 08:16:34,482 [INFO] JxBrowserEngine:152 - Initiate JxBrowser Engine with user profile folder
2024-03-08 08:16:34,618 [INFO] CheckServerUpdateThread:120 - End of CheckServer Thread
2024-03-08 08:16:36,030 [WARN] PackLoader:240 - Cannot read IP mode file for STMicroelectronics.X-CUBE-SMBUS.2.1.0
2024-03-08 08:16:36,044 [WARN] PackLoader:240 - Cannot read IP mode file for STMicroelectronics.X-CUBE-TOUCHGFX.4.23.0
2024-03-08 08:16:36,082 [WARN] PackLoader:240 - Cannot read IP mode file for STMicroelectronics.X-CUBE-AZRTOS-F7.1.1.0
2024-03-08 08:16:36,099 [WARN] PackLoader:240 - Cannot read IP mode file for STMicroelectronics.FP-SNS-MOTENV1.4.3.2
2024-03-08 08:16:36,113 [WARN] PackLoader:240 - Cannot read IP mode file for STMicroelectronics.FP-SNS-FLIGHT1.5.0.1
2024-03-08 08:16:36,128 [WARN] PackLoader:240 - Cannot read IP mode file for STMicroelectronics.X-CUBE-BLE1.6.2.4
2024-03-08 08:16:36,140 [WARN] PackLoader:240 - Cannot read IP mode file for STMicroelectronics.FP-SNS-FLIGHT1.5.0.2
2024-03-08 08:16:36,158 [WARN] PackLoader:240 - Cannot read IP mode file for STMicroelectronics.X-CUBE-DISPLAY.3.0.0
2024-03-08 08:16:36,177 [WARN] PackLoader:240 - Cannot read IP mode file for STMicroelectronics.X-CUBE-BLE1.7.0.0
2024-03-08 08:16:36,192 [WARN] PackLoader:240 - Cannot read IP mode file for emotas.I-CUBE-CANOPEN.1.3.0
2024-03-08 08:16:36,203 [WARN] PackLoader:240 - Cannot read IP mode file for STMicroelectronics.X-CUBE-TOUCHGFX.4.22.0
2024-03-08 08:16:36,213 [WARN] PackLoader:240 - Cannot read IP mode file for STMicroelectronics.X-CUBE-TOUCHGFX.4.22.1
2024-03-08 08:16:36,232 [WARN] PackLoader:240 - Cannot read IP mode file for STMicroelectronics.X-CUBE-BLEMGR.3.1.0
2024-03-08 08:16:36,247 [WARN] PackLoader:240 - Cannot read IP mode file for STMicroelectronics.FP-SNS-SMARTAG2.1.2.0
2024-03-08 08:16:36,269 [INFO] LogOutputStream:77 - [STDOUT_REDIRECT] 1 : Invalid condition id : UX_CORESTACK_Condition cause : null
2024-03-08 08:16:36,269 [INFO] LogOutputStream:77 - [STDOUT_REDIRECT] 1 : Invalid condition id : UX_CORESTACK_Condition cause : null
2024-03-08 08:16:36,270 [INFO] LogOutputStream:77 - [STDOUT_REDIRECT] 1 : Invalid condition id : UX_CORESTACK_Condition cause : null
2024-03-08 08:16:36,271 [INFO] LogOutputStream:77 - [STDOUT_REDIRECT] 1 : Invalid condition id : UX_CORESTACK_Condition cause : null
2024-03-08 08:16:36,272 [INFO] LogOutputStream:77 - [STDOUT_REDIRECT] 1 : Invalid condition id : UX_CORESTACK_Condition cause : null
2024-03-08 08:16:36,275 [WARN] PackLoader:240 - Cannot read IP mode file for STMicroelectronics.X-CUBE-AZRTOS-WL.2.0.0
2024-03-08 08:16:36,290 [WARN] PackLoader:240 - Cannot read IP mode file for WES.I-CUBE-Cesium.1.3.0
2024-03-08 08:16:36,302 [WARN] PackLoader:240 - Cannot read IP mode file for STMicroelectronics.X-CUBE-BLE2.3.3.0
2024-03-08 08:16:36,314 [WARN] PackLoader:240 - Cannot read IP mode file for STMicroelectronics.X-CUBE-ALGOBUILD.1.3.0
2024-03-08 08:16:36,348 [WARN] PackLoader:240 - Cannot read IP mode file for STMicroelectronics.X-CUBE-AZRTOS-G0.1.1.0
2024-03-08 08:16:36,371 [WARN] PackLoader:240 - Cannot read IP mode file for STMicroelectronics.X-CUBE-NFC4.3.0.0
2024-03-08 08:16:36,390 [WARN] PackLoader:240 - Cannot read IP mode file for STMicroelectronics.X-CUBE-BLEMGR.3.0.0
2024-03-08 08:16:36,404 [WARN] PackLoader:240 - Cannot read IP mode file for STMicroelectronics.FP-ATR-SIGFOX1.3.2.0
2024-03-08 08:16:36,416 [WARN] PackLoader:240 - Cannot read IP mode file for STMicroelectronics.X-CUBE-EEPRMA1.5.1.0
2024-03-08 08:16:36,454 [WARN] PackLoader:240 - Cannot read IP mode file for SEGGER.I-CUBE-embOS.1.3.1
2024-03-08 08:16:36,491 [WARN] PackLoader:240 - Cannot read IP mode file for STMicroelectronics.X-CUBE-GNSS1.6.0.0
2024-03-08 08:16:36,515 [WARN] PackLoader:240 - Cannot read IP mode file for STMicroelectronics.X-CUBE-AZRTOS-F4.1.1.0
2024-03-08 08:16:36,527 [WARN] PackLoader:240 - Cannot read IP mode file for wolfSSL.I-CUBE-wolfSSL.5.6.3
2024-03-08 08:16:36,555 [WARN] PackLoader:240 - Cannot read IP mode file for STMicroelectronics.X-CUBE-AZRTOS-L5.2.0.0
2024-03-08 08:16:36,603 [WARN] PackLoader:240 - Cannot read IP mode file for STMicroelectronics.X-CUBE-MEMS1.9.6.0
2024-03-08 08:16:36,778 [WARN] PackLoader:240 - Cannot read IP mode file for STMicroelectronics.X-CUBE-EEPRMA1.4.2.0
2024-03-08 08:16:36,792 [WARN] PackLoader:240 - Cannot read IP mode file for ITTIA_DB.I-CUBE-ITTIADB.8.8.0
2024-03-08 08:16:36,805 [WARN] PackLoader:240 - Cannot read IP mode file for STMicroelectronics.X-CUBE-BLEMGR.2.0.0
2024-03-08 08:16:36,832 [WARN] ConditionMgr:438 - getConditionDescription Invalid condition id : UX DEVICE CLASS RTOS Condition cause : null
2024-03-08 08:16:36,832 [WARN] ConditionMgr:438 - getConditionDescription Invalid condition id : UX DEVICE CLASS RTOS Condition cause : null
2024-03-08 08:16:36,835 [WARN] PackLoader:240 - Cannot read IP mode file for STMicroelectronics.X-CUBE-AZRTOS-H7.3.1.0
2024-03-08 08:16:36,836 [WARN] ConditionMgr:1039 - genDependencies : Invalid condition id : UX DEVICE CLASS RTOS Condition cause : null
2024-03-08 08:16:36,836 [WARN] ConditionMgr:1039 - genDependencies : Invalid condition id : UX DEVICE CLASS RTOS Condition cause : null
2024-03-08 08:16:36,837 [WARN] ConditionMgr:1039 - genDependencies : Invalid condition id : UX DEVICE CLASS RTOS Condition cause : null
2024-03-08 08:16:36,837 [WARN] ConditionMgr:1039 - genDependencies : Invalid condition id : UX DEVICE CLASS RTOS Condition cause : null
2024-03-08 08:16:36,837 [WARN] ConditionMgr:1039 - genDependencies : Invalid condition id : UX DEVICE CLASS RTOS Condition cause : null
2024-03-08 08:16:36,850 [WARN] PackLoader:240 - Cannot read IP mode file for STMicroelectronics.X-CUBE-NFC7.1.0.1
2024-03-08 08:16:36,867 [WARN] PackLoader:240 - Cannot read IP mode file for STMicroelectronics.X-CUBE-NFC6.3.0.0
2024-03-08 08:16:36,881 [WARN] PackLoader:240 - Cannot read IP mode file for STMicroelectronics.X-CUBE-EEPRMA1.4.1.0
2024-03-08 08:16:36,894 [WARN] PackLoader:240 - Cannot read IP mode file for STMicroelectronics.X-CUBE-AI.8.1.0
2024-03-08 08:16:36,928 [WARN] ConditionMgr:438 - getConditionDescription Invalid condition id : LAN8742 Phy interface Condition cause : null
2024-03-08 08:16:36,929 [WARN] PackLoader:240 - Cannot read IP mode file for STMicroelectronics.X-CUBE-AZRTOS-L4.2.0.0
2024-03-08 08:16:36,930 [WARN] ConditionMgr:1039 - genDependencies : Invalid condition id : LAN8742 Phy interface Condition cause : null
2024-03-08 08:16:36,930 [WARN] ConditionMgr:1039 - genDependencies : Invalid condition id : LAN8742 Phy interface Condition cause : null
2024-03-08 08:16:36,931 [WARN] ConditionMgr:1039 - genDependencies : Invalid condition id : LAN8742 Phy interface Condition cause : null
2024-03-08 08:16:36,956 [WARN] PackLoader:240 - Cannot read IP mode file for STMicroelectronics.X-CUBE-SFXS2LP1.4.0.0
2024-03-08 08:16:36,970 [WARN] PackLoader:240 - Cannot read IP mode file for STMicroelectronics.X-CUBE-ISPU.1.1.0
2024-03-08 08:16:36,993 [WARN] ConditionMgr:438 - getConditionDescription Invalid condition id : UX DEVICE CLASS RTOS Condition cause : null
2024-03-08 08:16:36,994 [WARN] ConditionMgr:438 - getConditionDescription Invalid condition id : UX DEVICE CLASS RTOS Condition cause : null
2024-03-08 08:16:36,996 [WARN] PackLoader:240 - Cannot read IP mode file for STMicroelectronics.X-CUBE-AZRTOS-WB.2.0.0
2024-03-08 08:16:36,996 [WARN] ConditionMgr:1039 - genDependencies : Invalid condition id : UX DEVICE CLASS RTOS Condition cause : null
2024-03-08 08:16:36,997 [WARN] ConditionMgr:1039 - genDependencies : Invalid condition id : UX DEVICE CLASS RTOS Condition cause : null
2024-03-08 08:16:36,997 [WARN] ConditionMgr:1039 - genDependencies : Invalid condition id : UX DEVICE CLASS RTOS Condition cause : null
2024-03-08 08:16:36,997 [WARN] ConditionMgr:1039 - genDependencies : Invalid condition id : UX DEVICE CLASS RTOS Condition cause : null
2024-03-08 08:16:36,997 [WARN] ConditionMgr:1039 - genDependencies : Invalid condition id : UX DEVICE CLASS RTOS Condition cause : null
2024-03-08 08:16:37,009 [WARN] PackLoader:240 - Cannot read IP mode file for STMicroelectronics.X-CUBE-FREERTOS.1.0.1
2024-03-08 08:16:37,036 [WARN] PackLoader:240 - Cannot read IP mode file for STMicroelectronics.X-CUBE-AZRTOS-L5.1.1.0
2024-03-08 08:16:37,050 [WARN] PackLoader:240 - Cannot read IP mode file for STMicroelectronics.X-CUBE-AI.8.0.1
2024-03-08 08:16:37,066 [WARN] PackLoader:240 - Cannot read IP mode file for STMicroelectronics.X-CUBE-SUBG2.5.0.0
2024-03-08 08:16:37,087 [WARN] PackLoader:240 - Cannot read IP mode file for STMicroelectronics.X-CUBE-TOF1.3.3.1
2024-03-08 08:16:37,118 [WARN] PackLoader:240 - Cannot read IP mode file for STMicroelectronics.X-CUBE-AZRTOS-G4.2.0.0
2024-03-08 08:16:37,136 [WARN] PackLoader:240 - Cannot read IP mode file for STMicroelectronics.X-CUBE-TOF1.3.3.0
2024-03-08 08:16:37,172 [WARN] PackLoader:240 - Cannot read IP mode file for Infineon.AIROC-Wi-Fi-Bluetooth-STM32.1.5.1
2024-03-08 08:16:37,184 [WARN] PackLoader:240 - Cannot read IP mode file for STMicroelectronics.FP-SNS-MOTENVWB1.1.3.1
2024-03-08 08:16:37,196 [WARN] PackLoader:240 - Cannot read IP mode file for STMicroelectronics.X-CUBE-ISPU.2.0.0
2024-03-08 08:16:37,240 [WARN] PackLoader:240 - Cannot read IP mode file for STMicroelectronics.X-CUBE-MEMS1.10.0.0
2024-03-08 08:16:37,342 [WARN] PackLoader:240 - Cannot read IP mode file for STMicroelectronics.X-CUBE-FREERTOS.1.1.0
2024-03-08 08:16:37,367 [WARN] PackLoader:240 - Cannot read IP mode file for portGmbH.I-Cube-SoM-uGOAL.1.1.0
2024-03-08 08:16:37,389 [WARN] PackLoader:240 - Cannot read IP mode file for STMicroelectronics.X-CUBE-ALS.1.0.1
2024-03-08 08:16:37,420 [WARN] PackLoader:240 - Cannot read IP mode file for STMicroelectronics.X-CUBE-AZRTOS-WB.1.1.0
2024-03-08 08:16:37,432 [WARN] PackLoader:240 - Cannot read IP mode file for STMicroelectronics.FP-ATR-ASTRA1.2.0.0
2024-03-08 08:16:37,453 [WARN] PackLoader:240 - Cannot read IP mode file for STMicroelectronics.X-CUBE-TOF1.3.4.0
2024-03-08 08:16:37,643 [WARN] PackLoader:240 - Cannot read IP mode file for STMicroelectronics.X-CUBE-AZRTOS-H7.3.2.0
2024-03-08 08:16:37,648 [INFO] ThirdParty:978 - Integrity check success = true
2024-03-08 08:16:37,648 [INFO] IntegrityCheckThread:100 - exiting critical section [integrity check]
2024-03-08 08:16:37,648 [INFO] IntegrityCheckThread:103 - End integrity checks thread
2024-03-08 08:16:38,216 [INFO] WebApp:161 - Instantiating new browser for Auth
2024-03-08 08:16:39,259 [INFO] WebApp:780 - Register for checkConnection events
2024-03-08 08:16:39,259 [INFO] WebApp:414 - Apply proxy settings
2024-03-08 08:16:39,259 [INFO] WebApp:499 - Chromium requires no authentication
2024-03-08 08:16:39,266 [INFO] WebApp:442 - Direct internet connection detected
2024-03-08 08:16:39,444 [INFO] WebApp:192 - Starting web application
2024-03-08 08:16:39,444 [INFO] WebApp:544 - Web application path used C:\ST\STM32CubeIDE_1.13.1\STM32CubeIDE\plugins\com.st.stm32cube.common.mx_6.10.0.202311202037\db\plugins\mcufinder\reactClient1\index.html
2024-03-08 08:17:00,273 [ERROR] LogOutputStream:75 - [STDERR_REDIRECT] SLF4J: Failed to load class "org.slf4j.impl.StaticLoggerBinder".
2024-03-08 08:17:00,273 [ERROR] LogOutputStream:75 - [STDERR_REDIRECT] SLF4J: Defaulting to no-operation (NOP) logger implementation
2024-03-08 08:17:00,275 [ERROR] LogOutputStream:75 - [STDERR_REDIRECT] SLF4J: See http://www.slf4j.org/codes.html#StaticLoggerBinder for further details.
2024-03-08 18:43:52,573 [ERROR] LogOutputStream:75 - [STDERR_REDIRECT] 
