2024-01-29 19:59:33,308 [ERROR] LogOutputStream:75 - [STDERR_REDIRECT] 
2024-01-29 21:40:32,376 [INFO] Activator:176 - 


2024-01-29 21:40:32,378 [INFO] Activator:177 - !SESSION log4j initialized
2024-01-29 21:40:42,225 [INFO] LogOutputStream:77 - [STDOUT_REDIRECT] 
2024-01-29 21:40:43,189 [INFO] ApplicationProperties:184 - Using Application install path: C:\ST\STM32CubeIDE_1.13.1\STM32CubeIDE\plugins\com.st.stm32cube.common.mx_6.10.0.202311202037
2024-01-29 21:40:43,217 [INFO] DbMcusXml:78 - Set database path to: C:\ST\STM32CubeIDE_1.13.1\STM32CubeIDE\plugins\com.st.stm32cube.common.mx_6.10.0.202311202037\\db\/mcu/
2024-01-29 21:40:43,218 [INFO] ApiDb:274 - Set plugin database path to: C:\ST\STM32CubeIDE_1.13.1\STM32CubeIDE\plugins\com.st.stm32cube.common.mx_6.10.0.202311202037\\db\/plugins/boardmanager/
2024-01-29 21:40:43,218 [WARN] ApiDb:259 - Overriding images path with different value:  => C:\ST\STM32CubeIDE_1.13.1\STM32CubeIDE\plugins\com.st.stm32cube.common.mx_6.10.0.202311202037\\db\/plugins/mcufinder/images/
2024-01-29 21:40:43,230 [INFO] ApiDb:250 - Set database path to: C:\Users\bozo2\.stmcufinder\plugins\mcufinder//mcu/
2024-01-29 21:40:43,232 [INFO] DbMcusAds:125 - Set database path to: C:\Users\bozo2\.stmcufinder\plugins\mcufinder//mcu/
2024-01-29 21:40:43,234 [INFO] CrossReferenceDbSqlite:203 - Set database path to: C:\Users\bozo2\.stmcufinder\plugins\mcufinder//mcu/cs/
2024-01-29 21:40:43,404 [INFO] RulesReader:64 - Compatibility file has been processed (297 Rules)
2024-01-29 21:40:43,521 [INFO] DbMcusXml:78 - Set database path to: C:\ST\STM32CubeIDE_1.13.1\STM32CubeIDE\plugins\com.st.stm32cube.common.mx_6.10.0.202311202037\\db\/mcu/
2024-01-29 21:40:43,521 [INFO] ApiDb:274 - Set plugin database path to: C:\ST\STM32CubeIDE_1.13.1\STM32CubeIDE\plugins\com.st.stm32cube.common.mx_6.10.0.202311202037\\db\/plugins/boardmanager/
2024-01-29 21:40:43,521 [INFO] ApiDb:261 - Set plugin images path to: C:\ST\STM32CubeIDE_1.13.1\STM32CubeIDE\plugins\com.st.stm32cube.common.mx_6.10.0.202311202037\\db\/plugins/mcufinder/images/
2024-01-29 21:40:43,521 [WARN] DbFile:41 - Overriding database path with different value: C:\Users\bozo2\.stmcufinder\plugins\mcufinder/ => C:\Users\bozo2\.stmcufinder\plugins\mcufinder
2024-01-29 21:40:43,522 [INFO] ApiDb:250 - Set database path to: C:\Users\bozo2\.stmcufinder\plugins\mcufinder//mcu/
2024-01-29 21:40:43,522 [WARN] DbFile:41 - Overriding database path with different value: C:\Users\bozo2\.stmcufinder\plugins\mcufinder/ => C:\Users\bozo2\.stmcufinder\plugins\mcufinder
2024-01-29 21:40:43,522 [INFO] DbMcusAds:125 - Set database path to: C:\Users\bozo2\.stmcufinder\plugins\mcufinder//mcu/
2024-01-29 21:40:43,522 [WARN] DbFile:41 - Overriding database path with different value: C:\Users\bozo2\.stmcufinder\plugins\mcufinder/ => C:\Users\bozo2\.stmcufinder\plugins\mcufinder
2024-01-29 21:40:43,522 [WARN] DbFile:41 - Overriding database path with different value: C:\Users\bozo2\.stmcufinder\plugins\mcufinder/ => C:\Users\bozo2\.stmcufinder\plugins\mcufinder
2024-01-29 21:40:43,522 [INFO] CrossReferenceDbSqlite:203 - Set database path to: C:\Users\bozo2\.stmcufinder\plugins\mcufinder//mcu/cs/
2024-01-29 21:40:43,626 [INFO] MainPanel:264 - HeapMemory: 337641472
2024-01-29 21:40:43,753 [INFO] DbMcusXml:78 - Set database path to: C:\ST\STM32CubeIDE_1.13.1\STM32CubeIDE\plugins\com.st.stm32cube.common.mx_6.10.0.202311202037\\db\/mcu/
2024-01-29 21:40:43,754 [INFO] ApiDb:274 - Set plugin database path to: C:\ST\STM32CubeIDE_1.13.1\STM32CubeIDE\plugins\com.st.stm32cube.common.mx_6.10.0.202311202037\\db\/plugins/boardmanager/
2024-01-29 21:40:43,754 [INFO] ApiDb:261 - Set plugin images path to: C:\ST\STM32CubeIDE_1.13.1\STM32CubeIDE\plugins\com.st.stm32cube.common.mx_6.10.0.202311202037\\db\/plugins/mcufinder/images/
2024-01-29 21:40:43,755 [WARN] DbFile:41 - Overriding database path with different value: C:\Users\bozo2\.stmcufinder\plugins\mcufinder/ => C:\Users\bozo2\.stmcufinder\plugins\mcufinder
2024-01-29 21:40:43,755 [INFO] ApiDb:250 - Set database path to: C:\Users\bozo2\.stmcufinder\plugins\mcufinder//mcu/
2024-01-29 21:40:43,755 [WARN] DbFile:41 - Overriding database path with different value: C:\Users\bozo2\.stmcufinder\plugins\mcufinder/ => C:\Users\bozo2\.stmcufinder\plugins\mcufinder
2024-01-29 21:40:43,755 [INFO] DbMcusAds:125 - Set database path to: C:\Users\bozo2\.stmcufinder\plugins\mcufinder//mcu/
2024-01-29 21:40:43,755 [WARN] DbFile:41 - Overriding database path with different value: C:\Users\bozo2\.stmcufinder\plugins\mcufinder/ => C:\Users\bozo2\.stmcufinder\plugins\mcufinder
2024-01-29 21:40:43,755 [WARN] DbFile:41 - Overriding database path with different value: C:\Users\bozo2\.stmcufinder\plugins\mcufinder/ => C:\Users\bozo2\.stmcufinder\plugins\mcufinder
2024-01-29 21:40:43,755 [INFO] CrossReferenceDbSqlite:203 - Set database path to: C:\Users\bozo2\.stmcufinder\plugins\mcufinder//mcu/cs/
2024-01-29 21:40:43,779 [INFO] ApplicationProperties:184 - Using Application install path: C:\ST\STM32CubeIDE_1.13.1\STM32CubeIDE\plugins\com.st.stm32cube.common.mx_6.10.0.202311202037
2024-01-29 21:40:43,781 [INFO] PluginManage:196 - Search for loadable plugins [exclusion list=, ]
2024-01-29 21:40:43,784 [INFO] PluginManage:310 - Check plugin analytics
2024-01-29 21:40:44,082 [INFO] AnalyticsPlugin:253 - Accepted Software Licenses: STM32CubeMX.6.8.1
2024-01-29 21:40:44,082 [INFO] AnalyticsPlugin:255 - Accepted CMSIS Pack Licenses: 
2024-01-29 21:40:44,082 [INFO] AnalyticsPlugin:257 - Accepted Firmware Licenses: FW.H7.1.11.0,FW.F4.1.27.0
2024-01-29 21:40:44,084 [INFO] PluginManage:359 - Loaded plugin analytics (category:tool,tabindex:-1)
2024-01-29 21:40:44,084 [INFO] PluginManage:310 - Check plugin cadmodel
2024-01-29 21:40:44,091 [INFO] CADModel:105 - Init CAD model plugin
2024-01-29 21:40:44,091 [INFO] PluginManage:359 - Loaded plugin cadmodel (category:power,tabindex:5)
2024-01-29 21:40:44,091 [INFO] PluginManage:310 - Check plugin clock
2024-01-29 21:40:44,107 [INFO] PluginManage:359 - Loaded plugin clock (category:base,tabindex:2)
2024-01-29 21:40:44,107 [INFO] PluginManage:310 - Check plugin ddr
2024-01-29 21:40:44,110 [INFO] PluginManage:359 - Loaded plugin ddr (category:tool,tabindex:6)
2024-01-29 21:40:44,110 [INFO] PluginManage:310 - Check plugin filemanager
2024-01-29 21:40:44,252 [INFO] PluginManage:359 - Loaded plugin filemanager (category:base,tabindex:10)
2024-01-29 21:40:44,252 [INFO] PluginManage:310 - Check plugin ipmanager
2024-01-29 21:40:44,261 [INFO] PluginManage:359 - Loaded plugin ipmanager (category:base,tabindex:5)
2024-01-29 21:40:44,261 [INFO] PluginManage:310 - Check plugin lpbam
2024-01-29 21:40:44,272 [INFO] PluginManage:359 - Loaded plugin lpbam (category:base,tabindex:0)
2024-01-29 21:40:44,273 [INFO] PluginManage:310 - Check plugin memorymap
2024-01-29 21:40:44,293 [INFO] PluginManage:359 - Loaded plugin memorymap (category:base,tabindex:4)
2024-01-29 21:40:44,293 [INFO] PluginManage:310 - Check plugin pinoutandconfiguration
2024-01-29 21:40:44,303 [INFO] PluginManage:359 - Loaded plugin pinoutandconfiguration (category:base,tabindex:1)
2024-01-29 21:40:44,303 [INFO] PluginManage:310 - Check plugin pinoutconfig
2024-01-29 21:40:44,433 [WARN] SupportedApi:132 - Cannot load RTOS API schema: s4s-elt-must-match.1: The content of 'definitions' must match (annotation?, (simpleType | complexType)?, (unique | key | keyref)*)). A problem was found starting at: attribute.
2024-01-29 21:40:44,620 [INFO] PluginManage:359 - Loaded plugin pinoutconfig (category:base,tabindex:0)
2024-01-29 21:40:44,621 [INFO] PluginManage:310 - Check plugin power
2024-01-29 21:40:44,633 [INFO] PluginManage:359 - Loaded plugin power (category:power,tabindex:4)
2024-01-29 21:40:44,633 [INFO] PluginManage:310 - Check plugin projectmanager
2024-01-29 21:40:44,652 [INFO] PluginManage:359 - Loaded plugin projectmanager (category:projectmanager,tabindex:3)
2024-01-29 21:40:44,652 [INFO] PluginManage:310 - Check plugin thirdparty
2024-01-29 21:40:44,827 [INFO] PluginManage:359 - Loaded plugin thirdparty (category:base,tabindex:-1)
2024-01-29 21:40:44,827 [INFO] PluginManage:310 - Check plugin tools
2024-01-29 21:40:44,830 [WARN] IntegrityCheckThread:84 - waiting for thirdparty lock release [integrity check]
2024-01-29 21:40:44,831 [INFO] IntegrityCheckThread:86 - entering critical section [integrity check]
2024-01-29 21:40:44,831 [INFO] PluginManage:359 - Loaded plugin tools (category:base,tabindex:7)
2024-01-29 21:40:44,831 [INFO] ThirdPartyUpdaterWithRetryManager:70 - Updater plugin not ready yet. [1/15]
2024-01-29 21:40:44,831 [INFO] PluginManage:310 - Check plugin tutovideos
2024-01-29 21:40:45,102 [INFO] PluginManage:359 - Loaded plugin tutovideos (category:base,tabindex:-1)
2024-01-29 21:40:45,102 [INFO] PluginManage:310 - Check plugin updater
2024-01-29 21:40:45,117 [INFO] PluginManage:359 - Loaded plugin updater (category:base,tabindex:12)
2024-01-29 21:40:45,117 [INFO] PluginManage:310 - Check plugin userauth
2024-01-29 21:40:45,125 [INFO] UserAuth:114 - Init User Auth plugin
2024-01-29 21:40:45,126 [INFO] PluginManage:359 - Loaded plugin userauth (category:base,tabindex:14)
2024-01-29 21:40:45,127 [INFO] PluginManage:283 - PluginManage : Loaded plugins [17]
2024-01-29 21:40:45,538 [INFO] PinOutPanel:1499 - setPackage(No Configuration,No Configuration)
2024-01-29 21:40:45,638 [INFO] CADModel:165 - CPN selected for project level
2024-01-29 21:40:45,638 [INFO] CADModel:114 - Register for checkConnection events
2024-01-29 21:40:45,662 [INFO] IPUIPlugin:80 - create IPUIPlugin
2024-01-29 21:40:45,662 [INFO] PluginManager:220 - loadIPPluginJar : add adc
2024-01-29 21:40:45,666 [INFO] IPUIPlugin:80 - create IPUIPlugin
2024-01-29 21:40:45,666 [INFO] PluginManager:220 - loadIPPluginJar : add aes
2024-01-29 21:40:45,670 [INFO] IPUIPlugin:80 - create IPUIPlugin
2024-01-29 21:40:45,670 [INFO] PluginManager:220 - loadIPPluginJar : add can
2024-01-29 21:40:45,673 [INFO] IPUIPlugin:80 - create IPUIPlugin
2024-01-29 21:40:45,673 [INFO] PluginManager:220 - loadIPPluginJar : add comp
2024-01-29 21:40:45,676 [INFO] IPUIPlugin:80 - create IPUIPlugin
2024-01-29 21:40:45,676 [INFO] PluginManager:220 - loadIPPluginJar : add cryp
2024-01-29 21:40:45,679 [INFO] IPUIPlugin:80 - create IPUIPlugin
2024-01-29 21:40:45,679 [INFO] PluginManager:220 - loadIPPluginJar : add dfsdm
2024-01-29 21:40:45,686 [INFO] IPUIPlugin:80 - create IPUIPlugin
2024-01-29 21:40:45,686 [INFO] PluginManager:220 - loadIPPluginJar : add dma
2024-01-29 21:40:45,690 [INFO] IPUIPlugin:80 - create IPUIPlugin
2024-01-29 21:40:45,691 [INFO] PluginManager:220 - loadIPPluginJar : add dma3
2024-01-29 21:40:45,693 [INFO] IPUIPlugin:80 - create IPUIPlugin
2024-01-29 21:40:45,693 [INFO] PluginManager:220 - loadIPPluginJar : add fatfs
2024-01-29 21:40:45,698 [INFO] IPUIPlugin:80 - create IPUIPlugin
2024-01-29 21:40:45,698 [INFO] PluginManager:220 - loadIPPluginJar : add fmc
2024-01-29 21:40:45,708 [INFO] IPUIPlugin:80 - create IPUIPlugin
2024-01-29 21:40:45,708 [INFO] PluginManager:220 - loadIPPluginJar : add freertos
2024-01-29 21:40:45,710 [INFO] IPUIPlugin:80 - create IPUIPlugin
2024-01-29 21:40:45,710 [INFO] PluginManager:220 - loadIPPluginJar : add genericplugin
2024-01-29 21:40:45,713 [INFO] IPUIPlugin:80 - create IPUIPlugin
2024-01-29 21:40:45,713 [INFO] PluginManager:220 - loadIPPluginJar : add gfxmmu
2024-01-29 21:40:45,744 [INFO] IPUIPlugin:80 - create IPUIPlugin
2024-01-29 21:40:45,745 [INFO] PluginManager:220 - loadIPPluginJar : add gic
2024-01-29 21:40:45,751 [INFO] IPUIPlugin:80 - create IPUIPlugin
2024-01-29 21:40:45,751 [INFO] PluginManager:220 - loadIPPluginJar : add gpio
2024-01-29 21:40:45,757 [INFO] IPUIPlugin:80 - create IPUIPlugin
2024-01-29 21:40:45,758 [INFO] PluginManager:220 - loadIPPluginJar : add gtzc
2024-01-29 21:40:45,761 [INFO] IPUIPlugin:80 - create IPUIPlugin
2024-01-29 21:40:45,761 [INFO] PluginManager:220 - loadIPPluginJar : add hash
2024-01-29 21:40:45,765 [INFO] IPUIPlugin:80 - create IPUIPlugin
2024-01-29 21:40:45,765 [INFO] PluginManager:220 - loadIPPluginJar : add i2c
2024-01-29 21:40:45,771 [INFO] IPUIPlugin:80 - create IPUIPlugin
2024-01-29 21:40:45,771 [INFO] PluginManager:220 - loadIPPluginJar : add i2s
2024-01-29 21:40:45,776 [INFO] IPUIPlugin:80 - create IPUIPlugin
2024-01-29 21:40:45,776 [INFO] PluginManager:220 - loadIPPluginJar : add i3c
2024-01-29 21:40:45,782 [INFO] IPUIPlugin:80 - create IPUIPlugin
2024-01-29 21:40:45,782 [INFO] PluginManager:220 - loadIPPluginJar : add ipddr
2024-01-29 21:40:45,791 [INFO] IPUIPlugin:80 - create IPUIPlugin
2024-01-29 21:40:45,791 [INFO] PluginManager:220 - loadIPPluginJar : add linkedlist
2024-01-29 21:40:45,795 [INFO] IPUIPlugin:80 - create IPUIPlugin
2024-01-29 21:40:45,795 [INFO] PluginManager:220 - loadIPPluginJar : add lorawan
2024-01-29 21:40:45,798 [INFO] IPUIPlugin:80 - create IPUIPlugin
2024-01-29 21:40:45,798 [INFO] PluginManager:220 - loadIPPluginJar : add ltdc
2024-01-29 21:40:45,805 [INFO] IPUIPlugin:80 - create IPUIPlugin
2024-01-29 21:40:45,805 [INFO] PluginManager:220 - loadIPPluginJar : add mdma
2024-01-29 21:40:45,812 [INFO] IPUIPlugin:80 - create IPUIPlugin
2024-01-29 21:40:45,812 [INFO] PluginManager:220 - loadIPPluginJar : add nvic
2024-01-29 21:40:45,816 [INFO] IPUIPlugin:80 - create IPUIPlugin
2024-01-29 21:40:45,816 [INFO] PluginManager:220 - loadIPPluginJar : add opamp
2024-01-29 21:40:45,821 [INFO] IPUIPlugin:80 - create IPUIPlugin
2024-01-29 21:40:45,821 [INFO] PluginManager:220 - loadIPPluginJar : add openamp
2024-01-29 21:40:45,825 [INFO] IPUIPlugin:80 - create IPUIPlugin
2024-01-29 21:40:45,825 [INFO] PluginManager:220 - loadIPPluginJar : add pdm2pcm
2024-01-29 21:40:45,833 [INFO] IPUIPlugin:80 - create IPUIPlugin
2024-01-29 21:40:45,836 [INFO] PluginManager:220 - loadIPPluginJar : add plateformsettings
2024-01-29 21:40:45,838 [INFO] IPUIPlugin:80 - create IPUIPlugin
2024-01-29 21:40:45,838 [INFO] PluginManager:220 - loadIPPluginJar : add quadspi
2024-01-29 21:40:45,844 [INFO] IPUIPlugin:80 - create IPUIPlugin
2024-01-29 21:40:45,844 [INFO] PluginManager:220 - loadIPPluginJar : add resmgrutility
2024-01-29 21:40:45,849 [INFO] IPUIPlugin:80 - create IPUIPlugin
2024-01-29 21:40:45,850 [INFO] PluginManager:220 - loadIPPluginJar : add sai
2024-01-29 21:40:45,853 [INFO] IPUIPlugin:80 - create IPUIPlugin
2024-01-29 21:40:45,853 [INFO] PluginManager:220 - loadIPPluginJar : add spi
2024-01-29 21:40:45,859 [INFO] IPUIPlugin:80 - create IPUIPlugin
2024-01-29 21:40:45,859 [INFO] PluginManager:220 - loadIPPluginJar : add stm32_wpan
2024-01-29 21:40:45,862 [INFO] IPUIPlugin:80 - create IPUIPlugin
2024-01-29 21:40:45,862 [INFO] PluginManager:220 - loadIPPluginJar : add tim
2024-01-29 21:40:45,867 [INFO] IPUIPlugin:80 - create IPUIPlugin
2024-01-29 21:40:45,867 [INFO] PluginManager:220 - loadIPPluginJar : add touchsensing
2024-01-29 21:40:45,870 [INFO] IPUIPlugin:80 - create IPUIPlugin
2024-01-29 21:40:45,870 [INFO] PluginManager:220 - loadIPPluginJar : add tracer_emb
2024-01-29 21:40:45,875 [INFO] IPUIPlugin:80 - create IPUIPlugin
2024-01-29 21:40:45,875 [INFO] PluginManager:220 - loadIPPluginJar : add ts
2024-01-29 21:40:45,877 [INFO] IPUIPlugin:80 - create IPUIPlugin
2024-01-29 21:40:45,878 [INFO] PluginManager:220 - loadIPPluginJar : add tsc
2024-01-29 21:40:45,889 [INFO] IPUIPlugin:80 - create IPUIPlugin
2024-01-29 21:40:45,889 [INFO] PluginManager:220 - loadIPPluginJar : add ucpd
2024-01-29 21:40:45,894 [INFO] IPUIPlugin:80 - create IPUIPlugin
2024-01-29 21:40:45,894 [INFO] PluginManager:220 - loadIPPluginJar : add usart
2024-01-29 21:40:45,900 [INFO] IPUIPlugin:80 - create IPUIPlugin
2024-01-29 21:40:45,900 [INFO] PluginManager:220 - loadIPPluginJar : add usbx
2024-01-29 21:40:46,054 [INFO] CADModel:165 - CPN selected for project level
2024-01-29 21:40:46,054 [INFO] CADModel:114 - Register for checkConnection events
2024-01-29 21:40:46,055 [FATAL] Updater:308 - Updater called before beeing initialized
2024-01-29 21:40:46,055 [ERROR] CADModel:125 - Updater not yet initialized, retry later 
2024-01-29 21:40:46,276 [INFO] CADModel:165 - CPN selected for project level
2024-01-29 21:40:46,276 [INFO] CADModel:114 - Register for checkConnection events
2024-01-29 21:40:46,276 [FATAL] Updater:308 - Updater called before beeing initialized
2024-01-29 21:40:46,276 [ERROR] CADModel:125 - Updater not yet initialized, retry later 
2024-01-29 21:40:46,281 [FATAL] Updater:308 - Updater called before beeing initialized
2024-01-29 21:40:46,414 [FATAL] Updater:308 - Updater called before beeing initialized
2024-01-29 21:40:46,420 [INFO] DbMcusAds:53 - JSON generation date=Wed Nov 29 05:52:27 EST 2023 (1701255147200)
2024-01-29 21:40:46,421 [FATAL] Updater:308 - Updater called before beeing initialized
2024-01-29 21:40:46,483 [WARN] DetailPanel:346 - Failed to get advertising image, set to default
2024-01-29 21:40:46,622 [FATAL] Updater:308 - Updater called before beeing initialized
2024-01-29 21:40:46,626 [FATAL] Updater:308 - Updater called before beeing initialized
2024-01-29 21:40:46,626 [FATAL] Updater:308 - Updater called before beeing initialized
2024-01-29 21:40:46,626 [WARN] DetailPanel:346 - Failed to get advertising image, set to default
2024-01-29 21:40:46,627 [FATAL] Updater:308 - Updater called before beeing initialized
2024-01-29 21:40:46,696 [ERROR] Updater:1120 - MainUpdater not yet initialized. External WinMGr cannot be set.
2024-01-29 21:40:46,702 [INFO] Updater:1056 - Updater Version found : 6.10.0
2024-01-29 21:40:46,736 [INFO] ApplicationProperties:184 - Using Application install path: C:\ST\STM32CubeIDE_1.13.1\STM32CubeIDE\plugins\com.st.stm32cube.common.mx_6.10.0.202311202037
2024-01-29 21:40:47,363 [INFO] MainUpdater:2873 - connection check result : 10
2024-01-29 21:40:47,364 [INFO] MainUpdater:290 - Updater Check For Update Now.
2024-01-29 21:40:47,364 [INFO] MicroXplorer:498 - Change Database Version : DB.6.0.100
2024-01-29 21:40:47,371 [INFO] McuFinderGlobals:63 - Set McuFinder mode to 2 (CubeIDE integrated)
2024-01-29 21:40:47,383 [INFO] UserAuth:404 - Internet connection configuration mode: 1
2024-01-29 21:40:47,403 [INFO] JxBrowserEngine:152 - Initiate JxBrowser Engine with user profile folder
2024-01-29 21:40:47,652 [INFO] CheckServerUpdateThread:120 - End of CheckServer Thread
2024-01-29 21:40:48,454 [WARN] PackLoader:240 - Cannot read IP mode file for STMicroelectronics.X-CUBE-SMBUS.2.1.0
2024-01-29 21:40:48,481 [WARN] PackLoader:240 - Cannot read IP mode file for STMicroelectronics.X-CUBE-TOUCHGFX.4.23.0
2024-01-29 21:40:48,527 [WARN] PackLoader:240 - Cannot read IP mode file for STMicroelectronics.X-CUBE-AZRTOS-F7.1.1.0
2024-01-29 21:40:48,538 [WARN] PackLoader:240 - Cannot read IP mode file for STMicroelectronics.FP-SNS-MOTENV1.4.3.2
2024-01-29 21:40:48,545 [WARN] PackLoader:240 - Cannot read IP mode file for STMicroelectronics.FP-SNS-FLIGHT1.5.0.1
2024-01-29 21:40:48,555 [WARN] PackLoader:240 - Cannot read IP mode file for STMicroelectronics.X-CUBE-BLE1.6.2.4
2024-01-29 21:40:48,560 [WARN] PackLoader:240 - Cannot read IP mode file for STMicroelectronics.FP-SNS-FLIGHT1.5.0.2
2024-01-29 21:40:48,568 [WARN] PackLoader:240 - Cannot read IP mode file for STMicroelectronics.X-CUBE-DISPLAY.3.0.0
2024-01-29 21:40:48,582 [WARN] PackLoader:240 - Cannot read IP mode file for STMicroelectronics.X-CUBE-BLE1.7.0.0
2024-01-29 21:40:48,588 [WARN] PackLoader:240 - Cannot read IP mode file for emotas.I-CUBE-CANOPEN.1.3.0
2024-01-29 21:40:48,593 [WARN] PackLoader:240 - Cannot read IP mode file for STMicroelectronics.X-CUBE-TOUCHGFX.4.22.0
2024-01-29 21:40:48,599 [WARN] PackLoader:240 - Cannot read IP mode file for STMicroelectronics.X-CUBE-TOUCHGFX.4.22.1
2024-01-29 21:40:48,605 [WARN] PackLoader:240 - Cannot read IP mode file for STMicroelectronics.FP-SNS-SMARTAG2.1.2.0
2024-01-29 21:40:48,622 [INFO] LogOutputStream:77 - [STDOUT_REDIRECT] 1 : Invalid condition id : UX_CORESTACK_Condition cause : null
2024-01-29 21:40:48,623 [INFO] LogOutputStream:77 - [STDOUT_REDIRECT] 1 : Invalid condition id : UX_CORESTACK_Condition cause : null
2024-01-29 21:40:48,625 [INFO] LogOutputStream:77 - [STDOUT_REDIRECT] 1 : Invalid condition id : UX_CORESTACK_Condition cause : null
2024-01-29 21:40:48,626 [INFO] LogOutputStream:77 - [STDOUT_REDIRECT] 1 : Invalid condition id : UX_CORESTACK_Condition cause : null
2024-01-29 21:40:48,627 [INFO] LogOutputStream:77 - [STDOUT_REDIRECT] 1 : Invalid condition id : UX_CORESTACK_Condition cause : null
2024-01-29 21:40:48,632 [WARN] PackLoader:240 - Cannot read IP mode file for STMicroelectronics.X-CUBE-AZRTOS-WL.2.0.0
2024-01-29 21:40:48,643 [WARN] PackLoader:240 - Cannot read IP mode file for WES.I-CUBE-Cesium.1.3.0
2024-01-29 21:40:48,650 [WARN] PackLoader:240 - Cannot read IP mode file for STMicroelectronics.X-CUBE-BLE2.3.3.0
2024-01-29 21:40:48,659 [WARN] PackLoader:240 - Cannot read IP mode file for STMicroelectronics.X-CUBE-ALGOBUILD.1.3.0
2024-01-29 21:40:48,684 [WARN] PackLoader:240 - Cannot read IP mode file for STMicroelectronics.X-CUBE-AZRTOS-G0.1.1.0
2024-01-29 21:40:48,695 [WARN] PackLoader:240 - Cannot read IP mode file for STMicroelectronics.X-CUBE-NFC4.3.0.0
2024-01-29 21:40:48,708 [WARN] PackLoader:240 - Cannot read IP mode file for STMicroelectronics.X-CUBE-BLEMGR.3.0.0
2024-01-29 21:40:48,716 [WARN] PackLoader:240 - Cannot read IP mode file for STMicroelectronics.FP-ATR-SIGFOX1.3.2.0
2024-01-29 21:40:48,723 [WARN] PackLoader:240 - Cannot read IP mode file for STMicroelectronics.X-CUBE-EEPRMA1.5.1.0
2024-01-29 21:40:48,790 [WARN] PackLoader:240 - Cannot read IP mode file for SEGGER.I-CUBE-embOS.1.3.1
2024-01-29 21:40:48,855 [WARN] PackLoader:240 - Cannot read IP mode file for STMicroelectronics.X-CUBE-GNSS1.6.0.0
2024-01-29 21:40:48,886 [WARN] PackLoader:240 - Cannot read IP mode file for STMicroelectronics.X-CUBE-AZRTOS-F4.1.1.0
2024-01-29 21:40:48,920 [WARN] PackLoader:240 - Cannot read IP mode file for wolfSSL.I-CUBE-wolfSSL.5.6.3
2024-01-29 21:40:48,942 [WARN] PackLoader:240 - Cannot read IP mode file for STMicroelectronics.X-CUBE-AZRTOS-L5.2.0.0
2024-01-29 21:40:49,022 [WARN] PackLoader:240 - Cannot read IP mode file for STMicroelectronics.X-CUBE-MEMS1.9.6.0
2024-01-29 21:40:49,172 [WARN] PackLoader:240 - Cannot read IP mode file for STMicroelectronics.X-CUBE-EEPRMA1.4.2.0
2024-01-29 21:40:49,178 [WARN] PackLoader:240 - Cannot read IP mode file for ITTIA_DB.I-CUBE-ITTIADB.8.8.0
2024-01-29 21:40:49,184 [WARN] PackLoader:240 - Cannot read IP mode file for STMicroelectronics.X-CUBE-BLEMGR.2.0.0
2024-01-29 21:40:49,202 [WARN] ConditionMgr:438 - getConditionDescription Invalid condition id : UX DEVICE CLASS RTOS Condition cause : null
2024-01-29 21:40:49,203 [WARN] ConditionMgr:438 - getConditionDescription Invalid condition id : UX DEVICE CLASS RTOS Condition cause : null
2024-01-29 21:40:49,205 [WARN] PackLoader:240 - Cannot read IP mode file for STMicroelectronics.X-CUBE-AZRTOS-H7.3.1.0
2024-01-29 21:40:49,207 [WARN] ConditionMgr:1039 - genDependencies : Invalid condition id : UX DEVICE CLASS RTOS Condition cause : null
2024-01-29 21:40:49,207 [WARN] ConditionMgr:1039 - genDependencies : Invalid condition id : UX DEVICE CLASS RTOS Condition cause : null
2024-01-29 21:40:49,207 [WARN] ConditionMgr:1039 - genDependencies : Invalid condition id : UX DEVICE CLASS RTOS Condition cause : null
2024-01-29 21:40:49,208 [WARN] ConditionMgr:1039 - genDependencies : Invalid condition id : UX DEVICE CLASS RTOS Condition cause : null
2024-01-29 21:40:49,208 [WARN] ConditionMgr:1039 - genDependencies : Invalid condition id : UX DEVICE CLASS RTOS Condition cause : null
2024-01-29 21:40:49,218 [WARN] PackLoader:240 - Cannot read IP mode file for STMicroelectronics.X-CUBE-NFC7.1.0.1
2024-01-29 21:40:49,226 [WARN] PackLoader:240 - Cannot read IP mode file for STMicroelectronics.X-CUBE-NFC6.3.0.0
2024-01-29 21:40:49,233 [WARN] PackLoader:240 - Cannot read IP mode file for STMicroelectronics.X-CUBE-EEPRMA1.4.1.0
2024-01-29 21:40:49,238 [WARN] PackLoader:240 - Cannot read IP mode file for STMicroelectronics.X-CUBE-AI.8.1.0
2024-01-29 21:40:49,256 [WARN] ConditionMgr:438 - getConditionDescription Invalid condition id : LAN8742 Phy interface Condition cause : null
2024-01-29 21:40:49,257 [WARN] PackLoader:240 - Cannot read IP mode file for STMicroelectronics.X-CUBE-AZRTOS-L4.2.0.0
2024-01-29 21:40:49,258 [WARN] ConditionMgr:1039 - genDependencies : Invalid condition id : LAN8742 Phy interface Condition cause : null
2024-01-29 21:40:49,259 [WARN] ConditionMgr:1039 - genDependencies : Invalid condition id : LAN8742 Phy interface Condition cause : null
2024-01-29 21:40:49,260 [WARN] ConditionMgr:1039 - genDependencies : Invalid condition id : LAN8742 Phy interface Condition cause : null
2024-01-29 21:40:49,268 [WARN] PackLoader:240 - Cannot read IP mode file for STMicroelectronics.X-CUBE-SFXS2LP1.4.0.0
2024-01-29 21:40:49,274 [WARN] PackLoader:240 - Cannot read IP mode file for STMicroelectronics.X-CUBE-ISPU.1.1.0
2024-01-29 21:40:49,298 [WARN] ConditionMgr:438 - getConditionDescription Invalid condition id : UX DEVICE CLASS RTOS Condition cause : null
2024-01-29 21:40:49,298 [WARN] ConditionMgr:438 - getConditionDescription Invalid condition id : UX DEVICE CLASS RTOS Condition cause : null
2024-01-29 21:40:49,300 [WARN] PackLoader:240 - Cannot read IP mode file for STMicroelectronics.X-CUBE-AZRTOS-WB.2.0.0
2024-01-29 21:40:49,301 [WARN] ConditionMgr:1039 - genDependencies : Invalid condition id : UX DEVICE CLASS RTOS Condition cause : null
2024-01-29 21:40:49,301 [WARN] ConditionMgr:1039 - genDependencies : Invalid condition id : UX DEVICE CLASS RTOS Condition cause : null
2024-01-29 21:40:49,301 [WARN] ConditionMgr:1039 - genDependencies : Invalid condition id : UX DEVICE CLASS RTOS Condition cause : null
2024-01-29 21:40:49,301 [WARN] ConditionMgr:1039 - genDependencies : Invalid condition id : UX DEVICE CLASS RTOS Condition cause : null
2024-01-29 21:40:49,301 [WARN] ConditionMgr:1039 - genDependencies : Invalid condition id : UX DEVICE CLASS RTOS Condition cause : null
2024-01-29 21:40:49,307 [WARN] PackLoader:240 - Cannot read IP mode file for STMicroelectronics.X-CUBE-FREERTOS.1.0.1
2024-01-29 21:40:49,323 [WARN] PackLoader:240 - Cannot read IP mode file for STMicroelectronics.X-CUBE-AZRTOS-L5.1.1.0
2024-01-29 21:40:49,329 [WARN] PackLoader:240 - Cannot read IP mode file for STMicroelectronics.X-CUBE-AI.8.0.1
2024-01-29 21:40:49,340 [WARN] PackLoader:240 - Cannot read IP mode file for STMicroelectronics.X-CUBE-SUBG2.5.0.0
2024-01-29 21:40:49,354 [WARN] PackLoader:240 - Cannot read IP mode file for STMicroelectronics.X-CUBE-TOF1.3.3.1
2024-01-29 21:40:49,380 [WARN] PackLoader:240 - Cannot read IP mode file for STMicroelectronics.X-CUBE-AZRTOS-G4.2.0.0
2024-01-29 21:40:49,394 [WARN] PackLoader:240 - Cannot read IP mode file for STMicroelectronics.X-CUBE-TOF1.3.3.0
2024-01-29 21:40:49,441 [WARN] PackLoader:240 - Cannot read IP mode file for Infineon.AIROC-Wi-Fi-Bluetooth-STM32.1.5.1
2024-01-29 21:40:49,449 [WARN] PackLoader:240 - Cannot read IP mode file for STMicroelectronics.FP-SNS-MOTENVWB1.1.3.1
2024-01-29 21:40:49,452 [WARN] PackLoader:240 - Cannot read IP mode file for STMicroelectronics.X-CUBE-ISPU.2.0.0
2024-01-29 21:40:49,488 [WARN] PackLoader:240 - Cannot read IP mode file for STMicroelectronics.X-CUBE-MEMS1.10.0.0
2024-01-29 21:40:49,596 [WARN] PackLoader:240 - Cannot read IP mode file for STMicroelectronics.X-CUBE-FREERTOS.1.1.0
2024-01-29 21:40:49,602 [WARN] PackLoader:240 - Cannot read IP mode file for portGmbH.I-Cube-SoM-uGOAL.1.1.0
2024-01-29 21:40:49,606 [WARN] PackLoader:240 - Cannot read IP mode file for STMicroelectronics.X-CUBE-ALS.1.0.1
2024-01-29 21:40:49,619 [WARN] PackLoader:240 - Cannot read IP mode file for STMicroelectronics.X-CUBE-AZRTOS-WB.1.1.0
2024-01-29 21:40:49,625 [WARN] PackLoader:240 - Cannot read IP mode file for STMicroelectronics.FP-ATR-ASTRA1.2.0.0
2024-01-29 21:40:49,645 [WARN] PackLoader:240 - Cannot read IP mode file for STMicroelectronics.X-CUBE-TOF1.3.4.0
2024-01-29 21:40:49,685 [WARN] PackLoader:240 - Cannot read IP mode file for STMicroelectronics.X-CUBE-AZRTOS-H7.3.2.0
2024-01-29 21:40:49,689 [INFO] ThirdParty:978 - Integrity check success = true
2024-01-29 21:40:49,689 [INFO] IntegrityCheckThread:100 - exiting critical section [integrity check]
2024-01-29 21:40:49,689 [INFO] IntegrityCheckThread:103 - End integrity checks thread
2024-01-29 21:40:51,246 [INFO] WebApp:161 - Instantiating new browser for Auth
2024-01-29 21:40:52,221 [INFO] WebApp:780 - Register for checkConnection events
2024-01-29 21:40:52,222 [INFO] WebApp:414 - Apply proxy settings
2024-01-29 21:40:52,222 [INFO] WebApp:499 - Chromium requires no authentication
2024-01-29 21:40:52,230 [INFO] WebApp:442 - Direct internet connection detected
2024-01-29 21:40:52,411 [INFO] WebApp:192 - Starting web application
2024-01-29 21:40:52,412 [INFO] WebApp:544 - Web application path used C:\ST\STM32CubeIDE_1.13.1\STM32CubeIDE\plugins\com.st.stm32cube.common.mx_6.10.0.202311202037\db\plugins\mcufinder\reactClient1\index.html
2024-01-29 21:40:53,012 [INFO] McuFinderGlobals:63 - Set McuFinder mode to 2 (CubeIDE integrated)
2024-01-29 21:40:53,044 [INFO] MainUpdater:2873 - connection check result : 10
2024-01-29 21:40:53,050 [INFO] MainUpdater:2873 - connection check result : 10
2024-01-29 21:40:53,267 [INFO] MicroXplorer:468 - Change Database Path : 
2024-01-29 21:40:53,267 [INFO] MicroXplorer:498 - Change Database Version : DB.6.0.100
2024-01-29 21:40:53,272 [WARN] ThirdParty:871 - waiting for thirdparty lock release [close project]
2024-01-29 21:40:53,272 [INFO] ThirdParty:873 - entering critical section [close project]
2024-01-29 21:40:53,274 [INFO] ThirdParty:883 - exiting critical section [close project]
2024-01-29 21:40:53,277 [INFO] PinOutPanel:1499 - setPackage(No Configuration,No Configuration)
2024-01-29 21:40:53,286 [INFO] UtilMem:75 - Begin LoadConfig() Used Memory: 240233968 Bytes (540016640)
2024-01-29 21:40:53,293 [INFO] OpenFileManager:312 - Change cursor
2024-01-29 21:40:53,348 [INFO] Mcu:2016 - Initializing MCU STM32F446R(C-E)Tx STM32F446RETx STM32F446RET6
2024-01-29 21:40:55,580 [INFO] Context:659 - Trying to add GPIOservice into a context  which must be forbidden
2024-01-29 21:40:56,373 [INFO] RtosManager:555 - Registered RTOS mode: class=CMSIS, group=RTOS, mode=CMSIS_V1, owner=FREERTOS
2024-01-29 21:40:56,373 [INFO] RtosManager:555 - Registered RTOS mode: class=CMSIS, group=RTOS2, mode=CMSIS_V2, owner=FREERTOS
2024-01-29 21:40:56,373 [INFO] RtosManager:555 - Registered RTOS mode: class=RTOS, group=Core, mode=CMSIS_V1, owner=FREERTOS
2024-01-29 21:40:56,373 [INFO] RtosManager:555 - Registered RTOS mode: class=RTOS, group=Core, mode=CMSIS_V2, owner=FREERTOS
2024-01-29 21:40:56,374 [WARN] ModelIntegratedComponent:184 - Missing modes for component STMicroelectronics:FreeRTOS:0.0.1:STMicroelectronics:RTOS:FreeRTOS:Core:::10.2.0:
2024-01-29 21:40:56,388 [WARN] ModelIntegratedComponent:63 - No mode defined for component null
2024-01-29 21:40:56,389 [WARN] ModelIntegratedComponent:63 - No mode defined for component null
2024-01-29 21:40:56,389 [WARN] ModelIntegratedComponent:63 - No mode defined for component null
2024-01-29 21:40:56,389 [WARN] ModelIntegratedComponent:63 - No mode defined for component null
2024-01-29 21:40:56,389 [WARN] ModelIntegratedComponent:63 - No mode defined for component null
2024-01-29 21:40:56,389 [WARN] ModelIntegratedComponent:63 - No mode defined for component null
2024-01-29 21:40:56,389 [WARN] ModelIntegratedComponent:63 - No mode defined for component null
2024-01-29 21:40:56,389 [WARN] ModelIntegratedComponent:63 - No mode defined for component null
2024-01-29 21:40:56,389 [WARN] ModelIntegratedComponent:63 - No mode defined for component null
2024-01-29 21:40:56,389 [WARN] ModelIntegratedComponent:63 - No mode defined for component null
2024-01-29 21:40:56,389 [WARN] ModelIntegratedComponent:63 - No mode defined for component null
2024-01-29 21:40:56,389 [WARN] ModelIntegratedComponent:63 - No mode defined for component null
2024-01-29 21:40:56,389 [WARN] ModelIntegratedComponent:63 - No mode defined for component null
2024-01-29 21:40:56,389 [WARN] ModelIntegratedComponent:63 - No mode defined for component null
2024-01-29 21:40:56,389 [WARN] ModelIntegratedComponent:63 - No mode defined for component null
2024-01-29 21:40:56,389 [WARN] ModelIntegratedComponent:63 - No mode defined for component null
2024-01-29 21:40:56,389 [WARN] ModelIntegratedComponent:63 - No mode defined for component null
2024-01-29 21:40:56,390 [WARN] ModelIntegratedComponent:63 - No mode defined for component null
2024-01-29 21:40:56,390 [WARN] ModelIntegratedComponent:63 - No mode defined for component null
2024-01-29 21:40:56,390 [WARN] ModelIntegratedComponent:63 - No mode defined for component null
2024-01-29 21:40:56,390 [WARN] ModelIntegratedComponent:63 - No mode defined for component null
2024-01-29 21:40:56,390 [WARN] ModelIntegratedComponent:63 - No mode defined for component null
2024-01-29 21:40:56,390 [WARN] ModelIntegratedComponent:63 - No mode defined for component null
2024-01-29 21:40:56,390 [WARN] ModelIntegratedComponent:63 - No mode defined for component null
2024-01-29 21:40:56,390 [WARN] ModelIntegratedComponent:63 - No mode defined for component null
2024-01-29 21:40:56,390 [WARN] ModelIntegratedComponent:63 - No mode defined for component null
2024-01-29 21:40:56,390 [WARN] ModelIntegratedComponent:63 - No mode defined for component null
2024-01-29 21:40:56,390 [WARN] ModelIntegratedComponent:63 - No mode defined for component null
2024-01-29 21:40:56,390 [WARN] ModelIntegratedComponent:63 - No mode defined for component null
2024-01-29 21:40:56,390 [WARN] ModelIntegratedComponent:63 - No mode defined for component null
2024-01-29 21:40:56,390 [WARN] ModelIntegratedComponent:63 - No mode defined for component null
2024-01-29 21:40:56,390 [WARN] ModelIntegratedComponent:63 - No mode defined for component null
2024-01-29 21:40:56,390 [WARN] ModelIntegratedComponent:63 - No mode defined for component null
2024-01-29 21:40:56,481 [INFO] ThirdPartyModel:298 - Start build external matchings
2024-01-29 21:40:57,106 [INFO] ThirdPartyModel:316 - End build external matchings
2024-01-29 21:40:57,137 [INFO] ImportTextPane:194 - (OptionalMessage_ERROR) IP (ADC1) : Parameter (ContinuousConvMode) has invalid value (DISABLE)
2024-01-29 21:40:57,137 [INFO] ImportTextPane:194 - (OptionalMessage_ERROR) IP (DMA) : Parameter (Instance) has Id (I2C1_RX) currently not set
2024-01-29 21:40:57,137 [INFO] ImportTextPane:194 - (OptionalMessage_ERROR) IP (DMA) : Parameter (Channel) has Id (I2C1_RX) currently not set
2024-01-29 21:40:57,137 [INFO] ImportTextPane:194 - (OptionalMessage_ERROR) IP (DMA) : Parameter (Direction) has Id (I2C1_RX) currently not set
2024-01-29 21:40:57,137 [INFO] ImportTextPane:194 - (OptionalMessage_ERROR) IP (DMA) : Parameter (PeriphInc) has Id (I2C1_RX) currently not set
2024-01-29 21:40:57,137 [INFO] ImportTextPane:194 - (OptionalMessage_ERROR) IP (DMA) : Parameter (MemInc) has Id (I2C1_RX) currently not set
2024-01-29 21:40:57,137 [INFO] ImportTextPane:194 - (OptionalMessage_ERROR) IP (DMA) : Parameter (PeriphDataAlignment) has Id (I2C1_RX) currently not set
2024-01-29 21:40:57,137 [INFO] ImportTextPane:194 - (OptionalMessage_ERROR) IP (DMA) : Parameter (MemDataAlignment) has Id (I2C1_RX) currently not set
2024-01-29 21:40:57,137 [INFO] ImportTextPane:194 - (OptionalMessage_ERROR) IP (DMA) : Parameter (Mode) has Id (I2C1_RX) currently not set
2024-01-29 21:40:57,138 [INFO] ImportTextPane:194 - (OptionalMessage_ERROR) IP (DMA) : Parameter (Priority) has Id (I2C1_RX) currently not set
2024-01-29 21:40:57,138 [INFO] ImportTextPane:194 - (OptionalMessage_ERROR) IP (DMA) : Parameter (FIFOMode) has Id (I2C1_RX) currently not set
2024-01-29 21:40:57,138 [INFO] ImportTextPane:194 - (OptionalMessage_ERROR) IP (DMA) : Parameter (Instance) has Id (I2C1_TX) currently not set
2024-01-29 21:40:57,138 [INFO] ImportTextPane:194 - (OptionalMessage_ERROR) IP (DMA) : Parameter (Channel) has Id (I2C1_TX) currently not set
2024-01-29 21:40:57,138 [INFO] ImportTextPane:194 - (OptionalMessage_ERROR) IP (DMA) : Parameter (Direction) has Id (I2C1_TX) currently not set
2024-01-29 21:40:57,138 [INFO] ImportTextPane:194 - (OptionalMessage_ERROR) IP (DMA) : Parameter (PeriphInc) has Id (I2C1_TX) currently not set
2024-01-29 21:40:57,138 [INFO] ImportTextPane:194 - (OptionalMessage_ERROR) IP (DMA) : Parameter (MemInc) has Id (I2C1_TX) currently not set
2024-01-29 21:40:57,138 [INFO] ImportTextPane:194 - (OptionalMessage_ERROR) IP (DMA) : Parameter (PeriphDataAlignment) has Id (I2C1_TX) currently not set
2024-01-29 21:40:57,138 [INFO] ImportTextPane:194 - (OptionalMessage_ERROR) IP (DMA) : Parameter (MemDataAlignment) has Id (I2C1_TX) currently not set
2024-01-29 21:40:57,138 [INFO] ImportTextPane:194 - (OptionalMessage_ERROR) IP (DMA) : Parameter (Mode) has Id (I2C1_TX) currently not set
2024-01-29 21:40:57,138 [INFO] ImportTextPane:194 - (OptionalMessage_ERROR) IP (DMA) : Parameter (Priority) has Id (I2C1_TX) currently not set
2024-01-29 21:40:57,138 [INFO] ImportTextPane:194 - (OptionalMessage_ERROR) IP (DMA) : Parameter (FIFOMode) has Id (I2C1_TX) currently not set
2024-01-29 21:40:57,138 [INFO] ImportTextPane:194 - (OptionalMessage_ERROR) IP (DMA) : Parameter (Instance) has Id (ADC1) currently not set
2024-01-29 21:40:57,138 [INFO] ImportTextPane:194 - (OptionalMessage_ERROR) IP (DMA) : Parameter (Channel) has Id (ADC1) currently not set
2024-01-29 21:40:57,139 [INFO] ImportTextPane:194 - (OptionalMessage_ERROR) IP (DMA) : Parameter (Direction) has Id (ADC1) currently not set
2024-01-29 21:40:57,139 [INFO] ImportTextPane:194 - (OptionalMessage_ERROR) IP (DMA) : Parameter (PeriphInc) has Id (ADC1) currently not set
2024-01-29 21:40:57,139 [INFO] ImportTextPane:194 - (OptionalMessage_ERROR) IP (DMA) : Parameter (MemInc) has Id (ADC1) currently not set
2024-01-29 21:40:57,139 [INFO] ImportTextPane:194 - (OptionalMessage_ERROR) IP (DMA) : Parameter (PeriphDataAlignment) has Id (ADC1) currently not set
2024-01-29 21:40:57,139 [INFO] ImportTextPane:194 - (OptionalMessage_ERROR) IP (DMA) : Parameter (MemDataAlignment) has Id (ADC1) currently not set
2024-01-29 21:40:57,139 [INFO] ImportTextPane:194 - (OptionalMessage_ERROR) IP (DMA) : Parameter (Mode) has Id (ADC1) currently not set
2024-01-29 21:40:57,139 [INFO] ImportTextPane:194 - (OptionalMessage_ERROR) IP (DMA) : Parameter (Priority) has Id (ADC1) currently not set
2024-01-29 21:40:57,139 [INFO] ImportTextPane:194 - (OptionalMessage_ERROR) IP (DMA) : Parameter (FIFOMode) has Id (ADC1) currently not set
2024-01-29 21:40:57,139 [INFO] ImportTextPane:194 - (OptionalMessage_ERROR) IP (DMA) : Parameter (Instance) has Id (USART1_RX) currently not set
2024-01-29 21:40:57,139 [INFO] ImportTextPane:194 - (OptionalMessage_ERROR) IP (DMA) : Parameter (Channel) has Id (USART1_RX) currently not set
2024-01-29 21:40:57,139 [INFO] ImportTextPane:194 - (OptionalMessage_ERROR) IP (DMA) : Parameter (Direction) has Id (USART1_RX) currently not set
2024-01-29 21:40:57,139 [INFO] ImportTextPane:194 - (OptionalMessage_ERROR) IP (DMA) : Parameter (PeriphInc) has Id (USART1_RX) currently not set
2024-01-29 21:40:57,139 [INFO] ImportTextPane:194 - (OptionalMessage_ERROR) IP (DMA) : Parameter (MemInc) has Id (USART1_RX) currently not set
2024-01-29 21:40:57,139 [INFO] ImportTextPane:194 - (OptionalMessage_ERROR) IP (DMA) : Parameter (PeriphDataAlignment) has Id (USART1_RX) currently not set
2024-01-29 21:40:57,139 [INFO] ImportTextPane:194 - (OptionalMessage_ERROR) IP (DMA) : Parameter (MemDataAlignment) has Id (USART1_RX) currently not set
2024-01-29 21:40:57,139 [INFO] ImportTextPane:194 - (OptionalMessage_ERROR) IP (DMA) : Parameter (Mode) has Id (USART1_RX) currently not set
2024-01-29 21:40:57,140 [INFO] ImportTextPane:194 - (OptionalMessage_ERROR) IP (DMA) : Parameter (Priority) has Id (USART1_RX) currently not set
2024-01-29 21:40:57,140 [INFO] ImportTextPane:194 - (OptionalMessage_ERROR) IP (DMA) : Parameter (FIFOMode) has Id (USART1_RX) currently not set
2024-01-29 21:40:57,140 [INFO] ImportTextPane:194 - (OptionalMessage_ERROR) IP (DMA) : Parameter (Instance) has Id (USART1_TX) currently not set
2024-01-29 21:40:57,140 [INFO] ImportTextPane:194 - (OptionalMessage_ERROR) IP (DMA) : Parameter (Channel) has Id (USART1_TX) currently not set
2024-01-29 21:40:57,140 [INFO] ImportTextPane:194 - (OptionalMessage_ERROR) IP (DMA) : Parameter (Direction) has Id (USART1_TX) currently not set
2024-01-29 21:40:57,140 [INFO] ImportTextPane:194 - (OptionalMessage_ERROR) IP (DMA) : Parameter (PeriphInc) has Id (USART1_TX) currently not set
2024-01-29 21:40:57,140 [INFO] ImportTextPane:194 - (OptionalMessage_ERROR) IP (DMA) : Parameter (MemInc) has Id (USART1_TX) currently not set
2024-01-29 21:40:57,140 [INFO] ImportTextPane:194 - (OptionalMessage_ERROR) IP (DMA) : Parameter (PeriphDataAlignment) has Id (USART1_TX) currently not set
2024-01-29 21:40:57,140 [INFO] ImportTextPane:194 - (OptionalMessage_ERROR) IP (DMA) : Parameter (MemDataAlignment) has Id (USART1_TX) currently not set
2024-01-29 21:40:57,140 [INFO] ImportTextPane:194 - (OptionalMessage_ERROR) IP (DMA) : Parameter (Mode) has Id (USART1_TX) currently not set
2024-01-29 21:40:57,140 [INFO] ImportTextPane:194 - (OptionalMessage_ERROR) IP (DMA) : Parameter (Priority) has Id (USART1_TX) currently not set
2024-01-29 21:40:57,140 [INFO] ImportTextPane:194 - (OptionalMessage_ERROR) IP (DMA) : Parameter (FIFOMode) has Id (USART1_TX) currently not set
2024-01-29 21:40:57,145 [WARN] IP:2119 - I2C_Coeff_DF not found: check if there is a RefParameter without a condition.
2024-01-29 21:40:57,145 [WARN] IP:2119 - Analog_Filter not found: check if there is a RefParameter without a condition.
2024-01-29 21:40:57,145 [INFO] ImportTextPane:194 - (OptionalMessage_ERROR) IP (RCC) : Invalid parameter (48MHZClocksFreq_Value)
2024-01-29 21:40:57,146 [INFO] ImportTextPane:194 - (OptionalMessage_ERROR) IP (RCC) : Invalid parameter (EthernetFreq_Value)
2024-01-29 21:40:57,148 [INFO] ImportTextPane:194 - (OptionalMessage_ERROR) IP (RCC) : Parameter (FLatency) has Id (AdvancedSettings) currently not set
2024-01-29 21:40:57,148 [INFO] ImportTextPane:194 - (OptionalMessage_ERROR) IP (RCC) : Invalid parameter (FamilyName)
2024-01-29 21:40:57,148 [INFO] ImportTextPane:194 - (OptionalMessage_ERROR) IP (RCC) : Invalid parameter (I2SClocksFreq_Value)
2024-01-29 21:40:57,148 [INFO] ImportTextPane:194 - (OptionalMessage_ERROR) IP (RCC) : Parameter (MCO2PinFreq_Value) has invalid value (168000000)
2024-01-29 21:40:57,150 [INFO] ImportTextPane:194 - (OptionalMessage_ERROR) IP (RCC) : Invalid parameter (VCOInputMFreq_Value)
2024-01-29 21:40:57,150 [INFO] ImportTextPane:194 - (OptionalMessage_ERROR) IP (RCC) : Invalid parameter (VcooutputI2S)
2024-01-29 21:40:57,476 [INFO] UtilMem:75 - End LoadConfig() Used Memory: 569676008 Bytes (753926144)
2024-01-29 21:40:57,661 [INFO] ApiDb:581 - Connected to CubeFinder SQLite database (C:\Users\bozo2\.stmcufinder\plugins\mcufinder\mcu\cube-finder-db.db)
2024-01-29 21:40:57,764 [INFO] ApiDb:668 - CubeFinder database Data Model version=2.1
2024-01-29 21:40:57,764 [INFO] ApiDb:669 - CubeFinder database Configuration version=3.0.39
2024-01-29 21:40:57,765 [INFO] ApiDb:670 - CubeFinder database generation date=2023-12-08 (1702028721)
2024-01-29 21:40:57,765 [INFO] ApiDb:671 - CubeFinder database FW Pack versions=[FP-ATR-ASTRA1_V2.0.0, FP-SNS-FLIGHT1_V5.0.1, FP-SNS-FLIGHT1_V5.0.2, FP-SNS-MOTENV1_V4.3.1, FP-SNS-MOTENV1_V4.3.2, FP-SNS-MOTENVWB1_V1.3.1, FP-SNS-SMARTAG2_V1.2.0, STM32Cube_FW_C0_V1.1.0, STM32Cube_FW_F4_V1.28.0, STM32Cube_FW_F7_V1.17.0, STM32Cube_FW_G0_V1.6.1, STM32Cube_FW_G4_V1.5.1, STM32Cube_FW_H5_V0.5.1, STM32Cube_FW_H5_V1.1.1, STM32Cube_FW_H5_V1.2.0RC2, STM32Cube_FW_H7_V1.11.0, STM32Cube_FW_L0_V1.12.2, STM32Cube_FW_L5_V1.5.0, STM32Cube_FW_U5_V1.3.0RC4, STM32Cube_FW_U5_V1.4.0, STM32Cube_FW_WBA_V1.0.0RC1, STM32Cube_FW_WBA_V1.1.0RC1, STM32Cube_FW_WBA_V1.2.0, STM32Cube_FW_WBA_V1.2.0RC2, STM32Cube_FW_WB_V1.15.0RC1, STM32Cube_FW_WB_V1.16.0, STM32Cube_FW_WB_V1.16.0RC2, STM32Cube_FW_WB_V1.18.0, STM32Cube_FW_WL_V1.3.0, X-CUBE-ALGOBUILD_V1.3.0, X-CUBE-ALS_V1.0.1, X-CUBE-AZRTOS-F4_V1.1.0, X-CUBE-AZRTOS-F7_V1.1.0, X-CUBE-AZRTOS-G0_V1.1.0, X-CUBE-AZRTOS-G4_V2.0.0, X-CUBE-AZRTOS-H7_V3.1.0, X-CUBE-AZRTOS-L4_V1.0.0, X-CUBE-AZRTOS-L4_V2.0.0, X-CUBE-AZRTOS-L5_V1.1.0, X-CUBE-AZRTOS-WB_V2.0.0, X-CUBE-AZRTOS-WL_V2.0.0, X-CUBE-BLE1_V7.0.0, X-CUBE-BLE2_V3.3.0, X-CUBE-BLEMGR_V3.0.0, X-CUBE-EEPRMA1_V4.1.0, X-CUBE-EEPRMA1_V4.2.0, X-CUBE-FREERTOS_V1.1.0, X-CUBE-GNSS1_V6.0.0, X-CUBE-MEMS1_V10.0.0, X-CUBE-MEMS1_V9.1.0, X-CUBE-MEMS1_V9.4.0, X-CUBE-MEMS1_V9.6.0, X-CUBE-NFC4_V3.0.0, X-CUBE-NFC7_V1.0.1, X-CUBE-SFXS2LP1_V4.0.0, X-CUBE-SUBG2_V5.0.0, X-CUBE-TOF1_V3.4.0]
2024-01-29 21:41:00,469 [INFO] ApiDb:240 - Found 371 in-development CPN: [B-G473E-ZEST1S, B-WB1M-WPAN1, B-WL5M-SUBG1, NUCLEO-C031C6, NUCLEO-H503RB, NUCLEO-H563ZI, NUCLEO-U545RE-Q, NUCLEO-U5A5ZJ-Q, NUCLEO-WBA52CG, NUCLEO-WBA55CG, STEVAL-MKBOXPRO, STEVAL-PROTEUS1, STEVAL-STWINBX1, STM320518-EVAL, STM32C0116-DK, STM32C011D6Y3TR, STM32C011D6Y6TR, STM32C011F4P3, STM32C011F4P6, STM32C011F4U3, STM32C011F4U6TR, STM32C011F6P3, STM32C011F6P6, STM32C011F6U3, STM32C011F6U6TR, STM32C011J4M3, STM32C011J4M6, STM32C011J6M3, STM32C011J6M6, STM32C0316-DK, STM32C031C4T3, STM32C031C4T6, STM32C031C4U3, STM32C031C4U6, STM32C031C6T3, STM32C031C6T6, STM32C031C6U3, STM32C031C6U6, STM32C031F4P3, STM32C031F4P6, STM32C031F6P3, STM32C031F6P6, STM32C031G4U3, STM32C031G4U6, STM32C031G6U3, STM32C031G6U6, STM32C031K4T3, STM32C031K4T6, STM32C031K4U3, STM32C031K4U6, STM32C031K6T3, STM32C031K6T6, STM32C031K6U3, STM32C031K6U6, STM32G071K8TXN, STM32G071K8UXN, STM32G081GBU6N, STM32G081KBT6N, STM32G081KBUXN, STM32G0B1CCT6N, STM32G0B1KCT6, STM32G0B1NEY6TR, STM32G0B1RCT6N, STM32G0C1CCT6, STM32G0C1CCT6N, STM32G0C1CCU6N, STM32G0C1CET6N, STM32G0C1CEU6N, STM32G0C1KCT6, STM32G0C1NEY6TR, STM32G0C1RCI6N, STM32G0C1RCT6N, STM32G0C1REI6N, STM32G0C1RET6N, STM32G0C1VCI6, STM32G0C1VEI6, STM32G471CCT6, STM32G471CCU6, STM32G471CET3, STM32G471CET6, STM32G471CEU3, STM32G471CEU6, STM32G471MCT6, STM32G471MET3, STM32G471MET6, STM32G471MEY6TR, STM32G471QCT6, STM32G471QET3, STM32G471RCT6, STM32G471RET3, STM32G471RET6, STM32G471VCH6, STM32G471VCI6, STM32G471VCT6, STM32G471VEH3, STM32G471VEH6, STM32G471VEI3, STM32G471VEI6, STM32G471VET3, STM32G471VET6, STM32G474CCT6, STM32H503CBT6, STM32H503CBU6, STM32H503EBY6TR, STM32H503KBU6, STM32H503RBT6, STM32H562AGI6, STM32H562AII6, STM32H562IGK6, STM32H562IGT6, STM32H562IIK6, STM32H562IIT6, STM32H562RGT6, STM32H562RGV6, STM32H562RIT6, STM32H562RIV6, STM32H562VGT6, STM32H562VIT6, STM32H562ZGT6, STM32H562ZIT6, STM32H563AGI6, STM32H563AII3Q, STM32H563AII6, STM32H563IGK6, STM32H563IGT6, STM32H563IIK3Q, STM32H563IIK6, STM32H563IIT3Q, STM32H563IIT6, STM32H563MIY3QTR, STM32H563RGT6, STM32H563RGV6, STM32H563RIT6, STM32H563RIV6, STM32H563VGT6, STM32H563VIT3Q, STM32H563VIT6, STM32H563ZGT6, STM32H563ZIT3Q, STM32H563ZIT6, STM32H573AII3Q, STM32H573AII6, STM32H573I-DK, STM32H573IIK3Q, STM32H573IIK6, STM32H573IIT3Q, STM32H573IIT6, STM32H573MIY3QTR, STM32H573RIT6, STM32H573RIV6, STM32H573VIT3Q, STM32H573VIT6, STM32H573ZIT3Q, STM32H573ZIT6, STM32L4R5QGI6STR, STM32MP131AAE3, STM32MP131AAF3, STM32MP131AAG3, STM32MP131CAE3, STM32MP131CAF3, STM32MP131CAG3, STM32MP131DAE7, STM32MP131DAF7, STM32MP131DAG7, STM32MP131FAE7, STM32MP131FAF7, STM32MP131FAG7, STM32MP133AAE3, STM32MP133AAF3, STM32MP133AAG3, STM32MP133CAE3, STM32MP133CAF3, STM32MP133CAG3, STM32MP133DAE7, STM32MP133DAF7, STM32MP133DAG7, STM32MP133FAE7, STM32MP133FAF7, STM32MP133FAG7, STM32MP135AAE3, STM32MP135AAF3, STM32MP135AAG3, STM32MP135CAE3, STM32MP135CAF3, STM32MP135CAG3, STM32MP135DAE7, STM32MP135DAF7, STM32MP135DAG7, STM32MP135F-DK, STM32MP135FAE7, STM32MP135FAF7, STM32MP135FAF7T, STM32MP135FAF7U, STM32MP135FAG7, STM32U535CBT6, STM32U535CBT6Q, STM32U535CBU6, STM32U535CBU6Q, STM32U535CCT6, STM32U535CCT6Q, STM32U535CCU6, STM32U535CCU6Q, STM32U535CET6, STM32U535CET6Q, STM32U535CEU6, STM32U535CEU6Q, STM32U535JEY6QTR, STM32U535NCY6QTR, STM32U535NEY6QTR, STM32U535RBI6, STM32U535RBI6Q, STM32U535RBT6, STM32U535RBT6Q, STM32U535RCI6, STM32U535RCI6Q, STM32U535RCT6, STM32U535RCT6Q, STM32U535REI6, STM32U535REI6Q, STM32U535RET6, STM32U535RET6Q, STM32U535VCI6, STM32U535VCI6Q, STM32U535VCT6, STM32U535VCT6Q, STM32U535VEI6, STM32U535VEI6Q, STM32U535VET6, STM32U535VET6Q, STM32U545CET6, STM32U545CET6Q, STM32U545CEU6, STM32U545CEU6Q, STM32U545JEY6QTR, STM32U545NEY6QTR, STM32U545REI6, STM32U545REI6Q, STM32U545RET6, STM32U545RET6Q, STM32U545VEI6, STM32U545VEI6Q, STM32U545VET6, STM32U545VET6Q, STM32U595AIH6, STM32U595AIH6Q, STM32U595AJH6, STM32U595AJH6Q, STM32U595QII6, STM32U595QII6Q, STM32U595QJI6, STM32U595QJI6Q, STM32U595RIT6, STM32U595RIT6Q, STM32U595RJT6, STM32U595RJT6Q, STM32U595VIT6, STM32U595VIT6Q, STM32U595VJT6, STM32U595VJT6Q, STM32U595ZIT6, STM32U595ZIT6Q, STM32U595ZIY6QTR, STM32U595ZJT6, STM32U595ZJT6Q, STM32U595ZJY6QTR, STM32U599BJY6QTR, STM32U599NIH6Q, STM32U599NJH6Q, STM32U599VIT6Q, STM32U599VJT6, STM32U599VJT6Q, STM32U599ZIT6Q, STM32U599ZIY6QTR, STM32U599ZJT6Q, STM32U599ZJY6QTR, STM32U5A5AJH6, STM32U5A5AJH6Q, STM32U5A5QJI6, STM32U5A5QJI6Q, STM32U5A5RJT6, STM32U5A5RJT6Q, STM32U5A5VJT6, STM32U5A5VJT6Q, STM32U5A5ZJT6, STM32U5A5ZJT6Q, STM32U5A5ZJY6QTR, STM32U5A9BJY6QTR, STM32U5A9J-DK, STM32U5A9NJH6Q, STM32U5A9VJT6Q, STM32U5A9ZJT6Q, STM32U5A9ZJY6QTR, STM32U5F7VIT6, STM32U5F7VIT6Q, STM32U5F7VJT6, STM32U5F7VJT6Q, STM32U5F9BJY6QTR, STM32U5F9NJH6Q, STM32U5F9VIT6Q, STM32U5F9VJT6Q, STM32U5F9ZIJ6QTR, STM32U5F9ZIT6Q, STM32U5F9ZJJ6QTR, STM32U5F9ZJT6Q, STM32U5G7VJT6, STM32U5G7VJT6Q, STM32U5G9BJY6QTR, STM32U5G9J-DK1, STM32U5G9J-DK2, STM32U5G9NJH6Q, STM32U5G9VJT6Q, STM32U5G9ZJJ6QTR, STM32U5G9ZJT6Q, STM32WB1MMCH6, STM32WBA50KEU6, STM32WBA50KEU6TR, STM32WBA50KGU6, STM32WBA50KGU6TR, STM32WBA52CEU6, STM32WBA52CEU6TR, STM32WBA52CEU7, STM32WBA52CEU7TR, STM32WBA52CGU6, STM32WBA52CGU6TR, STM32WBA52CGU6U, STM32WBA52CGU7, STM32WBA52CGU7TR, STM32WBA52KEU6, STM32WBA52KEU6TR, STM32WBA52KGU6, STM32WBA52KGU6TR, STM32WBA54CEU6, STM32WBA54CEU6TR, STM32WBA54CEU7, STM32WBA54CEU7TR, STM32WBA54CGU6, STM32WBA54CGU6TR, STM32WBA54CGU7, STM32WBA54CGU7TR, STM32WBA54KEU6, STM32WBA54KEU6TR, STM32WBA54KEU7, STM32WBA54KEU7TR, STM32WBA54KGU6, STM32WBA54KGU6TR, STM32WBA54KGU7, STM32WBA54KGU7TR, STM32WBA55CEU6, STM32WBA55CEU6TR, STM32WBA55CEU7, STM32WBA55CEU7TR, STM32WBA55CGU6, STM32WBA55CGU6TR, STM32WBA55CGU6U, STM32WBA55CGU7, STM32WBA55CGU7TR, STM32WBA55G-DK1, STM32WBA55HEF6, STM32WBA55HEF7, STM32WBA55HGF6, STM32WBA55HGF7, STM32WBA55UEI6, STM32WBA55UEI6TR, STM32WBA55UEI7, STM32WBA55UEI7TR, STM32WBA55UGI6, STM32WBA55UGI6TR, STM32WBA55UGI7, STM32WBA55UGI7TR, STM32WL5MOCH6, STM32WL5MOCH6TR]
2024-01-29 21:41:00,473 [INFO] DbMcus:218 - Found 3930 MCUs, 3930 are supported
2024-01-29 21:41:00,474 [INFO] ApiDb:423 - Load user favorites file C:\Users\bozo2/.stm32cubeide/favorites.mcus.txt: 0 item(s)
2024-01-29 21:41:00,474 [INFO] ApiDb:427 - User favorites MCUs=[]
2024-01-29 21:41:00,475 [INFO] DbMcus:224 - Set 0 / 0 favorites MCUs
2024-01-29 21:41:00,901 [INFO] MicroXplorer:468 - Change Database Path : 
2024-01-29 21:41:00,901 [INFO] MicroXplorer:498 - Change Database Version : DB.6.0.100
2024-01-29 21:41:00,902 [WARN] ThirdParty:833 - waiting for thirdparty lock release [change project]
2024-01-29 21:41:00,902 [INFO] ThirdParty:835 - entering critical section [change project]
2024-01-29 21:41:00,902 [INFO] ThirdParty:1030 - CMSIS Pack Vendor :STMicroelectronics X-CUBE-ISPU 1.1.0
2024-01-29 21:41:00,902 [INFO] ThirdParty:1030 - CMSIS Pack Vendor :STMicroelectronics USBPD 4.1
2024-01-29 21:41:00,902 [INFO] ThirdParty:1030 - CMSIS Pack Vendor :STMicroelectronics X-CUBE-GNSS1 6.0.0
2024-01-29 21:41:00,902 [INFO] ThirdParty:1030 - CMSIS Pack Vendor :STMicroelectronics USB_HOST 2.0.0
2024-01-29 21:41:00,902 [INFO] ThirdParty:1030 - CMSIS Pack Vendor :STMicroelectronics X-CUBE-AZRTOS-F4 1.1.0
2024-01-29 21:41:00,902 [INFO] ThirdParty:1030 - CMSIS Pack Vendor :STMicroelectronics LIBJPEG 8.0.0
2024-01-29 21:41:00,902 [INFO] ThirdParty:1030 - CMSIS Pack Vendor :wolfSSL I-CUBE-wolfSSL 5.6.3
2024-01-29 21:41:00,902 [INFO] ThirdParty:1030 - CMSIS Pack Vendor :STMicroelectronics X-CUBE-SMBUS 2.1.0
2024-01-29 21:41:00,902 [INFO] ThirdParty:1030 - CMSIS Pack Vendor :STMicroelectronics USB_DEVICE 3.0.0
2024-01-29 21:41:00,902 [INFO] ThirdParty:1030 - CMSIS Pack Vendor :STMicroelectronics X-CUBE-AZRTOS-WB 2.0.0
2024-01-29 21:41:00,902 [INFO] ThirdParty:1030 - CMSIS Pack Vendor :STMicroelectronics X-CUBE-FREERTOS 1.0.1
2024-01-29 21:41:00,902 [INFO] ThirdParty:1030 - CMSIS Pack Vendor :STMicroelectronics X-CUBE-TOUCHGFX 4.23.0
2024-01-29 21:41:00,902 [INFO] ThirdParty:1030 - CMSIS Pack Vendor :STMicroelectronics X-CUBE-AZRTOS-F7 1.1.0
2024-01-29 21:41:00,902 [INFO] ThirdParty:1030 - CMSIS Pack Vendor :STMicroelectronics X-CUBE-AZRTOS-L5 2.0.0
2024-01-29 21:41:00,902 [INFO] ThirdParty:1030 - CMSIS Pack Vendor :STMicroelectronics USB_DEVICE 2.0.0
2024-01-29 21:41:00,903 [INFO] ThirdParty:1030 - CMSIS Pack Vendor :STMicroelectronics X-CUBE-MEMS1 9.6.0
2024-01-29 21:41:00,903 [INFO] ThirdParty:1030 - CMSIS Pack Vendor :STMicroelectronics X-CUBE-EEPRMA1 4.2.0
2024-01-29 21:41:00,903 [INFO] ThirdParty:1030 - CMSIS Pack Vendor :ITTIA_DB I-CUBE-ITTIADB 8.8.0
2024-01-29 21:41:00,903 [INFO] ThirdParty:1030 - CMSIS Pack Vendor :STMicroelectronics FP-SNS-MOTENV1 4.3.2
2024-01-29 21:41:00,903 [INFO] ThirdParty:1030 - CMSIS Pack Vendor :STMicroelectronics FP-SNS-FLIGHT1 5.0.1
2024-01-29 21:41:00,903 [INFO] ThirdParty:1030 - CMSIS Pack Vendor :STMicroelectronics X-CUBE-ALGOBUILD 1.3.0
2024-01-29 21:41:00,903 [INFO] ThirdParty:1030 - CMSIS Pack Vendor :STMicroelectronics X-CUBE-BLE1 6.2.4
2024-01-29 21:41:00,903 [INFO] ThirdParty:1030 - CMSIS Pack Vendor :STMicroelectronics X-CUBE-AZRTOS-L5 1.1.0
2024-01-29 21:41:00,903 [INFO] ThirdParty:1030 - CMSIS Pack Vendor :STMicroelectronics FreeRTOS 0.0.1
2024-01-29 21:41:00,903 [INFO] ThirdParty:1030 - CMSIS Pack Vendor :STMicroelectronics X-CUBE-AZRTOS-G0 1.1.0
2024-01-29 21:41:00,903 [INFO] ThirdParty:1030 - CMSIS Pack Vendor :STMicroelectronics X-CUBE-BLEMGR 2.0.0
2024-01-29 21:41:00,903 [INFO] ThirdParty:1030 - CMSIS Pack Vendor :STMicroelectronics X-CUBE-AI 8.0.1
2024-01-29 21:41:00,903 [INFO] ThirdParty:1030 - CMSIS Pack Vendor :STMicroelectronics X-CUBE-NFC4 3.0.0
2024-01-29 21:41:00,903 [INFO] ThirdParty:1030 - CMSIS Pack Vendor :STMicroelectronics X-CUBE-SUBG2 5.0.0
2024-01-29 21:41:00,903 [INFO] ThirdParty:1030 - CMSIS Pack Vendor :STMicroelectronics STM32_WPAN 1.0.0
2024-01-29 21:41:00,903 [INFO] ThirdParty:1030 - CMSIS Pack Vendor :STMicroelectronics lwIP 2.0.3
2024-01-29 21:41:00,903 [INFO] ThirdParty:1030 - CMSIS Pack Vendor :STMicroelectronics FP-SNS-FLIGHT1 5.0.2
2024-01-29 21:41:00,903 [INFO] ThirdParty:1030 - CMSIS Pack Vendor :STMicroelectronics USB_HOST 1.0.0
2024-01-29 21:41:00,903 [INFO] ThirdParty:1030 - CMSIS Pack Vendor :STMicroelectronics X-CUBE-TOF1 3.3.1
2024-01-29 21:41:00,903 [INFO] ThirdParty:1030 - CMSIS Pack Vendor :STMicroelectronics X-CUBE-AZRTOS-G4 2.0.0
2024-01-29 21:41:00,903 [INFO] ThirdParty:1030 - CMSIS Pack Vendor :STMicroelectronics PDM2PCM 3.1.0
2024-01-29 21:41:00,903 [INFO] ThirdParty:1030 - CMSIS Pack Vendor :STMicroelectronics X-CUBE-AZRTOS-H7 3.1.0
2024-01-29 21:41:00,903 [INFO] ThirdParty:1030 - CMSIS Pack Vendor :STMicroelectronics X-CUBE-TOF1 3.3.0
2024-01-29 21:41:00,904 [INFO] ThirdParty:1030 - CMSIS Pack Vendor :Infineon AIROC-Wi-Fi-Bluetooth-STM32 1.5.1
2024-01-29 21:41:00,904 [INFO] ThirdParty:1030 - CMSIS Pack Vendor :STMicroelectronics X-CUBE-BLEMGR 3.0.0
2024-01-29 21:41:00,904 [INFO] ThirdParty:1030 - CMSIS Pack Vendor :STMicroelectronics PDM2PCM 3.3.0
2024-01-29 21:41:00,904 [INFO] ThirdParty:1030 - CMSIS Pack Vendor :STMicroelectronics X-CUBE-DISPLAY 3.0.0
2024-01-29 21:41:00,904 [INFO] ThirdParty:1030 - CMSIS Pack Vendor :STMicroelectronics FP-SNS-MOTENVWB1 1.3.1
2024-01-29 21:41:00,904 [INFO] ThirdParty:1030 - CMSIS Pack Vendor :STMicroelectronics X-CUBE-BLE1 7.0.0
2024-01-29 21:41:00,904 [INFO] ThirdParty:1030 - CMSIS Pack Vendor :STMicroelectronics FP-ATR-SIGFOX1 3.2.0
2024-01-29 21:41:00,904 [INFO] ThirdParty:1030 - CMSIS Pack Vendor :STMicroelectronics X-CUBE-ISPU 2.0.0
2024-01-29 21:41:00,904 [INFO] ThirdParty:1030 - CMSIS Pack Vendor :STMicroelectronics X-CUBE-EEPRMA1 5.1.0
2024-01-29 21:41:00,904 [INFO] ThirdParty:1030 - CMSIS Pack Vendor :STMicroelectronics HAL Drivers 0.0.0
2024-01-29 21:41:00,904 [INFO] ThirdParty:1030 - CMSIS Pack Vendor :STMicroelectronics MBEDTLS 2.16.2
2024-01-29 21:41:00,904 [INFO] ThirdParty:1030 - CMSIS Pack Vendor :emotas I-CUBE-CANOPEN 1.3.0
2024-01-29 21:41:00,904 [INFO] ThirdParty:1030 - CMSIS Pack Vendor :STMicroelectronics X-CUBE-MEMS1 10.0.0
2024-01-29 21:41:00,904 [INFO] ThirdParty:1030 - CMSIS Pack Vendor :STMicroelectronics X-CUBE-FREERTOS 1.1.0
2024-01-29 21:41:00,904 [INFO] ThirdParty:1030 - CMSIS Pack Vendor :STMicroelectronics X-CUBE-TOUCHGFX 4.22.0
2024-01-29 21:41:00,904 [INFO] ThirdParty:1030 - CMSIS Pack Vendor :STMicroelectronics X-CUBE-NFC7 1.0.1
2024-01-29 21:41:00,904 [INFO] ThirdParty:1030 - CMSIS Pack Vendor :STMicroelectronics MBEDTLS 2.14.1
2024-01-29 21:41:00,904 [INFO] ThirdParty:1030 - CMSIS Pack Vendor :STMicroelectronics X-CUBE-TOUCHGFX 4.22.1
2024-01-29 21:41:00,905 [INFO] ThirdParty:1030 - CMSIS Pack Vendor :STMicroelectronics X-CUBE-NFC6 3.0.0
2024-01-29 21:41:00,905 [INFO] ThirdParty:1030 - CMSIS Pack Vendor :STMicroelectronics X-CUBE-EEPRMA1 4.1.0
2024-01-29 21:41:00,905 [INFO] ThirdParty:1030 - CMSIS Pack Vendor :portGmbH I-Cube-SoM-uGOAL 1.1.0
2024-01-29 21:41:00,905 [INFO] ThirdParty:1030 - CMSIS Pack Vendor :STMicroelectronics X-CUBE-ALS 1.0.1
2024-01-29 21:41:00,905 [INFO] ThirdParty:1030 - CMSIS Pack Vendor :STMicroelectronics ThreadX 1.0.0
2024-01-29 21:41:00,905 [INFO] ThirdParty:1030 - CMSIS Pack Vendor :STMicroelectronics FP-SNS-SMARTAG2 1.2.0
2024-01-29 21:41:00,905 [INFO] ThirdParty:1030 - CMSIS Pack Vendor :STMicroelectronics X-CUBE-AZRTOS-WB 1.1.0
2024-01-29 21:41:00,905 [INFO] ThirdParty:1030 - CMSIS Pack Vendor :STMicroelectronics X-CUBE-AZRTOS-WL 2.0.0
2024-01-29 21:41:00,905 [INFO] ThirdParty:1030 - CMSIS Pack Vendor :SEGGER I-CUBE-embOS 1.3.1
2024-01-29 21:41:00,905 [INFO] ThirdParty:1030 - CMSIS Pack Vendor :STMicroelectronics USB_DEVICE 1.0.0
2024-01-29 21:41:00,905 [INFO] ThirdParty:1030 - CMSIS Pack Vendor :STMicroelectronics X-CUBE-AI 8.1.0
2024-01-29 21:41:00,905 [INFO] ThirdParty:1030 - CMSIS Pack Vendor :STMicroelectronics X-CUBE-AZRTOS-L4 2.0.0
2024-01-29 21:41:00,905 [INFO] ThirdParty:1030 - CMSIS Pack Vendor :STMicroelectronics ThreadX 0.0.2
2024-01-29 21:41:00,905 [INFO] ThirdParty:1030 - CMSIS Pack Vendor :WES I-CUBE-Cesium 1.3.0
2024-01-29 21:41:00,905 [INFO] ThirdParty:1030 - CMSIS Pack Vendor :STMicroelectronics FP-ATR-ASTRA1 2.0.0
2024-01-29 21:41:00,905 [INFO] ThirdParty:1030 - CMSIS Pack Vendor :STMicroelectronics lwIP 2.1.2
2024-01-29 21:41:00,905 [INFO] ThirdParty:1030 - CMSIS Pack Vendor :STMicroelectronics X-CUBE-SFXS2LP1 4.0.0
2024-01-29 21:41:00,905 [INFO] ThirdParty:1030 - CMSIS Pack Vendor :STMicroelectronics X-CUBE-BLE2 3.3.0
2024-01-29 21:41:00,905 [INFO] ThirdParty:1030 - CMSIS Pack Vendor :STMicroelectronics X-CUBE-TOF1 3.4.0
2024-01-29 21:41:00,905 [INFO] ThirdParty:1030 - CMSIS Pack Vendor :STMicroelectronics X-CUBE-AZRTOS-H7 3.2.0
2024-01-29 21:41:00,905 [INFO] ThirdParty:1030 - CMSIS Pack Vendor :STMicroelectronics PDM2PCM 3.2.0
2024-01-29 21:41:00,906 [INFO] ThirdParty:841 - exiting critical section [change project]
2024-01-29 21:41:01,337 [INFO] PinOutPanel:1499 - setPackage(No Configuration,No Configuration)
2024-01-29 21:41:01,339 [INFO] PinOutPanel:1499 - setPackage(STM32F446RETx,LQFP64)
2024-01-29 21:41:02,003 [INFO] UtilMem:75 - Before build in PCC Used Memory: 317261072 Bytes (753926144)
2024-01-29 21:41:02,751 [INFO] UtilMem:75 - After build in PCC Used Memory: 406222352 Bytes (753926144)
2024-01-29 21:41:02,832 [INFO] ApiDbMcu:508 - Load IP Config File for FATFS
2024-01-29 21:41:02,856 [INFO] IPUIPlugin:80 - create IPUIPlugin
2024-01-29 21:41:02,857 [INFO] IPUIPlugin:80 - create IPUIPlugin
2024-01-29 21:41:02,857 [INFO] IPUIPlugin:80 - create IPUIPlugin
2024-01-29 21:41:02,857 [INFO] IPUIPlugin:80 - create IPUIPlugin
2024-01-29 21:41:02,857 [INFO] IPUIPlugin:80 - create IPUIPlugin
2024-01-29 21:41:02,858 [INFO] IPUIPlugin:80 - create IPUIPlugin
2024-01-29 21:41:02,858 [INFO] IPUIPlugin:80 - create IPUIPlugin
2024-01-29 21:41:02,859 [INFO] IPUIPlugin:80 - create IPUIPlugin
2024-01-29 21:41:02,859 [INFO] IPUIPlugin:80 - create IPUIPlugin
2024-01-29 21:41:02,859 [INFO] IPUIPlugin:80 - create IPUIPlugin
2024-01-29 21:41:02,859 [INFO] IPUIPlugin:80 - create IPUIPlugin
2024-01-29 21:41:02,859 [INFO] IPUIPlugin:80 - create IPUIPlugin
2024-01-29 21:41:02,860 [INFO] IPUIPlugin:80 - create IPUIPlugin
2024-01-29 21:41:02,860 [INFO] IPUIPlugin:80 - create IPUIPlugin
2024-01-29 21:41:02,860 [INFO] IPUIPlugin:80 - create IPUIPlugin
2024-01-29 21:41:02,860 [INFO] IPUIPlugin:80 - create IPUIPlugin
2024-01-29 21:41:02,860 [INFO] IPUIPlugin:80 - create IPUIPlugin
2024-01-29 21:41:02,860 [INFO] IPUIPlugin:80 - create IPUIPlugin
2024-01-29 21:41:02,860 [INFO] IPUIPlugin:80 - create IPUIPlugin
2024-01-29 21:41:02,860 [INFO] IPUIPlugin:80 - create IPUIPlugin
2024-01-29 21:41:02,861 [INFO] IPUIPlugin:80 - create IPUIPlugin
2024-01-29 21:41:02,861 [INFO] IPUIPlugin:80 - create IPUIPlugin
2024-01-29 21:41:02,861 [INFO] IPUIPlugin:80 - create IPUIPlugin
2024-01-29 21:41:02,862 [INFO] IPUIPlugin:80 - create IPUIPlugin
2024-01-29 21:41:02,862 [INFO] IPUIPlugin:80 - create IPUIPlugin
2024-01-29 21:41:02,862 [INFO] IPUIPlugin:80 - create IPUIPlugin
2024-01-29 21:41:02,862 [INFO] IPUIPlugin:80 - create IPUIPlugin
2024-01-29 21:41:02,863 [INFO] IPUIPlugin:80 - create IPUIPlugin
2024-01-29 21:41:02,863 [INFO] IPUIPlugin:80 - create IPUIPlugin
2024-01-29 21:41:02,863 [INFO] IPUIPlugin:80 - create IPUIPlugin
2024-01-29 21:41:02,863 [INFO] IPUIPlugin:80 - create IPUIPlugin
2024-01-29 21:41:02,863 [INFO] IPUIPlugin:80 - create IPUIPlugin
2024-01-29 21:41:02,863 [INFO] IPUIPlugin:80 - create IPUIPlugin
2024-01-29 21:41:02,864 [INFO] IPUIPlugin:80 - create IPUIPlugin
2024-01-29 21:41:02,864 [INFO] IPUIPlugin:80 - create IPUIPlugin
2024-01-29 21:41:02,864 [INFO] IPUIPlugin:80 - create IPUIPlugin
2024-01-29 21:41:02,864 [INFO] IPUIPlugin:80 - create IPUIPlugin
2024-01-29 21:41:02,864 [INFO] IPUIPlugin:80 - create IPUIPlugin
2024-01-29 21:41:02,865 [INFO] IPUIPlugin:80 - create IPUIPlugin
2024-01-29 21:41:02,865 [INFO] IPUIPlugin:80 - create IPUIPlugin
2024-01-29 21:41:02,865 [INFO] IPUIPlugin:80 - create IPUIPlugin
2024-01-29 21:41:02,865 [INFO] IPUIPlugin:80 - create IPUIPlugin
2024-01-29 21:41:02,865 [INFO] IPUIPlugin:80 - create IPUIPlugin
2024-01-29 21:41:02,865 [INFO] IPUIPlugin:80 - create IPUIPlugin
2024-01-29 21:41:02,866 [INFO] IPUIPlugin:80 - create IPUIPlugin
2024-01-29 21:41:02,866 [INFO] IPUIPlugin:80 - create IPUIPlugin
2024-01-29 21:41:02,866 [INFO] IPUIPlugin:80 - create IPUIPlugin
2024-01-29 21:41:02,866 [INFO] IPUIPlugin:80 - create IPUIPlugin
2024-01-29 21:41:02,866 [INFO] IPUIPlugin:80 - create IPUIPlugin
2024-01-29 21:41:02,867 [INFO] IPUIPlugin:80 - create IPUIPlugin
2024-01-29 21:41:02,867 [INFO] IPUIPlugin:80 - create IPUIPlugin
2024-01-29 21:41:02,867 [INFO] IPUIPlugin:80 - create IPUIPlugin
2024-01-29 21:41:02,867 [INFO] IPUIPlugin:80 - create IPUIPlugin
2024-01-29 21:41:02,868 [INFO] IPUIPlugin:80 - create IPUIPlugin
2024-01-29 21:41:02,869 [INFO] IPUIPlugin:80 - create IPUIPlugin
2024-01-29 21:41:02,869 [INFO] IPUIPlugin:80 - create IPUIPlugin
2024-01-29 21:41:02,870 [INFO] IPUIPlugin:80 - create IPUIPlugin
2024-01-29 21:41:02,871 [INFO] IPUIPlugin:80 - create IPUIPlugin
2024-01-29 21:41:02,872 [INFO] IPUIPlugin:80 - create IPUIPlugin
2024-01-29 21:41:02,873 [INFO] IPUIPlugin:80 - create IPUIPlugin
2024-01-29 21:41:02,908 [INFO] ApiDbMcu:508 - Load IP Config File for PDM2PCM
2024-01-29 21:41:02,920 [WARN] IP:2119 - I2C_Coeff_DF not found: check if there is a RefParameter without a condition.
2024-01-29 21:41:02,920 [WARN] IP:2119 - Analog_Filter not found: check if there is a RefParameter without a condition.
2024-01-29 21:41:02,922 [WARN] IP:2119 - I2C_Coeff_DF not found: check if there is a RefParameter without a condition.
2024-01-29 21:41:02,922 [WARN] IP:2119 - Analog_Filter not found: check if there is a RefParameter without a condition.
2024-01-29 21:41:03,163 [INFO] CADModel:165 - CPN selected for project levelSTM32F446RET6
2024-01-29 21:41:03,163 [INFO] CADModel:114 - Register for checkConnection events
2024-01-29 21:41:03,218 [INFO] OpenFileManager:343 - Restore cursor
2024-01-29 21:41:03,821 [WARN] IP:2119 - I2C_Coeff_DF not found: check if there is a RefParameter without a condition.
2024-01-29 21:41:03,821 [WARN] IP:2119 - Analog_Filter not found: check if there is a RefParameter without a condition.
2024-01-29 21:41:03,822 [WARN] IP:2119 - I2C_Coeff_DF not found: check if there is a RefParameter without a condition.
2024-01-29 21:41:03,822 [WARN] IP:2119 - Analog_Filter not found: check if there is a RefParameter without a condition.
2024-01-29 21:41:03,826 [WARN] IP:2119 - I2C_Coeff_DF not found: check if there is a RefParameter without a condition.
2024-01-29 21:41:03,826 [WARN] IP:2119 - Analog_Filter not found: check if there is a RefParameter without a condition.
2024-01-29 21:41:03,827 [WARN] IP:2119 - I2C_Coeff_DF not found: check if there is a RefParameter without a condition.
2024-01-29 21:41:03,827 [WARN] IP:2119 - Analog_Filter not found: check if there is a RefParameter without a condition.
2024-01-29 21:41:13,195 [ERROR] LogOutputStream:75 - [STDERR_REDIRECT] SLF4J: Failed to load class "org.slf4j.impl.StaticLoggerBinder".
2024-01-29 21:41:13,199 [ERROR] LogOutputStream:75 - [STDERR_REDIRECT] SLF4J: Defaulting to no-operation (NOP) logger implementation
2024-01-29 21:41:13,201 [ERROR] LogOutputStream:75 - [STDERR_REDIRECT] SLF4J: See http://www.slf4j.org/codes.html#StaticLoggerBinder for further details.
2024-01-29 21:41:19,464 [WARN] MainPanel:272 - <html><b><center>Warning: This peripheral has no parameters to be configured<br></b></html>
2024-01-29 22:42:07,879 [WARN] IP:2119 - I2C_Coeff_DF not found: check if there is a RefParameter without a condition.
2024-01-29 22:42:07,888 [WARN] IP:2119 - Analog_Filter not found: check if there is a RefParameter without a condition.
2024-01-29 22:42:07,888 [WARN] IP:2119 - I2C_Coeff_DF not found: check if there is a RefParameter without a condition.
2024-01-29 22:42:07,889 [WARN] IP:2119 - Analog_Filter not found: check if there is a RefParameter without a condition.
2024-01-29 22:42:07,892 [WARN] IP:2119 - I2C_Coeff_DF not found: check if there is a RefParameter without a condition.
2024-01-29 22:42:07,892 [WARN] IP:2119 - Analog_Filter not found: check if there is a RefParameter without a condition.
2024-01-29 22:42:07,892 [WARN] IP:2119 - I2C_Coeff_DF not found: check if there is a RefParameter without a condition.
2024-01-29 22:42:07,892 [WARN] IP:2119 - Analog_Filter not found: check if there is a RefParameter without a condition.
2024-01-29 22:42:07,993 [WARN] IP:2119 - I2C_Coeff_DF not found: check if there is a RefParameter without a condition.
2024-01-29 22:42:07,993 [WARN] IP:2119 - Analog_Filter not found: check if there is a RefParameter without a condition.
2024-01-29 22:42:07,995 [WARN] IP:2119 - I2C_Coeff_DF not found: check if there is a RefParameter without a condition.
2024-01-29 22:42:07,995 [WARN] IP:2119 - Analog_Filter not found: check if there is a RefParameter without a condition.
2024-01-29 22:42:08,094 [WARN] IP:2119 - I2C_Coeff_DF not found: check if there is a RefParameter without a condition.
2024-01-29 22:42:08,094 [WARN] IP:2119 - Analog_Filter not found: check if there is a RefParameter without a condition.
2024-01-29 22:42:08,096 [WARN] IP:2119 - I2C_Coeff_DF not found: check if there is a RefParameter without a condition.
2024-01-29 22:42:08,096 [WARN] IP:2119 - Analog_Filter not found: check if there is a RefParameter without a condition.
