2023-12-30 10:28:19,235 [INFO] Mcu:1675 - InternalPropertyChange: try BijectiveRequest:Full-Duplex Master
2023-12-30 11:11:50,861 [INFO] ADCParametersView:116 -                Rank 1 : false
2023-12-30 11:11:50,894 [INFO] ADCParametersView:116 -                Rank 1 : false
2023-12-30 11:11:50,894 [INFO] ADCParametersView:116 -                Rank 1 : false
2023-12-30 11:11:50,894 [INFO] ADCParametersView:116 -                Rank 1 : false
2023-12-30 11:11:50,894 [INFO] ADCParametersView:116 -                Rank 1 : false
2023-12-30 11:11:50,894 [INFO] ADCParametersView:116 -                Rank 1 : false
2023-12-30 11:11:50,895 [INFO] ADCParametersView:116 -                Rank 1 : false
2023-12-30 11:11:50,895 [INFO] ADCParametersView:116 -                Rank 1 : false
2023-12-30 11:11:50,895 [INFO] ADCParametersView:116 -                Rank 1 : false
2023-12-30 11:11:50,895 [INFO] ADCParametersView:116 -                Rank 1 : false
2023-12-30 11:11:50,895 [INFO] ADCParametersView:116 -                Rank 1 : false
2023-12-30 11:11:50,895 [INFO] ADCParametersView:116 -                Rank 1 : false
2023-12-30 11:11:50,895 [INFO] ADCParametersView:116 -                Rank 1 : false
2023-12-30 11:11:50,895 [INFO] ADCParametersView:116 -                Rank 1 : false
2023-12-30 11:11:51,285 [INFO] ADCParametersView:116 -                Rank 1 : false
2023-12-30 11:11:51,475 [INFO] ADCParametersView:116 -                Rank 1 : false
2023-12-30 11:11:51,475 [INFO] ADCParametersView:116 -                Rank 1 : false
2023-12-30 11:11:51,475 [INFO] ADCParametersView:116 -                Rank 1 : false
2023-12-30 11:11:51,476 [INFO] ADCParametersView:116 -                Rank 1 : false
2023-12-30 11:11:51,476 [INFO] ADCParametersView:116 -                Rank 1 : false
2023-12-30 11:11:51,476 [INFO] ADCParametersView:116 -                Rank 1 : false
2023-12-30 11:11:51,476 [INFO] ADCParametersView:116 -                Rank 1 : false
2023-12-30 11:11:51,476 [INFO] ADCParametersView:116 -                Rank 1 : false
2023-12-30 11:11:51,476 [INFO] ADCParametersView:116 -                Rank 1 : false
2023-12-30 11:11:51,476 [INFO] ADCParametersView:116 -                Rank 1 : false
2023-12-30 11:11:51,476 [INFO] ADCParametersView:116 -                Rank 1 : false
2023-12-30 11:11:51,476 [INFO] ADCParametersView:116 -                Rank 1 : false
2023-12-30 11:11:51,477 [INFO] ADCParametersView:116 -                Rank 1 : false
2023-12-30 11:11:51,477 [INFO] ADCParametersView:116 -                Rank 1 : false
2023-12-30 11:11:51,615 [INFO] ADCParametersView:116 -                Rank 1 : false
2023-12-30 12:03:15,485 [WARN] IP:2119 - I2C_Coeff_DF not found: check if there is a RefParameter without a condition.
2023-12-30 12:03:15,486 [WARN] IP:2119 - Analog_Filter not found: check if there is a RefParameter without a condition.
2023-12-30 12:03:15,486 [WARN] IP:2119 - I2C_Coeff_DF not found: check if there is a RefParameter without a condition.
2023-12-30 12:03:15,487 [WARN] IP:2119 - Analog_Filter not found: check if there is a RefParameter without a condition.
2023-12-30 12:03:15,488 [WARN] IP:2119 - I2C_Coeff_DF not found: check if there is a RefParameter without a condition.
2023-12-30 12:03:15,488 [WARN] IP:2119 - Analog_Filter not found: check if there is a RefParameter without a condition.
2023-12-30 12:03:15,488 [WARN] IP:2119 - I2C_Coeff_DF not found: check if there is a RefParameter without a condition.
2023-12-30 12:03:15,488 [WARN] IP:2119 - Analog_Filter not found: check if there is a RefParameter without a condition.
2023-12-30 12:03:50,904 [WARN] IP:2119 - I2C_Coeff_DF not found: check if there is a RefParameter without a condition.
2023-12-30 12:03:50,904 [WARN] IP:2119 - Analog_Filter not found: check if there is a RefParameter without a condition.
2023-12-30 12:03:50,940 [WARN] IP:2119 - I2C_Coeff_DF not found: check if there is a RefParameter without a condition.
2023-12-30 12:03:50,940 [WARN] IP:2119 - Analog_Filter not found: check if there is a RefParameter without a condition.
2023-12-30 12:03:50,940 [WARN] IP:2119 - I2C_Coeff_DF not found: check if there is a RefParameter without a condition.
2023-12-30 12:03:50,940 [WARN] IP:2119 - Analog_Filter not found: check if there is a RefParameter without a condition.
2023-12-30 12:03:50,979 [WARN] IP:2119 - I2C_Coeff_DF not found: check if there is a RefParameter without a condition.
2023-12-30 12:03:50,979 [WARN] IP:2119 - Analog_Filter not found: check if there is a RefParameter without a condition.
2023-12-30 12:03:50,981 [WARN] IP:2119 - I2C_Coeff_DF not found: check if there is a RefParameter without a condition.
2023-12-30 12:03:50,981 [WARN] IP:2119 - Analog_Filter not found: check if there is a RefParameter without a condition.
2023-12-30 12:04:03,126 [WARN] IP:2119 - I2C_Coeff_DF not found: check if there is a RefParameter without a condition.
2023-12-30 12:04:03,126 [WARN] IP:2119 - Analog_Filter not found: check if there is a RefParameter without a condition.
2023-12-30 12:05:38,670 [INFO] UtilMem:75 - End SaveConfig() Used Memory: 283447952 Bytes (622854144)
2023-12-30 12:05:43,073 [INFO] UtilMem:75 - End SaveConfig() Used Memory: 304660680 Bytes (622854144)
2023-12-30 12:05:46,420 [INFO] UtilMem:75 - End SaveConfig() Used Memory: 389660904 Bytes (622854144)
2023-12-30 12:05:46,826 [INFO] ProjectBuilder:2346 - IP not ready for code generation: Clock
2023-12-30 12:05:59,889 [INFO] ADCParametersView:116 -                Rank 1 : false
2023-12-30 12:05:59,889 [INFO] ADCParametersView:116 -                Rank 1 : false
2023-12-30 12:05:59,889 [INFO] ADCParametersView:116 -                Rank 1 : false
2023-12-30 12:05:59,889 [INFO] ADCParametersView:116 -                Rank 1 : false
2023-12-30 12:05:59,890 [INFO] ADCParametersView:116 -                Rank 1 : false
2023-12-30 12:05:59,890 [INFO] ADCParametersView:116 -                Rank 1 : false
2023-12-30 12:05:59,890 [INFO] ADCParametersView:116 -                Rank 1 : false
2023-12-30 12:05:59,890 [INFO] ADCParametersView:116 -                Rank 1 : false
2023-12-30 12:05:59,890 [INFO] ADCParametersView:116 -                Rank 1 : false
2023-12-30 12:05:59,890 [INFO] ADCParametersView:116 -                Rank 1 : false
2023-12-30 12:05:59,890 [INFO] ADCParametersView:116 -                Rank 1 : false
2023-12-30 12:05:59,890 [INFO] ADCParametersView:116 -                Rank 1 : false
2023-12-30 12:05:59,890 [INFO] ADCParametersView:116 -                Rank 1 : false
2023-12-30 12:05:59,890 [INFO] ADCParametersView:116 -                Rank 1 : false
2023-12-30 12:05:59,925 [INFO] ADCParametersView:116 -                Rank 1 : false
2023-12-30 12:05:59,966 [INFO] ADCParametersView:116 -                Rank 1 : false
2023-12-30 12:05:59,966 [INFO] ADCParametersView:116 -                Rank 1 : false
2023-12-30 12:05:59,966 [INFO] ADCParametersView:116 -                Rank 1 : false
2023-12-30 12:05:59,966 [INFO] ADCParametersView:116 -                Rank 1 : false
2023-12-30 12:05:59,966 [INFO] ADCParametersView:116 -                Rank 1 : false
2023-12-30 12:05:59,966 [INFO] ADCParametersView:116 -                Rank 1 : false
2023-12-30 12:05:59,966 [INFO] ADCParametersView:116 -                Rank 1 : false
2023-12-30 12:05:59,966 [INFO] ADCParametersView:116 -                Rank 1 : false
2023-12-30 12:05:59,967 [INFO] ADCParametersView:116 -                Rank 1 : false
2023-12-30 12:05:59,967 [INFO] ADCParametersView:116 -                Rank 1 : false
2023-12-30 12:05:59,967 [INFO] ADCParametersView:116 -                Rank 1 : false
2023-12-30 12:05:59,967 [INFO] ADCParametersView:116 -                Rank 1 : false
2023-12-30 12:05:59,967 [INFO] ADCParametersView:116 -                Rank 1 : false
2023-12-30 12:05:59,967 [INFO] ADCParametersView:116 -                Rank 1 : false
2023-12-30 12:06:00,003 [INFO] ADCParametersView:116 -                Rank 1 : false
