2024-02-14 17:16:01,088 [INFO] Activator:176 - 


2024-02-14 17:16:01,095 [INFO] Activator:177 - !SESSION log4j initialized
2024-02-14 17:16:11,131 [INFO] LogOutputStream:77 - [STDOUT_REDIRECT] 
2024-02-14 17:16:12,011 [INFO] ApplicationProperties:184 - Using Application install path: C:\ST\STM32CubeIDE_1.13.1\STM32CubeIDE\plugins\com.st.stm32cube.common.mx_6.10.0.202311202037
2024-02-14 17:16:12,031 [INFO] DbMcusXml:78 - Set database path to: C:\ST\STM32CubeIDE_1.13.1\STM32CubeIDE\plugins\com.st.stm32cube.common.mx_6.10.0.202311202037\\db\/mcu/
2024-02-14 17:16:12,032 [INFO] ApiDb:274 - Set plugin database path to: C:\ST\STM32CubeIDE_1.13.1\STM32CubeIDE\plugins\com.st.stm32cube.common.mx_6.10.0.202311202037\\db\/plugins/boardmanager/
2024-02-14 17:16:12,033 [WARN] ApiDb:259 - Overriding images path with different value:  => C:\ST\STM32CubeIDE_1.13.1\STM32CubeIDE\plugins\com.st.stm32cube.common.mx_6.10.0.202311202037\\db\/plugins/mcufinder/images/
2024-02-14 17:16:12,048 [INFO] ApiDb:250 - Set database path to: C:\Users\bozo2\.stmcufinder\plugins\mcufinder//mcu/
2024-02-14 17:16:12,050 [INFO] DbMcusAds:125 - Set database path to: C:\Users\bozo2\.stmcufinder\plugins\mcufinder//mcu/
2024-02-14 17:16:12,052 [INFO] CrossReferenceDbSqlite:203 - Set database path to: C:\Users\bozo2\.stmcufinder\plugins\mcufinder//mcu/cs/
2024-02-14 17:16:12,184 [INFO] RulesReader:64 - Compatibility file has been processed (297 Rules)
2024-02-14 17:16:12,262 [INFO] DbMcusXml:78 - Set database path to: C:\ST\STM32CubeIDE_1.13.1\STM32CubeIDE\plugins\com.st.stm32cube.common.mx_6.10.0.202311202037\\db\/mcu/
2024-02-14 17:16:12,263 [INFO] ApiDb:274 - Set plugin database path to: C:\ST\STM32CubeIDE_1.13.1\STM32CubeIDE\plugins\com.st.stm32cube.common.mx_6.10.0.202311202037\\db\/plugins/boardmanager/
2024-02-14 17:16:12,263 [INFO] ApiDb:261 - Set plugin images path to: C:\ST\STM32CubeIDE_1.13.1\STM32CubeIDE\plugins\com.st.stm32cube.common.mx_6.10.0.202311202037\\db\/plugins/mcufinder/images/
2024-02-14 17:16:12,263 [WARN] DbFile:41 - Overriding database path with different value: C:\Users\bozo2\.stmcufinder\plugins\mcufinder/ => C:\Users\bozo2\.stmcufinder\plugins\mcufinder
2024-02-14 17:16:12,263 [INFO] ApiDb:250 - Set database path to: C:\Users\bozo2\.stmcufinder\plugins\mcufinder//mcu/
2024-02-14 17:16:12,263 [WARN] DbFile:41 - Overriding database path with different value: C:\Users\bozo2\.stmcufinder\plugins\mcufinder/ => C:\Users\bozo2\.stmcufinder\plugins\mcufinder
2024-02-14 17:16:12,263 [INFO] DbMcusAds:125 - Set database path to: C:\Users\bozo2\.stmcufinder\plugins\mcufinder//mcu/
2024-02-14 17:16:12,263 [WARN] DbFile:41 - Overriding database path with different value: C:\Users\bozo2\.stmcufinder\plugins\mcufinder/ => C:\Users\bozo2\.stmcufinder\plugins\mcufinder
2024-02-14 17:16:12,263 [WARN] DbFile:41 - Overriding database path with different value: C:\Users\bozo2\.stmcufinder\plugins\mcufinder/ => C:\Users\bozo2\.stmcufinder\plugins\mcufinder
2024-02-14 17:16:12,263 [INFO] CrossReferenceDbSqlite:203 - Set database path to: C:\Users\bozo2\.stmcufinder\plugins\mcufinder//mcu/cs/
2024-02-14 17:16:12,339 [INFO] MainPanel:264 - HeapMemory: 268435456
2024-02-14 17:16:12,432 [INFO] DbMcusXml:78 - Set database path to: C:\ST\STM32CubeIDE_1.13.1\STM32CubeIDE\plugins\com.st.stm32cube.common.mx_6.10.0.202311202037\\db\/mcu/
2024-02-14 17:16:12,432 [INFO] ApiDb:274 - Set plugin database path to: C:\ST\STM32CubeIDE_1.13.1\STM32CubeIDE\plugins\com.st.stm32cube.common.mx_6.10.0.202311202037\\db\/plugins/boardmanager/
2024-02-14 17:16:12,432 [INFO] ApiDb:261 - Set plugin images path to: C:\ST\STM32CubeIDE_1.13.1\STM32CubeIDE\plugins\com.st.stm32cube.common.mx_6.10.0.202311202037\\db\/plugins/mcufinder/images/
2024-02-14 17:16:12,433 [WARN] DbFile:41 - Overriding database path with different value: C:\Users\bozo2\.stmcufinder\plugins\mcufinder/ => C:\Users\bozo2\.stmcufinder\plugins\mcufinder
2024-02-14 17:16:12,433 [INFO] ApiDb:250 - Set database path to: C:\Users\bozo2\.stmcufinder\plugins\mcufinder//mcu/
2024-02-14 17:16:12,433 [WARN] DbFile:41 - Overriding database path with different value: C:\Users\bozo2\.stmcufinder\plugins\mcufinder/ => C:\Users\bozo2\.stmcufinder\plugins\mcufinder
2024-02-14 17:16:12,433 [INFO] DbMcusAds:125 - Set database path to: C:\Users\bozo2\.stmcufinder\plugins\mcufinder//mcu/
2024-02-14 17:16:12,433 [WARN] DbFile:41 - Overriding database path with different value: C:\Users\bozo2\.stmcufinder\plugins\mcufinder/ => C:\Users\bozo2\.stmcufinder\plugins\mcufinder
2024-02-14 17:16:12,433 [WARN] DbFile:41 - Overriding database path with different value: C:\Users\bozo2\.stmcufinder\plugins\mcufinder/ => C:\Users\bozo2\.stmcufinder\plugins\mcufinder
2024-02-14 17:16:12,433 [INFO] CrossReferenceDbSqlite:203 - Set database path to: C:\Users\bozo2\.stmcufinder\plugins\mcufinder//mcu/cs/
2024-02-14 17:16:12,451 [INFO] ApplicationProperties:184 - Using Application install path: C:\ST\STM32CubeIDE_1.13.1\STM32CubeIDE\plugins\com.st.stm32cube.common.mx_6.10.0.202311202037
2024-02-14 17:16:12,453 [INFO] PluginManage:196 - Search for loadable plugins [exclusion list=, ]
2024-02-14 17:16:12,453 [INFO] PluginManage:310 - Check plugin analytics
2024-02-14 17:16:12,617 [INFO] AnalyticsPlugin:253 - Accepted Software Licenses: STM32CubeMX.6.8.1
2024-02-14 17:16:12,617 [INFO] AnalyticsPlugin:255 - Accepted CMSIS Pack Licenses: 
2024-02-14 17:16:12,617 [INFO] AnalyticsPlugin:257 - Accepted Firmware Licenses: FW.H7.1.11.0,FW.F4.1.27.0
2024-02-14 17:16:12,620 [INFO] PluginManage:359 - Loaded plugin analytics (category:tool,tabindex:-1)
2024-02-14 17:16:12,620 [INFO] PluginManage:310 - Check plugin cadmodel
2024-02-14 17:16:12,640 [INFO] CADModel:105 - Init CAD model plugin
2024-02-14 17:16:12,640 [INFO] PluginManage:359 - Loaded plugin cadmodel (category:power,tabindex:5)
2024-02-14 17:16:12,640 [INFO] PluginManage:310 - Check plugin clock
2024-02-14 17:16:12,680 [INFO] PluginManage:359 - Loaded plugin clock (category:base,tabindex:2)
2024-02-14 17:16:12,681 [INFO] PluginManage:310 - Check plugin ddr
2024-02-14 17:16:12,685 [INFO] PluginManage:359 - Loaded plugin ddr (category:tool,tabindex:6)
2024-02-14 17:16:12,685 [INFO] PluginManage:310 - Check plugin filemanager
2024-02-14 17:16:12,838 [INFO] PluginManage:359 - Loaded plugin filemanager (category:base,tabindex:10)
2024-02-14 17:16:12,838 [INFO] PluginManage:310 - Check plugin ipmanager
2024-02-14 17:16:12,845 [INFO] PluginManage:359 - Loaded plugin ipmanager (category:base,tabindex:5)
2024-02-14 17:16:12,845 [INFO] PluginManage:310 - Check plugin lpbam
2024-02-14 17:16:12,859 [INFO] PluginManage:359 - Loaded plugin lpbam (category:base,tabindex:0)
2024-02-14 17:16:12,859 [INFO] PluginManage:310 - Check plugin memorymap
2024-02-14 17:16:12,881 [INFO] PluginManage:359 - Loaded plugin memorymap (category:base,tabindex:4)
2024-02-14 17:16:12,881 [INFO] PluginManage:310 - Check plugin pinoutandconfiguration
2024-02-14 17:16:12,895 [INFO] PluginManage:359 - Loaded plugin pinoutandconfiguration (category:base,tabindex:1)
2024-02-14 17:16:12,895 [INFO] PluginManage:310 - Check plugin pinoutconfig
2024-02-14 17:16:12,979 [WARN] SupportedApi:132 - Cannot load RTOS API schema: s4s-elt-must-match.1: The content of 'definitions' must match (annotation?, (simpleType | complexType)?, (unique | key | keyref)*)). A problem was found starting at: attribute.
2024-02-14 17:16:13,112 [INFO] PluginManage:359 - Loaded plugin pinoutconfig (category:base,tabindex:0)
2024-02-14 17:16:13,113 [INFO] PluginManage:310 - Check plugin power
2024-02-14 17:16:13,131 [INFO] PluginManage:359 - Loaded plugin power (category:power,tabindex:4)
2024-02-14 17:16:13,131 [INFO] PluginManage:310 - Check plugin projectmanager
2024-02-14 17:16:13,145 [INFO] PluginManage:359 - Loaded plugin projectmanager (category:projectmanager,tabindex:3)
2024-02-14 17:16:13,145 [INFO] PluginManage:310 - Check plugin thirdparty
2024-02-14 17:16:13,429 [INFO] PluginManage:359 - Loaded plugin thirdparty (category:base,tabindex:-1)
2024-02-14 17:16:13,429 [INFO] PluginManage:310 - Check plugin tools
2024-02-14 17:16:13,429 [WARN] IntegrityCheckThread:84 - waiting for thirdparty lock release [integrity check]
2024-02-14 17:16:13,429 [INFO] IntegrityCheckThread:86 - entering critical section [integrity check]
2024-02-14 17:16:13,430 [INFO] ThirdPartyUpdaterWithRetryManager:70 - Updater plugin not ready yet. [1/15]
2024-02-14 17:16:13,460 [INFO] PluginManage:359 - Loaded plugin tools (category:base,tabindex:7)
2024-02-14 17:16:13,460 [INFO] PluginManage:310 - Check plugin tutovideos
2024-02-14 17:16:13,681 [INFO] PluginManage:359 - Loaded plugin tutovideos (category:base,tabindex:-1)
2024-02-14 17:16:13,681 [INFO] PluginManage:310 - Check plugin updater
2024-02-14 17:16:13,694 [INFO] PluginManage:359 - Loaded plugin updater (category:base,tabindex:12)
2024-02-14 17:16:13,694 [INFO] PluginManage:310 - Check plugin userauth
2024-02-14 17:16:13,700 [INFO] UserAuth:114 - Init User Auth plugin
2024-02-14 17:16:13,700 [INFO] PluginManage:359 - Loaded plugin userauth (category:base,tabindex:14)
2024-02-14 17:16:13,701 [INFO] PluginManage:283 - PluginManage : Loaded plugins [17]
2024-02-14 17:16:13,958 [INFO] PinOutPanel:1499 - setPackage(No Configuration,No Configuration)
2024-02-14 17:16:14,060 [INFO] CADModel:165 - CPN selected for project level
2024-02-14 17:16:14,061 [INFO] CADModel:114 - Register for checkConnection events
2024-02-14 17:16:14,092 [INFO] IPUIPlugin:80 - create IPUIPlugin
2024-02-14 17:16:14,092 [INFO] PluginManager:220 - loadIPPluginJar : add adc
2024-02-14 17:16:14,136 [INFO] IPUIPlugin:80 - create IPUIPlugin
2024-02-14 17:16:14,137 [INFO] PluginManager:220 - loadIPPluginJar : add aes
2024-02-14 17:16:14,188 [INFO] IPUIPlugin:80 - create IPUIPlugin
2024-02-14 17:16:14,188 [INFO] PluginManager:220 - loadIPPluginJar : add can
2024-02-14 17:16:14,231 [INFO] IPUIPlugin:80 - create IPUIPlugin
2024-02-14 17:16:14,232 [INFO] PluginManager:220 - loadIPPluginJar : add comp
2024-02-14 17:16:14,276 [INFO] IPUIPlugin:80 - create IPUIPlugin
2024-02-14 17:16:14,276 [INFO] PluginManager:220 - loadIPPluginJar : add cryp
2024-02-14 17:16:14,320 [INFO] IPUIPlugin:80 - create IPUIPlugin
2024-02-14 17:16:14,320 [INFO] PluginManager:220 - loadIPPluginJar : add dfsdm
2024-02-14 17:16:14,355 [INFO] IPUIPlugin:80 - create IPUIPlugin
2024-02-14 17:16:14,356 [INFO] PluginManager:220 - loadIPPluginJar : add dma
2024-02-14 17:16:14,434 [INFO] IPUIPlugin:80 - create IPUIPlugin
2024-02-14 17:16:14,434 [INFO] PluginManager:220 - loadIPPluginJar : add dma3
2024-02-14 17:16:14,465 [INFO] IPUIPlugin:80 - create IPUIPlugin
2024-02-14 17:16:14,465 [INFO] PluginManager:220 - loadIPPluginJar : add fatfs
2024-02-14 17:16:14,547 [INFO] IPUIPlugin:80 - create IPUIPlugin
2024-02-14 17:16:14,547 [INFO] PluginManager:220 - loadIPPluginJar : add fmc
2024-02-14 17:16:14,586 [INFO] IPUIPlugin:80 - create IPUIPlugin
2024-02-14 17:16:14,586 [INFO] PluginManager:220 - loadIPPluginJar : add freertos
2024-02-14 17:16:14,617 [INFO] IPUIPlugin:80 - create IPUIPlugin
2024-02-14 17:16:14,617 [INFO] PluginManager:220 - loadIPPluginJar : add genericplugin
2024-02-14 17:16:14,758 [INFO] IPUIPlugin:80 - create IPUIPlugin
2024-02-14 17:16:14,758 [INFO] PluginManager:220 - loadIPPluginJar : add gfxmmu
2024-02-14 17:16:14,932 [INFO] IPUIPlugin:80 - create IPUIPlugin
2024-02-14 17:16:14,932 [INFO] PluginManager:220 - loadIPPluginJar : add gic
2024-02-14 17:16:14,946 [INFO] IPUIPlugin:80 - create IPUIPlugin
2024-02-14 17:16:14,946 [INFO] PluginManager:220 - loadIPPluginJar : add gpio
2024-02-14 17:16:15,050 [INFO] IPUIPlugin:80 - create IPUIPlugin
2024-02-14 17:16:15,050 [INFO] PluginManager:220 - loadIPPluginJar : add gtzc
2024-02-14 17:16:15,097 [INFO] IPUIPlugin:80 - create IPUIPlugin
2024-02-14 17:16:15,097 [INFO] PluginManager:220 - loadIPPluginJar : add hash
2024-02-14 17:16:15,163 [INFO] IPUIPlugin:80 - create IPUIPlugin
2024-02-14 17:16:15,163 [INFO] PluginManager:220 - loadIPPluginJar : add i2c
2024-02-14 17:16:15,215 [INFO] IPUIPlugin:80 - create IPUIPlugin
2024-02-14 17:16:15,215 [INFO] PluginManager:220 - loadIPPluginJar : add i2s
2024-02-14 17:16:15,265 [INFO] IPUIPlugin:80 - create IPUIPlugin
2024-02-14 17:16:15,265 [INFO] PluginManager:220 - loadIPPluginJar : add i3c
2024-02-14 17:16:15,381 [INFO] IPUIPlugin:80 - create IPUIPlugin
2024-02-14 17:16:15,381 [INFO] PluginManager:220 - loadIPPluginJar : add ipddr
2024-02-14 17:16:15,477 [INFO] IPUIPlugin:80 - create IPUIPlugin
2024-02-14 17:16:15,477 [INFO] PluginManager:220 - loadIPPluginJar : add linkedlist
2024-02-14 17:16:15,506 [INFO] IPUIPlugin:80 - create IPUIPlugin
2024-02-14 17:16:15,506 [INFO] PluginManager:220 - loadIPPluginJar : add lorawan
2024-02-14 17:16:15,536 [INFO] IPUIPlugin:80 - create IPUIPlugin
2024-02-14 17:16:15,536 [INFO] PluginManager:220 - loadIPPluginJar : add ltdc
2024-02-14 17:16:15,548 [INFO] IPUIPlugin:80 - create IPUIPlugin
2024-02-14 17:16:15,548 [INFO] PluginManager:220 - loadIPPluginJar : add mdma
2024-02-14 17:16:15,558 [INFO] IPUIPlugin:80 - create IPUIPlugin
2024-02-14 17:16:15,558 [INFO] PluginManager:220 - loadIPPluginJar : add nvic
2024-02-14 17:16:15,588 [INFO] IPUIPlugin:80 - create IPUIPlugin
2024-02-14 17:16:15,588 [INFO] PluginManager:220 - loadIPPluginJar : add opamp
2024-02-14 17:16:15,638 [INFO] IPUIPlugin:80 - create IPUIPlugin
2024-02-14 17:16:15,638 [INFO] PluginManager:220 - loadIPPluginJar : add openamp
2024-02-14 17:16:15,672 [INFO] IPUIPlugin:80 - create IPUIPlugin
2024-02-14 17:16:15,672 [INFO] PluginManager:220 - loadIPPluginJar : add pdm2pcm
2024-02-14 17:16:15,684 [INFO] IPUIPlugin:80 - create IPUIPlugin
2024-02-14 17:16:15,686 [INFO] PluginManager:220 - loadIPPluginJar : add plateformsettings
2024-02-14 17:16:15,704 [INFO] IPUIPlugin:80 - create IPUIPlugin
2024-02-14 17:16:15,704 [INFO] PluginManager:220 - loadIPPluginJar : add quadspi
2024-02-14 17:16:15,714 [INFO] IPUIPlugin:80 - create IPUIPlugin
2024-02-14 17:16:15,714 [INFO] PluginManager:220 - loadIPPluginJar : add resmgrutility
2024-02-14 17:16:15,762 [INFO] IPUIPlugin:80 - create IPUIPlugin
2024-02-14 17:16:15,762 [INFO] PluginManager:220 - loadIPPluginJar : add sai
2024-02-14 17:16:15,792 [INFO] IPUIPlugin:80 - create IPUIPlugin
2024-02-14 17:16:15,792 [INFO] PluginManager:220 - loadIPPluginJar : add spi
2024-02-14 17:16:15,864 [INFO] IPUIPlugin:80 - create IPUIPlugin
2024-02-14 17:16:15,864 [INFO] PluginManager:220 - loadIPPluginJar : add stm32_wpan
2024-02-14 17:16:15,894 [INFO] IPUIPlugin:80 - create IPUIPlugin
2024-02-14 17:16:15,894 [INFO] PluginManager:220 - loadIPPluginJar : add tim
2024-02-14 17:16:15,956 [INFO] IPUIPlugin:80 - create IPUIPlugin
2024-02-14 17:16:15,956 [INFO] PluginManager:220 - loadIPPluginJar : add touchsensing
2024-02-14 17:16:15,978 [INFO] IPUIPlugin:80 - create IPUIPlugin
2024-02-14 17:16:15,978 [INFO] PluginManager:220 - loadIPPluginJar : add tracer_emb
2024-02-14 17:16:16,000 [INFO] IPUIPlugin:80 - create IPUIPlugin
2024-02-14 17:16:16,000 [INFO] PluginManager:220 - loadIPPluginJar : add ts
2024-02-14 17:16:16,018 [INFO] IPUIPlugin:80 - create IPUIPlugin
2024-02-14 17:16:16,018 [INFO] PluginManager:220 - loadIPPluginJar : add tsc
2024-02-14 17:16:16,035 [INFO] IPUIPlugin:80 - create IPUIPlugin
2024-02-14 17:16:16,036 [INFO] PluginManager:220 - loadIPPluginJar : add ucpd
2024-02-14 17:16:16,073 [INFO] IPUIPlugin:80 - create IPUIPlugin
2024-02-14 17:16:16,073 [INFO] PluginManager:220 - loadIPPluginJar : add usart
2024-02-14 17:16:16,109 [INFO] IPUIPlugin:80 - create IPUIPlugin
2024-02-14 17:16:16,109 [INFO] PluginManager:220 - loadIPPluginJar : add usbx
2024-02-14 17:16:16,233 [INFO] CADModel:165 - CPN selected for project level
2024-02-14 17:16:16,233 [INFO] CADModel:114 - Register for checkConnection events
2024-02-14 17:16:16,233 [FATAL] Updater:308 - Updater called before beeing initialized
2024-02-14 17:16:16,234 [ERROR] CADModel:125 - Updater not yet initialized, retry later 
2024-02-14 17:16:16,361 [INFO] CADModel:165 - CPN selected for project level
2024-02-14 17:16:16,361 [INFO] CADModel:114 - Register for checkConnection events
2024-02-14 17:16:16,361 [FATAL] Updater:308 - Updater called before beeing initialized
2024-02-14 17:16:16,361 [ERROR] CADModel:125 - Updater not yet initialized, retry later 
2024-02-14 17:16:16,363 [FATAL] Updater:308 - Updater called before beeing initialized
2024-02-14 17:16:16,431 [INFO] ThirdPartyUpdaterWithRetryManager:70 - Updater plugin not ready yet. [2/15]
2024-02-14 17:16:16,455 [FATAL] Updater:308 - Updater called before beeing initialized
2024-02-14 17:16:16,464 [INFO] DbMcusAds:53 - JSON generation date=Wed Nov 29 05:52:27 EST 2023 (1701255147200)
2024-02-14 17:16:16,464 [FATAL] Updater:308 - Updater called before beeing initialized
2024-02-14 17:16:16,540 [WARN] DetailPanel:346 - Failed to get advertising image, set to default
2024-02-14 17:16:16,653 [FATAL] Updater:308 - Updater called before beeing initialized
2024-02-14 17:16:16,657 [FATAL] Updater:308 - Updater called before beeing initialized
2024-02-14 17:16:16,657 [FATAL] Updater:308 - Updater called before beeing initialized
2024-02-14 17:16:16,657 [WARN] DetailPanel:346 - Failed to get advertising image, set to default
2024-02-14 17:16:16,658 [FATAL] Updater:308 - Updater called before beeing initialized
2024-02-14 17:16:16,715 [ERROR] Updater:1120 - MainUpdater not yet initialized. External WinMGr cannot be set.
2024-02-14 17:16:16,725 [INFO] Updater:1056 - Updater Version found : 6.10.0
2024-02-14 17:16:16,741 [INFO] ApplicationProperties:184 - Using Application install path: C:\ST\STM32CubeIDE_1.13.1\STM32CubeIDE\plugins\com.st.stm32cube.common.mx_6.10.0.202311202037
2024-02-14 17:16:17,172 [INFO] MainUpdater:2873 - connection check result : 10
2024-02-14 17:16:17,173 [INFO] MainUpdater:3567 - Updater definition file requires update
2024-02-14 17:16:17,174 [INFO] MainUpdater:290 - Updater Check For Update Now.
2024-02-14 17:16:17,174 [INFO] MicroXplorer:498 - Change Database Version : DB.6.0.100
2024-02-14 17:16:17,190 [INFO] McuFinderGlobals:63 - Set McuFinder mode to 2 (CubeIDE integrated)
2024-02-14 17:16:17,200 [INFO] UserAuth:404 - Internet connection configuration mode: 1
2024-02-14 17:16:17,223 [INFO] JxBrowserEngine:152 - Initiate JxBrowser Engine with user profile folder
2024-02-14 17:16:17,377 [INFO] ServerAccessManage:473 - Download File updaters.zip
2024-02-14 17:16:17,484 [INFO] FileExtend:240 - Unzip File : updaters.zip
2024-02-14 17:16:17,484 [INFO] FileExtend:255 - Standard Zip Deflate
2024-02-14 17:16:18,038 [INFO] ServerAccessManage:473 - Download File PacksControlFlags.xml
2024-02-14 17:16:18,169 [INFO] ServerAccessManage:473 - Download File cubemx.pidx
2024-02-14 17:16:18,295 [INFO] LoadServerUpdatesThread:375 - End of LoadServerUpdate Thread
2024-02-14 17:16:18,481 [INFO] CheckServerUpdateThread:120 - End of CheckServer Thread
2024-02-14 17:16:19,648 [WARN] PackLoader:240 - Cannot read IP mode file for STMicroelectronics.X-CUBE-SMBUS.2.1.0
2024-02-14 17:16:19,698 [WARN] PackLoader:240 - Cannot read IP mode file for STMicroelectronics.X-CUBE-TOUCHGFX.4.23.0
2024-02-14 17:16:19,778 [WARN] PackLoader:240 - Cannot read IP mode file for STMicroelectronics.X-CUBE-AZRTOS-F7.1.1.0
2024-02-14 17:16:19,800 [WARN] PackLoader:240 - Cannot read IP mode file for STMicroelectronics.FP-SNS-MOTENV1.4.3.2
2024-02-14 17:16:19,820 [WARN] PackLoader:240 - Cannot read IP mode file for STMicroelectronics.FP-SNS-FLIGHT1.5.0.1
2024-02-14 17:16:19,836 [WARN] PackLoader:240 - Cannot read IP mode file for STMicroelectronics.X-CUBE-BLE1.6.2.4
2024-02-14 17:16:19,849 [WARN] PackLoader:240 - Cannot read IP mode file for STMicroelectronics.FP-SNS-FLIGHT1.5.0.2
2024-02-14 17:16:19,865 [WARN] PackLoader:240 - Cannot read IP mode file for STMicroelectronics.X-CUBE-DISPLAY.3.0.0
2024-02-14 17:16:19,882 [WARN] PackLoader:240 - Cannot read IP mode file for STMicroelectronics.X-CUBE-BLE1.7.0.0
2024-02-14 17:16:19,894 [WARN] PackLoader:240 - Cannot read IP mode file for emotas.I-CUBE-CANOPEN.1.3.0
2024-02-14 17:16:19,906 [WARN] PackLoader:240 - Cannot read IP mode file for STMicroelectronics.X-CUBE-TOUCHGFX.4.22.0
2024-02-14 17:16:19,917 [WARN] PackLoader:240 - Cannot read IP mode file for STMicroelectronics.X-CUBE-TOUCHGFX.4.22.1
2024-02-14 17:16:19,928 [WARN] PackLoader:240 - Cannot read IP mode file for STMicroelectronics.FP-SNS-SMARTAG2.1.2.0
2024-02-14 17:16:19,946 [INFO] LogOutputStream:77 - [STDOUT_REDIRECT] 1 : Invalid condition id : UX_CORESTACK_Condition cause : null
2024-02-14 17:16:19,947 [INFO] LogOutputStream:77 - [STDOUT_REDIRECT] 1 : Invalid condition id : UX_CORESTACK_Condition cause : null
2024-02-14 17:16:19,948 [INFO] LogOutputStream:77 - [STDOUT_REDIRECT] 1 : Invalid condition id : UX_CORESTACK_Condition cause : null
2024-02-14 17:16:19,949 [INFO] LogOutputStream:77 - [STDOUT_REDIRECT] 1 : Invalid condition id : UX_CORESTACK_Condition cause : null
2024-02-14 17:16:19,950 [INFO] LogOutputStream:77 - [STDOUT_REDIRECT] 1 : Invalid condition id : UX_CORESTACK_Condition cause : null
2024-02-14 17:16:19,953 [WARN] PackLoader:240 - Cannot read IP mode file for STMicroelectronics.X-CUBE-AZRTOS-WL.2.0.0
2024-02-14 17:16:19,971 [WARN] PackLoader:240 - Cannot read IP mode file for WES.I-CUBE-Cesium.1.3.0
2024-02-14 17:16:19,984 [WARN] PackLoader:240 - Cannot read IP mode file for STMicroelectronics.X-CUBE-BLE2.3.3.0
2024-02-14 17:16:19,996 [WARN] PackLoader:240 - Cannot read IP mode file for STMicroelectronics.X-CUBE-ALGOBUILD.1.3.0
2024-02-14 17:16:20,023 [WARN] PackLoader:240 - Cannot read IP mode file for STMicroelectronics.X-CUBE-AZRTOS-G0.1.1.0
2024-02-14 17:16:20,040 [WARN] PackLoader:240 - Cannot read IP mode file for STMicroelectronics.X-CUBE-NFC4.3.0.0
2024-02-14 17:16:20,057 [WARN] PackLoader:240 - Cannot read IP mode file for STMicroelectronics.X-CUBE-BLEMGR.3.0.0
2024-02-14 17:16:20,070 [WARN] PackLoader:240 - Cannot read IP mode file for STMicroelectronics.FP-ATR-SIGFOX1.3.2.0
2024-02-14 17:16:20,084 [WARN] PackLoader:240 - Cannot read IP mode file for STMicroelectronics.X-CUBE-EEPRMA1.5.1.0
2024-02-14 17:16:20,130 [WARN] PackLoader:240 - Cannot read IP mode file for SEGGER.I-CUBE-embOS.1.3.1
2024-02-14 17:16:20,191 [WARN] PackLoader:240 - Cannot read IP mode file for STMicroelectronics.X-CUBE-GNSS1.6.0.0
2024-02-14 17:16:20,225 [WARN] PackLoader:240 - Cannot read IP mode file for STMicroelectronics.X-CUBE-AZRTOS-F4.1.1.0
2024-02-14 17:16:20,245 [WARN] PackLoader:240 - Cannot read IP mode file for wolfSSL.I-CUBE-wolfSSL.5.6.3
2024-02-14 17:16:20,279 [WARN] PackLoader:240 - Cannot read IP mode file for STMicroelectronics.X-CUBE-AZRTOS-L5.2.0.0
2024-02-14 17:16:20,335 [WARN] PackLoader:240 - Cannot read IP mode file for STMicroelectronics.X-CUBE-MEMS1.9.6.0
2024-02-14 17:16:20,527 [WARN] PackLoader:240 - Cannot read IP mode file for STMicroelectronics.X-CUBE-EEPRMA1.4.2.0
2024-02-14 17:16:20,631 [WARN] PackLoader:240 - Cannot read IP mode file for ITTIA_DB.I-CUBE-ITTIADB.8.8.0
2024-02-14 17:16:20,648 [WARN] PackLoader:240 - Cannot read IP mode file for STMicroelectronics.X-CUBE-BLEMGR.2.0.0
2024-02-14 17:16:20,677 [WARN] ConditionMgr:438 - getConditionDescription Invalid condition id : UX DEVICE CLASS RTOS Condition cause : null
2024-02-14 17:16:20,677 [WARN] ConditionMgr:438 - getConditionDescription Invalid condition id : UX DEVICE CLASS RTOS Condition cause : null
2024-02-14 17:16:20,680 [WARN] PackLoader:240 - Cannot read IP mode file for STMicroelectronics.X-CUBE-AZRTOS-H7.3.1.0
2024-02-14 17:16:20,681 [WARN] ConditionMgr:1039 - genDependencies : Invalid condition id : UX DEVICE CLASS RTOS Condition cause : null
2024-02-14 17:16:20,682 [WARN] ConditionMgr:1039 - genDependencies : Invalid condition id : UX DEVICE CLASS RTOS Condition cause : null
2024-02-14 17:16:20,682 [WARN] ConditionMgr:1039 - genDependencies : Invalid condition id : UX DEVICE CLASS RTOS Condition cause : null
2024-02-14 17:16:20,683 [WARN] ConditionMgr:1039 - genDependencies : Invalid condition id : UX DEVICE CLASS RTOS Condition cause : null
2024-02-14 17:16:20,683 [WARN] ConditionMgr:1039 - genDependencies : Invalid condition id : UX DEVICE CLASS RTOS Condition cause : null
2024-02-14 17:16:20,697 [WARN] PackLoader:240 - Cannot read IP mode file for STMicroelectronics.X-CUBE-NFC7.1.0.1
2024-02-14 17:16:20,713 [WARN] PackLoader:240 - Cannot read IP mode file for STMicroelectronics.X-CUBE-NFC6.3.0.0
2024-02-14 17:16:20,730 [WARN] PackLoader:240 - Cannot read IP mode file for STMicroelectronics.X-CUBE-EEPRMA1.4.1.0
2024-02-14 17:16:20,744 [WARN] PackLoader:240 - Cannot read IP mode file for STMicroelectronics.X-CUBE-AI.8.1.0
2024-02-14 17:16:20,777 [WARN] ConditionMgr:438 - getConditionDescription Invalid condition id : LAN8742 Phy interface Condition cause : null
2024-02-14 17:16:20,779 [WARN] PackLoader:240 - Cannot read IP mode file for STMicroelectronics.X-CUBE-AZRTOS-L4.2.0.0
2024-02-14 17:16:20,780 [WARN] ConditionMgr:1039 - genDependencies : Invalid condition id : LAN8742 Phy interface Condition cause : null
2024-02-14 17:16:20,781 [WARN] ConditionMgr:1039 - genDependencies : Invalid condition id : LAN8742 Phy interface Condition cause : null
2024-02-14 17:16:20,782 [WARN] ConditionMgr:1039 - genDependencies : Invalid condition id : LAN8742 Phy interface Condition cause : null
2024-02-14 17:16:20,802 [WARN] PackLoader:240 - Cannot read IP mode file for STMicroelectronics.X-CUBE-SFXS2LP1.4.0.0
2024-02-14 17:16:20,854 [WARN] PackLoader:240 - Cannot read IP mode file for STMicroelectronics.X-CUBE-ISPU.1.1.0
2024-02-14 17:16:20,885 [WARN] ConditionMgr:438 - getConditionDescription Invalid condition id : UX DEVICE CLASS RTOS Condition cause : null
2024-02-14 17:16:20,885 [WARN] ConditionMgr:438 - getConditionDescription Invalid condition id : UX DEVICE CLASS RTOS Condition cause : null
2024-02-14 17:16:20,887 [WARN] PackLoader:240 - Cannot read IP mode file for STMicroelectronics.X-CUBE-AZRTOS-WB.2.0.0
2024-02-14 17:16:20,888 [WARN] ConditionMgr:1039 - genDependencies : Invalid condition id : UX DEVICE CLASS RTOS Condition cause : null
2024-02-14 17:16:20,888 [WARN] ConditionMgr:1039 - genDependencies : Invalid condition id : UX DEVICE CLASS RTOS Condition cause : null
2024-02-14 17:16:20,889 [WARN] ConditionMgr:1039 - genDependencies : Invalid condition id : UX DEVICE CLASS RTOS Condition cause : null
2024-02-14 17:16:20,889 [WARN] ConditionMgr:1039 - genDependencies : Invalid condition id : UX DEVICE CLASS RTOS Condition cause : null
2024-02-14 17:16:20,889 [WARN] ConditionMgr:1039 - genDependencies : Invalid condition id : UX DEVICE CLASS RTOS Condition cause : null
2024-02-14 17:16:20,940 [WARN] PackLoader:240 - Cannot read IP mode file for STMicroelectronics.X-CUBE-FREERTOS.1.0.1
2024-02-14 17:16:20,987 [WARN] PackLoader:240 - Cannot read IP mode file for STMicroelectronics.X-CUBE-AZRTOS-L5.1.1.0
2024-02-14 17:16:21,047 [WARN] PackLoader:240 - Cannot read IP mode file for STMicroelectronics.X-CUBE-AI.8.0.1
2024-02-14 17:16:21,071 [WARN] PackLoader:240 - Cannot read IP mode file for STMicroelectronics.X-CUBE-SUBG2.5.0.0
2024-02-14 17:16:21,099 [WARN] PackLoader:240 - Cannot read IP mode file for STMicroelectronics.X-CUBE-TOF1.3.3.1
2024-02-14 17:16:21,170 [WARN] PackLoader:240 - Cannot read IP mode file for STMicroelectronics.X-CUBE-AZRTOS-G4.2.0.0
2024-02-14 17:16:21,194 [WARN] PackLoader:240 - Cannot read IP mode file for STMicroelectronics.X-CUBE-TOF1.3.3.0
2024-02-14 17:16:21,233 [WARN] PackLoader:240 - Cannot read IP mode file for Infineon.AIROC-Wi-Fi-Bluetooth-STM32.1.5.1
2024-02-14 17:16:21,249 [WARN] PackLoader:240 - Cannot read IP mode file for STMicroelectronics.FP-SNS-MOTENVWB1.1.3.1
2024-02-14 17:16:21,278 [WARN] PackLoader:240 - Cannot read IP mode file for STMicroelectronics.X-CUBE-ISPU.2.0.0
2024-02-14 17:16:21,328 [WARN] PackLoader:240 - Cannot read IP mode file for STMicroelectronics.X-CUBE-MEMS1.10.0.0
2024-02-14 17:16:21,444 [WARN] PackLoader:240 - Cannot read IP mode file for STMicroelectronics.X-CUBE-FREERTOS.1.1.0
2024-02-14 17:16:21,460 [INFO] WebApp:161 - Instantiating new browser for Auth
2024-02-14 17:16:21,462 [WARN] PackLoader:240 - Cannot read IP mode file for portGmbH.I-Cube-SoM-uGOAL.1.1.0
2024-02-14 17:16:21,479 [WARN] PackLoader:240 - Cannot read IP mode file for STMicroelectronics.X-CUBE-ALS.1.0.1
2024-02-14 17:16:21,516 [WARN] PackLoader:240 - Cannot read IP mode file for STMicroelectronics.X-CUBE-AZRTOS-WB.1.1.0
2024-02-14 17:16:21,536 [WARN] PackLoader:240 - Cannot read IP mode file for STMicroelectronics.FP-ATR-ASTRA1.2.0.0
2024-02-14 17:16:21,572 [WARN] PackLoader:240 - Cannot read IP mode file for STMicroelectronics.X-CUBE-TOF1.3.4.0
2024-02-14 17:16:21,622 [WARN] PackLoader:240 - Cannot read IP mode file for STMicroelectronics.X-CUBE-AZRTOS-H7.3.2.0
2024-02-14 17:16:21,624 [INFO] ThirdParty:978 - Integrity check success = true
2024-02-14 17:16:21,624 [INFO] IntegrityCheckThread:100 - exiting critical section [integrity check]
2024-02-14 17:16:21,624 [INFO] IntegrityCheckThread:103 - End integrity checks thread
2024-02-14 17:16:22,378 [INFO] WebApp:780 - Register for checkConnection events
2024-02-14 17:16:22,378 [INFO] WebApp:414 - Apply proxy settings
2024-02-14 17:16:22,378 [INFO] WebApp:499 - Chromium requires no authentication
2024-02-14 17:16:22,388 [INFO] WebApp:442 - Direct internet connection detected
2024-02-14 17:16:22,635 [INFO] WebApp:192 - Starting web application
2024-02-14 17:16:22,635 [INFO] WebApp:544 - Web application path used C:\ST\STM32CubeIDE_1.13.1\STM32CubeIDE\plugins\com.st.stm32cube.common.mx_6.10.0.202311202037\db\plugins\mcufinder\reactClient1\index.html
2024-02-14 17:16:43,394 [ERROR] LogOutputStream:75 - [STDERR_REDIRECT] SLF4J: Failed to load class "org.slf4j.impl.StaticLoggerBinder".
2024-02-14 17:16:43,395 [ERROR] LogOutputStream:75 - [STDERR_REDIRECT] SLF4J: Defaulting to no-operation (NOP) logger implementation
2024-02-14 17:16:43,396 [ERROR] LogOutputStream:75 - [STDERR_REDIRECT] SLF4J: See http://www.slf4j.org/codes.html#StaticLoggerBinder for further details.
