2024-03-05 20:02:41,942 [INFO] Activator:176 - 


2024-03-05 20:02:41,949 [INFO] Activator:177 - !SESSION log4j initialized
2024-03-05 20:02:53,532 [INFO] LogOutputStream:77 - [STDOUT_REDIRECT] 
2024-03-05 20:02:54,414 [INFO] ApplicationProperties:184 - Using Application install path: C:\ST\STM32CubeIDE_1.13.1\STM32CubeIDE\plugins\com.st.stm32cube.common.mx_6.10.0.202311202037
2024-03-05 20:02:54,439 [INFO] DbMcusXml:78 - Set database path to: C:\ST\STM32CubeIDE_1.13.1\STM32CubeIDE\plugins\com.st.stm32cube.common.mx_6.10.0.202311202037\\db\/mcu/
2024-03-05 20:02:54,440 [INFO] ApiDb:274 - Set plugin database path to: C:\ST\STM32CubeIDE_1.13.1\STM32CubeIDE\plugins\com.st.stm32cube.common.mx_6.10.0.202311202037\\db\/plugins/boardmanager/
2024-03-05 20:02:54,440 [WARN] ApiDb:259 - Overriding images path with different value:  => C:\ST\STM32CubeIDE_1.13.1\STM32CubeIDE\plugins\com.st.stm32cube.common.mx_6.10.0.202311202037\\db\/plugins/mcufinder/images/
2024-03-05 20:02:54,455 [INFO] ApiDb:250 - Set database path to: C:\Users\bozo2\.stmcufinder\plugins\mcufinder//mcu/
2024-03-05 20:02:54,457 [INFO] DbMcusAds:125 - Set database path to: C:\Users\bozo2\.stmcufinder\plugins\mcufinder//mcu/
2024-03-05 20:02:54,459 [INFO] CrossReferenceDbSqlite:203 - Set database path to: C:\Users\bozo2\.stmcufinder\plugins\mcufinder//mcu/cs/
2024-03-05 20:02:54,572 [INFO] RulesReader:64 - Compatibility file has been processed (297 Rules)
2024-03-05 20:02:54,657 [INFO] DbMcusXml:78 - Set database path to: C:\ST\STM32CubeIDE_1.13.1\STM32CubeIDE\plugins\com.st.stm32cube.common.mx_6.10.0.202311202037\\db\/mcu/
2024-03-05 20:02:54,657 [INFO] ApiDb:274 - Set plugin database path to: C:\ST\STM32CubeIDE_1.13.1\STM32CubeIDE\plugins\com.st.stm32cube.common.mx_6.10.0.202311202037\\db\/plugins/boardmanager/
2024-03-05 20:02:54,657 [INFO] ApiDb:261 - Set plugin images path to: C:\ST\STM32CubeIDE_1.13.1\STM32CubeIDE\plugins\com.st.stm32cube.common.mx_6.10.0.202311202037\\db\/plugins/mcufinder/images/
2024-03-05 20:02:54,658 [WARN] DbFile:41 - Overriding database path with different value: C:\Users\bozo2\.stmcufinder\plugins\mcufinder/ => C:\Users\bozo2\.stmcufinder\plugins\mcufinder
2024-03-05 20:02:54,658 [INFO] ApiDb:250 - Set database path to: C:\Users\bozo2\.stmcufinder\plugins\mcufinder//mcu/
2024-03-05 20:02:54,658 [WARN] DbFile:41 - Overriding database path with different value: C:\Users\bozo2\.stmcufinder\plugins\mcufinder/ => C:\Users\bozo2\.stmcufinder\plugins\mcufinder
2024-03-05 20:02:54,658 [INFO] DbMcusAds:125 - Set database path to: C:\Users\bozo2\.stmcufinder\plugins\mcufinder//mcu/
2024-03-05 20:02:54,658 [WARN] DbFile:41 - Overriding database path with different value: C:\Users\bozo2\.stmcufinder\plugins\mcufinder/ => C:\Users\bozo2\.stmcufinder\plugins\mcufinder
2024-03-05 20:02:54,658 [WARN] DbFile:41 - Overriding database path with different value: C:\Users\bozo2\.stmcufinder\plugins\mcufinder/ => C:\Users\bozo2\.stmcufinder\plugins\mcufinder
2024-03-05 20:02:54,658 [INFO] CrossReferenceDbSqlite:203 - Set database path to: C:\Users\bozo2\.stmcufinder\plugins\mcufinder//mcu/cs/
2024-03-05 20:02:54,738 [INFO] MainPanel:264 - HeapMemory: 268435456
2024-03-05 20:02:54,846 [INFO] DbMcusXml:78 - Set database path to: C:\ST\STM32CubeIDE_1.13.1\STM32CubeIDE\plugins\com.st.stm32cube.common.mx_6.10.0.202311202037\\db\/mcu/
2024-03-05 20:02:54,847 [INFO] ApiDb:274 - Set plugin database path to: C:\ST\STM32CubeIDE_1.13.1\STM32CubeIDE\plugins\com.st.stm32cube.common.mx_6.10.0.202311202037\\db\/plugins/boardmanager/
2024-03-05 20:02:54,847 [INFO] ApiDb:261 - Set plugin images path to: C:\ST\STM32CubeIDE_1.13.1\STM32CubeIDE\plugins\com.st.stm32cube.common.mx_6.10.0.202311202037\\db\/plugins/mcufinder/images/
2024-03-05 20:02:54,847 [WARN] DbFile:41 - Overriding database path with different value: C:\Users\bozo2\.stmcufinder\plugins\mcufinder/ => C:\Users\bozo2\.stmcufinder\plugins\mcufinder
2024-03-05 20:02:54,847 [INFO] ApiDb:250 - Set database path to: C:\Users\bozo2\.stmcufinder\plugins\mcufinder//mcu/
2024-03-05 20:02:54,847 [WARN] DbFile:41 - Overriding database path with different value: C:\Users\bozo2\.stmcufinder\plugins\mcufinder/ => C:\Users\bozo2\.stmcufinder\plugins\mcufinder
2024-03-05 20:02:54,847 [INFO] DbMcusAds:125 - Set database path to: C:\Users\bozo2\.stmcufinder\plugins\mcufinder//mcu/
2024-03-05 20:02:54,847 [WARN] DbFile:41 - Overriding database path with different value: C:\Users\bozo2\.stmcufinder\plugins\mcufinder/ => C:\Users\bozo2\.stmcufinder\plugins\mcufinder
2024-03-05 20:02:54,847 [WARN] DbFile:41 - Overriding database path with different value: C:\Users\bozo2\.stmcufinder\plugins\mcufinder/ => C:\Users\bozo2\.stmcufinder\plugins\mcufinder
2024-03-05 20:02:54,847 [INFO] CrossReferenceDbSqlite:203 - Set database path to: C:\Users\bozo2\.stmcufinder\plugins\mcufinder//mcu/cs/
2024-03-05 20:02:54,865 [INFO] ApplicationProperties:184 - Using Application install path: C:\ST\STM32CubeIDE_1.13.1\STM32CubeIDE\plugins\com.st.stm32cube.common.mx_6.10.0.202311202037
2024-03-05 20:02:54,866 [INFO] PluginManage:196 - Search for loadable plugins [exclusion list=, ]
2024-03-05 20:02:54,869 [INFO] PluginManage:310 - Check plugin analytics
2024-03-05 20:02:55,060 [INFO] AnalyticsPlugin:253 - Accepted Software Licenses: STM32CubeMX.6.8.1
2024-03-05 20:02:55,060 [INFO] AnalyticsPlugin:255 - Accepted CMSIS Pack Licenses: 
2024-03-05 20:02:55,060 [INFO] AnalyticsPlugin:257 - Accepted Firmware Licenses: FW.H7.1.11.0,FW.F4.1.27.0
2024-03-05 20:02:55,062 [INFO] PluginManage:359 - Loaded plugin analytics (category:tool,tabindex:-1)
2024-03-05 20:02:55,063 [INFO] PluginManage:310 - Check plugin cadmodel
2024-03-05 20:02:55,078 [INFO] CADModel:105 - Init CAD model plugin
2024-03-05 20:02:55,079 [INFO] PluginManage:359 - Loaded plugin cadmodel (category:power,tabindex:5)
2024-03-05 20:02:55,079 [INFO] PluginManage:310 - Check plugin clock
2024-03-05 20:02:55,100 [INFO] PluginManage:359 - Loaded plugin clock (category:base,tabindex:2)
2024-03-05 20:02:55,101 [INFO] PluginManage:310 - Check plugin ddr
2024-03-05 20:02:55,103 [INFO] PluginManage:359 - Loaded plugin ddr (category:tool,tabindex:6)
2024-03-05 20:02:55,103 [INFO] PluginManage:310 - Check plugin filemanager
2024-03-05 20:02:55,260 [INFO] PluginManage:359 - Loaded plugin filemanager (category:base,tabindex:10)
2024-03-05 20:02:55,260 [INFO] PluginManage:310 - Check plugin ipmanager
2024-03-05 20:02:55,268 [INFO] PluginManage:359 - Loaded plugin ipmanager (category:base,tabindex:5)
2024-03-05 20:02:55,268 [INFO] PluginManage:310 - Check plugin lpbam
2024-03-05 20:02:55,283 [INFO] PluginManage:359 - Loaded plugin lpbam (category:base,tabindex:0)
2024-03-05 20:02:55,283 [INFO] PluginManage:310 - Check plugin memorymap
2024-03-05 20:02:55,304 [INFO] PluginManage:359 - Loaded plugin memorymap (category:base,tabindex:4)
2024-03-05 20:02:55,305 [INFO] PluginManage:310 - Check plugin pinoutandconfiguration
2024-03-05 20:02:55,319 [INFO] PluginManage:359 - Loaded plugin pinoutandconfiguration (category:base,tabindex:1)
2024-03-05 20:02:55,319 [INFO] PluginManage:310 - Check plugin pinoutconfig
2024-03-05 20:02:55,415 [WARN] SupportedApi:132 - Cannot load RTOS API schema: s4s-elt-must-match.1: The content of 'definitions' must match (annotation?, (simpleType | complexType)?, (unique | key | keyref)*)). A problem was found starting at: attribute.
2024-03-05 20:02:55,552 [INFO] PluginManage:359 - Loaded plugin pinoutconfig (category:base,tabindex:0)
2024-03-05 20:02:55,553 [INFO] PluginManage:310 - Check plugin power
2024-03-05 20:02:55,574 [INFO] PluginManage:359 - Loaded plugin power (category:power,tabindex:4)
2024-03-05 20:02:55,574 [INFO] PluginManage:310 - Check plugin projectmanager
2024-03-05 20:02:55,588 [INFO] PluginManage:359 - Loaded plugin projectmanager (category:projectmanager,tabindex:3)
2024-03-05 20:02:55,588 [INFO] PluginManage:310 - Check plugin thirdparty
2024-03-05 20:02:55,860 [INFO] PluginManage:359 - Loaded plugin thirdparty (category:base,tabindex:-1)
2024-03-05 20:02:55,860 [WARN] IntegrityCheckThread:84 - waiting for thirdparty lock release [integrity check]
2024-03-05 20:02:55,860 [INFO] PluginManage:310 - Check plugin tools
2024-03-05 20:02:55,860 [INFO] IntegrityCheckThread:86 - entering critical section [integrity check]
2024-03-05 20:02:55,861 [INFO] ThirdPartyUpdaterWithRetryManager:70 - Updater plugin not ready yet. [1/15]
2024-03-05 20:02:55,898 [INFO] PluginManage:359 - Loaded plugin tools (category:base,tabindex:7)
2024-03-05 20:02:55,898 [INFO] PluginManage:310 - Check plugin tutovideos
2024-03-05 20:02:56,292 [INFO] PluginManage:359 - Loaded plugin tutovideos (category:base,tabindex:-1)
2024-03-05 20:02:56,293 [INFO] PluginManage:310 - Check plugin updater
2024-03-05 20:02:56,331 [INFO] PluginManage:359 - Loaded plugin updater (category:base,tabindex:12)
2024-03-05 20:02:56,331 [INFO] PluginManage:310 - Check plugin userauth
2024-03-05 20:02:56,340 [INFO] UserAuth:114 - Init User Auth plugin
2024-03-05 20:02:56,340 [INFO] PluginManage:359 - Loaded plugin userauth (category:base,tabindex:14)
2024-03-05 20:02:56,342 [INFO] PluginManage:283 - PluginManage : Loaded plugins [17]
2024-03-05 20:02:56,664 [INFO] PinOutPanel:1499 - setPackage(No Configuration,No Configuration)
2024-03-05 20:02:56,737 [INFO] CADModel:165 - CPN selected for project level
2024-03-05 20:02:56,737 [INFO] CADModel:114 - Register for checkConnection events
2024-03-05 20:02:56,774 [INFO] IPUIPlugin:80 - create IPUIPlugin
2024-03-05 20:02:56,774 [INFO] PluginManager:220 - loadIPPluginJar : add adc
2024-03-05 20:02:56,804 [INFO] IPUIPlugin:80 - create IPUIPlugin
2024-03-05 20:02:56,804 [INFO] PluginManager:220 - loadIPPluginJar : add aes
2024-03-05 20:02:56,836 [INFO] IPUIPlugin:80 - create IPUIPlugin
2024-03-05 20:02:56,836 [INFO] PluginManager:220 - loadIPPluginJar : add can
2024-03-05 20:02:56,855 [INFO] IPUIPlugin:80 - create IPUIPlugin
2024-03-05 20:02:56,856 [INFO] PluginManager:220 - loadIPPluginJar : add comp
2024-03-05 20:02:56,884 [INFO] IPUIPlugin:80 - create IPUIPlugin
2024-03-05 20:02:56,884 [INFO] PluginManager:220 - loadIPPluginJar : add cryp
2024-03-05 20:02:56,909 [INFO] IPUIPlugin:80 - create IPUIPlugin
2024-03-05 20:02:56,909 [INFO] PluginManager:220 - loadIPPluginJar : add dfsdm
2024-03-05 20:02:56,934 [INFO] IPUIPlugin:80 - create IPUIPlugin
2024-03-05 20:02:56,935 [INFO] PluginManager:220 - loadIPPluginJar : add dma
2024-03-05 20:02:56,971 [INFO] IPUIPlugin:80 - create IPUIPlugin
2024-03-05 20:02:56,971 [INFO] PluginManager:220 - loadIPPluginJar : add dma3
2024-03-05 20:02:56,989 [INFO] IPUIPlugin:80 - create IPUIPlugin
2024-03-05 20:02:56,989 [INFO] PluginManager:220 - loadIPPluginJar : add fatfs
2024-03-05 20:02:57,031 [INFO] IPUIPlugin:80 - create IPUIPlugin
2024-03-05 20:02:57,031 [INFO] PluginManager:220 - loadIPPluginJar : add fmc
2024-03-05 20:02:57,045 [INFO] IPUIPlugin:80 - create IPUIPlugin
2024-03-05 20:02:57,046 [INFO] PluginManager:220 - loadIPPluginJar : add freertos
2024-03-05 20:02:57,062 [INFO] IPUIPlugin:80 - create IPUIPlugin
2024-03-05 20:02:57,062 [INFO] PluginManager:220 - loadIPPluginJar : add genericplugin
2024-03-05 20:02:57,135 [INFO] IPUIPlugin:80 - create IPUIPlugin
2024-03-05 20:02:57,135 [INFO] PluginManager:220 - loadIPPluginJar : add gfxmmu
2024-03-05 20:02:57,248 [INFO] IPUIPlugin:80 - create IPUIPlugin
2024-03-05 20:02:57,248 [INFO] PluginManager:220 - loadIPPluginJar : add gic
2024-03-05 20:02:57,261 [INFO] IPUIPlugin:80 - create IPUIPlugin
2024-03-05 20:02:57,261 [INFO] PluginManager:220 - loadIPPluginJar : add gpio
2024-03-05 20:02:57,338 [INFO] IPUIPlugin:80 - create IPUIPlugin
2024-03-05 20:02:57,339 [INFO] PluginManager:220 - loadIPPluginJar : add gtzc
2024-03-05 20:02:57,364 [INFO] IPUIPlugin:80 - create IPUIPlugin
2024-03-05 20:02:57,364 [INFO] PluginManager:220 - loadIPPluginJar : add hash
2024-03-05 20:02:57,406 [INFO] IPUIPlugin:80 - create IPUIPlugin
2024-03-05 20:02:57,407 [INFO] PluginManager:220 - loadIPPluginJar : add i2c
2024-03-05 20:02:57,438 [INFO] IPUIPlugin:80 - create IPUIPlugin
2024-03-05 20:02:57,438 [INFO] PluginManager:220 - loadIPPluginJar : add i2s
2024-03-05 20:02:57,472 [INFO] IPUIPlugin:80 - create IPUIPlugin
2024-03-05 20:02:57,472 [INFO] PluginManager:220 - loadIPPluginJar : add i3c
2024-03-05 20:02:57,561 [INFO] IPUIPlugin:80 - create IPUIPlugin
2024-03-05 20:02:57,561 [INFO] PluginManager:220 - loadIPPluginJar : add ipddr
2024-03-05 20:02:57,635 [INFO] IPUIPlugin:80 - create IPUIPlugin
2024-03-05 20:02:57,635 [INFO] PluginManager:220 - loadIPPluginJar : add linkedlist
2024-03-05 20:02:57,663 [INFO] IPUIPlugin:80 - create IPUIPlugin
2024-03-05 20:02:57,663 [INFO] PluginManager:220 - loadIPPluginJar : add lorawan
2024-03-05 20:02:57,692 [INFO] IPUIPlugin:80 - create IPUIPlugin
2024-03-05 20:02:57,692 [INFO] PluginManager:220 - loadIPPluginJar : add ltdc
2024-03-05 20:02:57,705 [INFO] IPUIPlugin:80 - create IPUIPlugin
2024-03-05 20:02:57,706 [INFO] PluginManager:220 - loadIPPluginJar : add mdma
2024-03-05 20:02:57,718 [INFO] IPUIPlugin:80 - create IPUIPlugin
2024-03-05 20:02:57,718 [INFO] PluginManager:220 - loadIPPluginJar : add nvic
2024-03-05 20:02:57,751 [INFO] IPUIPlugin:80 - create IPUIPlugin
2024-03-05 20:02:57,751 [INFO] PluginManager:220 - loadIPPluginJar : add opamp
2024-03-05 20:02:57,801 [INFO] IPUIPlugin:80 - create IPUIPlugin
2024-03-05 20:02:57,801 [INFO] PluginManager:220 - loadIPPluginJar : add openamp
2024-03-05 20:02:57,840 [INFO] IPUIPlugin:80 - create IPUIPlugin
2024-03-05 20:02:57,840 [INFO] PluginManager:220 - loadIPPluginJar : add pdm2pcm
2024-03-05 20:02:57,853 [INFO] IPUIPlugin:80 - create IPUIPlugin
2024-03-05 20:02:57,855 [INFO] PluginManager:220 - loadIPPluginJar : add plateformsettings
2024-03-05 20:02:57,873 [INFO] IPUIPlugin:80 - create IPUIPlugin
2024-03-05 20:02:57,873 [INFO] PluginManager:220 - loadIPPluginJar : add quadspi
2024-03-05 20:02:57,884 [INFO] IPUIPlugin:80 - create IPUIPlugin
2024-03-05 20:02:57,884 [INFO] PluginManager:220 - loadIPPluginJar : add resmgrutility
2024-03-05 20:02:57,930 [INFO] IPUIPlugin:80 - create IPUIPlugin
2024-03-05 20:02:57,930 [INFO] PluginManager:220 - loadIPPluginJar : add sai
2024-03-05 20:02:57,964 [INFO] IPUIPlugin:80 - create IPUIPlugin
2024-03-05 20:02:57,964 [INFO] PluginManager:220 - loadIPPluginJar : add spi
2024-03-05 20:02:58,026 [INFO] IPUIPlugin:80 - create IPUIPlugin
2024-03-05 20:02:58,026 [INFO] PluginManager:220 - loadIPPluginJar : add stm32_wpan
2024-03-05 20:02:58,047 [INFO] IPUIPlugin:80 - create IPUIPlugin
2024-03-05 20:02:58,047 [INFO] PluginManager:220 - loadIPPluginJar : add tim
2024-03-05 20:02:58,097 [INFO] IPUIPlugin:80 - create IPUIPlugin
2024-03-05 20:02:58,098 [INFO] PluginManager:220 - loadIPPluginJar : add touchsensing
2024-03-05 20:02:58,120 [INFO] IPUIPlugin:80 - create IPUIPlugin
2024-03-05 20:02:58,120 [INFO] PluginManager:220 - loadIPPluginJar : add tracer_emb
2024-03-05 20:02:58,139 [INFO] IPUIPlugin:80 - create IPUIPlugin
2024-03-05 20:02:58,139 [INFO] PluginManager:220 - loadIPPluginJar : add ts
2024-03-05 20:02:58,157 [INFO] IPUIPlugin:80 - create IPUIPlugin
2024-03-05 20:02:58,157 [INFO] PluginManager:220 - loadIPPluginJar : add tsc
2024-03-05 20:02:58,175 [INFO] IPUIPlugin:80 - create IPUIPlugin
2024-03-05 20:02:58,175 [INFO] PluginManager:220 - loadIPPluginJar : add ucpd
2024-03-05 20:02:58,216 [INFO] IPUIPlugin:80 - create IPUIPlugin
2024-03-05 20:02:58,216 [INFO] PluginManager:220 - loadIPPluginJar : add usart
2024-03-05 20:02:58,254 [INFO] IPUIPlugin:80 - create IPUIPlugin
2024-03-05 20:02:58,254 [INFO] PluginManager:220 - loadIPPluginJar : add usbx
2024-03-05 20:02:58,385 [INFO] CADModel:165 - CPN selected for project level
2024-03-05 20:02:58,385 [INFO] CADModel:114 - Register for checkConnection events
2024-03-05 20:02:58,385 [FATAL] Updater:308 - Updater called before beeing initialized
2024-03-05 20:02:58,385 [ERROR] CADModel:125 - Updater not yet initialized, retry later 
2024-03-05 20:02:58,541 [INFO] CADModel:165 - CPN selected for project level
2024-03-05 20:02:58,541 [INFO] CADModel:114 - Register for checkConnection events
2024-03-05 20:02:58,541 [FATAL] Updater:308 - Updater called before beeing initialized
2024-03-05 20:02:58,542 [ERROR] CADModel:125 - Updater not yet initialized, retry later 
2024-03-05 20:02:58,545 [FATAL] Updater:308 - Updater called before beeing initialized
2024-03-05 20:02:58,650 [FATAL] Updater:308 - Updater called before beeing initialized
2024-03-05 20:02:58,659 [INFO] DbMcusAds:53 - JSON generation date=Wed Nov 29 05:52:27 EST 2023 (1701255147349)
2024-03-05 20:02:58,659 [FATAL] Updater:308 - Updater called before beeing initialized
2024-03-05 20:02:58,732 [WARN] DetailPanel:346 - Failed to get advertising image, set to default
2024-03-05 20:02:58,816 [FATAL] Updater:308 - Updater called before beeing initialized
2024-03-05 20:02:58,818 [FATAL] Updater:308 - Updater called before beeing initialized
2024-03-05 20:02:58,818 [FATAL] Updater:308 - Updater called before beeing initialized
2024-03-05 20:02:58,818 [WARN] DetailPanel:346 - Failed to get advertising image, set to default
2024-03-05 20:02:58,819 [FATAL] Updater:308 - Updater called before beeing initialized
2024-03-05 20:02:58,861 [INFO] ThirdPartyUpdaterWithRetryManager:70 - Updater plugin not ready yet. [2/15]
2024-03-05 20:02:58,875 [ERROR] Updater:1120 - MainUpdater not yet initialized. External WinMGr cannot be set.
2024-03-05 20:02:58,883 [INFO] Updater:1056 - Updater Version found : 6.10.0
2024-03-05 20:02:58,901 [INFO] ApplicationProperties:184 - Using Application install path: C:\ST\STM32CubeIDE_1.13.1\STM32CubeIDE\plugins\com.st.stm32cube.common.mx_6.10.0.202311202037
2024-03-05 20:02:59,432 [INFO] MainUpdater:2873 - connection check result : 10
2024-03-05 20:02:59,433 [INFO] MainUpdater:290 - Updater Check For Update Now.
2024-03-05 20:02:59,433 [INFO] MicroXplorer:498 - Change Database Version : DB.6.0.100
2024-03-05 20:02:59,451 [INFO] McuFinderGlobals:63 - Set McuFinder mode to 2 (CubeIDE integrated)
2024-03-05 20:02:59,468 [INFO] UserAuth:404 - Internet connection configuration mode: 1
2024-03-05 20:02:59,504 [INFO] JxBrowserEngine:152 - Initiate JxBrowser Engine with user profile folder
2024-03-05 20:02:59,698 [INFO] CheckServerUpdateThread:120 - End of CheckServer Thread
2024-03-05 20:03:02,046 [WARN] PackLoader:240 - Cannot read IP mode file for STMicroelectronics.X-CUBE-SMBUS.2.1.0
2024-03-05 20:03:02,061 [WARN] PackLoader:240 - Cannot read IP mode file for STMicroelectronics.X-CUBE-TOUCHGFX.4.23.0
2024-03-05 20:03:02,099 [WARN] PackLoader:240 - Cannot read IP mode file for STMicroelectronics.X-CUBE-AZRTOS-F7.1.1.0
2024-03-05 20:03:02,115 [WARN] PackLoader:240 - Cannot read IP mode file for STMicroelectronics.FP-SNS-MOTENV1.4.3.2
2024-03-05 20:03:02,128 [WARN] PackLoader:240 - Cannot read IP mode file for STMicroelectronics.FP-SNS-FLIGHT1.5.0.1
2024-03-05 20:03:02,141 [WARN] PackLoader:240 - Cannot read IP mode file for STMicroelectronics.X-CUBE-BLE1.6.2.4
2024-03-05 20:03:02,151 [WARN] PackLoader:240 - Cannot read IP mode file for STMicroelectronics.FP-SNS-FLIGHT1.5.0.2
2024-03-05 20:03:02,165 [WARN] PackLoader:240 - Cannot read IP mode file for STMicroelectronics.X-CUBE-DISPLAY.3.0.0
2024-03-05 20:03:02,177 [WARN] PackLoader:240 - Cannot read IP mode file for STMicroelectronics.X-CUBE-BLE1.7.0.0
2024-03-05 20:03:02,189 [WARN] PackLoader:240 - Cannot read IP mode file for emotas.I-CUBE-CANOPEN.1.3.0
2024-03-05 20:03:02,198 [WARN] PackLoader:240 - Cannot read IP mode file for STMicroelectronics.X-CUBE-TOUCHGFX.4.22.0
2024-03-05 20:03:02,209 [WARN] PackLoader:240 - Cannot read IP mode file for STMicroelectronics.X-CUBE-TOUCHGFX.4.22.1
2024-03-05 20:03:02,224 [WARN] PackLoader:240 - Cannot read IP mode file for STMicroelectronics.X-CUBE-BLEMGR.3.1.0
2024-03-05 20:03:02,236 [WARN] PackLoader:240 - Cannot read IP mode file for STMicroelectronics.FP-SNS-SMARTAG2.1.2.0
2024-03-05 20:03:02,254 [INFO] LogOutputStream:77 - [STDOUT_REDIRECT] 1 : Invalid condition id : UX_CORESTACK_Condition cause : null
2024-03-05 20:03:02,254 [INFO] LogOutputStream:77 - [STDOUT_REDIRECT] 1 : Invalid condition id : UX_CORESTACK_Condition cause : null
2024-03-05 20:03:02,255 [INFO] LogOutputStream:77 - [STDOUT_REDIRECT] 1 : Invalid condition id : UX_CORESTACK_Condition cause : null
2024-03-05 20:03:02,256 [INFO] LogOutputStream:77 - [STDOUT_REDIRECT] 1 : Invalid condition id : UX_CORESTACK_Condition cause : null
2024-03-05 20:03:02,257 [INFO] LogOutputStream:77 - [STDOUT_REDIRECT] 1 : Invalid condition id : UX_CORESTACK_Condition cause : null
2024-03-05 20:03:02,260 [WARN] PackLoader:240 - Cannot read IP mode file for STMicroelectronics.X-CUBE-AZRTOS-WL.2.0.0
2024-03-05 20:03:02,275 [WARN] PackLoader:240 - Cannot read IP mode file for WES.I-CUBE-Cesium.1.3.0
2024-03-05 20:03:02,286 [WARN] PackLoader:240 - Cannot read IP mode file for STMicroelectronics.X-CUBE-BLE2.3.3.0
2024-03-05 20:03:02,300 [WARN] PackLoader:240 - Cannot read IP mode file for STMicroelectronics.X-CUBE-ALGOBUILD.1.3.0
2024-03-05 20:03:02,340 [WARN] PackLoader:240 - Cannot read IP mode file for STMicroelectronics.X-CUBE-AZRTOS-G0.1.1.0
2024-03-05 20:03:02,361 [WARN] PackLoader:240 - Cannot read IP mode file for STMicroelectronics.X-CUBE-NFC4.3.0.0
2024-03-05 20:03:02,375 [WARN] PackLoader:240 - Cannot read IP mode file for STMicroelectronics.X-CUBE-BLEMGR.3.0.0
2024-03-05 20:03:02,388 [WARN] PackLoader:240 - Cannot read IP mode file for STMicroelectronics.FP-ATR-SIGFOX1.3.2.0
2024-03-05 20:03:02,400 [WARN] PackLoader:240 - Cannot read IP mode file for STMicroelectronics.X-CUBE-EEPRMA1.5.1.0
2024-03-05 20:03:02,627 [WARN] PackLoader:240 - Cannot read IP mode file for SEGGER.I-CUBE-embOS.1.3.1
2024-03-05 20:03:02,684 [WARN] PackLoader:240 - Cannot read IP mode file for STMicroelectronics.X-CUBE-GNSS1.6.0.0
2024-03-05 20:03:02,718 [WARN] PackLoader:240 - Cannot read IP mode file for STMicroelectronics.X-CUBE-AZRTOS-F4.1.1.0
2024-03-05 20:03:02,748 [WARN] PackLoader:240 - Cannot read IP mode file for wolfSSL.I-CUBE-wolfSSL.5.6.3
2024-03-05 20:03:02,880 [WARN] PackLoader:240 - Cannot read IP mode file for STMicroelectronics.X-CUBE-AZRTOS-L5.2.0.0
2024-03-05 20:03:02,957 [WARN] PackLoader:240 - Cannot read IP mode file for STMicroelectronics.X-CUBE-MEMS1.9.6.0
2024-03-05 20:03:03,123 [WARN] PackLoader:240 - Cannot read IP mode file for STMicroelectronics.X-CUBE-EEPRMA1.4.2.0
2024-03-05 20:03:03,142 [WARN] PackLoader:240 - Cannot read IP mode file for ITTIA_DB.I-CUBE-ITTIADB.8.8.0
2024-03-05 20:03:03,162 [WARN] PackLoader:240 - Cannot read IP mode file for STMicroelectronics.X-CUBE-BLEMGR.2.0.0
2024-03-05 20:03:03,196 [WARN] ConditionMgr:438 - getConditionDescription Invalid condition id : UX DEVICE CLASS RTOS Condition cause : null
2024-03-05 20:03:03,196 [WARN] ConditionMgr:438 - getConditionDescription Invalid condition id : UX DEVICE CLASS RTOS Condition cause : null
2024-03-05 20:03:03,199 [WARN] PackLoader:240 - Cannot read IP mode file for STMicroelectronics.X-CUBE-AZRTOS-H7.3.1.0
2024-03-05 20:03:03,200 [WARN] ConditionMgr:1039 - genDependencies : Invalid condition id : UX DEVICE CLASS RTOS Condition cause : null
2024-03-05 20:03:03,200 [WARN] ConditionMgr:1039 - genDependencies : Invalid condition id : UX DEVICE CLASS RTOS Condition cause : null
2024-03-05 20:03:03,200 [WARN] ConditionMgr:1039 - genDependencies : Invalid condition id : UX DEVICE CLASS RTOS Condition cause : null
2024-03-05 20:03:03,201 [WARN] ConditionMgr:1039 - genDependencies : Invalid condition id : UX DEVICE CLASS RTOS Condition cause : null
2024-03-05 20:03:03,201 [WARN] ConditionMgr:1039 - genDependencies : Invalid condition id : UX DEVICE CLASS RTOS Condition cause : null
2024-03-05 20:03:03,215 [WARN] PackLoader:240 - Cannot read IP mode file for STMicroelectronics.X-CUBE-NFC7.1.0.1
2024-03-05 20:03:03,229 [WARN] PackLoader:240 - Cannot read IP mode file for STMicroelectronics.X-CUBE-NFC6.3.0.0
2024-03-05 20:03:03,241 [WARN] PackLoader:240 - Cannot read IP mode file for STMicroelectronics.X-CUBE-EEPRMA1.4.1.0
2024-03-05 20:03:03,254 [WARN] PackLoader:240 - Cannot read IP mode file for STMicroelectronics.X-CUBE-AI.8.1.0
2024-03-05 20:03:03,284 [INFO] WebApp:161 - Instantiating new browser for Auth
2024-03-05 20:03:03,285 [WARN] ConditionMgr:438 - getConditionDescription Invalid condition id : LAN8742 Phy interface Condition cause : null
2024-03-05 20:03:03,286 [WARN] PackLoader:240 - Cannot read IP mode file for STMicroelectronics.X-CUBE-AZRTOS-L4.2.0.0
2024-03-05 20:03:03,287 [WARN] ConditionMgr:1039 - genDependencies : Invalid condition id : LAN8742 Phy interface Condition cause : null
2024-03-05 20:03:03,288 [WARN] ConditionMgr:1039 - genDependencies : Invalid condition id : LAN8742 Phy interface Condition cause : null
2024-03-05 20:03:03,288 [WARN] ConditionMgr:1039 - genDependencies : Invalid condition id : LAN8742 Phy interface Condition cause : null
2024-03-05 20:03:03,329 [WARN] PackLoader:240 - Cannot read IP mode file for STMicroelectronics.X-CUBE-SFXS2LP1.4.0.0
2024-03-05 20:03:03,357 [WARN] PackLoader:240 - Cannot read IP mode file for STMicroelectronics.X-CUBE-ISPU.1.1.0
2024-03-05 20:03:03,419 [WARN] ConditionMgr:438 - getConditionDescription Invalid condition id : UX DEVICE CLASS RTOS Condition cause : null
2024-03-05 20:03:03,419 [WARN] ConditionMgr:438 - getConditionDescription Invalid condition id : UX DEVICE CLASS RTOS Condition cause : null
2024-03-05 20:03:03,426 [WARN] PackLoader:240 - Cannot read IP mode file for STMicroelectronics.X-CUBE-AZRTOS-WB.2.0.0
2024-03-05 20:03:03,427 [WARN] ConditionMgr:1039 - genDependencies : Invalid condition id : UX DEVICE CLASS RTOS Condition cause : null
2024-03-05 20:03:03,427 [WARN] ConditionMgr:1039 - genDependencies : Invalid condition id : UX DEVICE CLASS RTOS Condition cause : null
2024-03-05 20:03:03,428 [WARN] ConditionMgr:1039 - genDependencies : Invalid condition id : UX DEVICE CLASS RTOS Condition cause : null
2024-03-05 20:03:03,428 [WARN] ConditionMgr:1039 - genDependencies : Invalid condition id : UX DEVICE CLASS RTOS Condition cause : null
2024-03-05 20:03:03,428 [WARN] ConditionMgr:1039 - genDependencies : Invalid condition id : UX DEVICE CLASS RTOS Condition cause : null
2024-03-05 20:03:03,450 [WARN] PackLoader:240 - Cannot read IP mode file for STMicroelectronics.X-CUBE-FREERTOS.1.0.1
2024-03-05 20:03:03,548 [WARN] PackLoader:240 - Cannot read IP mode file for STMicroelectronics.X-CUBE-AZRTOS-L5.1.1.0
2024-03-05 20:03:03,578 [WARN] PackLoader:240 - Cannot read IP mode file for STMicroelectronics.X-CUBE-AI.8.0.1
2024-03-05 20:03:03,657 [WARN] PackLoader:240 - Cannot read IP mode file for STMicroelectronics.X-CUBE-SUBG2.5.0.0
2024-03-05 20:03:03,704 [WARN] PackLoader:240 - Cannot read IP mode file for STMicroelectronics.X-CUBE-TOF1.3.3.1
2024-03-05 20:03:03,763 [WARN] PackLoader:240 - Cannot read IP mode file for STMicroelectronics.X-CUBE-AZRTOS-G4.2.0.0
2024-03-05 20:03:03,786 [WARN] PackLoader:240 - Cannot read IP mode file for STMicroelectronics.X-CUBE-TOF1.3.3.0
2024-03-05 20:03:03,809 [WARN] PackLoader:240 - Cannot read IP mode file for Infineon.AIROC-Wi-Fi-Bluetooth-STM32.1.5.1
2024-03-05 20:03:03,823 [WARN] PackLoader:240 - Cannot read IP mode file for STMicroelectronics.FP-SNS-MOTENVWB1.1.3.1
2024-03-05 20:03:03,835 [WARN] PackLoader:240 - Cannot read IP mode file for STMicroelectronics.X-CUBE-ISPU.2.0.0
2024-03-05 20:03:03,875 [WARN] PackLoader:240 - Cannot read IP mode file for STMicroelectronics.X-CUBE-MEMS1.10.0.0
2024-03-05 20:03:03,992 [WARN] PackLoader:240 - Cannot read IP mode file for STMicroelectronics.X-CUBE-FREERTOS.1.1.0
2024-03-05 20:03:04,006 [WARN] PackLoader:240 - Cannot read IP mode file for portGmbH.I-Cube-SoM-uGOAL.1.1.0
2024-03-05 20:03:04,016 [WARN] PackLoader:240 - Cannot read IP mode file for STMicroelectronics.X-CUBE-ALS.1.0.1
2024-03-05 20:03:04,037 [WARN] PackLoader:240 - Cannot read IP mode file for STMicroelectronics.X-CUBE-AZRTOS-WB.1.1.0
2024-03-05 20:03:04,048 [WARN] PackLoader:240 - Cannot read IP mode file for STMicroelectronics.FP-ATR-ASTRA1.2.0.0
2024-03-05 20:03:04,064 [WARN] PackLoader:240 - Cannot read IP mode file for STMicroelectronics.X-CUBE-TOF1.3.4.0
2024-03-05 20:03:04,105 [WARN] PackLoader:240 - Cannot read IP mode file for STMicroelectronics.X-CUBE-AZRTOS-H7.3.2.0
2024-03-05 20:03:04,117 [INFO] ThirdParty:978 - Integrity check success = true
2024-03-05 20:03:04,117 [INFO] IntegrityCheckThread:100 - exiting critical section [integrity check]
2024-03-05 20:03:04,118 [INFO] IntegrityCheckThread:103 - End integrity checks thread
2024-03-05 20:03:04,411 [INFO] WebApp:780 - Register for checkConnection events
2024-03-05 20:03:04,411 [INFO] WebApp:414 - Apply proxy settings
2024-03-05 20:03:04,411 [INFO] WebApp:499 - Chromium requires no authentication
2024-03-05 20:03:04,419 [INFO] WebApp:442 - Direct internet connection detected
2024-03-05 20:03:04,610 [INFO] WebApp:192 - Starting web application
2024-03-05 20:03:04,610 [INFO] WebApp:544 - Web application path used C:\ST\STM32CubeIDE_1.13.1\STM32CubeIDE\plugins\com.st.stm32cube.common.mx_6.10.0.202311202037\db\plugins\mcufinder\reactClient1\index.html
2024-03-05 20:03:25,562 [ERROR] LogOutputStream:75 - [STDERR_REDIRECT] SLF4J: Failed to load class "org.slf4j.impl.StaticLoggerBinder".
2024-03-05 20:03:25,562 [ERROR] LogOutputStream:75 - [STDERR_REDIRECT] SLF4J: Defaulting to no-operation (NOP) logger implementation
2024-03-05 20:03:25,563 [ERROR] LogOutputStream:75 - [STDERR_REDIRECT] SLF4J: See http://www.slf4j.org/codes.html#StaticLoggerBinder for further details.
2024-03-05 22:30:30,184 [INFO] McuFinderGlobals:63 - Set McuFinder mode to 2 (CubeIDE integrated)
2024-03-05 22:30:30,213 [INFO] MainUpdater:2873 - connection check result : 10
2024-03-05 22:30:30,219 [INFO] MainUpdater:2873 - connection check result : 10
2024-03-05 22:30:30,435 [INFO] MicroXplorer:468 - Change Database Path : 
2024-03-05 22:30:30,435 [INFO] MicroXplorer:498 - Change Database Version : DB.6.0.100
2024-03-05 22:30:30,444 [WARN] ThirdParty:871 - waiting for thirdparty lock release [close project]
2024-03-05 22:30:30,444 [INFO] ThirdParty:873 - entering critical section [close project]
2024-03-05 22:30:30,467 [INFO] ThirdParty:883 - exiting critical section [close project]
2024-03-05 22:30:30,470 [INFO] PinOutPanel:1499 - setPackage(No Configuration,No Configuration)
2024-03-05 22:30:30,473 [INFO] UtilMem:75 - Begin LoadConfig() Used Memory: 851580640 Bytes (1073741824)
2024-03-05 22:30:30,479 [INFO] OpenFileManager:312 - Change cursor
2024-03-05 22:30:30,521 [INFO] Mcu:2016 - Initializing MCU STM32F446R(C-E)Tx STM32F446RETx STM32F446RET6
2024-03-05 22:30:32,298 [INFO] Context:659 - Trying to add GPIOservice into a context  which must be forbidden
2024-03-05 22:30:32,949 [INFO] RtosManager:555 - Registered RTOS mode: class=CMSIS, group=RTOS, mode=CMSIS_V1, owner=FREERTOS
2024-03-05 22:30:32,949 [INFO] RtosManager:555 - Registered RTOS mode: class=CMSIS, group=RTOS2, mode=CMSIS_V2, owner=FREERTOS
2024-03-05 22:30:32,949 [INFO] RtosManager:555 - Registered RTOS mode: class=RTOS, group=Core, mode=CMSIS_V1, owner=FREERTOS
2024-03-05 22:30:32,950 [INFO] RtosManager:555 - Registered RTOS mode: class=RTOS, group=Core, mode=CMSIS_V2, owner=FREERTOS
2024-03-05 22:30:32,950 [WARN] ModelIntegratedComponent:184 - Missing modes for component STMicroelectronics:FreeRTOS:0.0.1:STMicroelectronics:RTOS:FreeRTOS:Core:::10.2.0:
2024-03-05 22:30:32,961 [WARN] ModelIntegratedComponent:63 - No mode defined for component null
2024-03-05 22:30:32,961 [WARN] ModelIntegratedComponent:63 - No mode defined for component null
2024-03-05 22:30:32,961 [WARN] ModelIntegratedComponent:63 - No mode defined for component null
2024-03-05 22:30:32,961 [WARN] ModelIntegratedComponent:63 - No mode defined for component null
2024-03-05 22:30:32,961 [WARN] ModelIntegratedComponent:63 - No mode defined for component null
2024-03-05 22:30:32,961 [WARN] ModelIntegratedComponent:63 - No mode defined for component null
2024-03-05 22:30:32,961 [WARN] ModelIntegratedComponent:63 - No mode defined for component null
2024-03-05 22:30:32,961 [WARN] ModelIntegratedComponent:63 - No mode defined for component null
2024-03-05 22:30:32,961 [WARN] ModelIntegratedComponent:63 - No mode defined for component null
2024-03-05 22:30:32,961 [WARN] ModelIntegratedComponent:63 - No mode defined for component null
2024-03-05 22:30:32,961 [WARN] ModelIntegratedComponent:63 - No mode defined for component null
2024-03-05 22:30:32,961 [WARN] ModelIntegratedComponent:63 - No mode defined for component null
2024-03-05 22:30:32,961 [WARN] ModelIntegratedComponent:63 - No mode defined for component null
2024-03-05 22:30:32,961 [WARN] ModelIntegratedComponent:63 - No mode defined for component null
2024-03-05 22:30:32,962 [WARN] ModelIntegratedComponent:63 - No mode defined for component null
2024-03-05 22:30:32,962 [WARN] ModelIntegratedComponent:63 - No mode defined for component null
2024-03-05 22:30:32,962 [WARN] ModelIntegratedComponent:63 - No mode defined for component null
2024-03-05 22:30:32,962 [WARN] ModelIntegratedComponent:63 - No mode defined for component null
2024-03-05 22:30:32,962 [WARN] ModelIntegratedComponent:63 - No mode defined for component null
2024-03-05 22:30:32,962 [WARN] ModelIntegratedComponent:63 - No mode defined for component null
2024-03-05 22:30:32,962 [WARN] ModelIntegratedComponent:63 - No mode defined for component null
2024-03-05 22:30:32,962 [WARN] ModelIntegratedComponent:63 - No mode defined for component null
2024-03-05 22:30:32,962 [WARN] ModelIntegratedComponent:63 - No mode defined for component null
2024-03-05 22:30:32,962 [WARN] ModelIntegratedComponent:63 - No mode defined for component null
2024-03-05 22:30:32,962 [WARN] ModelIntegratedComponent:63 - No mode defined for component null
2024-03-05 22:30:32,962 [WARN] ModelIntegratedComponent:63 - No mode defined for component null
2024-03-05 22:30:32,962 [WARN] ModelIntegratedComponent:63 - No mode defined for component null
2024-03-05 22:30:32,962 [WARN] ModelIntegratedComponent:63 - No mode defined for component null
2024-03-05 22:30:32,962 [WARN] ModelIntegratedComponent:63 - No mode defined for component null
2024-03-05 22:30:32,962 [WARN] ModelIntegratedComponent:63 - No mode defined for component null
2024-03-05 22:30:32,962 [WARN] ModelIntegratedComponent:63 - No mode defined for component null
2024-03-05 22:30:32,962 [WARN] ModelIntegratedComponent:63 - No mode defined for component null
2024-03-05 22:30:32,962 [WARN] ModelIntegratedComponent:63 - No mode defined for component null
2024-03-05 22:30:33,057 [INFO] ThirdPartyModel:298 - Start build external matchings
2024-03-05 22:30:33,692 [INFO] ThirdPartyModel:316 - End build external matchings
2024-03-05 22:30:33,709 [INFO] RtosManager:919 - Current active RTOS is FREERTOS [Cortex-M4NS]
2024-03-05 22:30:33,723 [INFO] ImportTextPane:194 - (OptionalMessage_ERROR) IP (ADC1) : Parameter (ContinuousConvMode) has invalid value (DISABLE)
2024-03-05 22:30:33,724 [INFO] ImportTextPane:194 - (OptionalMessage_ERROR) IP (DMA) : Parameter (Instance) has Id (I2C1_RX) currently not set
2024-03-05 22:30:33,724 [INFO] ImportTextPane:194 - (OptionalMessage_ERROR) IP (DMA) : Parameter (Channel) has Id (I2C1_RX) currently not set
2024-03-05 22:30:33,724 [INFO] ImportTextPane:194 - (OptionalMessage_ERROR) IP (DMA) : Parameter (Direction) has Id (I2C1_RX) currently not set
2024-03-05 22:30:33,724 [INFO] ImportTextPane:194 - (OptionalMessage_ERROR) IP (DMA) : Parameter (PeriphInc) has Id (I2C1_RX) currently not set
2024-03-05 22:30:33,724 [INFO] ImportTextPane:194 - (OptionalMessage_ERROR) IP (DMA) : Parameter (MemInc) has Id (I2C1_RX) currently not set
2024-03-05 22:30:33,725 [INFO] ImportTextPane:194 - (OptionalMessage_ERROR) IP (DMA) : Parameter (PeriphDataAlignment) has Id (I2C1_RX) currently not set
2024-03-05 22:30:33,725 [INFO] ImportTextPane:194 - (OptionalMessage_ERROR) IP (DMA) : Parameter (MemDataAlignment) has Id (I2C1_RX) currently not set
2024-03-05 22:30:33,725 [INFO] ImportTextPane:194 - (OptionalMessage_ERROR) IP (DMA) : Parameter (Mode) has Id (I2C1_RX) currently not set
2024-03-05 22:30:33,725 [INFO] ImportTextPane:194 - (OptionalMessage_ERROR) IP (DMA) : Parameter (Priority) has Id (I2C1_RX) currently not set
2024-03-05 22:30:33,725 [INFO] ImportTextPane:194 - (OptionalMessage_ERROR) IP (DMA) : Parameter (FIFOMode) has Id (I2C1_RX) currently not set
2024-03-05 22:30:33,725 [INFO] ImportTextPane:194 - (OptionalMessage_ERROR) IP (DMA) : Parameter (Instance) has Id (I2C1_TX) currently not set
2024-03-05 22:30:33,725 [INFO] ImportTextPane:194 - (OptionalMessage_ERROR) IP (DMA) : Parameter (Channel) has Id (I2C1_TX) currently not set
2024-03-05 22:30:33,725 [INFO] ImportTextPane:194 - (OptionalMessage_ERROR) IP (DMA) : Parameter (Direction) has Id (I2C1_TX) currently not set
2024-03-05 22:30:33,725 [INFO] ImportTextPane:194 - (OptionalMessage_ERROR) IP (DMA) : Parameter (PeriphInc) has Id (I2C1_TX) currently not set
2024-03-05 22:30:33,725 [INFO] ImportTextPane:194 - (OptionalMessage_ERROR) IP (DMA) : Parameter (MemInc) has Id (I2C1_TX) currently not set
2024-03-05 22:30:33,726 [INFO] ImportTextPane:194 - (OptionalMessage_ERROR) IP (DMA) : Parameter (PeriphDataAlignment) has Id (I2C1_TX) currently not set
2024-03-05 22:30:33,726 [INFO] ImportTextPane:194 - (OptionalMessage_ERROR) IP (DMA) : Parameter (MemDataAlignment) has Id (I2C1_TX) currently not set
2024-03-05 22:30:33,726 [INFO] ImportTextPane:194 - (OptionalMessage_ERROR) IP (DMA) : Parameter (Mode) has Id (I2C1_TX) currently not set
2024-03-05 22:30:33,726 [INFO] ImportTextPane:194 - (OptionalMessage_ERROR) IP (DMA) : Parameter (Priority) has Id (I2C1_TX) currently not set
2024-03-05 22:30:33,726 [INFO] ImportTextPane:194 - (OptionalMessage_ERROR) IP (DMA) : Parameter (FIFOMode) has Id (I2C1_TX) currently not set
2024-03-05 22:30:33,726 [INFO] ImportTextPane:194 - (OptionalMessage_ERROR) IP (DMA) : Parameter (Instance) has Id (ADC1) currently not set
2024-03-05 22:30:33,726 [INFO] ImportTextPane:194 - (OptionalMessage_ERROR) IP (DMA) : Parameter (Channel) has Id (ADC1) currently not set
2024-03-05 22:30:33,726 [INFO] ImportTextPane:194 - (OptionalMessage_ERROR) IP (DMA) : Parameter (Direction) has Id (ADC1) currently not set
2024-03-05 22:30:33,726 [INFO] ImportTextPane:194 - (OptionalMessage_ERROR) IP (DMA) : Parameter (PeriphInc) has Id (ADC1) currently not set
2024-03-05 22:30:33,726 [INFO] ImportTextPane:194 - (OptionalMessage_ERROR) IP (DMA) : Parameter (MemInc) has Id (ADC1) currently not set
2024-03-05 22:30:33,726 [INFO] ImportTextPane:194 - (OptionalMessage_ERROR) IP (DMA) : Parameter (PeriphDataAlignment) has Id (ADC1) currently not set
2024-03-05 22:30:33,726 [INFO] ImportTextPane:194 - (OptionalMessage_ERROR) IP (DMA) : Parameter (MemDataAlignment) has Id (ADC1) currently not set
2024-03-05 22:30:33,726 [INFO] ImportTextPane:194 - (OptionalMessage_ERROR) IP (DMA) : Parameter (Mode) has Id (ADC1) currently not set
2024-03-05 22:30:33,726 [INFO] ImportTextPane:194 - (OptionalMessage_ERROR) IP (DMA) : Parameter (Priority) has Id (ADC1) currently not set
2024-03-05 22:30:33,726 [INFO] ImportTextPane:194 - (OptionalMessage_ERROR) IP (DMA) : Parameter (FIFOMode) has Id (ADC1) currently not set
2024-03-05 22:30:33,726 [INFO] ImportTextPane:194 - (OptionalMessage_ERROR) IP (DMA) : Parameter (Instance) has Id (USART3_RX) currently not set
2024-03-05 22:30:33,727 [INFO] ImportTextPane:194 - (OptionalMessage_ERROR) IP (DMA) : Parameter (Channel) has Id (USART3_RX) currently not set
2024-03-05 22:30:33,727 [INFO] ImportTextPane:194 - (OptionalMessage_ERROR) IP (DMA) : Parameter (Direction) has Id (USART3_RX) currently not set
2024-03-05 22:30:33,727 [INFO] ImportTextPane:194 - (OptionalMessage_ERROR) IP (DMA) : Parameter (PeriphInc) has Id (USART3_RX) currently not set
2024-03-05 22:30:33,727 [INFO] ImportTextPane:194 - (OptionalMessage_ERROR) IP (DMA) : Parameter (MemInc) has Id (USART3_RX) currently not set
2024-03-05 22:30:33,727 [INFO] ImportTextPane:194 - (OptionalMessage_ERROR) IP (DMA) : Parameter (PeriphDataAlignment) has Id (USART3_RX) currently not set
2024-03-05 22:30:33,727 [INFO] ImportTextPane:194 - (OptionalMessage_ERROR) IP (DMA) : Parameter (MemDataAlignment) has Id (USART3_RX) currently not set
2024-03-05 22:30:33,727 [INFO] ImportTextPane:194 - (OptionalMessage_ERROR) IP (DMA) : Parameter (Mode) has Id (USART3_RX) currently not set
2024-03-05 22:30:33,727 [INFO] ImportTextPane:194 - (OptionalMessage_ERROR) IP (DMA) : Parameter (Priority) has Id (USART3_RX) currently not set
2024-03-05 22:30:33,727 [INFO] ImportTextPane:194 - (OptionalMessage_ERROR) IP (DMA) : Parameter (FIFOMode) has Id (USART3_RX) currently not set
2024-03-05 22:30:33,727 [INFO] ImportTextPane:194 - (OptionalMessage_ERROR) IP (DMA) : Parameter (Instance) has Id (USART3_TX) currently not set
2024-03-05 22:30:33,727 [INFO] ImportTextPane:194 - (OptionalMessage_ERROR) IP (DMA) : Parameter (Channel) has Id (USART3_TX) currently not set
2024-03-05 22:30:33,727 [INFO] ImportTextPane:194 - (OptionalMessage_ERROR) IP (DMA) : Parameter (Direction) has Id (USART3_TX) currently not set
2024-03-05 22:30:33,727 [INFO] ImportTextPane:194 - (OptionalMessage_ERROR) IP (DMA) : Parameter (PeriphInc) has Id (USART3_TX) currently not set
2024-03-05 22:30:33,727 [INFO] ImportTextPane:194 - (OptionalMessage_ERROR) IP (DMA) : Parameter (MemInc) has Id (USART3_TX) currently not set
2024-03-05 22:30:33,727 [INFO] ImportTextPane:194 - (OptionalMessage_ERROR) IP (DMA) : Parameter (PeriphDataAlignment) has Id (USART3_TX) currently not set
2024-03-05 22:30:33,727 [INFO] ImportTextPane:194 - (OptionalMessage_ERROR) IP (DMA) : Parameter (MemDataAlignment) has Id (USART3_TX) currently not set
2024-03-05 22:30:33,728 [INFO] ImportTextPane:194 - (OptionalMessage_ERROR) IP (DMA) : Parameter (Mode) has Id (USART3_TX) currently not set
2024-03-05 22:30:33,728 [INFO] ImportTextPane:194 - (OptionalMessage_ERROR) IP (DMA) : Parameter (Priority) has Id (USART3_TX) currently not set
2024-03-05 22:30:33,728 [INFO] ImportTextPane:194 - (OptionalMessage_ERROR) IP (DMA) : Parameter (FIFOMode) has Id (USART3_TX) currently not set
2024-03-05 22:30:33,736 [WARN] IP:2119 - I2C_Coeff_DF not found: check if there is a RefParameter without a condition.
2024-03-05 22:30:33,736 [WARN] IP:2119 - Analog_Filter not found: check if there is a RefParameter without a condition.
2024-03-05 22:30:33,737 [INFO] ImportTextPane:194 - (OptionalMessage_ERROR) IP (RCC) : Invalid parameter (48MHZClocksFreq_Value)
2024-03-05 22:30:33,737 [INFO] ImportTextPane:194 - (OptionalMessage_ERROR) IP (RCC) : Invalid parameter (EthernetFreq_Value)
2024-03-05 22:30:33,739 [INFO] ImportTextPane:194 - (OptionalMessage_ERROR) IP (RCC) : Parameter (FLatency) has Id (AdvancedSettings) currently not set
2024-03-05 22:30:33,739 [INFO] ImportTextPane:194 - (OptionalMessage_ERROR) IP (RCC) : Invalid parameter (FamilyName)
2024-03-05 22:30:33,739 [INFO] ImportTextPane:194 - (OptionalMessage_ERROR) IP (RCC) : Invalid parameter (I2SClocksFreq_Value)
2024-03-05 22:30:33,739 [INFO] ImportTextPane:194 - (OptionalMessage_ERROR) IP (RCC) : Parameter (MCO2PinFreq_Value) has invalid value (168000000)
2024-03-05 22:30:33,741 [INFO] ImportTextPane:194 - (OptionalMessage_ERROR) IP (RCC) : Invalid parameter (VCOInputMFreq_Value)
2024-03-05 22:30:33,741 [INFO] ImportTextPane:194 - (OptionalMessage_ERROR) IP (RCC) : Invalid parameter (VcooutputI2S)
2024-03-05 22:30:34,001 [INFO] UtilMem:75 - End LoadConfig() Used Memory: 792192776 Bytes (1073741824)
2024-03-05 22:30:34,263 [INFO] ApiDb:581 - Connected to CubeFinder SQLite database (C:\Users\bozo2\.stmcufinder\plugins\mcufinder\mcu\cube-finder-db.db)
2024-03-05 22:30:34,366 [INFO] ApiDb:668 - CubeFinder database Data Model version=2.1
2024-03-05 22:30:34,366 [INFO] ApiDb:669 - CubeFinder database Configuration version=3.0.39
2024-03-05 22:30:34,367 [INFO] ApiDb:670 - CubeFinder database generation date=2024-01-11 (1704964531)
2024-03-05 22:30:34,367 [INFO] ApiDb:671 - CubeFinder database FW Pack versions=[FP-ATR-ASTRA1_V2.0.0, FP-SNS-FLIGHT1_V5.0.1, FP-SNS-FLIGHT1_V5.0.2, FP-SNS-MOTENV1_V4.3.1, FP-SNS-MOTENV1_V4.3.2, FP-SNS-MOTENVWB1_V1.3.1, FP-SNS-SMARTAG2_V1.2.0, STM32Cube_FW_C0_V1.1.0, STM32Cube_FW_F4_V1.28.0, STM32Cube_FW_F7_V1.17.0, STM32Cube_FW_G0_V1.6.2, STM32Cube_FW_G4_V1.5.2, STM32Cube_FW_H5_V0.5.1, STM32Cube_FW_H5_V1.1.1, STM32Cube_FW_H5_V1.2.0RC2, STM32Cube_FW_H7_V1.11.0, STM32Cube_FW_L0_V1.12.2, STM32Cube_FW_L5_V1.5.0, STM32Cube_FW_U5_V1.3.0RC4, STM32Cube_FW_U5_V1.4.0, STM32Cube_FW_WBA_V1.0.0RC1, STM32Cube_FW_WBA_V1.1.0RC1, STM32Cube_FW_WBA_V1.2.0, STM32Cube_FW_WBA_V1.2.0RC2, STM32Cube_FW_WB_V1.15.0RC1, STM32Cube_FW_WB_V1.16.0, STM32Cube_FW_WB_V1.16.0RC2, STM32Cube_FW_WB_V1.18.0, STM32Cube_FW_WL_V1.3.0, X-CUBE-ALGOBUILD_V1.3.0, X-CUBE-ALS_V1.0.1, X-CUBE-AZRTOS-F4_V1.1.0, X-CUBE-AZRTOS-F7_V1.1.0, X-CUBE-AZRTOS-G0_V1.1.0, X-CUBE-AZRTOS-G4_V2.0.0, X-CUBE-AZRTOS-H7_V3.2.0, X-CUBE-AZRTOS-L4_V1.0.0, X-CUBE-AZRTOS-L4_V2.0.0, X-CUBE-AZRTOS-L5_V1.1.0, X-CUBE-AZRTOS-WB_V2.0.0, X-CUBE-AZRTOS-WL_V2.0.0, X-CUBE-BLE1_V7.0.0, X-CUBE-BLE2_V3.3.0, X-CUBE-BLEMGR_V3.0.0, X-CUBE-EEPRMA1_V4.1.0, X-CUBE-EEPRMA1_V4.2.0, X-CUBE-FREERTOS_V1.1.0, X-CUBE-GNSS1_V6.0.0, X-CUBE-MEMS1_V10.0.0, X-CUBE-MEMS1_V9.1.0, X-CUBE-MEMS1_V9.4.0, X-CUBE-MEMS1_V9.6.0, X-CUBE-NFC4_V3.0.0, X-CUBE-NFC7_V1.0.1, X-CUBE-SFXS2LP1_V4.0.0, X-CUBE-SUBG2_V5.0.0, X-CUBE-TOF1_V3.4.0]
2024-03-05 22:30:37,140 [INFO] ApiDb:240 - Found 371 in-development CPN: [B-G473E-ZEST1S, B-WB1M-WPAN1, B-WL5M-SUBG1, NUCLEO-C031C6, NUCLEO-H503RB, NUCLEO-H563ZI, NUCLEO-U545RE-Q, NUCLEO-U5A5ZJ-Q, NUCLEO-WBA52CG, NUCLEO-WBA55CG, STEVAL-MKBOXPRO, STEVAL-PROTEUS1, STEVAL-STWINBX1, STM320518-EVAL, STM32C0116-DK, STM32C011D6Y3TR, STM32C011D6Y6TR, STM32C011F4P3, STM32C011F4P6, STM32C011F4U3, STM32C011F4U6TR, STM32C011F6P3, STM32C011F6P6, STM32C011F6U3, STM32C011F6U6TR, STM32C011J4M3, STM32C011J4M6, STM32C011J6M3, STM32C011J6M6, STM32C0316-DK, STM32C031C4T3, STM32C031C4T6, STM32C031C4U3, STM32C031C4U6, STM32C031C6T3, STM32C031C6T6, STM32C031C6U3, STM32C031C6U6, STM32C031F4P3, STM32C031F4P6, STM32C031F6P3, STM32C031F6P6, STM32C031G4U3, STM32C031G4U6, STM32C031G6U3, STM32C031G6U6, STM32C031K4T3, STM32C031K4T6, STM32C031K4U3, STM32C031K4U6, STM32C031K6T3, STM32C031K6T6, STM32C031K6U3, STM32C031K6U6, STM32G071K8TXN, STM32G071K8UXN, STM32G081GBU6N, STM32G081KBT6N, STM32G081KBUXN, STM32G0B1CCT6N, STM32G0B1KCT6, STM32G0B1NEY6TR, STM32G0B1RCT6N, STM32G0C1CCT6, STM32G0C1CCT6N, STM32G0C1CCU6N, STM32G0C1CET6N, STM32G0C1CEU6N, STM32G0C1KCT6, STM32G0C1NEY6TR, STM32G0C1RCI6N, STM32G0C1RCT6N, STM32G0C1REI6N, STM32G0C1RET6N, STM32G0C1VCI6, STM32G0C1VEI6, STM32G471CCT6, STM32G471CCU6, STM32G471CET3, STM32G471CET6, STM32G471CEU3, STM32G471CEU6, STM32G471MCT6, STM32G471MET3, STM32G471MET6, STM32G471MEY6TR, STM32G471QCT6, STM32G471QET3, STM32G471RCT6, STM32G471RET3, STM32G471RET6, STM32G471VCH6, STM32G471VCI6, STM32G471VCT6, STM32G471VEH3, STM32G471VEH6, STM32G471VEI3, STM32G471VEI6, STM32G471VET3, STM32G471VET6, STM32G474CCT6, STM32H503CBT6, STM32H503CBU6, STM32H503EBY6TR, STM32H503KBU6, STM32H503RBT6, STM32H562AGI6, STM32H562AII6, STM32H562IGK6, STM32H562IGT6, STM32H562IIK6, STM32H562IIT6, STM32H562RGT6, STM32H562RGV6, STM32H562RIT6, STM32H562RIV6, STM32H562VGT6, STM32H562VIT6, STM32H562ZGT6, STM32H562ZIT6, STM32H563AGI6, STM32H563AII3Q, STM32H563AII6, STM32H563IGK6, STM32H563IGT6, STM32H563IIK3Q, STM32H563IIK6, STM32H563IIT3Q, STM32H563IIT6, STM32H563MIY3QTR, STM32H563RGT6, STM32H563RGV6, STM32H563RIT6, STM32H563RIV6, STM32H563VGT6, STM32H563VIT3Q, STM32H563VIT6, STM32H563ZGT6, STM32H563ZIT3Q, STM32H563ZIT6, STM32H573AII3Q, STM32H573AII6, STM32H573I-DK, STM32H573IIK3Q, STM32H573IIK6, STM32H573IIT3Q, STM32H573IIT6, STM32H573MIY3QTR, STM32H573RIT6, STM32H573RIV6, STM32H573VIT3Q, STM32H573VIT6, STM32H573ZIT3Q, STM32H573ZIT6, STM32L4R5QGI6STR, STM32MP131AAE3, STM32MP131AAF3, STM32MP131AAG3, STM32MP131CAE3, STM32MP131CAF3, STM32MP131CAG3, STM32MP131DAE7, STM32MP131DAF7, STM32MP131DAG7, STM32MP131FAE7, STM32MP131FAF7, STM32MP131FAG7, STM32MP133AAE3, STM32MP133AAF3, STM32MP133AAG3, STM32MP133CAE3, STM32MP133CAF3, STM32MP133CAG3, STM32MP133DAE7, STM32MP133DAF7, STM32MP133DAG7, STM32MP133FAE7, STM32MP133FAF7, STM32MP133FAG7, STM32MP135AAE3, STM32MP135AAF3, STM32MP135AAG3, STM32MP135CAE3, STM32MP135CAF3, STM32MP135CAG3, STM32MP135DAE7, STM32MP135DAF7, STM32MP135DAG7, STM32MP135F-DK, STM32MP135FAE7, STM32MP135FAF7, STM32MP135FAF7T, STM32MP135FAF7U, STM32MP135FAG7, STM32U535CBT6, STM32U535CBT6Q, STM32U535CBU6, STM32U535CBU6Q, STM32U535CCT6, STM32U535CCT6Q, STM32U535CCU6, STM32U535CCU6Q, STM32U535CET6, STM32U535CET6Q, STM32U535CEU6, STM32U535CEU6Q, STM32U535JEY6QTR, STM32U535NCY6QTR, STM32U535NEY6QTR, STM32U535RBI6, STM32U535RBI6Q, STM32U535RBT6, STM32U535RBT6Q, STM32U535RCI6, STM32U535RCI6Q, STM32U535RCT6, STM32U535RCT6Q, STM32U535REI6, STM32U535REI6Q, STM32U535RET6, STM32U535RET6Q, STM32U535VCI6, STM32U535VCI6Q, STM32U535VCT6, STM32U535VCT6Q, STM32U535VEI6, STM32U535VEI6Q, STM32U535VET6, STM32U535VET6Q, STM32U545CET6, STM32U545CET6Q, STM32U545CEU6, STM32U545CEU6Q, STM32U545JEY6QTR, STM32U545NEY6QTR, STM32U545REI6, STM32U545REI6Q, STM32U545RET6, STM32U545RET6Q, STM32U545VEI6, STM32U545VEI6Q, STM32U545VET6, STM32U545VET6Q, STM32U595AIH6, STM32U595AIH6Q, STM32U595AJH6, STM32U595AJH6Q, STM32U595QII6, STM32U595QII6Q, STM32U595QJI6, STM32U595QJI6Q, STM32U595RIT6, STM32U595RIT6Q, STM32U595RJT6, STM32U595RJT6Q, STM32U595VIT6, STM32U595VIT6Q, STM32U595VJT6, STM32U595VJT6Q, STM32U595ZIT6, STM32U595ZIT6Q, STM32U595ZIY6QTR, STM32U595ZJT6, STM32U595ZJT6Q, STM32U595ZJY6QTR, STM32U599BJY6QTR, STM32U599NIH6Q, STM32U599NJH6Q, STM32U599VIT6Q, STM32U599VJT6, STM32U599VJT6Q, STM32U599ZIT6Q, STM32U599ZIY6QTR, STM32U599ZJT6Q, STM32U599ZJY6QTR, STM32U5A5AJH6, STM32U5A5AJH6Q, STM32U5A5QJI6, STM32U5A5QJI6Q, STM32U5A5RJT6, STM32U5A5RJT6Q, STM32U5A5VJT6, STM32U5A5VJT6Q, STM32U5A5ZJT6, STM32U5A5ZJT6Q, STM32U5A5ZJY6QTR, STM32U5A9BJY6QTR, STM32U5A9J-DK, STM32U5A9NJH6Q, STM32U5A9VJT6Q, STM32U5A9ZJT6Q, STM32U5A9ZJY6QTR, STM32U5F7VIT6, STM32U5F7VIT6Q, STM32U5F7VJT6, STM32U5F7VJT6Q, STM32U5F9BJY6QTR, STM32U5F9NJH6Q, STM32U5F9VIT6Q, STM32U5F9VJT6Q, STM32U5F9ZIJ6QTR, STM32U5F9ZIT6Q, STM32U5F9ZJJ6QTR, STM32U5F9ZJT6Q, STM32U5G7VJT6, STM32U5G7VJT6Q, STM32U5G9BJY6QTR, STM32U5G9J-DK1, STM32U5G9J-DK2, STM32U5G9NJH6Q, STM32U5G9VJT6Q, STM32U5G9ZJJ6QTR, STM32U5G9ZJT6Q, STM32WB1MMCH6, STM32WBA50KEU6, STM32WBA50KEU6TR, STM32WBA50KGU6, STM32WBA50KGU6TR, STM32WBA52CEU6, STM32WBA52CEU6TR, STM32WBA52CEU7, STM32WBA52CEU7TR, STM32WBA52CGU6, STM32WBA52CGU6TR, STM32WBA52CGU6U, STM32WBA52CGU7, STM32WBA52CGU7TR, STM32WBA52KEU6, STM32WBA52KEU6TR, STM32WBA52KGU6, STM32WBA52KGU6TR, STM32WBA54CEU6, STM32WBA54CEU6TR, STM32WBA54CEU7, STM32WBA54CEU7TR, STM32WBA54CGU6, STM32WBA54CGU6TR, STM32WBA54CGU7, STM32WBA54CGU7TR, STM32WBA54KEU6, STM32WBA54KEU6TR, STM32WBA54KEU7, STM32WBA54KEU7TR, STM32WBA54KGU6, STM32WBA54KGU6TR, STM32WBA54KGU7, STM32WBA54KGU7TR, STM32WBA55CEU6, STM32WBA55CEU6TR, STM32WBA55CEU7, STM32WBA55CEU7TR, STM32WBA55CGU6, STM32WBA55CGU6TR, STM32WBA55CGU6U, STM32WBA55CGU7, STM32WBA55CGU7TR, STM32WBA55G-DK1, STM32WBA55HEF6, STM32WBA55HEF7, STM32WBA55HGF6, STM32WBA55HGF7, STM32WBA55UEI6, STM32WBA55UEI6TR, STM32WBA55UEI7, STM32WBA55UEI7TR, STM32WBA55UGI6, STM32WBA55UGI6TR, STM32WBA55UGI7, STM32WBA55UGI7TR, STM32WL5MOCH6, STM32WL5MOCH6TR]
2024-03-05 22:30:37,144 [INFO] DbMcus:218 - Found 3930 MCUs, 3930 are supported
2024-03-05 22:30:37,145 [INFO] ApiDb:423 - Load user favorites file C:\Users\bozo2/.stm32cubeide/favorites.mcus.txt: 0 item(s)
2024-03-05 22:30:37,145 [INFO] ApiDb:427 - User favorites MCUs=[]
2024-03-05 22:30:37,145 [INFO] DbMcus:224 - Set 0 / 0 favorites MCUs
2024-03-05 22:30:37,576 [INFO] MicroXplorer:468 - Change Database Path : 
2024-03-05 22:30:37,576 [INFO] MicroXplorer:498 - Change Database Version : DB.6.0.100
2024-03-05 22:30:37,577 [WARN] ThirdParty:833 - waiting for thirdparty lock release [change project]
2024-03-05 22:30:37,577 [INFO] ThirdParty:835 - entering critical section [change project]
2024-03-05 22:30:37,577 [INFO] ThirdParty:1030 - CMSIS Pack Vendor :STMicroelectronics X-CUBE-ISPU 1.1.0
2024-03-05 22:30:37,577 [INFO] ThirdParty:1030 - CMSIS Pack Vendor :STMicroelectronics USBPD 4.1
2024-03-05 22:30:37,577 [INFO] ThirdParty:1030 - CMSIS Pack Vendor :STMicroelectronics X-CUBE-GNSS1 6.0.0
2024-03-05 22:30:37,577 [INFO] ThirdParty:1030 - CMSIS Pack Vendor :STMicroelectronics USB_HOST 2.0.0
2024-03-05 22:30:37,577 [INFO] ThirdParty:1030 - CMSIS Pack Vendor :STMicroelectronics X-CUBE-AZRTOS-F4 1.1.0
2024-03-05 22:30:37,577 [INFO] ThirdParty:1030 - CMSIS Pack Vendor :STMicroelectronics LIBJPEG 8.0.0
2024-03-05 22:30:37,577 [INFO] ThirdParty:1030 - CMSIS Pack Vendor :wolfSSL I-CUBE-wolfSSL 5.6.3
2024-03-05 22:30:37,577 [INFO] ThirdParty:1030 - CMSIS Pack Vendor :STMicroelectronics X-CUBE-SMBUS 2.1.0
2024-03-05 22:30:37,577 [INFO] ThirdParty:1030 - CMSIS Pack Vendor :STMicroelectronics USB_DEVICE 3.0.0
2024-03-05 22:30:37,577 [INFO] ThirdParty:1030 - CMSIS Pack Vendor :STMicroelectronics X-CUBE-AZRTOS-WB 2.0.0
2024-03-05 22:30:37,577 [INFO] ThirdParty:1030 - CMSIS Pack Vendor :STMicroelectronics X-CUBE-FREERTOS 1.0.1
2024-03-05 22:30:37,578 [INFO] ThirdParty:1030 - CMSIS Pack Vendor :STMicroelectronics X-CUBE-TOUCHGFX 4.23.0
2024-03-05 22:30:37,578 [INFO] ThirdParty:1030 - CMSIS Pack Vendor :STMicroelectronics X-CUBE-AZRTOS-F7 1.1.0
2024-03-05 22:30:37,578 [INFO] ThirdParty:1030 - CMSIS Pack Vendor :STMicroelectronics X-CUBE-AZRTOS-L5 2.0.0
2024-03-05 22:30:37,578 [INFO] ThirdParty:1030 - CMSIS Pack Vendor :STMicroelectronics USB_DEVICE 2.0.0
2024-03-05 22:30:37,578 [INFO] ThirdParty:1030 - CMSIS Pack Vendor :STMicroelectronics X-CUBE-MEMS1 9.6.0
2024-03-05 22:30:37,578 [INFO] ThirdParty:1030 - CMSIS Pack Vendor :STMicroelectronics X-CUBE-EEPRMA1 4.2.0
2024-03-05 22:30:37,578 [INFO] ThirdParty:1030 - CMSIS Pack Vendor :ITTIA_DB I-CUBE-ITTIADB 8.8.0
2024-03-05 22:30:37,578 [INFO] ThirdParty:1030 - CMSIS Pack Vendor :STMicroelectronics FP-SNS-MOTENV1 4.3.2
2024-03-05 22:30:37,578 [INFO] ThirdParty:1030 - CMSIS Pack Vendor :STMicroelectronics FP-SNS-FLIGHT1 5.0.1
2024-03-05 22:30:37,578 [INFO] ThirdParty:1030 - CMSIS Pack Vendor :STMicroelectronics X-CUBE-ALGOBUILD 1.3.0
2024-03-05 22:30:37,578 [INFO] ThirdParty:1030 - CMSIS Pack Vendor :STMicroelectronics X-CUBE-BLE1 6.2.4
2024-03-05 22:30:37,578 [INFO] ThirdParty:1030 - CMSIS Pack Vendor :STMicroelectronics X-CUBE-AZRTOS-L5 1.1.0
2024-03-05 22:30:37,578 [INFO] ThirdParty:1030 - CMSIS Pack Vendor :STMicroelectronics FreeRTOS 0.0.1
2024-03-05 22:30:37,578 [INFO] ThirdParty:1030 - CMSIS Pack Vendor :STMicroelectronics X-CUBE-AZRTOS-G0 1.1.0
2024-03-05 22:30:37,578 [INFO] ThirdParty:1030 - CMSIS Pack Vendor :STMicroelectronics X-CUBE-BLEMGR 2.0.0
2024-03-05 22:30:37,578 [INFO] ThirdParty:1030 - CMSIS Pack Vendor :STMicroelectronics X-CUBE-AI 8.0.1
2024-03-05 22:30:37,578 [INFO] ThirdParty:1030 - CMSIS Pack Vendor :STMicroelectronics X-CUBE-NFC4 3.0.0
2024-03-05 22:30:37,578 [INFO] ThirdParty:1030 - CMSIS Pack Vendor :STMicroelectronics X-CUBE-SUBG2 5.0.0
2024-03-05 22:30:37,578 [INFO] ThirdParty:1030 - CMSIS Pack Vendor :STMicroelectronics STM32_WPAN 1.0.0
2024-03-05 22:30:37,578 [INFO] ThirdParty:1030 - CMSIS Pack Vendor :STMicroelectronics lwIP 2.0.3
2024-03-05 22:30:37,578 [INFO] ThirdParty:1030 - CMSIS Pack Vendor :STMicroelectronics FP-SNS-FLIGHT1 5.0.2
2024-03-05 22:30:37,578 [INFO] ThirdParty:1030 - CMSIS Pack Vendor :STMicroelectronics USB_HOST 1.0.0
2024-03-05 22:30:37,578 [INFO] ThirdParty:1030 - CMSIS Pack Vendor :STMicroelectronics X-CUBE-TOF1 3.3.1
2024-03-05 22:30:37,578 [INFO] ThirdParty:1030 - CMSIS Pack Vendor :STMicroelectronics X-CUBE-AZRTOS-G4 2.0.0
2024-03-05 22:30:37,578 [INFO] ThirdParty:1030 - CMSIS Pack Vendor :STMicroelectronics PDM2PCM 3.1.0
2024-03-05 22:30:37,579 [INFO] ThirdParty:1030 - CMSIS Pack Vendor :STMicroelectronics X-CUBE-AZRTOS-H7 3.1.0
2024-03-05 22:30:37,579 [INFO] ThirdParty:1030 - CMSIS Pack Vendor :STMicroelectronics X-CUBE-TOF1 3.3.0
2024-03-05 22:30:37,579 [INFO] ThirdParty:1030 - CMSIS Pack Vendor :Infineon AIROC-Wi-Fi-Bluetooth-STM32 1.5.1
2024-03-05 22:30:37,579 [INFO] ThirdParty:1030 - CMSIS Pack Vendor :STMicroelectronics X-CUBE-BLEMGR 3.0.0
2024-03-05 22:30:37,579 [INFO] ThirdParty:1030 - CMSIS Pack Vendor :STMicroelectronics PDM2PCM 3.3.0
2024-03-05 22:30:37,579 [INFO] ThirdParty:1030 - CMSIS Pack Vendor :STMicroelectronics X-CUBE-DISPLAY 3.0.0
2024-03-05 22:30:37,579 [INFO] ThirdParty:1030 - CMSIS Pack Vendor :STMicroelectronics FP-SNS-MOTENVWB1 1.3.1
2024-03-05 22:30:37,579 [INFO] ThirdParty:1030 - CMSIS Pack Vendor :STMicroelectronics X-CUBE-BLE1 7.0.0
2024-03-05 22:30:37,579 [INFO] ThirdParty:1030 - CMSIS Pack Vendor :STMicroelectronics FP-ATR-SIGFOX1 3.2.0
2024-03-05 22:30:37,579 [INFO] ThirdParty:1030 - CMSIS Pack Vendor :STMicroelectronics X-CUBE-ISPU 2.0.0
2024-03-05 22:30:37,579 [INFO] ThirdParty:1030 - CMSIS Pack Vendor :STMicroelectronics X-CUBE-EEPRMA1 5.1.0
2024-03-05 22:30:37,579 [INFO] ThirdParty:1030 - CMSIS Pack Vendor :STMicroelectronics HAL Drivers 0.0.0
2024-03-05 22:30:37,579 [INFO] ThirdParty:1030 - CMSIS Pack Vendor :STMicroelectronics MBEDTLS 2.16.2
2024-03-05 22:30:37,579 [INFO] ThirdParty:1030 - CMSIS Pack Vendor :emotas I-CUBE-CANOPEN 1.3.0
2024-03-05 22:30:37,579 [INFO] ThirdParty:1030 - CMSIS Pack Vendor :STMicroelectronics X-CUBE-MEMS1 10.0.0
2024-03-05 22:30:37,579 [INFO] ThirdParty:1030 - CMSIS Pack Vendor :STMicroelectronics X-CUBE-FREERTOS 1.1.0
2024-03-05 22:30:37,579 [INFO] ThirdParty:1030 - CMSIS Pack Vendor :STMicroelectronics X-CUBE-TOUCHGFX 4.22.0
2024-03-05 22:30:37,579 [INFO] ThirdParty:1030 - CMSIS Pack Vendor :STMicroelectronics X-CUBE-NFC7 1.0.1
2024-03-05 22:30:37,579 [INFO] ThirdParty:1030 - CMSIS Pack Vendor :STMicroelectronics MBEDTLS 2.14.1
2024-03-05 22:30:37,579 [INFO] ThirdParty:1030 - CMSIS Pack Vendor :STMicroelectronics X-CUBE-TOUCHGFX 4.22.1
2024-03-05 22:30:37,579 [INFO] ThirdParty:1030 - CMSIS Pack Vendor :STMicroelectronics X-CUBE-NFC6 3.0.0
2024-03-05 22:30:37,579 [INFO] ThirdParty:1030 - CMSIS Pack Vendor :STMicroelectronics X-CUBE-EEPRMA1 4.1.0
2024-03-05 22:30:37,579 [INFO] ThirdParty:1030 - CMSIS Pack Vendor :portGmbH I-Cube-SoM-uGOAL 1.1.0
2024-03-05 22:30:37,579 [INFO] ThirdParty:1030 - CMSIS Pack Vendor :STMicroelectronics X-CUBE-ALS 1.0.1
2024-03-05 22:30:37,580 [INFO] ThirdParty:1030 - CMSIS Pack Vendor :STMicroelectronics X-CUBE-BLEMGR 3.1.0
2024-03-05 22:30:37,580 [INFO] ThirdParty:1030 - CMSIS Pack Vendor :STMicroelectronics ThreadX 1.0.0
2024-03-05 22:30:37,580 [INFO] ThirdParty:1030 - CMSIS Pack Vendor :STMicroelectronics FP-SNS-SMARTAG2 1.2.0
2024-03-05 22:30:37,580 [INFO] ThirdParty:1030 - CMSIS Pack Vendor :STMicroelectronics X-CUBE-AZRTOS-WB 1.1.0
2024-03-05 22:30:37,580 [INFO] ThirdParty:1030 - CMSIS Pack Vendor :STMicroelectronics X-CUBE-AZRTOS-WL 2.0.0
2024-03-05 22:30:37,580 [INFO] ThirdParty:1030 - CMSIS Pack Vendor :SEGGER I-CUBE-embOS 1.3.1
2024-03-05 22:30:37,580 [INFO] ThirdParty:1030 - CMSIS Pack Vendor :STMicroelectronics USB_DEVICE 1.0.0
2024-03-05 22:30:37,580 [INFO] ThirdParty:1030 - CMSIS Pack Vendor :STMicroelectronics X-CUBE-AI 8.1.0
2024-03-05 22:30:37,580 [INFO] ThirdParty:1030 - CMSIS Pack Vendor :STMicroelectronics X-CUBE-AZRTOS-L4 2.0.0
2024-03-05 22:30:37,580 [INFO] ThirdParty:1030 - CMSIS Pack Vendor :STMicroelectronics ThreadX 0.0.2
2024-03-05 22:30:37,580 [INFO] ThirdParty:1030 - CMSIS Pack Vendor :WES I-CUBE-Cesium 1.3.0
2024-03-05 22:30:37,580 [INFO] ThirdParty:1030 - CMSIS Pack Vendor :STMicroelectronics FP-ATR-ASTRA1 2.0.0
2024-03-05 22:30:37,580 [INFO] ThirdParty:1030 - CMSIS Pack Vendor :STMicroelectronics lwIP 2.1.2
2024-03-05 22:30:37,580 [INFO] ThirdParty:1030 - CMSIS Pack Vendor :STMicroelectronics X-CUBE-SFXS2LP1 4.0.0
2024-03-05 22:30:37,580 [INFO] ThirdParty:1030 - CMSIS Pack Vendor :STMicroelectronics X-CUBE-BLE2 3.3.0
2024-03-05 22:30:37,580 [INFO] ThirdParty:1030 - CMSIS Pack Vendor :STMicroelectronics X-CUBE-TOF1 3.4.0
2024-03-05 22:30:37,580 [INFO] ThirdParty:1030 - CMSIS Pack Vendor :STMicroelectronics X-CUBE-AZRTOS-H7 3.2.0
2024-03-05 22:30:37,580 [INFO] ThirdParty:1030 - CMSIS Pack Vendor :STMicroelectronics PDM2PCM 3.2.0
2024-03-05 22:30:37,580 [INFO] ThirdParty:841 - exiting critical section [change project]
2024-03-05 22:30:37,995 [INFO] PinOutPanel:1499 - setPackage(No Configuration,No Configuration)
2024-03-05 22:30:37,998 [INFO] PinOutPanel:1499 - setPackage(STM32F446RETx,LQFP64)
2024-03-05 22:30:38,607 [INFO] UtilMem:75 - Before build in PCC Used Memory: 759848704 Bytes (1073741824)
2024-03-05 22:30:39,331 [INFO] UtilMem:75 - After build in PCC Used Memory: 844486856 Bytes (1073741824)
2024-03-05 22:30:39,412 [INFO] ApiDbMcu:508 - Load IP Config File for FATFS
2024-03-05 22:30:39,437 [INFO] ApiDbMcu:508 - Load IP Config File for FREERTOS
2024-03-05 22:30:39,463 [INFO] IPUIPlugin:80 - create IPUIPlugin
2024-03-05 22:30:39,463 [INFO] IPUIPlugin:80 - create IPUIPlugin
2024-03-05 22:30:39,463 [INFO] IPUIPlugin:80 - create IPUIPlugin
2024-03-05 22:30:39,463 [INFO] IPUIPlugin:80 - create IPUIPlugin
2024-03-05 22:30:39,463 [INFO] IPUIPlugin:80 - create IPUIPlugin
2024-03-05 22:30:39,463 [INFO] IPUIPlugin:80 - create IPUIPlugin
2024-03-05 22:30:39,464 [INFO] IPUIPlugin:80 - create IPUIPlugin
2024-03-05 22:30:39,464 [INFO] IPUIPlugin:80 - create IPUIPlugin
2024-03-05 22:30:39,464 [INFO] IPUIPlugin:80 - create IPUIPlugin
2024-03-05 22:30:39,464 [INFO] IPUIPlugin:80 - create IPUIPlugin
2024-03-05 22:30:39,464 [INFO] IPUIPlugin:80 - create IPUIPlugin
2024-03-05 22:30:39,464 [INFO] IPUIPlugin:80 - create IPUIPlugin
2024-03-05 22:30:39,464 [INFO] IPUIPlugin:80 - create IPUIPlugin
2024-03-05 22:30:39,464 [INFO] IPUIPlugin:80 - create IPUIPlugin
2024-03-05 22:30:39,465 [INFO] IPUIPlugin:80 - create IPUIPlugin
2024-03-05 22:30:39,465 [INFO] IPUIPlugin:80 - create IPUIPlugin
2024-03-05 22:30:39,465 [INFO] IPUIPlugin:80 - create IPUIPlugin
2024-03-05 22:30:39,465 [INFO] IPUIPlugin:80 - create IPUIPlugin
2024-03-05 22:30:39,465 [INFO] IPUIPlugin:80 - create IPUIPlugin
2024-03-05 22:30:39,465 [INFO] IPUIPlugin:80 - create IPUIPlugin
2024-03-05 22:30:39,466 [INFO] IPUIPlugin:80 - create IPUIPlugin
2024-03-05 22:30:39,466 [INFO] IPUIPlugin:80 - create IPUIPlugin
2024-03-05 22:30:39,466 [INFO] IPUIPlugin:80 - create IPUIPlugin
2024-03-05 22:30:39,466 [INFO] IPUIPlugin:80 - create IPUIPlugin
2024-03-05 22:30:39,466 [INFO] IPUIPlugin:80 - create IPUIPlugin
2024-03-05 22:30:39,466 [INFO] IPUIPlugin:80 - create IPUIPlugin
2024-03-05 22:30:39,467 [INFO] IPUIPlugin:80 - create IPUIPlugin
2024-03-05 22:30:39,467 [INFO] IPUIPlugin:80 - create IPUIPlugin
2024-03-05 22:30:39,467 [INFO] IPUIPlugin:80 - create IPUIPlugin
2024-03-05 22:30:39,467 [INFO] IPUIPlugin:80 - create IPUIPlugin
2024-03-05 22:30:39,467 [INFO] IPUIPlugin:80 - create IPUIPlugin
2024-03-05 22:30:39,468 [INFO] IPUIPlugin:80 - create IPUIPlugin
2024-03-05 22:30:39,468 [INFO] IPUIPlugin:80 - create IPUIPlugin
2024-03-05 22:30:39,468 [INFO] IPUIPlugin:80 - create IPUIPlugin
2024-03-05 22:30:39,468 [INFO] IPUIPlugin:80 - create IPUIPlugin
2024-03-05 22:30:39,469 [INFO] IPUIPlugin:80 - create IPUIPlugin
2024-03-05 22:30:39,469 [INFO] IPUIPlugin:80 - create IPUIPlugin
2024-03-05 22:30:39,469 [INFO] IPUIPlugin:80 - create IPUIPlugin
2024-03-05 22:30:39,469 [INFO] IPUIPlugin:80 - create IPUIPlugin
2024-03-05 22:30:39,470 [INFO] IPUIPlugin:80 - create IPUIPlugin
2024-03-05 22:30:39,470 [INFO] IPUIPlugin:80 - create IPUIPlugin
2024-03-05 22:30:39,470 [INFO] IPUIPlugin:80 - create IPUIPlugin
2024-03-05 22:30:39,470 [INFO] IPUIPlugin:80 - create IPUIPlugin
2024-03-05 22:30:39,470 [INFO] IPUIPlugin:80 - create IPUIPlugin
2024-03-05 22:30:39,471 [INFO] IPUIPlugin:80 - create IPUIPlugin
2024-03-05 22:30:39,471 [INFO] IPUIPlugin:80 - create IPUIPlugin
2024-03-05 22:30:39,471 [INFO] IPUIPlugin:80 - create IPUIPlugin
2024-03-05 22:30:39,471 [INFO] IPUIPlugin:80 - create IPUIPlugin
2024-03-05 22:30:39,471 [INFO] IPUIPlugin:80 - create IPUIPlugin
2024-03-05 22:30:39,472 [INFO] IPUIPlugin:80 - create IPUIPlugin
2024-03-05 22:30:39,472 [INFO] IPUIPlugin:80 - create IPUIPlugin
2024-03-05 22:30:39,472 [INFO] IPUIPlugin:80 - create IPUIPlugin
2024-03-05 22:30:39,472 [INFO] IPUIPlugin:80 - create IPUIPlugin
2024-03-05 22:30:39,473 [INFO] IPUIPlugin:80 - create IPUIPlugin
2024-03-05 22:30:39,473 [INFO] IPUIPlugin:80 - create IPUIPlugin
2024-03-05 22:30:39,473 [INFO] IPUIPlugin:80 - create IPUIPlugin
2024-03-05 22:30:39,474 [INFO] IPUIPlugin:80 - create IPUIPlugin
2024-03-05 22:30:39,474 [INFO] IPUIPlugin:80 - create IPUIPlugin
2024-03-05 22:30:39,474 [INFO] IPUIPlugin:80 - create IPUIPlugin
2024-03-05 22:30:39,475 [INFO] IPUIPlugin:80 - create IPUIPlugin
2024-03-05 22:30:39,496 [INFO] ApiDbMcu:508 - Load IP Config File for PDM2PCM
2024-03-05 22:30:39,509 [WARN] IP:2119 - I2C_Coeff_DF not found: check if there is a RefParameter without a condition.
2024-03-05 22:30:39,509 [WARN] IP:2119 - Analog_Filter not found: check if there is a RefParameter without a condition.
2024-03-05 22:30:39,511 [WARN] IP:2119 - I2C_Coeff_DF not found: check if there is a RefParameter without a condition.
2024-03-05 22:30:39,511 [WARN] IP:2119 - Analog_Filter not found: check if there is a RefParameter without a condition.
2024-03-05 22:30:39,543 [WARN] FreeRTOS:1023 - Null or empty value: should not occur! (nothing added to the table)
2024-03-05 22:30:39,842 [INFO] CADModel:165 - CPN selected for project levelSTM32F446RET6
2024-03-05 22:30:39,842 [INFO] CADModel:114 - Register for checkConnection events
2024-03-05 22:30:39,845 [INFO] RtosManager:697 - Active RTOS found at IOC load: FREERTOS [Cortex-M4NS]
2024-03-05 22:30:39,897 [INFO] OpenFileManager:343 - Restore cursor
2024-03-05 22:30:40,197 [WARN] IP:2119 - I2C_Coeff_DF not found: check if there is a RefParameter without a condition.
2024-03-05 22:30:40,198 [WARN] IP:2119 - Analog_Filter not found: check if there is a RefParameter without a condition.
2024-03-05 22:30:40,198 [WARN] IP:2119 - I2C_Coeff_DF not found: check if there is a RefParameter without a condition.
2024-03-05 22:30:40,198 [WARN] IP:2119 - Analog_Filter not found: check if there is a RefParameter without a condition.
2024-03-05 22:30:40,201 [WARN] IP:2119 - I2C_Coeff_DF not found: check if there is a RefParameter without a condition.
2024-03-05 22:30:40,201 [WARN] IP:2119 - Analog_Filter not found: check if there is a RefParameter without a condition.
2024-03-05 22:30:40,201 [WARN] IP:2119 - I2C_Coeff_DF not found: check if there is a RefParameter without a condition.
2024-03-05 22:30:40,201 [WARN] IP:2119 - Analog_Filter not found: check if there is a RefParameter without a condition.
2024-03-05 22:30:49,927 [ERROR] RtosPanel:558 - Can not restore the selected Tab for FREERTOS(A reason can be that the tab is no more available.)
2024-03-05 22:30:55,415 [INFO] TasksAndQueuesTab:757 - Dynamic
2024-03-05 22:30:55,416 [WARN] TasksAndQueuesTab:763 - 128 128
2024-03-05 22:30:55,416 [WARN] TasksAndQueuesTab:775 - max value is: 3840.0
2024-03-05 22:30:55,416 [INFO] TasksAndQueuesTab:757 - Dynamic
2024-03-05 22:30:55,416 [WARN] TasksAndQueuesTab:763 - 1024 128
2024-03-05 22:30:55,417 [WARN] TasksAndQueuesTab:775 - max value is: 3840.0
2024-03-05 22:30:55,417 [INFO] TasksAndQueuesTab:757 - Dynamic
2024-03-05 22:30:55,417 [WARN] TasksAndQueuesTab:763 - 256 128
2024-03-05 22:30:55,417 [WARN] TasksAndQueuesTab:775 - max value is: 3840.0
2024-03-05 22:30:55,417 [INFO] TasksAndQueuesTab:757 - Dynamic
2024-03-05 22:30:55,418 [WARN] TasksAndQueuesTab:763 - 2048 128
2024-03-05 22:30:55,418 [WARN] TasksAndQueuesTab:775 - max value is: 3840.0
2024-03-05 22:31:15,305 [INFO] EditThreadDialog:704 - RAM SIZE (in KB): 128
2024-03-05 22:31:15,305 [INFO] EditThreadDialog:706 - RAM SIZE (in words): 32768
2024-03-05 22:32:08,285 [INFO] TasksAndQueuesTab:757 - Dynamic
2024-03-05 22:32:08,285 [WARN] TasksAndQueuesTab:763 - 128 128
2024-03-05 22:32:08,285 [WARN] TasksAndQueuesTab:775 - max value is: 3840.0
2024-03-05 22:32:08,285 [INFO] TasksAndQueuesTab:757 - Dynamic
2024-03-05 22:32:08,285 [WARN] TasksAndQueuesTab:763 - 1024 128
2024-03-05 22:32:08,285 [WARN] TasksAndQueuesTab:775 - max value is: 3840.0
2024-03-05 22:32:08,285 [INFO] TasksAndQueuesTab:757 - Dynamic
2024-03-05 22:32:08,285 [WARN] TasksAndQueuesTab:763 - 256 128
2024-03-05 22:32:08,285 [WARN] TasksAndQueuesTab:775 - max value is: 3840.0
2024-03-05 22:32:08,285 [INFO] TasksAndQueuesTab:757 - Dynamic
2024-03-05 22:32:08,285 [WARN] TasksAndQueuesTab:763 - 2048 128
2024-03-05 22:32:08,285 [WARN] TasksAndQueuesTab:775 - max value is: 3840.0
2024-03-05 22:32:08,285 [INFO] TasksAndQueuesTab:757 - Dynamic
2024-03-05 22:32:08,285 [WARN] TasksAndQueuesTab:763 - 256 128
2024-03-05 22:32:08,285 [WARN] TasksAndQueuesTab:775 - max value is: 3840.0
2024-03-05 22:32:14,526 [INFO] TasksAndQueuesTab:757 - Dynamic
2024-03-05 22:32:14,527 [WARN] TasksAndQueuesTab:763 - 128 128
2024-03-05 22:32:14,527 [WARN] TasksAndQueuesTab:775 - max value is: 3840.0
2024-03-05 22:32:14,527 [INFO] TasksAndQueuesTab:757 - Dynamic
2024-03-05 22:32:14,527 [WARN] TasksAndQueuesTab:763 - 1024 128
2024-03-05 22:32:14,528 [WARN] TasksAndQueuesTab:775 - max value is: 3840.0
2024-03-05 22:32:14,528 [INFO] TasksAndQueuesTab:757 - Dynamic
2024-03-05 22:32:14,528 [WARN] TasksAndQueuesTab:763 - 256 128
2024-03-05 22:32:14,528 [WARN] TasksAndQueuesTab:775 - max value is: 3840.0
2024-03-05 22:32:14,528 [INFO] TasksAndQueuesTab:757 - Dynamic
2024-03-05 22:32:14,528 [WARN] TasksAndQueuesTab:763 - 2048 128
2024-03-05 22:32:14,529 [WARN] TasksAndQueuesTab:775 - max value is: 3840.0
2024-03-05 22:32:14,529 [INFO] TasksAndQueuesTab:757 - Dynamic
2024-03-05 22:32:14,529 [WARN] TasksAndQueuesTab:763 - 256 128
2024-03-05 22:32:14,529 [WARN] TasksAndQueuesTab:775 - max value is: 3840.0
2024-03-05 22:32:19,803 [INFO] EditThreadDialog:704 - RAM SIZE (in KB): 128
2024-03-05 22:32:19,803 [INFO] EditThreadDialog:706 - RAM SIZE (in words): 32768
2024-03-05 22:32:25,397 [INFO] TasksAndQueuesTab:757 - Dynamic
2024-03-05 22:32:25,397 [WARN] TasksAndQueuesTab:763 - 128 128
2024-03-05 22:32:25,397 [WARN] TasksAndQueuesTab:775 - max value is: 3840.0
2024-03-05 22:32:25,397 [INFO] TasksAndQueuesTab:757 - Dynamic
2024-03-05 22:32:25,397 [WARN] TasksAndQueuesTab:763 - 1024 128
2024-03-05 22:32:25,397 [WARN] TasksAndQueuesTab:775 - max value is: 3840.0
2024-03-05 22:32:25,397 [INFO] TasksAndQueuesTab:757 - Dynamic
2024-03-05 22:32:25,397 [WARN] TasksAndQueuesTab:763 - 256 128
2024-03-05 22:32:25,397 [WARN] TasksAndQueuesTab:775 - max value is: 3840.0
2024-03-05 22:32:25,397 [INFO] TasksAndQueuesTab:757 - Dynamic
2024-03-05 22:32:25,397 [WARN] TasksAndQueuesTab:763 - 2048 128
2024-03-05 22:32:25,397 [WARN] TasksAndQueuesTab:775 - max value is: 3840.0
2024-03-05 22:32:25,397 [INFO] TasksAndQueuesTab:757 - Dynamic
2024-03-05 22:32:25,397 [WARN] TasksAndQueuesTab:763 - 128 128
2024-03-05 22:32:25,397 [WARN] TasksAndQueuesTab:775 - max value is: 3840.0
2024-03-05 22:32:29,939 [INFO] TasksAndQueuesTab:757 - Dynamic
2024-03-05 22:32:29,939 [WARN] TasksAndQueuesTab:763 - 128 128
2024-03-05 22:32:29,939 [WARN] TasksAndQueuesTab:775 - max value is: 3840.0
2024-03-05 22:32:29,939 [INFO] TasksAndQueuesTab:757 - Dynamic
2024-03-05 22:32:29,940 [WARN] TasksAndQueuesTab:763 - 1024 128
2024-03-05 22:32:29,940 [WARN] TasksAndQueuesTab:775 - max value is: 3840.0
2024-03-05 22:32:29,940 [INFO] TasksAndQueuesTab:757 - Dynamic
2024-03-05 22:32:29,940 [WARN] TasksAndQueuesTab:763 - 256 128
2024-03-05 22:32:29,940 [WARN] TasksAndQueuesTab:775 - max value is: 3840.0
2024-03-05 22:32:29,941 [INFO] TasksAndQueuesTab:757 - Dynamic
2024-03-05 22:32:29,941 [WARN] TasksAndQueuesTab:763 - 2048 128
2024-03-05 22:32:29,941 [WARN] TasksAndQueuesTab:775 - max value is: 3840.0
2024-03-05 22:32:29,941 [INFO] TasksAndQueuesTab:757 - Dynamic
2024-03-05 22:32:29,941 [WARN] TasksAndQueuesTab:763 - 128 128
2024-03-05 22:32:29,942 [WARN] TasksAndQueuesTab:775 - max value is: 3840.0
2024-03-05 22:32:34,012 [INFO] TasksAndQueuesTab:757 - Dynamic
2024-03-05 22:32:34,013 [WARN] TasksAndQueuesTab:763 - 128 128
2024-03-05 22:32:34,013 [WARN] TasksAndQueuesTab:775 - max value is: 3840.0
2024-03-05 22:32:34,013 [INFO] TasksAndQueuesTab:757 - Dynamic
2024-03-05 22:32:34,013 [WARN] TasksAndQueuesTab:763 - 1024 128
2024-03-05 22:32:34,013 [WARN] TasksAndQueuesTab:775 - max value is: 3840.0
2024-03-05 22:32:34,014 [INFO] TasksAndQueuesTab:757 - Dynamic
2024-03-05 22:32:34,014 [WARN] TasksAndQueuesTab:763 - 256 128
2024-03-05 22:32:34,014 [WARN] TasksAndQueuesTab:775 - max value is: 3840.0
2024-03-05 22:32:34,014 [INFO] TasksAndQueuesTab:757 - Dynamic
2024-03-05 22:32:34,014 [WARN] TasksAndQueuesTab:763 - 2048 128
2024-03-05 22:32:34,014 [WARN] TasksAndQueuesTab:775 - max value is: 3840.0
2024-03-05 22:32:34,015 [INFO] TasksAndQueuesTab:757 - Dynamic
2024-03-05 22:32:34,015 [WARN] TasksAndQueuesTab:763 - 128 128
2024-03-05 22:32:34,015 [WARN] TasksAndQueuesTab:775 - max value is: 3840.0
2024-03-05 22:33:27,132 [INFO] UtilMem:75 - End SaveConfig() Used Memory: 848878504 Bytes (1073741824)
2024-03-05 22:33:28,327 [INFO] UtilMem:75 - End SaveConfig() Used Memory: 868814112 Bytes (1073741824)
2024-03-05 22:33:29,085 [INFO] UtilMem:75 - End SaveConfig() Used Memory: 604358080 Bytes (1073741824)
2024-03-05 22:33:29,504 [INFO] BlockDiagram:2759 - set Specific Code input for plugin: SPI
2024-03-05 22:33:29,504 [INFO] BlockDiagram:2759 - set Specific Code input for plugin: FREERTOS
2024-03-05 22:33:29,505 [INFO] BlockDiagram:2759 - set Specific Code input for plugin: TIM1_8
2024-03-05 22:33:29,505 [INFO] BlockDiagram:2759 - set Specific Code input for plugin: TIM1_8
2024-03-05 22:33:29,505 [INFO] BlockDiagram:2759 - set Specific Code input for plugin: SYS
2024-03-05 22:33:29,505 [INFO] BlockDiagram:2759 - set Specific Code input for plugin: ADC
2024-03-05 22:33:29,505 [INFO] BlockDiagram:2759 - set Specific Code input for plugin: RCC
2024-03-05 22:33:29,505 [INFO] BlockDiagram:2759 - set Specific Code input for plugin: I2C
2024-03-05 22:33:29,505 [INFO] BlockDiagram:2759 - set Specific Code input for plugin: I2C
2024-03-05 22:33:29,505 [INFO] BlockDiagram:2759 - set Specific Code input for plugin: USB_OTG_FS
2024-03-05 22:33:29,505 [INFO] BlockDiagram:2759 - set Specific Code input for plugin: NVIC
2024-03-05 22:33:29,505 [INFO] BlockDiagram:2759 - set Specific Code input for plugin: USART
2024-03-05 22:33:29,505 [INFO] BlockDiagram:2759 - set Specific Code input for plugin: USART
2024-03-05 22:33:29,505 [INFO] BlockDiagram:2759 - set Specific Code input for plugin: DMA
2024-03-05 22:33:29,506 [INFO] BlockDiagram:2759 - set Specific Code input for plugin: GPIO
2024-03-05 22:33:29,506 [INFO] BlockDiagram:2759 - set Specific Code input for plugin: FATFS
2024-03-05 22:33:29,511 [INFO] CodeGenerator:807 - code generatio: config db path: C:\ST\STM32CubeIDE_1.13.1\STM32CubeIDE\plugins\com.st.stm32cube.common.mx_6.10.0.202311202037\\db\
2024-03-05 22:33:29,533 [WARN] IP:2119 - I2C_Coeff_DF not found: check if there is a RefParameter without a condition.
2024-03-05 22:33:29,533 [WARN] IP:2119 - Analog_Filter not found: check if there is a RefParameter without a condition.
2024-03-05 22:33:29,535 [WARN] IP:2119 - I2C_Coeff_DF not found: check if there is a RefParameter without a condition.
2024-03-05 22:33:29,535 [WARN] IP:2119 - Analog_Filter not found: check if there is a RefParameter without a condition.
2024-03-05 22:33:29,807 [INFO] CodeEngine:255 - oldGeneratedFile, C:\Users\bozo2\Desktop\PI4\STM32_SubControllerV1\SubController\MXTmpFiles\license.tmp_save
2024-03-05 22:33:30,146 [INFO] CodeEngine:279 - Generated code: C:\Users\bozo2\Desktop\PI4\STM32_SubControllerV1\SubController\MXTmpFiles\license.tmp
2024-03-05 22:33:30,235 [INFO] CodeEngine:255 - oldGeneratedFile, C:\Users\bozo2\Desktop\PI4\STM32_SubControllerV1\SubController\MXTmpFiles\gpio.tmp_save
2024-03-05 22:33:30,377 [INFO] CodeEngine:279 - Generated code: C:\Users\bozo2\Desktop\PI4\STM32_SubControllerV1\SubController\MXTmpFiles\gpio.tmp
2024-03-05 22:33:32,522 [WARN] IPConfigManager:99 - WARNING: Missing Config File for USB ip!!
2024-03-05 22:33:32,548 [WARN] IPConfigManager:2946 - Warning: the RefConfig PWREx_EnableUSBVoltageDetector is not available in your config.xml file
2024-03-05 22:33:32,587 [INFO] Middleware:1439 - No code input for Bsp Dependency
2024-03-05 22:33:32,601 [INFO] CodeEngine:255 - oldGeneratedFile, C:\Users\bozo2\Desktop\PI4\STM32_SubControllerV1\SubController\MXTmpFiles\rtos_inc.tmp_save
2024-03-05 22:33:32,704 [INFO] CodeEngine:279 - Generated code: C:\Users\bozo2\Desktop\PI4\STM32_SubControllerV1\SubController\MXTmpFiles\rtos_inc.tmp
2024-03-05 22:33:32,714 [INFO] CodeEngine:255 - oldGeneratedFile, C:\Users\bozo2\Desktop\PI4\STM32_SubControllerV1\SubController\MXTmpFiles\rtos_vars.tmp_save
2024-03-05 22:33:32,793 [INFO] CodeEngine:279 - Generated code: C:\Users\bozo2\Desktop\PI4\STM32_SubControllerV1\SubController\MXTmpFiles\rtos_vars.tmp
2024-03-05 22:33:32,803 [INFO] CodeEngine:255 - oldGeneratedFile, C:\Users\bozo2\Desktop\PI4\STM32_SubControllerV1\SubController\MXTmpFiles\rtos_pfp.tmp_save
2024-03-05 22:33:32,882 [INFO] CodeEngine:279 - Generated code: C:\Users\bozo2\Desktop\PI4\STM32_SubControllerV1\SubController\MXTmpFiles\rtos_pfp.tmp
2024-03-05 22:33:32,896 [INFO] CodeEngine:255 - oldGeneratedFile, C:\Users\bozo2\Desktop\PI4\STM32_SubControllerV1\SubController\MXTmpFiles\rtos_obj_creat.tmp_save
2024-03-05 22:33:32,974 [INFO] CodeEngine:279 - Generated code: C:\Users\bozo2\Desktop\PI4\STM32_SubControllerV1\SubController\MXTmpFiles\rtos_obj_creat.tmp
2024-03-05 22:33:32,985 [INFO] CodeEngine:255 - oldGeneratedFile, C:\Users\bozo2\Desktop\PI4\STM32_SubControllerV1\SubController\MXTmpFiles\rtos_kernelStart.tmp_save
2024-03-05 22:33:33,055 [INFO] CodeEngine:279 - Generated code: C:\Users\bozo2\Desktop\PI4\STM32_SubControllerV1\SubController\MXTmpFiles\rtos_kernelStart.tmp
2024-03-05 22:33:33,075 [INFO] CodeEngine:255 - oldGeneratedFile, C:\Users\bozo2\Desktop\PI4\STM32_SubControllerV1\SubController\MXTmpFiles\rtos_default_thread.tmp_save
2024-03-05 22:33:33,160 [INFO] CodeEngine:279 - Generated code: C:\Users\bozo2\Desktop\PI4\STM32_SubControllerV1\SubController\MXTmpFiles\rtos_default_thread.tmp
2024-03-05 22:33:33,171 [INFO] CodeEngine:255 - oldGeneratedFile, C:\Users\bozo2\Desktop\PI4\STM32_SubControllerV1\SubController\MXTmpFiles\rtos_threads.tmp_save
2024-03-05 22:33:33,250 [INFO] CodeEngine:279 - Generated code: C:\Users\bozo2\Desktop\PI4\STM32_SubControllerV1\SubController\MXTmpFiles\rtos_threads.tmp
2024-03-05 22:33:33,258 [INFO] Middleware:1439 - No code input for Bsp Dependency
2024-03-05 22:33:33,272 [INFO] CodeEngine:255 - oldGeneratedFile, C:\Users\bozo2\Desktop\PI4\STM32_SubControllerV1\SubController\MXTmpFiles\fatfs_HalInit.tmp_save
2024-03-05 22:33:33,353 [INFO] CodeEngine:279 - Generated code: C:\Users\bozo2\Desktop\PI4\STM32_SubControllerV1\SubController\MXTmpFiles\fatfs_HalInit.tmp
2024-03-05 22:33:33,364 [INFO] CodeEngine:255 - oldGeneratedFile, C:\Users\bozo2\Desktop\PI4\STM32_SubControllerV1\SubController\MXTmpFiles\fatfs_vars.tmp_save
2024-03-05 22:33:33,427 [INFO] CodeEngine:279 - Generated code: C:\Users\bozo2\Desktop\PI4\STM32_SubControllerV1\SubController\MXTmpFiles\fatfs_vars.tmp
2024-03-05 22:33:33,436 [INFO] CodeEngine:255 - oldGeneratedFile, C:\Users\bozo2\Desktop\PI4\STM32_SubControllerV1\SubController\MXTmpFiles\fatfs_ext_vars.tmp_save
2024-03-05 22:33:33,499 [INFO] CodeEngine:279 - Generated code: C:\Users\bozo2\Desktop\PI4\STM32_SubControllerV1\SubController\MXTmpFiles\fatfs_ext_vars.tmp
2024-03-05 22:33:33,510 [INFO] CodeEngine:255 - oldGeneratedFile, C:\Users\bozo2\Desktop\PI4\STM32_SubControllerV1\SubController\MXTmpFiles\fatfs_inc.tmp_save
2024-03-05 22:33:33,578 [INFO] CodeEngine:279 - Generated code: C:\Users\bozo2\Desktop\PI4\STM32_SubControllerV1\SubController\MXTmpFiles\fatfs_inc.tmp
2024-03-05 22:33:33,597 [INFO] Middleware:1439 - No code input for Bsp Dependency
2024-03-05 22:33:33,607 [INFO] CodeEngine:255 - oldGeneratedFile, C:\Users\bozo2\Desktop\PI4\STM32_SubControllerV1\SubController\MXTmpFiles\rtos_inc.tmp_save
2024-03-05 22:33:33,720 [INFO] CodeEngine:279 - Generated code: C:\Users\bozo2\Desktop\PI4\STM32_SubControllerV1\SubController\MXTmpFiles\rtos_inc.tmp
2024-03-05 22:33:33,729 [INFO] CodeEngine:255 - oldGeneratedFile, C:\Users\bozo2\Desktop\PI4\STM32_SubControllerV1\SubController\MXTmpFiles\rtos_vars.tmp_save
2024-03-05 22:33:33,804 [INFO] CodeEngine:279 - Generated code: C:\Users\bozo2\Desktop\PI4\STM32_SubControllerV1\SubController\MXTmpFiles\rtos_vars.tmp
2024-03-05 22:33:33,812 [INFO] CodeEngine:255 - oldGeneratedFile, C:\Users\bozo2\Desktop\PI4\STM32_SubControllerV1\SubController\MXTmpFiles\rtos_pfp.tmp_save
2024-03-05 22:33:33,870 [INFO] CodeEngine:279 - Generated code: C:\Users\bozo2\Desktop\PI4\STM32_SubControllerV1\SubController\MXTmpFiles\rtos_pfp.tmp
2024-03-05 22:33:33,885 [INFO] CodeEngine:255 - oldGeneratedFile, C:\Users\bozo2\Desktop\PI4\STM32_SubControllerV1\SubController\MXTmpFiles\rtos_obj_creat.tmp_save
2024-03-05 22:33:33,946 [INFO] CodeEngine:279 - Generated code: C:\Users\bozo2\Desktop\PI4\STM32_SubControllerV1\SubController\MXTmpFiles\rtos_obj_creat.tmp
2024-03-05 22:33:33,951 [INFO] CodeEngine:255 - oldGeneratedFile, C:\Users\bozo2\Desktop\PI4\STM32_SubControllerV1\SubController\MXTmpFiles\rtos_kernelStart.tmp_save
2024-03-05 22:33:33,995 [INFO] CodeEngine:279 - Generated code: C:\Users\bozo2\Desktop\PI4\STM32_SubControllerV1\SubController\MXTmpFiles\rtos_kernelStart.tmp
2024-03-05 22:33:34,000 [INFO] CodeEngine:255 - oldGeneratedFile, C:\Users\bozo2\Desktop\PI4\STM32_SubControllerV1\SubController\MXTmpFiles\rtos_default_thread.tmp_save
2024-03-05 22:33:34,047 [INFO] CodeEngine:279 - Generated code: C:\Users\bozo2\Desktop\PI4\STM32_SubControllerV1\SubController\MXTmpFiles\rtos_default_thread.tmp
2024-03-05 22:33:34,052 [INFO] CodeEngine:255 - oldGeneratedFile, C:\Users\bozo2\Desktop\PI4\STM32_SubControllerV1\SubController\MXTmpFiles\rtos_threads.tmp_save
2024-03-05 22:33:34,100 [INFO] CodeEngine:279 - Generated code: C:\Users\bozo2\Desktop\PI4\STM32_SubControllerV1\SubController\MXTmpFiles\rtos_threads.tmp
2024-03-05 22:33:34,120 [INFO] CodeEngine:255 - oldGeneratedFile, C:\Users\bozo2\Desktop\PI4\STM32_SubControllerV1\SubController\Core\Inc\FreeRTOSConfig.h_save
2024-03-05 22:33:34,207 [INFO] CodeEngine:279 - Generated code: C:\Users\bozo2\Desktop\PI4\STM32_SubControllerV1\SubController\Core\Inc\FreeRTOSConfig.h
2024-03-05 22:33:34,232 [INFO] CodeEngine:255 - oldGeneratedFile, C:\Users\bozo2\Desktop\PI4\STM32_SubControllerV1\SubController\Core\Src\freertos.c_save
2024-03-05 22:33:34,335 [INFO] CodeEngine:279 - Generated code: C:\Users\bozo2\Desktop\PI4\STM32_SubControllerV1\SubController\Core\Src\freertos.c
2024-03-05 22:33:34,490 [INFO] CodeEngine:255 - oldGeneratedFile, C:\Users\bozo2\Desktop\PI4\STM32_SubControllerV1\SubController\MXTmpFiles\dma.tmp_save
2024-03-05 22:33:34,574 [INFO] CodeEngine:279 - Generated code: C:\Users\bozo2\Desktop\PI4\STM32_SubControllerV1\SubController\MXTmpFiles\dma.tmp
2024-03-05 22:33:34,584 [INFO] CodeEngine:255 - oldGeneratedFile, C:\Users\bozo2\Desktop\PI4\STM32_SubControllerV1\SubController\MXTmpFiles\dma_GV.tmp_save
2024-03-05 22:33:34,637 [INFO] CodeEngine:279 - Generated code: C:\Users\bozo2\Desktop\PI4\STM32_SubControllerV1\SubController\MXTmpFiles\dma_GV.tmp
2024-03-05 22:33:34,641 [INFO] Middleware:1439 - No code input for Bsp Dependency
2024-03-05 22:33:34,650 [INFO] CodeEngine:255 - oldGeneratedFile, C:\Users\bozo2\Desktop\PI4\STM32_SubControllerV1\SubController\MXTmpFiles\fatfs_HalInit.tmp_save
2024-03-05 22:33:34,723 [INFO] CodeEngine:279 - Generated code: C:\Users\bozo2\Desktop\PI4\STM32_SubControllerV1\SubController\MXTmpFiles\fatfs_HalInit.tmp
2024-03-05 22:33:34,729 [INFO] CodeEngine:255 - oldGeneratedFile, C:\Users\bozo2\Desktop\PI4\STM32_SubControllerV1\SubController\MXTmpFiles\fatfs_vars.tmp_save
2024-03-05 22:33:34,788 [INFO] CodeEngine:279 - Generated code: C:\Users\bozo2\Desktop\PI4\STM32_SubControllerV1\SubController\MXTmpFiles\fatfs_vars.tmp
2024-03-05 22:33:34,794 [INFO] CodeEngine:255 - oldGeneratedFile, C:\Users\bozo2\Desktop\PI4\STM32_SubControllerV1\SubController\MXTmpFiles\fatfs_ext_vars.tmp_save
2024-03-05 22:33:34,838 [INFO] CodeEngine:279 - Generated code: C:\Users\bozo2\Desktop\PI4\STM32_SubControllerV1\SubController\MXTmpFiles\fatfs_ext_vars.tmp
2024-03-05 22:33:34,844 [INFO] CodeEngine:255 - oldGeneratedFile, C:\Users\bozo2\Desktop\PI4\STM32_SubControllerV1\SubController\MXTmpFiles\fatfs_inc.tmp_save
2024-03-05 22:33:34,890 [INFO] CodeEngine:279 - Generated code: C:\Users\bozo2\Desktop\PI4\STM32_SubControllerV1\SubController\MXTmpFiles\fatfs_inc.tmp
2024-03-05 22:33:34,909 [INFO] CodeEngine:255 - oldGeneratedFile, C:\Users\bozo2\Desktop\PI4\STM32_SubControllerV1\SubController\FATFS\Target\ffconf.h_save
2024-03-05 22:33:34,996 [INFO] CodeEngine:279 - Generated code: C:\Users\bozo2\Desktop\PI4\STM32_SubControllerV1\SubController\FATFS\Target\ffconf.h
2024-03-05 22:33:35,016 [INFO] CodeEngine:255 - oldGeneratedFile, C:\Users\bozo2\Desktop\PI4\STM32_SubControllerV1\SubController\FATFS\Target\user_diskio.c_save
2024-03-05 22:33:35,087 [INFO] CodeEngine:279 - Generated code: C:\Users\bozo2\Desktop\PI4\STM32_SubControllerV1\SubController\FATFS\Target\user_diskio.c
2024-03-05 22:33:35,103 [INFO] CodeEngine:255 - oldGeneratedFile, C:\Users\bozo2\Desktop\PI4\STM32_SubControllerV1\SubController\FATFS\Target\user_diskio.h_save
2024-03-05 22:33:35,162 [INFO] CodeEngine:279 - Generated code: C:\Users\bozo2\Desktop\PI4\STM32_SubControllerV1\SubController\FATFS\Target\user_diskio.h
2024-03-05 22:33:35,178 [INFO] CodeEngine:255 - oldGeneratedFile, C:\Users\bozo2\Desktop\PI4\STM32_SubControllerV1\SubController\FATFS\App\fatfs.c_save
2024-03-05 22:33:35,241 [INFO] CodeEngine:279 - Generated code: C:\Users\bozo2\Desktop\PI4\STM32_SubControllerV1\SubController\FATFS\App\fatfs.c
2024-03-05 22:33:35,256 [INFO] CodeEngine:255 - oldGeneratedFile, C:\Users\bozo2\Desktop\PI4\STM32_SubControllerV1\SubController\FATFS\App\fatfs.h_save
2024-03-05 22:33:35,324 [INFO] CodeEngine:279 - Generated code: C:\Users\bozo2\Desktop\PI4\STM32_SubControllerV1\SubController\FATFS\App\fatfs.h
2024-03-05 22:33:35,362 [INFO] CodeEngine:255 - oldGeneratedFile, C:\Users\bozo2\Desktop\PI4\STM32_SubControllerV1\SubController\Core\Src\stm32f4xx_it.c_save
2024-03-05 22:33:35,488 [INFO] CodeEngine:279 - Generated code: C:\Users\bozo2\Desktop\PI4\STM32_SubControllerV1\SubController\Core\Src\stm32f4xx_it.c
2024-03-05 22:33:35,514 [INFO] CodeEngine:255 - oldGeneratedFile, C:\Users\bozo2\Desktop\PI4\STM32_SubControllerV1\SubController\Core\Inc\stm32f4xx_it.h_save
2024-03-05 22:33:35,591 [INFO] CodeEngine:279 - Generated code: C:\Users\bozo2\Desktop\PI4\STM32_SubControllerV1\SubController\Core\Inc\stm32f4xx_it.h
2024-03-05 22:33:35,620 [INFO] CodeEngine:255 - oldGeneratedFile, C:\Users\bozo2\Desktop\PI4\STM32_SubControllerV1\SubController\Core\Src\stm32f4xx_hal_msp.c_save
2024-03-05 22:33:35,775 [INFO] CodeEngine:279 - Generated code: C:\Users\bozo2\Desktop\PI4\STM32_SubControllerV1\SubController\Core\Src\stm32f4xx_hal_msp.c
2024-03-05 22:33:35,795 [INFO] CodeEngine:255 - oldGeneratedFile, C:\Users\bozo2\Desktop\PI4\STM32_SubControllerV1\SubController\MXTmpFiles\system.tmp_save
2024-03-05 22:33:35,854 [INFO] CodeEngine:279 - Generated code: C:\Users\bozo2\Desktop\PI4\STM32_SubControllerV1\SubController\MXTmpFiles\system.tmp
2024-03-05 22:33:35,872 [INFO] CodeEngine:255 - oldGeneratedFile, C:\Users\bozo2\Desktop\PI4\STM32_SubControllerV1\SubController\Core\Src\stm32f4xx_hal_timebase_tim.c_save
2024-03-05 22:33:35,940 [INFO] CodeEngine:279 - Generated code: C:\Users\bozo2\Desktop\PI4\STM32_SubControllerV1\SubController\Core\Src\stm32f4xx_hal_timebase_tim.c
2024-03-05 22:33:35,965 [INFO] CodeEngine:311 - oldGeneratedFile, C:\Users\bozo2\Desktop\PI4\STM32_SubControllerV1\SubController\Core\Inc\stm32f4xx_hal_conf.h_save
2024-03-05 22:33:36,053 [INFO] CodeEngine:335 - Generated code: C:\Users\bozo2\Desktop\PI4\STM32_SubControllerV1\SubController\Core\Inc\stm32f4xx_hal_conf.h
2024-03-05 22:33:36,084 [WARN] IPConfigManager:2946 - Warning: the RefConfig PLL2P_FOR_MCO is not available in your config.xml file
2024-03-05 22:33:36,093 [WARN] IPConfigManager:3440 - IP not found : TIM
2024-03-05 22:33:36,093 [WARN] IPConfigManager:3440 - IP not found : USB_OTG
2024-03-05 22:33:36,095 [WARN] CodeGenerator:3939 - IP not found : null
2024-03-05 22:33:36,095 [WARN] CodeGenerator:3939 - IP not found : null
2024-03-05 22:33:36,120 [INFO] CodeEngine:255 - oldGeneratedFile, C:\Users\bozo2\Desktop\PI4\STM32_SubControllerV1\SubController\Core\Inc\main.h_save
2024-03-05 22:33:36,218 [INFO] CodeEngine:279 - Generated code: C:\Users\bozo2\Desktop\PI4\STM32_SubControllerV1\SubController\Core\Inc\main.h
2024-03-05 22:33:36,240 [INFO] CodeEngine:255 - oldGeneratedFile, C:\Users\bozo2\Desktop\PI4\STM32_SubControllerV1\SubController\Core\Src\main.c_save
2024-03-05 22:33:36,457 [INFO] CodeEngine:279 - Generated code: C:\Users\bozo2\Desktop\PI4\STM32_SubControllerV1\SubController\Core\Src\main.c
2024-03-05 22:33:37,274 [INFO] ProjectBuilder:3076 - Time for Copy HAL[1] : 367mS.
2024-03-05 22:33:37,287 [INFO] ProjectBuilder:4485 - Project Generator version: 4.2.0-B44
2024-03-05 22:33:37,508 [INFO] ConfigFileManager:1495 - The Die is : DIE421
2024-03-05 22:33:37,518 [INFO] ApiDbMcu:508 - Load IP Config File for LIBJPEG
2024-03-05 22:33:37,531 [INFO] ApiDbMcu:508 - Load IP Config File for MBEDTLS
2024-03-05 22:33:37,545 [INFO] ApiDbMcu:508 - Load IP Config File for USB_DEVICE
2024-03-05 22:33:37,556 [INFO] ApiDbMcu:508 - Load IP Config File for USB_HOST
2024-03-05 22:33:38,905 [INFO] LogOutputStream:77 - [STDOUT_REDIRECT] 
2024-03-05 22:33:41,720 [INFO] ProjectBuilder:4747 - Time for Generating toolchain IDE Files: 4433mS.
2024-03-05 22:33:41,722 [INFO] ProjectBuilder:2947 - Time for Copy CMSIS : 1mS.
2024-03-05 22:33:41,731 [INFO] ProjectBuilder:2947 - Time for Copy CMSIS : 0mS.
2024-03-05 22:37:47,750 [ERROR] LogOutputStream:75 - [STDERR_REDIRECT] 
