2024-02-06 20:46:18,916 [INFO] Activator:176 - 


2024-02-06 20:46:18,930 [INFO] Activator:177 - !SESSION log4j initialized
2024-02-06 20:46:34,185 [INFO] LogOutputStream:77 - [STDOUT_REDIRECT] 
2024-02-06 20:46:35,309 [INFO] ApplicationProperties:184 - Using Application install path: C:\ST\STM32CubeIDE_1.13.1\STM32CubeIDE\plugins\com.st.stm32cube.common.mx_6.10.0.202311202037
2024-02-06 20:46:35,331 [INFO] DbMcusXml:78 - Set database path to: C:\ST\STM32CubeIDE_1.13.1\STM32CubeIDE\plugins\com.st.stm32cube.common.mx_6.10.0.202311202037\\db\/mcu/
2024-02-06 20:46:35,331 [INFO] ApiDb:274 - Set plugin database path to: C:\ST\STM32CubeIDE_1.13.1\STM32CubeIDE\plugins\com.st.stm32cube.common.mx_6.10.0.202311202037\\db\/plugins/boardmanager/
2024-02-06 20:46:35,332 [WARN] ApiDb:259 - Overriding images path with different value:  => C:\ST\STM32CubeIDE_1.13.1\STM32CubeIDE\plugins\com.st.stm32cube.common.mx_6.10.0.202311202037\\db\/plugins/mcufinder/images/
2024-02-06 20:46:35,349 [INFO] ApiDb:250 - Set database path to: C:\Users\bozo2\.stmcufinder\plugins\mcufinder//mcu/
2024-02-06 20:46:35,350 [INFO] DbMcusAds:125 - Set database path to: C:\Users\bozo2\.stmcufinder\plugins\mcufinder//mcu/
2024-02-06 20:46:35,354 [INFO] CrossReferenceDbSqlite:203 - Set database path to: C:\Users\bozo2\.stmcufinder\plugins\mcufinder//mcu/cs/
2024-02-06 20:46:35,488 [INFO] RulesReader:64 - Compatibility file has been processed (297 Rules)
2024-02-06 20:46:35,583 [INFO] DbMcusXml:78 - Set database path to: C:\ST\STM32CubeIDE_1.13.1\STM32CubeIDE\plugins\com.st.stm32cube.common.mx_6.10.0.202311202037\\db\/mcu/
2024-02-06 20:46:35,583 [INFO] ApiDb:274 - Set plugin database path to: C:\ST\STM32CubeIDE_1.13.1\STM32CubeIDE\plugins\com.st.stm32cube.common.mx_6.10.0.202311202037\\db\/plugins/boardmanager/
2024-02-06 20:46:35,583 [INFO] ApiDb:261 - Set plugin images path to: C:\ST\STM32CubeIDE_1.13.1\STM32CubeIDE\plugins\com.st.stm32cube.common.mx_6.10.0.202311202037\\db\/plugins/mcufinder/images/
2024-02-06 20:46:35,583 [WARN] DbFile:41 - Overriding database path with different value: C:\Users\bozo2\.stmcufinder\plugins\mcufinder/ => C:\Users\bozo2\.stmcufinder\plugins\mcufinder
2024-02-06 20:46:35,583 [INFO] ApiDb:250 - Set database path to: C:\Users\bozo2\.stmcufinder\plugins\mcufinder//mcu/
2024-02-06 20:46:35,583 [WARN] DbFile:41 - Overriding database path with different value: C:\Users\bozo2\.stmcufinder\plugins\mcufinder/ => C:\Users\bozo2\.stmcufinder\plugins\mcufinder
2024-02-06 20:46:35,583 [INFO] DbMcusAds:125 - Set database path to: C:\Users\bozo2\.stmcufinder\plugins\mcufinder//mcu/
2024-02-06 20:46:35,583 [WARN] DbFile:41 - Overriding database path with different value: C:\Users\bozo2\.stmcufinder\plugins\mcufinder/ => C:\Users\bozo2\.stmcufinder\plugins\mcufinder
2024-02-06 20:46:35,583 [WARN] DbFile:41 - Overriding database path with different value: C:\Users\bozo2\.stmcufinder\plugins\mcufinder/ => C:\Users\bozo2\.stmcufinder\plugins\mcufinder
2024-02-06 20:46:35,583 [INFO] CrossReferenceDbSqlite:203 - Set database path to: C:\Users\bozo2\.stmcufinder\plugins\mcufinder//mcu/cs/
2024-02-06 20:46:35,678 [INFO] MainPanel:264 - HeapMemory: 268435456
2024-02-06 20:46:35,798 [INFO] DbMcusXml:78 - Set database path to: C:\ST\STM32CubeIDE_1.13.1\STM32CubeIDE\plugins\com.st.stm32cube.common.mx_6.10.0.202311202037\\db\/mcu/
2024-02-06 20:46:35,798 [INFO] ApiDb:274 - Set plugin database path to: C:\ST\STM32CubeIDE_1.13.1\STM32CubeIDE\plugins\com.st.stm32cube.common.mx_6.10.0.202311202037\\db\/plugins/boardmanager/
2024-02-06 20:46:35,798 [INFO] ApiDb:261 - Set plugin images path to: C:\ST\STM32CubeIDE_1.13.1\STM32CubeIDE\plugins\com.st.stm32cube.common.mx_6.10.0.202311202037\\db\/plugins/mcufinder/images/
2024-02-06 20:46:35,798 [WARN] DbFile:41 - Overriding database path with different value: C:\Users\bozo2\.stmcufinder\plugins\mcufinder/ => C:\Users\bozo2\.stmcufinder\plugins\mcufinder
2024-02-06 20:46:35,800 [INFO] ApiDb:250 - Set database path to: C:\Users\bozo2\.stmcufinder\plugins\mcufinder//mcu/
2024-02-06 20:46:35,800 [WARN] DbFile:41 - Overriding database path with different value: C:\Users\bozo2\.stmcufinder\plugins\mcufinder/ => C:\Users\bozo2\.stmcufinder\plugins\mcufinder
2024-02-06 20:46:35,800 [INFO] DbMcusAds:125 - Set database path to: C:\Users\bozo2\.stmcufinder\plugins\mcufinder//mcu/
2024-02-06 20:46:35,800 [WARN] DbFile:41 - Overriding database path with different value: C:\Users\bozo2\.stmcufinder\plugins\mcufinder/ => C:\Users\bozo2\.stmcufinder\plugins\mcufinder
2024-02-06 20:46:35,800 [WARN] DbFile:41 - Overriding database path with different value: C:\Users\bozo2\.stmcufinder\plugins\mcufinder/ => C:\Users\bozo2\.stmcufinder\plugins\mcufinder
2024-02-06 20:46:35,800 [INFO] CrossReferenceDbSqlite:203 - Set database path to: C:\Users\bozo2\.stmcufinder\plugins\mcufinder//mcu/cs/
2024-02-06 20:46:35,822 [INFO] ApplicationProperties:184 - Using Application install path: C:\ST\STM32CubeIDE_1.13.1\STM32CubeIDE\plugins\com.st.stm32cube.common.mx_6.10.0.202311202037
2024-02-06 20:46:35,824 [INFO] PluginManage:196 - Search for loadable plugins [exclusion list=, ]
2024-02-06 20:46:35,825 [INFO] PluginManage:310 - Check plugin analytics
2024-02-06 20:46:36,043 [INFO] AnalyticsPlugin:253 - Accepted Software Licenses: STM32CubeMX.6.8.1
2024-02-06 20:46:36,045 [INFO] AnalyticsPlugin:255 - Accepted CMSIS Pack Licenses: 
2024-02-06 20:46:36,045 [INFO] AnalyticsPlugin:257 - Accepted Firmware Licenses: FW.H7.1.11.0,FW.F4.1.27.0
2024-02-06 20:46:36,047 [INFO] PluginManage:359 - Loaded plugin analytics (category:tool,tabindex:-1)
2024-02-06 20:46:36,048 [INFO] PluginManage:310 - Check plugin cadmodel
2024-02-06 20:46:36,066 [INFO] CADModel:105 - Init CAD model plugin
2024-02-06 20:46:36,066 [INFO] PluginManage:359 - Loaded plugin cadmodel (category:power,tabindex:5)
2024-02-06 20:46:36,066 [INFO] PluginManage:310 - Check plugin clock
2024-02-06 20:46:36,092 [INFO] PluginManage:359 - Loaded plugin clock (category:base,tabindex:2)
2024-02-06 20:46:36,092 [INFO] PluginManage:310 - Check plugin ddr
2024-02-06 20:46:36,095 [INFO] PluginManage:359 - Loaded plugin ddr (category:tool,tabindex:6)
2024-02-06 20:46:36,096 [INFO] PluginManage:310 - Check plugin filemanager
2024-02-06 20:46:36,277 [INFO] PluginManage:359 - Loaded plugin filemanager (category:base,tabindex:10)
2024-02-06 20:46:36,278 [INFO] PluginManage:310 - Check plugin ipmanager
2024-02-06 20:46:36,283 [INFO] PluginManage:359 - Loaded plugin ipmanager (category:base,tabindex:5)
2024-02-06 20:46:36,285 [INFO] PluginManage:310 - Check plugin lpbam
2024-02-06 20:46:36,304 [INFO] PluginManage:359 - Loaded plugin lpbam (category:base,tabindex:0)
2024-02-06 20:46:36,305 [INFO] PluginManage:310 - Check plugin memorymap
2024-02-06 20:46:36,330 [INFO] PluginManage:359 - Loaded plugin memorymap (category:base,tabindex:4)
2024-02-06 20:46:36,330 [INFO] PluginManage:310 - Check plugin pinoutandconfiguration
2024-02-06 20:46:36,347 [INFO] PluginManage:359 - Loaded plugin pinoutandconfiguration (category:base,tabindex:1)
2024-02-06 20:46:36,347 [INFO] PluginManage:310 - Check plugin pinoutconfig
2024-02-06 20:46:36,461 [WARN] SupportedApi:132 - Cannot load RTOS API schema: s4s-elt-must-match.1: The content of 'definitions' must match (annotation?, (simpleType | complexType)?, (unique | key | keyref)*)). A problem was found starting at: attribute.
2024-02-06 20:46:36,629 [INFO] PluginManage:359 - Loaded plugin pinoutconfig (category:base,tabindex:0)
2024-02-06 20:46:36,629 [INFO] PluginManage:310 - Check plugin power
2024-02-06 20:46:36,652 [INFO] PluginManage:359 - Loaded plugin power (category:power,tabindex:4)
2024-02-06 20:46:36,653 [INFO] PluginManage:310 - Check plugin projectmanager
2024-02-06 20:46:36,673 [INFO] PluginManage:359 - Loaded plugin projectmanager (category:projectmanager,tabindex:3)
2024-02-06 20:46:36,673 [INFO] PluginManage:310 - Check plugin thirdparty
2024-02-06 20:46:36,996 [INFO] PluginManage:359 - Loaded plugin thirdparty (category:base,tabindex:-1)
2024-02-06 20:46:36,996 [INFO] PluginManage:310 - Check plugin tools
2024-02-06 20:46:36,996 [WARN] IntegrityCheckThread:84 - waiting for thirdparty lock release [integrity check]
2024-02-06 20:46:36,996 [INFO] IntegrityCheckThread:86 - entering critical section [integrity check]
2024-02-06 20:46:36,996 [INFO] ThirdPartyUpdaterWithRetryManager:70 - Updater plugin not ready yet. [1/15]
2024-02-06 20:46:37,031 [INFO] PluginManage:359 - Loaded plugin tools (category:base,tabindex:7)
2024-02-06 20:46:37,032 [INFO] PluginManage:310 - Check plugin tutovideos
2024-02-06 20:46:37,262 [INFO] PluginManage:359 - Loaded plugin tutovideos (category:base,tabindex:-1)
2024-02-06 20:46:37,262 [INFO] PluginManage:310 - Check plugin updater
2024-02-06 20:46:37,278 [INFO] PluginManage:359 - Loaded plugin updater (category:base,tabindex:12)
2024-02-06 20:46:37,278 [INFO] PluginManage:310 - Check plugin userauth
2024-02-06 20:46:37,283 [INFO] UserAuth:114 - Init User Auth plugin
2024-02-06 20:46:37,283 [INFO] PluginManage:359 - Loaded plugin userauth (category:base,tabindex:14)
2024-02-06 20:46:37,284 [INFO] PluginManage:283 - PluginManage : Loaded plugins [17]
2024-02-06 20:46:37,543 [INFO] PinOutPanel:1499 - setPackage(No Configuration,No Configuration)
2024-02-06 20:46:37,624 [INFO] CADModel:165 - CPN selected for project level
2024-02-06 20:46:37,624 [INFO] CADModel:114 - Register for checkConnection events
2024-02-06 20:46:37,651 [INFO] IPUIPlugin:80 - create IPUIPlugin
2024-02-06 20:46:37,651 [INFO] PluginManager:220 - loadIPPluginJar : add adc
2024-02-06 20:46:37,686 [INFO] IPUIPlugin:80 - create IPUIPlugin
2024-02-06 20:46:37,688 [INFO] PluginManager:220 - loadIPPluginJar : add aes
2024-02-06 20:46:37,729 [INFO] IPUIPlugin:80 - create IPUIPlugin
2024-02-06 20:46:37,729 [INFO] PluginManager:220 - loadIPPluginJar : add can
2024-02-06 20:46:37,755 [INFO] IPUIPlugin:80 - create IPUIPlugin
2024-02-06 20:46:37,755 [INFO] PluginManager:220 - loadIPPluginJar : add comp
2024-02-06 20:46:37,788 [INFO] IPUIPlugin:80 - create IPUIPlugin
2024-02-06 20:46:37,788 [INFO] PluginManager:220 - loadIPPluginJar : add cryp
2024-02-06 20:46:37,819 [INFO] IPUIPlugin:80 - create IPUIPlugin
2024-02-06 20:46:37,819 [INFO] PluginManager:220 - loadIPPluginJar : add dfsdm
2024-02-06 20:46:37,833 [INFO] IPUIPlugin:80 - create IPUIPlugin
2024-02-06 20:46:37,835 [INFO] PluginManager:220 - loadIPPluginJar : add dma
2024-02-06 20:46:37,880 [INFO] IPUIPlugin:80 - create IPUIPlugin
2024-02-06 20:46:37,880 [INFO] PluginManager:220 - loadIPPluginJar : add dma3
2024-02-06 20:46:37,901 [INFO] IPUIPlugin:80 - create IPUIPlugin
2024-02-06 20:46:37,901 [INFO] PluginManager:220 - loadIPPluginJar : add fatfs
2024-02-06 20:46:37,948 [INFO] IPUIPlugin:80 - create IPUIPlugin
2024-02-06 20:46:37,948 [INFO] PluginManager:220 - loadIPPluginJar : add fmc
2024-02-06 20:46:37,965 [INFO] IPUIPlugin:80 - create IPUIPlugin
2024-02-06 20:46:37,965 [INFO] PluginManager:220 - loadIPPluginJar : add freertos
2024-02-06 20:46:37,985 [INFO] IPUIPlugin:80 - create IPUIPlugin
2024-02-06 20:46:37,985 [INFO] PluginManager:220 - loadIPPluginJar : add genericplugin
2024-02-06 20:46:38,081 [INFO] IPUIPlugin:80 - create IPUIPlugin
2024-02-06 20:46:38,081 [INFO] PluginManager:220 - loadIPPluginJar : add gfxmmu
2024-02-06 20:46:38,218 [INFO] IPUIPlugin:80 - create IPUIPlugin
2024-02-06 20:46:38,218 [INFO] PluginManager:220 - loadIPPluginJar : add gic
2024-02-06 20:46:38,232 [INFO] IPUIPlugin:80 - create IPUIPlugin
2024-02-06 20:46:38,232 [INFO] PluginManager:220 - loadIPPluginJar : add gpio
2024-02-06 20:46:38,329 [INFO] IPUIPlugin:80 - create IPUIPlugin
2024-02-06 20:46:38,330 [INFO] PluginManager:220 - loadIPPluginJar : add gtzc
2024-02-06 20:46:38,363 [INFO] IPUIPlugin:80 - create IPUIPlugin
2024-02-06 20:46:38,363 [INFO] PluginManager:220 - loadIPPluginJar : add hash
2024-02-06 20:46:38,426 [INFO] IPUIPlugin:80 - create IPUIPlugin
2024-02-06 20:46:38,426 [INFO] PluginManager:220 - loadIPPluginJar : add i2c
2024-02-06 20:46:38,465 [INFO] IPUIPlugin:80 - create IPUIPlugin
2024-02-06 20:46:38,465 [INFO] PluginManager:220 - loadIPPluginJar : add i2s
2024-02-06 20:46:38,510 [INFO] IPUIPlugin:80 - create IPUIPlugin
2024-02-06 20:46:38,510 [INFO] PluginManager:220 - loadIPPluginJar : add i3c
2024-02-06 20:46:38,620 [INFO] IPUIPlugin:80 - create IPUIPlugin
2024-02-06 20:46:38,620 [INFO] PluginManager:220 - loadIPPluginJar : add ipddr
2024-02-06 20:46:38,711 [INFO] IPUIPlugin:80 - create IPUIPlugin
2024-02-06 20:46:38,711 [INFO] PluginManager:220 - loadIPPluginJar : add linkedlist
2024-02-06 20:46:38,748 [INFO] IPUIPlugin:80 - create IPUIPlugin
2024-02-06 20:46:38,748 [INFO] PluginManager:220 - loadIPPluginJar : add lorawan
2024-02-06 20:46:38,783 [INFO] IPUIPlugin:80 - create IPUIPlugin
2024-02-06 20:46:38,785 [INFO] PluginManager:220 - loadIPPluginJar : add ltdc
2024-02-06 20:46:38,799 [INFO] IPUIPlugin:80 - create IPUIPlugin
2024-02-06 20:46:38,799 [INFO] PluginManager:220 - loadIPPluginJar : add mdma
2024-02-06 20:46:38,813 [INFO] IPUIPlugin:80 - create IPUIPlugin
2024-02-06 20:46:38,813 [INFO] PluginManager:220 - loadIPPluginJar : add nvic
2024-02-06 20:46:38,852 [INFO] IPUIPlugin:80 - create IPUIPlugin
2024-02-06 20:46:38,852 [INFO] PluginManager:220 - loadIPPluginJar : add opamp
2024-02-06 20:46:38,920 [INFO] IPUIPlugin:80 - create IPUIPlugin
2024-02-06 20:46:38,921 [INFO] PluginManager:220 - loadIPPluginJar : add openamp
2024-02-06 20:46:38,963 [INFO] IPUIPlugin:80 - create IPUIPlugin
2024-02-06 20:46:38,963 [INFO] PluginManager:220 - loadIPPluginJar : add pdm2pcm
2024-02-06 20:46:38,979 [INFO] IPUIPlugin:80 - create IPUIPlugin
2024-02-06 20:46:38,981 [INFO] PluginManager:220 - loadIPPluginJar : add plateformsettings
2024-02-06 20:46:39,005 [INFO] IPUIPlugin:80 - create IPUIPlugin
2024-02-06 20:46:39,006 [INFO] PluginManager:220 - loadIPPluginJar : add quadspi
2024-02-06 20:46:39,018 [INFO] IPUIPlugin:80 - create IPUIPlugin
2024-02-06 20:46:39,018 [INFO] PluginManager:220 - loadIPPluginJar : add resmgrutility
2024-02-06 20:46:39,070 [INFO] IPUIPlugin:80 - create IPUIPlugin
2024-02-06 20:46:39,070 [INFO] PluginManager:220 - loadIPPluginJar : add sai
2024-02-06 20:46:39,109 [INFO] IPUIPlugin:80 - create IPUIPlugin
2024-02-06 20:46:39,109 [INFO] PluginManager:220 - loadIPPluginJar : add spi
2024-02-06 20:46:39,180 [INFO] IPUIPlugin:80 - create IPUIPlugin
2024-02-06 20:46:39,180 [INFO] PluginManager:220 - loadIPPluginJar : add stm32_wpan
2024-02-06 20:46:39,203 [INFO] IPUIPlugin:80 - create IPUIPlugin
2024-02-06 20:46:39,203 [INFO] PluginManager:220 - loadIPPluginJar : add tim
2024-02-06 20:46:39,265 [INFO] IPUIPlugin:80 - create IPUIPlugin
2024-02-06 20:46:39,265 [INFO] PluginManager:220 - loadIPPluginJar : add touchsensing
2024-02-06 20:46:39,290 [INFO] IPUIPlugin:80 - create IPUIPlugin
2024-02-06 20:46:39,290 [INFO] PluginManager:220 - loadIPPluginJar : add tracer_emb
2024-02-06 20:46:39,313 [INFO] IPUIPlugin:80 - create IPUIPlugin
2024-02-06 20:46:39,313 [INFO] PluginManager:220 - loadIPPluginJar : add ts
2024-02-06 20:46:39,335 [INFO] IPUIPlugin:80 - create IPUIPlugin
2024-02-06 20:46:39,335 [INFO] PluginManager:220 - loadIPPluginJar : add tsc
2024-02-06 20:46:39,355 [INFO] IPUIPlugin:80 - create IPUIPlugin
2024-02-06 20:46:39,356 [INFO] PluginManager:220 - loadIPPluginJar : add ucpd
2024-02-06 20:46:39,400 [INFO] IPUIPlugin:80 - create IPUIPlugin
2024-02-06 20:46:39,400 [INFO] PluginManager:220 - loadIPPluginJar : add usart
2024-02-06 20:46:39,448 [INFO] IPUIPlugin:80 - create IPUIPlugin
2024-02-06 20:46:39,448 [INFO] PluginManager:220 - loadIPPluginJar : add usbx
2024-02-06 20:46:39,588 [INFO] CADModel:165 - CPN selected for project level
2024-02-06 20:46:39,588 [INFO] CADModel:114 - Register for checkConnection events
2024-02-06 20:46:39,588 [FATAL] Updater:308 - Updater called before beeing initialized
2024-02-06 20:46:39,589 [ERROR] CADModel:125 - Updater not yet initialized, retry later 
2024-02-06 20:46:39,748 [INFO] CADModel:165 - CPN selected for project level
2024-02-06 20:46:39,748 [INFO] CADModel:114 - Register for checkConnection events
2024-02-06 20:46:39,748 [FATAL] Updater:308 - Updater called before beeing initialized
2024-02-06 20:46:39,748 [ERROR] CADModel:125 - Updater not yet initialized, retry later 
2024-02-06 20:46:39,751 [FATAL] Updater:308 - Updater called before beeing initialized
2024-02-06 20:46:39,863 [FATAL] Updater:308 - Updater called before beeing initialized
2024-02-06 20:46:39,871 [INFO] DbMcusAds:53 - JSON generation date=Wed Nov 29 05:52:27 EST 2023 (1701255147200)
2024-02-06 20:46:39,871 [FATAL] Updater:308 - Updater called before beeing initialized
2024-02-06 20:46:39,956 [WARN] DetailPanel:346 - Failed to get advertising image, set to default
2024-02-06 20:46:39,997 [INFO] ThirdPartyUpdaterWithRetryManager:70 - Updater plugin not ready yet. [2/15]
2024-02-06 20:46:40,064 [FATAL] Updater:308 - Updater called before beeing initialized
2024-02-06 20:46:40,065 [FATAL] Updater:308 - Updater called before beeing initialized
2024-02-06 20:46:40,066 [FATAL] Updater:308 - Updater called before beeing initialized
2024-02-06 20:46:40,066 [WARN] DetailPanel:346 - Failed to get advertising image, set to default
2024-02-06 20:46:40,066 [FATAL] Updater:308 - Updater called before beeing initialized
2024-02-06 20:46:40,157 [ERROR] Updater:1120 - MainUpdater not yet initialized. External WinMGr cannot be set.
2024-02-06 20:46:40,181 [INFO] Updater:1056 - Updater Version found : 6.10.0
2024-02-06 20:46:40,199 [INFO] ApplicationProperties:184 - Using Application install path: C:\ST\STM32CubeIDE_1.13.1\STM32CubeIDE\plugins\com.st.stm32cube.common.mx_6.10.0.202311202037
2024-02-06 20:46:40,602 [INFO] MainUpdater:2873 - connection check result : 10
2024-02-06 20:46:40,602 [INFO] MainUpdater:290 - Updater Check For Update Now.
2024-02-06 20:46:40,602 [INFO] MicroXplorer:498 - Change Database Version : DB.6.0.100
2024-02-06 20:46:40,619 [INFO] McuFinderGlobals:63 - Set McuFinder mode to 2 (CubeIDE integrated)
2024-02-06 20:46:40,636 [INFO] UserAuth:404 - Internet connection configuration mode: 1
2024-02-06 20:46:40,666 [INFO] JxBrowserEngine:152 - Initiate JxBrowser Engine with user profile folder
2024-02-06 20:46:40,807 [INFO] CheckServerUpdateThread:120 - End of CheckServer Thread
2024-02-06 20:46:43,216 [WARN] PackLoader:240 - Cannot read IP mode file for STMicroelectronics.X-CUBE-SMBUS.2.1.0
2024-02-06 20:46:43,234 [WARN] PackLoader:240 - Cannot read IP mode file for STMicroelectronics.X-CUBE-TOUCHGFX.4.23.0
2024-02-06 20:46:43,272 [WARN] PackLoader:240 - Cannot read IP mode file for STMicroelectronics.X-CUBE-AZRTOS-F7.1.1.0
2024-02-06 20:46:43,295 [WARN] PackLoader:240 - Cannot read IP mode file for STMicroelectronics.FP-SNS-MOTENV1.4.3.2
2024-02-06 20:46:43,319 [WARN] PackLoader:240 - Cannot read IP mode file for STMicroelectronics.FP-SNS-FLIGHT1.5.0.1
2024-02-06 20:46:43,336 [WARN] PackLoader:240 - Cannot read IP mode file for STMicroelectronics.X-CUBE-BLE1.6.2.4
2024-02-06 20:46:43,353 [WARN] PackLoader:240 - Cannot read IP mode file for STMicroelectronics.FP-SNS-FLIGHT1.5.0.2
2024-02-06 20:46:43,373 [WARN] PackLoader:240 - Cannot read IP mode file for STMicroelectronics.X-CUBE-DISPLAY.3.0.0
2024-02-06 20:46:43,402 [WARN] PackLoader:240 - Cannot read IP mode file for STMicroelectronics.X-CUBE-BLE1.7.0.0
2024-02-06 20:46:43,424 [WARN] PackLoader:240 - Cannot read IP mode file for emotas.I-CUBE-CANOPEN.1.3.0
2024-02-06 20:46:43,443 [WARN] PackLoader:240 - Cannot read IP mode file for STMicroelectronics.X-CUBE-TOUCHGFX.4.22.0
2024-02-06 20:46:43,468 [WARN] PackLoader:240 - Cannot read IP mode file for STMicroelectronics.X-CUBE-TOUCHGFX.4.22.1
2024-02-06 20:46:43,487 [WARN] PackLoader:240 - Cannot read IP mode file for STMicroelectronics.FP-SNS-SMARTAG2.1.2.0
2024-02-06 20:46:43,518 [INFO] LogOutputStream:77 - [STDOUT_REDIRECT] 1 : Invalid condition id : UX_CORESTACK_Condition cause : null
2024-02-06 20:46:43,519 [INFO] LogOutputStream:77 - [STDOUT_REDIRECT] 1 : Invalid condition id : UX_CORESTACK_Condition cause : null
2024-02-06 20:46:43,521 [INFO] LogOutputStream:77 - [STDOUT_REDIRECT] 1 : Invalid condition id : UX_CORESTACK_Condition cause : null
2024-02-06 20:46:43,522 [INFO] LogOutputStream:77 - [STDOUT_REDIRECT] 1 : Invalid condition id : UX_CORESTACK_Condition cause : null
2024-02-06 20:46:43,523 [INFO] LogOutputStream:77 - [STDOUT_REDIRECT] 1 : Invalid condition id : UX_CORESTACK_Condition cause : null
2024-02-06 20:46:43,528 [WARN] PackLoader:240 - Cannot read IP mode file for STMicroelectronics.X-CUBE-AZRTOS-WL.2.0.0
2024-02-06 20:46:43,607 [WARN] PackLoader:240 - Cannot read IP mode file for WES.I-CUBE-Cesium.1.3.0
2024-02-06 20:46:43,627 [WARN] PackLoader:240 - Cannot read IP mode file for STMicroelectronics.X-CUBE-BLE2.3.3.0
2024-02-06 20:46:43,648 [WARN] PackLoader:240 - Cannot read IP mode file for STMicroelectronics.X-CUBE-ALGOBUILD.1.3.0
2024-02-06 20:46:43,825 [WARN] PackLoader:240 - Cannot read IP mode file for STMicroelectronics.X-CUBE-AZRTOS-G0.1.1.0
2024-02-06 20:46:43,850 [WARN] PackLoader:240 - Cannot read IP mode file for STMicroelectronics.X-CUBE-NFC4.3.0.0
2024-02-06 20:46:43,872 [WARN] PackLoader:240 - Cannot read IP mode file for STMicroelectronics.X-CUBE-BLEMGR.3.0.0
2024-02-06 20:46:43,891 [WARN] PackLoader:240 - Cannot read IP mode file for STMicroelectronics.FP-ATR-SIGFOX1.3.2.0
2024-02-06 20:46:43,914 [WARN] PackLoader:240 - Cannot read IP mode file for STMicroelectronics.X-CUBE-EEPRMA1.5.1.0
2024-02-06 20:46:44,008 [WARN] PackLoader:240 - Cannot read IP mode file for SEGGER.I-CUBE-embOS.1.3.1
2024-02-06 20:46:44,123 [WARN] PackLoader:240 - Cannot read IP mode file for STMicroelectronics.X-CUBE-GNSS1.6.0.0
2024-02-06 20:46:44,310 [WARN] PackLoader:240 - Cannot read IP mode file for STMicroelectronics.X-CUBE-AZRTOS-F4.1.1.0
2024-02-06 20:46:44,444 [WARN] PackLoader:240 - Cannot read IP mode file for wolfSSL.I-CUBE-wolfSSL.5.6.3
2024-02-06 20:46:44,524 [WARN] PackLoader:240 - Cannot read IP mode file for STMicroelectronics.X-CUBE-AZRTOS-L5.2.0.0
2024-02-06 20:46:44,628 [WARN] PackLoader:240 - Cannot read IP mode file for STMicroelectronics.X-CUBE-MEMS1.9.6.0
2024-02-06 20:46:44,675 [INFO] WebApp:161 - Instantiating new browser for Auth
2024-02-06 20:46:44,891 [WARN] PackLoader:240 - Cannot read IP mode file for STMicroelectronics.X-CUBE-EEPRMA1.4.2.0
2024-02-06 20:46:44,941 [WARN] PackLoader:240 - Cannot read IP mode file for ITTIA_DB.I-CUBE-ITTIADB.8.8.0
2024-02-06 20:46:44,996 [WARN] PackLoader:240 - Cannot read IP mode file for STMicroelectronics.X-CUBE-BLEMGR.2.0.0
2024-02-06 20:46:45,087 [WARN] ConditionMgr:438 - getConditionDescription Invalid condition id : UX DEVICE CLASS RTOS Condition cause : null
2024-02-06 20:46:45,088 [WARN] ConditionMgr:438 - getConditionDescription Invalid condition id : UX DEVICE CLASS RTOS Condition cause : null
2024-02-06 20:46:45,092 [WARN] PackLoader:240 - Cannot read IP mode file for STMicroelectronics.X-CUBE-AZRTOS-H7.3.1.0
2024-02-06 20:46:45,109 [WARN] ConditionMgr:1039 - genDependencies : Invalid condition id : UX DEVICE CLASS RTOS Condition cause : null
2024-02-06 20:46:45,109 [WARN] ConditionMgr:1039 - genDependencies : Invalid condition id : UX DEVICE CLASS RTOS Condition cause : null
2024-02-06 20:46:45,111 [WARN] ConditionMgr:1039 - genDependencies : Invalid condition id : UX DEVICE CLASS RTOS Condition cause : null
2024-02-06 20:46:45,121 [WARN] ConditionMgr:1039 - genDependencies : Invalid condition id : UX DEVICE CLASS RTOS Condition cause : null
2024-02-06 20:46:45,121 [WARN] ConditionMgr:1039 - genDependencies : Invalid condition id : UX DEVICE CLASS RTOS Condition cause : null
2024-02-06 20:46:45,175 [WARN] PackLoader:240 - Cannot read IP mode file for STMicroelectronics.X-CUBE-NFC7.1.0.1
2024-02-06 20:46:45,197 [WARN] PackLoader:240 - Cannot read IP mode file for STMicroelectronics.X-CUBE-NFC6.3.0.0
2024-02-06 20:46:45,223 [WARN] PackLoader:240 - Cannot read IP mode file for STMicroelectronics.X-CUBE-EEPRMA1.4.1.0
2024-02-06 20:46:45,250 [WARN] PackLoader:240 - Cannot read IP mode file for STMicroelectronics.X-CUBE-AI.8.1.0
2024-02-06 20:46:45,296 [WARN] ConditionMgr:438 - getConditionDescription Invalid condition id : LAN8742 Phy interface Condition cause : null
2024-02-06 20:46:45,297 [WARN] PackLoader:240 - Cannot read IP mode file for STMicroelectronics.X-CUBE-AZRTOS-L4.2.0.0
2024-02-06 20:46:45,300 [WARN] ConditionMgr:1039 - genDependencies : Invalid condition id : LAN8742 Phy interface Condition cause : null
2024-02-06 20:46:45,301 [WARN] ConditionMgr:1039 - genDependencies : Invalid condition id : LAN8742 Phy interface Condition cause : null
2024-02-06 20:46:45,301 [WARN] ConditionMgr:1039 - genDependencies : Invalid condition id : LAN8742 Phy interface Condition cause : null
2024-02-06 20:46:45,326 [WARN] PackLoader:240 - Cannot read IP mode file for STMicroelectronics.X-CUBE-SFXS2LP1.4.0.0
2024-02-06 20:46:45,351 [WARN] PackLoader:240 - Cannot read IP mode file for STMicroelectronics.X-CUBE-ISPU.1.1.0
2024-02-06 20:46:45,386 [WARN] ConditionMgr:438 - getConditionDescription Invalid condition id : UX DEVICE CLASS RTOS Condition cause : null
2024-02-06 20:46:45,386 [WARN] ConditionMgr:438 - getConditionDescription Invalid condition id : UX DEVICE CLASS RTOS Condition cause : null
2024-02-06 20:46:45,388 [WARN] PackLoader:240 - Cannot read IP mode file for STMicroelectronics.X-CUBE-AZRTOS-WB.2.0.0
2024-02-06 20:46:45,388 [WARN] ConditionMgr:1039 - genDependencies : Invalid condition id : UX DEVICE CLASS RTOS Condition cause : null
2024-02-06 20:46:45,388 [WARN] ConditionMgr:1039 - genDependencies : Invalid condition id : UX DEVICE CLASS RTOS Condition cause : null
2024-02-06 20:46:45,389 [WARN] ConditionMgr:1039 - genDependencies : Invalid condition id : UX DEVICE CLASS RTOS Condition cause : null
2024-02-06 20:46:45,389 [WARN] ConditionMgr:1039 - genDependencies : Invalid condition id : UX DEVICE CLASS RTOS Condition cause : null
2024-02-06 20:46:45,389 [WARN] ConditionMgr:1039 - genDependencies : Invalid condition id : UX DEVICE CLASS RTOS Condition cause : null
2024-02-06 20:46:45,407 [WARN] PackLoader:240 - Cannot read IP mode file for STMicroelectronics.X-CUBE-FREERTOS.1.0.1
2024-02-06 20:46:45,438 [WARN] PackLoader:240 - Cannot read IP mode file for STMicroelectronics.X-CUBE-AZRTOS-L5.1.1.0
2024-02-06 20:46:45,454 [WARN] PackLoader:240 - Cannot read IP mode file for STMicroelectronics.X-CUBE-AI.8.0.1
2024-02-06 20:46:45,482 [WARN] PackLoader:240 - Cannot read IP mode file for STMicroelectronics.X-CUBE-SUBG2.5.0.0
2024-02-06 20:46:45,512 [WARN] PackLoader:240 - Cannot read IP mode file for STMicroelectronics.X-CUBE-TOF1.3.3.1
2024-02-06 20:46:45,555 [WARN] PackLoader:240 - Cannot read IP mode file for STMicroelectronics.X-CUBE-AZRTOS-G4.2.0.0
2024-02-06 20:46:45,586 [WARN] PackLoader:240 - Cannot read IP mode file for STMicroelectronics.X-CUBE-TOF1.3.3.0
2024-02-06 20:46:45,624 [WARN] PackLoader:240 - Cannot read IP mode file for Infineon.AIROC-Wi-Fi-Bluetooth-STM32.1.5.1
2024-02-06 20:46:45,646 [WARN] PackLoader:240 - Cannot read IP mode file for STMicroelectronics.FP-SNS-MOTENVWB1.1.3.1
2024-02-06 20:46:45,671 [WARN] PackLoader:240 - Cannot read IP mode file for STMicroelectronics.X-CUBE-ISPU.2.0.0
2024-02-06 20:46:45,751 [WARN] PackLoader:240 - Cannot read IP mode file for STMicroelectronics.X-CUBE-MEMS1.10.0.0
2024-02-06 20:46:45,976 [WARN] PackLoader:240 - Cannot read IP mode file for STMicroelectronics.X-CUBE-FREERTOS.1.1.0
2024-02-06 20:46:46,007 [WARN] PackLoader:240 - Cannot read IP mode file for portGmbH.I-Cube-SoM-uGOAL.1.1.0
2024-02-06 20:46:46,026 [WARN] PackLoader:240 - Cannot read IP mode file for STMicroelectronics.X-CUBE-ALS.1.0.1
2024-02-06 20:46:46,064 [WARN] PackLoader:240 - Cannot read IP mode file for STMicroelectronics.X-CUBE-AZRTOS-WB.1.1.0
2024-02-06 20:46:46,093 [WARN] PackLoader:240 - Cannot read IP mode file for STMicroelectronics.FP-ATR-ASTRA1.2.0.0
2024-02-06 20:46:46,138 [WARN] PackLoader:240 - Cannot read IP mode file for STMicroelectronics.X-CUBE-TOF1.3.4.0
2024-02-06 20:46:46,202 [WARN] PackLoader:240 - Cannot read IP mode file for STMicroelectronics.X-CUBE-AZRTOS-H7.3.2.0
2024-02-06 20:46:46,207 [INFO] ThirdParty:978 - Integrity check success = true
2024-02-06 20:46:46,207 [INFO] IntegrityCheckThread:100 - exiting critical section [integrity check]
2024-02-06 20:46:46,207 [INFO] IntegrityCheckThread:103 - End integrity checks thread
2024-02-06 20:46:46,343 [INFO] WebApp:780 - Register for checkConnection events
2024-02-06 20:46:46,347 [INFO] WebApp:414 - Apply proxy settings
2024-02-06 20:46:46,347 [INFO] WebApp:499 - Chromium requires no authentication
2024-02-06 20:46:46,388 [INFO] WebApp:442 - Direct internet connection detected
2024-02-06 20:46:46,657 [INFO] WebApp:192 - Starting web application
2024-02-06 20:46:46,658 [INFO] WebApp:544 - Web application path used C:\ST\STM32CubeIDE_1.13.1\STM32CubeIDE\plugins\com.st.stm32cube.common.mx_6.10.0.202311202037\db\plugins\mcufinder\reactClient1\index.html
2024-02-06 20:47:07,643 [ERROR] LogOutputStream:75 - [STDERR_REDIRECT] SLF4J: Failed to load class "org.slf4j.impl.StaticLoggerBinder".
2024-02-06 20:47:07,643 [ERROR] LogOutputStream:75 - [STDERR_REDIRECT] SLF4J: Defaulting to no-operation (NOP) logger implementation
2024-02-06 20:47:07,646 [ERROR] LogOutputStream:75 - [STDERR_REDIRECT] SLF4J: See http://www.slf4j.org/codes.html#StaticLoggerBinder for further details.
2024-02-06 21:53:27,089 [INFO] McuFinderGlobals:63 - Set McuFinder mode to 2 (CubeIDE integrated)
2024-02-06 21:53:27,125 [INFO] MainUpdater:2873 - connection check result : 10
2024-02-06 21:53:27,134 [INFO] MainUpdater:2873 - connection check result : 10
2024-02-06 21:53:27,409 [INFO] MicroXplorer:468 - Change Database Path : 
2024-02-06 21:53:27,410 [INFO] MicroXplorer:498 - Change Database Version : DB.6.0.100
2024-02-06 21:53:27,420 [WARN] ThirdParty:871 - waiting for thirdparty lock release [close project]
2024-02-06 21:53:27,420 [INFO] ThirdParty:873 - entering critical section [close project]
2024-02-06 21:53:27,424 [INFO] ThirdParty:883 - exiting critical section [close project]
2024-02-06 21:53:27,428 [INFO] PinOutPanel:1499 - setPackage(No Configuration,No Configuration)
2024-02-06 21:53:27,437 [INFO] UtilMem:75 - Begin LoadConfig() Used Memory: 586572032 Bytes (987758592)
2024-02-06 21:53:27,447 [INFO] OpenFileManager:312 - Change cursor
2024-02-06 21:53:27,523 [INFO] Mcu:2016 - Initializing MCU STM32F446R(C-E)Tx STM32F446RETx STM32F446RET6
2024-02-06 21:53:29,846 [INFO] Context:659 - Trying to add GPIOservice into a context  which must be forbidden
2024-02-06 21:53:30,673 [INFO] RtosManager:555 - Registered RTOS mode: class=CMSIS, group=RTOS, mode=CMSIS_V1, owner=FREERTOS
2024-02-06 21:53:30,673 [INFO] RtosManager:555 - Registered RTOS mode: class=CMSIS, group=RTOS2, mode=CMSIS_V2, owner=FREERTOS
2024-02-06 21:53:30,673 [INFO] RtosManager:555 - Registered RTOS mode: class=RTOS, group=Core, mode=CMSIS_V1, owner=FREERTOS
2024-02-06 21:53:30,673 [INFO] RtosManager:555 - Registered RTOS mode: class=RTOS, group=Core, mode=CMSIS_V2, owner=FREERTOS
2024-02-06 21:53:30,673 [WARN] ModelIntegratedComponent:184 - Missing modes for component STMicroelectronics:FreeRTOS:0.0.1:STMicroelectronics:RTOS:FreeRTOS:Core:::10.2.0:
2024-02-06 21:53:30,688 [WARN] ModelIntegratedComponent:63 - No mode defined for component null
2024-02-06 21:53:30,688 [WARN] ModelIntegratedComponent:63 - No mode defined for component null
2024-02-06 21:53:30,688 [WARN] ModelIntegratedComponent:63 - No mode defined for component null
2024-02-06 21:53:30,688 [WARN] ModelIntegratedComponent:63 - No mode defined for component null
2024-02-06 21:53:30,688 [WARN] ModelIntegratedComponent:63 - No mode defined for component null
2024-02-06 21:53:30,688 [WARN] ModelIntegratedComponent:63 - No mode defined for component null
2024-02-06 21:53:30,688 [WARN] ModelIntegratedComponent:63 - No mode defined for component null
2024-02-06 21:53:30,688 [WARN] ModelIntegratedComponent:63 - No mode defined for component null
2024-02-06 21:53:30,688 [WARN] ModelIntegratedComponent:63 - No mode defined for component null
2024-02-06 21:53:30,688 [WARN] ModelIntegratedComponent:63 - No mode defined for component null
2024-02-06 21:53:30,688 [WARN] ModelIntegratedComponent:63 - No mode defined for component null
2024-02-06 21:53:30,689 [WARN] ModelIntegratedComponent:63 - No mode defined for component null
2024-02-06 21:53:30,689 [WARN] ModelIntegratedComponent:63 - No mode defined for component null
2024-02-06 21:53:30,689 [WARN] ModelIntegratedComponent:63 - No mode defined for component null
2024-02-06 21:53:30,689 [WARN] ModelIntegratedComponent:63 - No mode defined for component null
2024-02-06 21:53:30,689 [WARN] ModelIntegratedComponent:63 - No mode defined for component null
2024-02-06 21:53:30,689 [WARN] ModelIntegratedComponent:63 - No mode defined for component null
2024-02-06 21:53:30,689 [WARN] ModelIntegratedComponent:63 - No mode defined for component null
2024-02-06 21:53:30,689 [WARN] ModelIntegratedComponent:63 - No mode defined for component null
2024-02-06 21:53:30,689 [WARN] ModelIntegratedComponent:63 - No mode defined for component null
2024-02-06 21:53:30,689 [WARN] ModelIntegratedComponent:63 - No mode defined for component null
2024-02-06 21:53:30,689 [WARN] ModelIntegratedComponent:63 - No mode defined for component null
2024-02-06 21:53:30,689 [WARN] ModelIntegratedComponent:63 - No mode defined for component null
2024-02-06 21:53:30,689 [WARN] ModelIntegratedComponent:63 - No mode defined for component null
2024-02-06 21:53:30,689 [WARN] ModelIntegratedComponent:63 - No mode defined for component null
2024-02-06 21:53:30,689 [WARN] ModelIntegratedComponent:63 - No mode defined for component null
2024-02-06 21:53:30,689 [WARN] ModelIntegratedComponent:63 - No mode defined for component null
2024-02-06 21:53:30,689 [WARN] ModelIntegratedComponent:63 - No mode defined for component null
2024-02-06 21:53:30,689 [WARN] ModelIntegratedComponent:63 - No mode defined for component null
2024-02-06 21:53:30,689 [WARN] ModelIntegratedComponent:63 - No mode defined for component null
2024-02-06 21:53:30,690 [WARN] ModelIntegratedComponent:63 - No mode defined for component null
2024-02-06 21:53:30,690 [WARN] ModelIntegratedComponent:63 - No mode defined for component null
2024-02-06 21:53:30,690 [WARN] ModelIntegratedComponent:63 - No mode defined for component null
2024-02-06 21:53:30,811 [INFO] ThirdPartyModel:298 - Start build external matchings
2024-02-06 21:53:31,505 [INFO] ThirdPartyModel:316 - End build external matchings
2024-02-06 21:53:31,525 [INFO] RtosManager:919 - Current active RTOS is FREERTOS [Cortex-M4NS]
2024-02-06 21:53:31,541 [INFO] ImportTextPane:194 - (OptionalMessage_ERROR) IP (ADC1) : Parameter (ContinuousConvMode) has invalid value (DISABLE)
2024-02-06 21:53:31,543 [INFO] ImportTextPane:194 - (OptionalMessage_ERROR) IP (DMA) : Parameter (Instance) has Id (I2C1_RX) currently not set
2024-02-06 21:53:31,543 [INFO] ImportTextPane:194 - (OptionalMessage_ERROR) IP (DMA) : Parameter (Channel) has Id (I2C1_RX) currently not set
2024-02-06 21:53:31,543 [INFO] ImportTextPane:194 - (OptionalMessage_ERROR) IP (DMA) : Parameter (Direction) has Id (I2C1_RX) currently not set
2024-02-06 21:53:31,543 [INFO] ImportTextPane:194 - (OptionalMessage_ERROR) IP (DMA) : Parameter (PeriphInc) has Id (I2C1_RX) currently not set
2024-02-06 21:53:31,543 [INFO] ImportTextPane:194 - (OptionalMessage_ERROR) IP (DMA) : Parameter (MemInc) has Id (I2C1_RX) currently not set
2024-02-06 21:53:31,543 [INFO] ImportTextPane:194 - (OptionalMessage_ERROR) IP (DMA) : Parameter (PeriphDataAlignment) has Id (I2C1_RX) currently not set
2024-02-06 21:53:31,544 [INFO] ImportTextPane:194 - (OptionalMessage_ERROR) IP (DMA) : Parameter (MemDataAlignment) has Id (I2C1_RX) currently not set
2024-02-06 21:53:31,544 [INFO] ImportTextPane:194 - (OptionalMessage_ERROR) IP (DMA) : Parameter (Mode) has Id (I2C1_RX) currently not set
2024-02-06 21:53:31,544 [INFO] ImportTextPane:194 - (OptionalMessage_ERROR) IP (DMA) : Parameter (Priority) has Id (I2C1_RX) currently not set
2024-02-06 21:53:31,544 [INFO] ImportTextPane:194 - (OptionalMessage_ERROR) IP (DMA) : Parameter (FIFOMode) has Id (I2C1_RX) currently not set
2024-02-06 21:53:31,544 [INFO] ImportTextPane:194 - (OptionalMessage_ERROR) IP (DMA) : Parameter (Instance) has Id (I2C1_TX) currently not set
2024-02-06 21:53:31,544 [INFO] ImportTextPane:194 - (OptionalMessage_ERROR) IP (DMA) : Parameter (Channel) has Id (I2C1_TX) currently not set
2024-02-06 21:53:31,544 [INFO] ImportTextPane:194 - (OptionalMessage_ERROR) IP (DMA) : Parameter (Direction) has Id (I2C1_TX) currently not set
2024-02-06 21:53:31,544 [INFO] ImportTextPane:194 - (OptionalMessage_ERROR) IP (DMA) : Parameter (PeriphInc) has Id (I2C1_TX) currently not set
2024-02-06 21:53:31,544 [INFO] ImportTextPane:194 - (OptionalMessage_ERROR) IP (DMA) : Parameter (MemInc) has Id (I2C1_TX) currently not set
2024-02-06 21:53:31,544 [INFO] ImportTextPane:194 - (OptionalMessage_ERROR) IP (DMA) : Parameter (PeriphDataAlignment) has Id (I2C1_TX) currently not set
2024-02-06 21:53:31,544 [INFO] ImportTextPane:194 - (OptionalMessage_ERROR) IP (DMA) : Parameter (MemDataAlignment) has Id (I2C1_TX) currently not set
2024-02-06 21:53:31,544 [INFO] ImportTextPane:194 - (OptionalMessage_ERROR) IP (DMA) : Parameter (Mode) has Id (I2C1_TX) currently not set
2024-02-06 21:53:31,544 [INFO] ImportTextPane:194 - (OptionalMessage_ERROR) IP (DMA) : Parameter (Priority) has Id (I2C1_TX) currently not set
2024-02-06 21:53:31,545 [INFO] ImportTextPane:194 - (OptionalMessage_ERROR) IP (DMA) : Parameter (FIFOMode) has Id (I2C1_TX) currently not set
2024-02-06 21:53:31,545 [INFO] ImportTextPane:194 - (OptionalMessage_ERROR) IP (DMA) : Parameter (Instance) has Id (ADC1) currently not set
2024-02-06 21:53:31,545 [INFO] ImportTextPane:194 - (OptionalMessage_ERROR) IP (DMA) : Parameter (Channel) has Id (ADC1) currently not set
2024-02-06 21:53:31,545 [INFO] ImportTextPane:194 - (OptionalMessage_ERROR) IP (DMA) : Parameter (Direction) has Id (ADC1) currently not set
2024-02-06 21:53:31,545 [INFO] ImportTextPane:194 - (OptionalMessage_ERROR) IP (DMA) : Parameter (PeriphInc) has Id (ADC1) currently not set
2024-02-06 21:53:31,545 [INFO] ImportTextPane:194 - (OptionalMessage_ERROR) IP (DMA) : Parameter (MemInc) has Id (ADC1) currently not set
2024-02-06 21:53:31,545 [INFO] ImportTextPane:194 - (OptionalMessage_ERROR) IP (DMA) : Parameter (PeriphDataAlignment) has Id (ADC1) currently not set
2024-02-06 21:53:31,545 [INFO] ImportTextPane:194 - (OptionalMessage_ERROR) IP (DMA) : Parameter (MemDataAlignment) has Id (ADC1) currently not set
2024-02-06 21:53:31,545 [INFO] ImportTextPane:194 - (OptionalMessage_ERROR) IP (DMA) : Parameter (Mode) has Id (ADC1) currently not set
2024-02-06 21:53:31,545 [INFO] ImportTextPane:194 - (OptionalMessage_ERROR) IP (DMA) : Parameter (Priority) has Id (ADC1) currently not set
2024-02-06 21:53:31,545 [INFO] ImportTextPane:194 - (OptionalMessage_ERROR) IP (DMA) : Parameter (FIFOMode) has Id (ADC1) currently not set
2024-02-06 21:53:31,545 [INFO] ImportTextPane:194 - (OptionalMessage_ERROR) IP (DMA) : Parameter (Instance) has Id (USART3_RX) currently not set
2024-02-06 21:53:31,545 [INFO] ImportTextPane:194 - (OptionalMessage_ERROR) IP (DMA) : Parameter (Channel) has Id (USART3_RX) currently not set
2024-02-06 21:53:31,545 [INFO] ImportTextPane:194 - (OptionalMessage_ERROR) IP (DMA) : Parameter (Direction) has Id (USART3_RX) currently not set
2024-02-06 21:53:31,545 [INFO] ImportTextPane:194 - (OptionalMessage_ERROR) IP (DMA) : Parameter (PeriphInc) has Id (USART3_RX) currently not set
2024-02-06 21:53:31,545 [INFO] ImportTextPane:194 - (OptionalMessage_ERROR) IP (DMA) : Parameter (MemInc) has Id (USART3_RX) currently not set
2024-02-06 21:53:31,545 [INFO] ImportTextPane:194 - (OptionalMessage_ERROR) IP (DMA) : Parameter (PeriphDataAlignment) has Id (USART3_RX) currently not set
2024-02-06 21:53:31,546 [INFO] ImportTextPane:194 - (OptionalMessage_ERROR) IP (DMA) : Parameter (MemDataAlignment) has Id (USART3_RX) currently not set
2024-02-06 21:53:31,546 [INFO] ImportTextPane:194 - (OptionalMessage_ERROR) IP (DMA) : Parameter (Mode) has Id (USART3_RX) currently not set
2024-02-06 21:53:31,546 [INFO] ImportTextPane:194 - (OptionalMessage_ERROR) IP (DMA) : Parameter (Priority) has Id (USART3_RX) currently not set
2024-02-06 21:53:31,546 [INFO] ImportTextPane:194 - (OptionalMessage_ERROR) IP (DMA) : Parameter (FIFOMode) has Id (USART3_RX) currently not set
2024-02-06 21:53:31,546 [INFO] ImportTextPane:194 - (OptionalMessage_ERROR) IP (DMA) : Parameter (Instance) has Id (USART3_TX) currently not set
2024-02-06 21:53:31,546 [INFO] ImportTextPane:194 - (OptionalMessage_ERROR) IP (DMA) : Parameter (Channel) has Id (USART3_TX) currently not set
2024-02-06 21:53:31,546 [INFO] ImportTextPane:194 - (OptionalMessage_ERROR) IP (DMA) : Parameter (Direction) has Id (USART3_TX) currently not set
2024-02-06 21:53:31,546 [INFO] ImportTextPane:194 - (OptionalMessage_ERROR) IP (DMA) : Parameter (PeriphInc) has Id (USART3_TX) currently not set
2024-02-06 21:53:31,546 [INFO] ImportTextPane:194 - (OptionalMessage_ERROR) IP (DMA) : Parameter (MemInc) has Id (USART3_TX) currently not set
2024-02-06 21:53:31,546 [INFO] ImportTextPane:194 - (OptionalMessage_ERROR) IP (DMA) : Parameter (PeriphDataAlignment) has Id (USART3_TX) currently not set
2024-02-06 21:53:31,546 [INFO] ImportTextPane:194 - (OptionalMessage_ERROR) IP (DMA) : Parameter (MemDataAlignment) has Id (USART3_TX) currently not set
2024-02-06 21:53:31,546 [INFO] ImportTextPane:194 - (OptionalMessage_ERROR) IP (DMA) : Parameter (Mode) has Id (USART3_TX) currently not set
2024-02-06 21:53:31,546 [INFO] ImportTextPane:194 - (OptionalMessage_ERROR) IP (DMA) : Parameter (Priority) has Id (USART3_TX) currently not set
2024-02-06 21:53:31,546 [INFO] ImportTextPane:194 - (OptionalMessage_ERROR) IP (DMA) : Parameter (FIFOMode) has Id (USART3_TX) currently not set
2024-02-06 21:53:31,556 [WARN] IP:2119 - I2C_Coeff_DF not found: check if there is a RefParameter without a condition.
2024-02-06 21:53:31,556 [WARN] IP:2119 - Analog_Filter not found: check if there is a RefParameter without a condition.
2024-02-06 21:53:31,557 [INFO] ImportTextPane:194 - (OptionalMessage_ERROR) IP (RCC) : Invalid parameter (48MHZClocksFreq_Value)
2024-02-06 21:53:31,557 [INFO] ImportTextPane:194 - (OptionalMessage_ERROR) IP (RCC) : Invalid parameter (EthernetFreq_Value)
2024-02-06 21:53:31,559 [INFO] ImportTextPane:194 - (OptionalMessage_ERROR) IP (RCC) : Parameter (FLatency) has Id (AdvancedSettings) currently not set
2024-02-06 21:53:31,559 [INFO] ImportTextPane:194 - (OptionalMessage_ERROR) IP (RCC) : Invalid parameter (FamilyName)
2024-02-06 21:53:31,559 [INFO] ImportTextPane:194 - (OptionalMessage_ERROR) IP (RCC) : Invalid parameter (I2SClocksFreq_Value)
2024-02-06 21:53:31,559 [INFO] ImportTextPane:194 - (OptionalMessage_ERROR) IP (RCC) : Parameter (MCO2PinFreq_Value) has invalid value (168000000)
2024-02-06 21:53:31,560 [INFO] ImportTextPane:194 - (OptionalMessage_ERROR) IP (RCC) : Invalid parameter (VCOInputMFreq_Value)
2024-02-06 21:53:31,560 [INFO] ImportTextPane:194 - (OptionalMessage_ERROR) IP (RCC) : Invalid parameter (VcooutputI2S)
2024-02-06 21:53:31,984 [INFO] UtilMem:75 - End LoadConfig() Used Memory: 686735192 Bytes (987758592)
2024-02-06 21:53:32,276 [INFO] ApiDb:581 - Connected to CubeFinder SQLite database (C:\Users\bozo2\.stmcufinder\plugins\mcufinder\mcu\cube-finder-db.db)
2024-02-06 21:53:32,386 [INFO] ApiDb:668 - CubeFinder database Data Model version=2.1
2024-02-06 21:53:32,386 [INFO] ApiDb:669 - CubeFinder database Configuration version=3.0.39
2024-02-06 21:53:32,387 [INFO] ApiDb:670 - CubeFinder database generation date=2023-12-08 (1702028721)
2024-02-06 21:53:32,387 [INFO] ApiDb:671 - CubeFinder database FW Pack versions=[FP-ATR-ASTRA1_V2.0.0, FP-SNS-FLIGHT1_V5.0.1, FP-SNS-FLIGHT1_V5.0.2, FP-SNS-MOTENV1_V4.3.1, FP-SNS-MOTENV1_V4.3.2, FP-SNS-MOTENVWB1_V1.3.1, FP-SNS-SMARTAG2_V1.2.0, STM32Cube_FW_C0_V1.1.0, STM32Cube_FW_F4_V1.28.0, STM32Cube_FW_F7_V1.17.0, STM32Cube_FW_G0_V1.6.1, STM32Cube_FW_G4_V1.5.1, STM32Cube_FW_H5_V0.5.1, STM32Cube_FW_H5_V1.1.1, STM32Cube_FW_H5_V1.2.0RC2, STM32Cube_FW_H7_V1.11.0, STM32Cube_FW_L0_V1.12.2, STM32Cube_FW_L5_V1.5.0, STM32Cube_FW_U5_V1.3.0RC4, STM32Cube_FW_U5_V1.4.0, STM32Cube_FW_WBA_V1.0.0RC1, STM32Cube_FW_WBA_V1.1.0RC1, STM32Cube_FW_WBA_V1.2.0, STM32Cube_FW_WBA_V1.2.0RC2, STM32Cube_FW_WB_V1.15.0RC1, STM32Cube_FW_WB_V1.16.0, STM32Cube_FW_WB_V1.16.0RC2, STM32Cube_FW_WB_V1.18.0, STM32Cube_FW_WL_V1.3.0, X-CUBE-ALGOBUILD_V1.3.0, X-CUBE-ALS_V1.0.1, X-CUBE-AZRTOS-F4_V1.1.0, X-CUBE-AZRTOS-F7_V1.1.0, X-CUBE-AZRTOS-G0_V1.1.0, X-CUBE-AZRTOS-G4_V2.0.0, X-CUBE-AZRTOS-H7_V3.1.0, X-CUBE-AZRTOS-L4_V1.0.0, X-CUBE-AZRTOS-L4_V2.0.0, X-CUBE-AZRTOS-L5_V1.1.0, X-CUBE-AZRTOS-WB_V2.0.0, X-CUBE-AZRTOS-WL_V2.0.0, X-CUBE-BLE1_V7.0.0, X-CUBE-BLE2_V3.3.0, X-CUBE-BLEMGR_V3.0.0, X-CUBE-EEPRMA1_V4.1.0, X-CUBE-EEPRMA1_V4.2.0, X-CUBE-FREERTOS_V1.1.0, X-CUBE-GNSS1_V6.0.0, X-CUBE-MEMS1_V10.0.0, X-CUBE-MEMS1_V9.1.0, X-CUBE-MEMS1_V9.4.0, X-CUBE-MEMS1_V9.6.0, X-CUBE-NFC4_V3.0.0, X-CUBE-NFC7_V1.0.1, X-CUBE-SFXS2LP1_V4.0.0, X-CUBE-SUBG2_V5.0.0, X-CUBE-TOF1_V3.4.0]
2024-02-06 21:53:35,250 [INFO] ApiDb:240 - Found 371 in-development CPN: [B-G473E-ZEST1S, B-WB1M-WPAN1, B-WL5M-SUBG1, NUCLEO-C031C6, NUCLEO-H503RB, NUCLEO-H563ZI, NUCLEO-U545RE-Q, NUCLEO-U5A5ZJ-Q, NUCLEO-WBA52CG, NUCLEO-WBA55CG, STEVAL-MKBOXPRO, STEVAL-PROTEUS1, STEVAL-STWINBX1, STM320518-EVAL, STM32C0116-DK, STM32C011D6Y3TR, STM32C011D6Y6TR, STM32C011F4P3, STM32C011F4P6, STM32C011F4U3, STM32C011F4U6TR, STM32C011F6P3, STM32C011F6P6, STM32C011F6U3, STM32C011F6U6TR, STM32C011J4M3, STM32C011J4M6, STM32C011J6M3, STM32C011J6M6, STM32C0316-DK, STM32C031C4T3, STM32C031C4T6, STM32C031C4U3, STM32C031C4U6, STM32C031C6T3, STM32C031C6T6, STM32C031C6U3, STM32C031C6U6, STM32C031F4P3, STM32C031F4P6, STM32C031F6P3, STM32C031F6P6, STM32C031G4U3, STM32C031G4U6, STM32C031G6U3, STM32C031G6U6, STM32C031K4T3, STM32C031K4T6, STM32C031K4U3, STM32C031K4U6, STM32C031K6T3, STM32C031K6T6, STM32C031K6U3, STM32C031K6U6, STM32G071K8TXN, STM32G071K8UXN, STM32G081GBU6N, STM32G081KBT6N, STM32G081KBUXN, STM32G0B1CCT6N, STM32G0B1KCT6, STM32G0B1NEY6TR, STM32G0B1RCT6N, STM32G0C1CCT6, STM32G0C1CCT6N, STM32G0C1CCU6N, STM32G0C1CET6N, STM32G0C1CEU6N, STM32G0C1KCT6, STM32G0C1NEY6TR, STM32G0C1RCI6N, STM32G0C1RCT6N, STM32G0C1REI6N, STM32G0C1RET6N, STM32G0C1VCI6, STM32G0C1VEI6, STM32G471CCT6, STM32G471CCU6, STM32G471CET3, STM32G471CET6, STM32G471CEU3, STM32G471CEU6, STM32G471MCT6, STM32G471MET3, STM32G471MET6, STM32G471MEY6TR, STM32G471QCT6, STM32G471QET3, STM32G471RCT6, STM32G471RET3, STM32G471RET6, STM32G471VCH6, STM32G471VCI6, STM32G471VCT6, STM32G471VEH3, STM32G471VEH6, STM32G471VEI3, STM32G471VEI6, STM32G471VET3, STM32G471VET6, STM32G474CCT6, STM32H503CBT6, STM32H503CBU6, STM32H503EBY6TR, STM32H503KBU6, STM32H503RBT6, STM32H562AGI6, STM32H562AII6, STM32H562IGK6, STM32H562IGT6, STM32H562IIK6, STM32H562IIT6, STM32H562RGT6, STM32H562RGV6, STM32H562RIT6, STM32H562RIV6, STM32H562VGT6, STM32H562VIT6, STM32H562ZGT6, STM32H562ZIT6, STM32H563AGI6, STM32H563AII3Q, STM32H563AII6, STM32H563IGK6, STM32H563IGT6, STM32H563IIK3Q, STM32H563IIK6, STM32H563IIT3Q, STM32H563IIT6, STM32H563MIY3QTR, STM32H563RGT6, STM32H563RGV6, STM32H563RIT6, STM32H563RIV6, STM32H563VGT6, STM32H563VIT3Q, STM32H563VIT6, STM32H563ZGT6, STM32H563ZIT3Q, STM32H563ZIT6, STM32H573AII3Q, STM32H573AII6, STM32H573I-DK, STM32H573IIK3Q, STM32H573IIK6, STM32H573IIT3Q, STM32H573IIT6, STM32H573MIY3QTR, STM32H573RIT6, STM32H573RIV6, STM32H573VIT3Q, STM32H573VIT6, STM32H573ZIT3Q, STM32H573ZIT6, STM32L4R5QGI6STR, STM32MP131AAE3, STM32MP131AAF3, STM32MP131AAG3, STM32MP131CAE3, STM32MP131CAF3, STM32MP131CAG3, STM32MP131DAE7, STM32MP131DAF7, STM32MP131DAG7, STM32MP131FAE7, STM32MP131FAF7, STM32MP131FAG7, STM32MP133AAE3, STM32MP133AAF3, STM32MP133AAG3, STM32MP133CAE3, STM32MP133CAF3, STM32MP133CAG3, STM32MP133DAE7, STM32MP133DAF7, STM32MP133DAG7, STM32MP133FAE7, STM32MP133FAF7, STM32MP133FAG7, STM32MP135AAE3, STM32MP135AAF3, STM32MP135AAG3, STM32MP135CAE3, STM32MP135CAF3, STM32MP135CAG3, STM32MP135DAE7, STM32MP135DAF7, STM32MP135DAG7, STM32MP135F-DK, STM32MP135FAE7, STM32MP135FAF7, STM32MP135FAF7T, STM32MP135FAF7U, STM32MP135FAG7, STM32U535CBT6, STM32U535CBT6Q, STM32U535CBU6, STM32U535CBU6Q, STM32U535CCT6, STM32U535CCT6Q, STM32U535CCU6, STM32U535CCU6Q, STM32U535CET6, STM32U535CET6Q, STM32U535CEU6, STM32U535CEU6Q, STM32U535JEY6QTR, STM32U535NCY6QTR, STM32U535NEY6QTR, STM32U535RBI6, STM32U535RBI6Q, STM32U535RBT6, STM32U535RBT6Q, STM32U535RCI6, STM32U535RCI6Q, STM32U535RCT6, STM32U535RCT6Q, STM32U535REI6, STM32U535REI6Q, STM32U535RET6, STM32U535RET6Q, STM32U535VCI6, STM32U535VCI6Q, STM32U535VCT6, STM32U535VCT6Q, STM32U535VEI6, STM32U535VEI6Q, STM32U535VET6, STM32U535VET6Q, STM32U545CET6, STM32U545CET6Q, STM32U545CEU6, STM32U545CEU6Q, STM32U545JEY6QTR, STM32U545NEY6QTR, STM32U545REI6, STM32U545REI6Q, STM32U545RET6, STM32U545RET6Q, STM32U545VEI6, STM32U545VEI6Q, STM32U545VET6, STM32U545VET6Q, STM32U595AIH6, STM32U595AIH6Q, STM32U595AJH6, STM32U595AJH6Q, STM32U595QII6, STM32U595QII6Q, STM32U595QJI6, STM32U595QJI6Q, STM32U595RIT6, STM32U595RIT6Q, STM32U595RJT6, STM32U595RJT6Q, STM32U595VIT6, STM32U595VIT6Q, STM32U595VJT6, STM32U595VJT6Q, STM32U595ZIT6, STM32U595ZIT6Q, STM32U595ZIY6QTR, STM32U595ZJT6, STM32U595ZJT6Q, STM32U595ZJY6QTR, STM32U599BJY6QTR, STM32U599NIH6Q, STM32U599NJH6Q, STM32U599VIT6Q, STM32U599VJT6, STM32U599VJT6Q, STM32U599ZIT6Q, STM32U599ZIY6QTR, STM32U599ZJT6Q, STM32U599ZJY6QTR, STM32U5A5AJH6, STM32U5A5AJH6Q, STM32U5A5QJI6, STM32U5A5QJI6Q, STM32U5A5RJT6, STM32U5A5RJT6Q, STM32U5A5VJT6, STM32U5A5VJT6Q, STM32U5A5ZJT6, STM32U5A5ZJT6Q, STM32U5A5ZJY6QTR, STM32U5A9BJY6QTR, STM32U5A9J-DK, STM32U5A9NJH6Q, STM32U5A9VJT6Q, STM32U5A9ZJT6Q, STM32U5A9ZJY6QTR, STM32U5F7VIT6, STM32U5F7VIT6Q, STM32U5F7VJT6, STM32U5F7VJT6Q, STM32U5F9BJY6QTR, STM32U5F9NJH6Q, STM32U5F9VIT6Q, STM32U5F9VJT6Q, STM32U5F9ZIJ6QTR, STM32U5F9ZIT6Q, STM32U5F9ZJJ6QTR, STM32U5F9ZJT6Q, STM32U5G7VJT6, STM32U5G7VJT6Q, STM32U5G9BJY6QTR, STM32U5G9J-DK1, STM32U5G9J-DK2, STM32U5G9NJH6Q, STM32U5G9VJT6Q, STM32U5G9ZJJ6QTR, STM32U5G9ZJT6Q, STM32WB1MMCH6, STM32WBA50KEU6, STM32WBA50KEU6TR, STM32WBA50KGU6, STM32WBA50KGU6TR, STM32WBA52CEU6, STM32WBA52CEU6TR, STM32WBA52CEU7, STM32WBA52CEU7TR, STM32WBA52CGU6, STM32WBA52CGU6TR, STM32WBA52CGU6U, STM32WBA52CGU7, STM32WBA52CGU7TR, STM32WBA52KEU6, STM32WBA52KEU6TR, STM32WBA52KGU6, STM32WBA52KGU6TR, STM32WBA54CEU6, STM32WBA54CEU6TR, STM32WBA54CEU7, STM32WBA54CEU7TR, STM32WBA54CGU6, STM32WBA54CGU6TR, STM32WBA54CGU7, STM32WBA54CGU7TR, STM32WBA54KEU6, STM32WBA54KEU6TR, STM32WBA54KEU7, STM32WBA54KEU7TR, STM32WBA54KGU6, STM32WBA54KGU6TR, STM32WBA54KGU7, STM32WBA54KGU7TR, STM32WBA55CEU6, STM32WBA55CEU6TR, STM32WBA55CEU7, STM32WBA55CEU7TR, STM32WBA55CGU6, STM32WBA55CGU6TR, STM32WBA55CGU6U, STM32WBA55CGU7, STM32WBA55CGU7TR, STM32WBA55G-DK1, STM32WBA55HEF6, STM32WBA55HEF7, STM32WBA55HGF6, STM32WBA55HGF7, STM32WBA55UEI6, STM32WBA55UEI6TR, STM32WBA55UEI7, STM32WBA55UEI7TR, STM32WBA55UGI6, STM32WBA55UGI6TR, STM32WBA55UGI7, STM32WBA55UGI7TR, STM32WL5MOCH6, STM32WL5MOCH6TR]
2024-02-06 21:53:35,258 [INFO] DbMcus:218 - Found 3930 MCUs, 3930 are supported
2024-02-06 21:53:35,259 [INFO] ApiDb:423 - Load user favorites file C:\Users\bozo2/.stm32cubeide/favorites.mcus.txt: 0 item(s)
2024-02-06 21:53:35,259 [INFO] ApiDb:427 - User favorites MCUs=[]
2024-02-06 21:53:35,259 [INFO] DbMcus:224 - Set 0 / 0 favorites MCUs
2024-02-06 21:53:35,656 [INFO] MicroXplorer:468 - Change Database Path : 
2024-02-06 21:53:35,656 [INFO] MicroXplorer:498 - Change Database Version : DB.6.0.100
2024-02-06 21:53:35,657 [WARN] ThirdParty:833 - waiting for thirdparty lock release [change project]
2024-02-06 21:53:35,657 [INFO] ThirdParty:835 - entering critical section [change project]
2024-02-06 21:53:35,657 [INFO] ThirdParty:1030 - CMSIS Pack Vendor :STMicroelectronics X-CUBE-ISPU 1.1.0
2024-02-06 21:53:35,657 [INFO] ThirdParty:1030 - CMSIS Pack Vendor :STMicroelectronics USBPD 4.1
2024-02-06 21:53:35,657 [INFO] ThirdParty:1030 - CMSIS Pack Vendor :STMicroelectronics X-CUBE-GNSS1 6.0.0
2024-02-06 21:53:35,657 [INFO] ThirdParty:1030 - CMSIS Pack Vendor :STMicroelectronics USB_HOST 2.0.0
2024-02-06 21:53:35,657 [INFO] ThirdParty:1030 - CMSIS Pack Vendor :STMicroelectronics X-CUBE-AZRTOS-F4 1.1.0
2024-02-06 21:53:35,657 [INFO] ThirdParty:1030 - CMSIS Pack Vendor :STMicroelectronics LIBJPEG 8.0.0
2024-02-06 21:53:35,657 [INFO] ThirdParty:1030 - CMSIS Pack Vendor :wolfSSL I-CUBE-wolfSSL 5.6.3
2024-02-06 21:53:35,657 [INFO] ThirdParty:1030 - CMSIS Pack Vendor :STMicroelectronics X-CUBE-SMBUS 2.1.0
2024-02-06 21:53:35,657 [INFO] ThirdParty:1030 - CMSIS Pack Vendor :STMicroelectronics USB_DEVICE 3.0.0
2024-02-06 21:53:35,657 [INFO] ThirdParty:1030 - CMSIS Pack Vendor :STMicroelectronics X-CUBE-AZRTOS-WB 2.0.0
2024-02-06 21:53:35,657 [INFO] ThirdParty:1030 - CMSIS Pack Vendor :STMicroelectronics X-CUBE-FREERTOS 1.0.1
2024-02-06 21:53:35,657 [INFO] ThirdParty:1030 - CMSIS Pack Vendor :STMicroelectronics X-CUBE-TOUCHGFX 4.23.0
2024-02-06 21:53:35,657 [INFO] ThirdParty:1030 - CMSIS Pack Vendor :STMicroelectronics X-CUBE-AZRTOS-F7 1.1.0
2024-02-06 21:53:35,658 [INFO] ThirdParty:1030 - CMSIS Pack Vendor :STMicroelectronics X-CUBE-AZRTOS-L5 2.0.0
2024-02-06 21:53:35,658 [INFO] ThirdParty:1030 - CMSIS Pack Vendor :STMicroelectronics USB_DEVICE 2.0.0
2024-02-06 21:53:35,658 [INFO] ThirdParty:1030 - CMSIS Pack Vendor :STMicroelectronics X-CUBE-MEMS1 9.6.0
2024-02-06 21:53:35,658 [INFO] ThirdParty:1030 - CMSIS Pack Vendor :STMicroelectronics X-CUBE-EEPRMA1 4.2.0
2024-02-06 21:53:35,658 [INFO] ThirdParty:1030 - CMSIS Pack Vendor :ITTIA_DB I-CUBE-ITTIADB 8.8.0
2024-02-06 21:53:35,658 [INFO] ThirdParty:1030 - CMSIS Pack Vendor :STMicroelectronics FP-SNS-MOTENV1 4.3.2
2024-02-06 21:53:35,658 [INFO] ThirdParty:1030 - CMSIS Pack Vendor :STMicroelectronics FP-SNS-FLIGHT1 5.0.1
2024-02-06 21:53:35,658 [INFO] ThirdParty:1030 - CMSIS Pack Vendor :STMicroelectronics X-CUBE-ALGOBUILD 1.3.0
2024-02-06 21:53:35,658 [INFO] ThirdParty:1030 - CMSIS Pack Vendor :STMicroelectronics X-CUBE-BLE1 6.2.4
2024-02-06 21:53:35,658 [INFO] ThirdParty:1030 - CMSIS Pack Vendor :STMicroelectronics X-CUBE-AZRTOS-L5 1.1.0
2024-02-06 21:53:35,658 [INFO] ThirdParty:1030 - CMSIS Pack Vendor :STMicroelectronics FreeRTOS 0.0.1
2024-02-06 21:53:35,658 [INFO] ThirdParty:1030 - CMSIS Pack Vendor :STMicroelectronics X-CUBE-AZRTOS-G0 1.1.0
2024-02-06 21:53:35,658 [INFO] ThirdParty:1030 - CMSIS Pack Vendor :STMicroelectronics X-CUBE-BLEMGR 2.0.0
2024-02-06 21:53:35,658 [INFO] ThirdParty:1030 - CMSIS Pack Vendor :STMicroelectronics X-CUBE-AI 8.0.1
2024-02-06 21:53:35,658 [INFO] ThirdParty:1030 - CMSIS Pack Vendor :STMicroelectronics X-CUBE-NFC4 3.0.0
2024-02-06 21:53:35,658 [INFO] ThirdParty:1030 - CMSIS Pack Vendor :STMicroelectronics X-CUBE-SUBG2 5.0.0
2024-02-06 21:53:35,658 [INFO] ThirdParty:1030 - CMSIS Pack Vendor :STMicroelectronics STM32_WPAN 1.0.0
2024-02-06 21:53:35,658 [INFO] ThirdParty:1030 - CMSIS Pack Vendor :STMicroelectronics lwIP 2.0.3
2024-02-06 21:53:35,658 [INFO] ThirdParty:1030 - CMSIS Pack Vendor :STMicroelectronics FP-SNS-FLIGHT1 5.0.2
2024-02-06 21:53:35,658 [INFO] ThirdParty:1030 - CMSIS Pack Vendor :STMicroelectronics USB_HOST 1.0.0
2024-02-06 21:53:35,658 [INFO] ThirdParty:1030 - CMSIS Pack Vendor :STMicroelectronics X-CUBE-TOF1 3.3.1
2024-02-06 21:53:35,658 [INFO] ThirdParty:1030 - CMSIS Pack Vendor :STMicroelectronics X-CUBE-AZRTOS-G4 2.0.0
2024-02-06 21:53:35,659 [INFO] ThirdParty:1030 - CMSIS Pack Vendor :STMicroelectronics PDM2PCM 3.1.0
2024-02-06 21:53:35,659 [INFO] ThirdParty:1030 - CMSIS Pack Vendor :STMicroelectronics X-CUBE-AZRTOS-H7 3.1.0
2024-02-06 21:53:35,659 [INFO] ThirdParty:1030 - CMSIS Pack Vendor :STMicroelectronics X-CUBE-TOF1 3.3.0
2024-02-06 21:53:35,659 [INFO] ThirdParty:1030 - CMSIS Pack Vendor :Infineon AIROC-Wi-Fi-Bluetooth-STM32 1.5.1
2024-02-06 21:53:35,659 [INFO] ThirdParty:1030 - CMSIS Pack Vendor :STMicroelectronics X-CUBE-BLEMGR 3.0.0
2024-02-06 21:53:35,659 [INFO] ThirdParty:1030 - CMSIS Pack Vendor :STMicroelectronics PDM2PCM 3.3.0
2024-02-06 21:53:35,659 [INFO] ThirdParty:1030 - CMSIS Pack Vendor :STMicroelectronics X-CUBE-DISPLAY 3.0.0
2024-02-06 21:53:35,659 [INFO] ThirdParty:1030 - CMSIS Pack Vendor :STMicroelectronics FP-SNS-MOTENVWB1 1.3.1
2024-02-06 21:53:35,659 [INFO] ThirdParty:1030 - CMSIS Pack Vendor :STMicroelectronics X-CUBE-BLE1 7.0.0
2024-02-06 21:53:35,659 [INFO] ThirdParty:1030 - CMSIS Pack Vendor :STMicroelectronics FP-ATR-SIGFOX1 3.2.0
2024-02-06 21:53:35,659 [INFO] ThirdParty:1030 - CMSIS Pack Vendor :STMicroelectronics X-CUBE-ISPU 2.0.0
2024-02-06 21:53:35,659 [INFO] ThirdParty:1030 - CMSIS Pack Vendor :STMicroelectronics X-CUBE-EEPRMA1 5.1.0
2024-02-06 21:53:35,659 [INFO] ThirdParty:1030 - CMSIS Pack Vendor :STMicroelectronics HAL Drivers 0.0.0
2024-02-06 21:53:35,659 [INFO] ThirdParty:1030 - CMSIS Pack Vendor :STMicroelectronics MBEDTLS 2.16.2
2024-02-06 21:53:35,659 [INFO] ThirdParty:1030 - CMSIS Pack Vendor :emotas I-CUBE-CANOPEN 1.3.0
2024-02-06 21:53:35,659 [INFO] ThirdParty:1030 - CMSIS Pack Vendor :STMicroelectronics X-CUBE-MEMS1 10.0.0
2024-02-06 21:53:35,659 [INFO] ThirdParty:1030 - CMSIS Pack Vendor :STMicroelectronics X-CUBE-FREERTOS 1.1.0
2024-02-06 21:53:35,659 [INFO] ThirdParty:1030 - CMSIS Pack Vendor :STMicroelectronics X-CUBE-TOUCHGFX 4.22.0
2024-02-06 21:53:35,659 [INFO] ThirdParty:1030 - CMSIS Pack Vendor :STMicroelectronics X-CUBE-NFC7 1.0.1
2024-02-06 21:53:35,659 [INFO] ThirdParty:1030 - CMSIS Pack Vendor :STMicroelectronics MBEDTLS 2.14.1
2024-02-06 21:53:35,659 [INFO] ThirdParty:1030 - CMSIS Pack Vendor :STMicroelectronics X-CUBE-TOUCHGFX 4.22.1
2024-02-06 21:53:35,659 [INFO] ThirdParty:1030 - CMSIS Pack Vendor :STMicroelectronics X-CUBE-NFC6 3.0.0
2024-02-06 21:53:35,659 [INFO] ThirdParty:1030 - CMSIS Pack Vendor :STMicroelectronics X-CUBE-EEPRMA1 4.1.0
2024-02-06 21:53:35,659 [INFO] ThirdParty:1030 - CMSIS Pack Vendor :portGmbH I-Cube-SoM-uGOAL 1.1.0
2024-02-06 21:53:35,659 [INFO] ThirdParty:1030 - CMSIS Pack Vendor :STMicroelectronics X-CUBE-ALS 1.0.1
2024-02-06 21:53:35,659 [INFO] ThirdParty:1030 - CMSIS Pack Vendor :STMicroelectronics ThreadX 1.0.0
2024-02-06 21:53:35,659 [INFO] ThirdParty:1030 - CMSIS Pack Vendor :STMicroelectronics FP-SNS-SMARTAG2 1.2.0
2024-02-06 21:53:35,659 [INFO] ThirdParty:1030 - CMSIS Pack Vendor :STMicroelectronics X-CUBE-AZRTOS-WB 1.1.0
2024-02-06 21:53:35,660 [INFO] ThirdParty:1030 - CMSIS Pack Vendor :STMicroelectronics X-CUBE-AZRTOS-WL 2.0.0
2024-02-06 21:53:35,660 [INFO] ThirdParty:1030 - CMSIS Pack Vendor :SEGGER I-CUBE-embOS 1.3.1
2024-02-06 21:53:35,660 [INFO] ThirdParty:1030 - CMSIS Pack Vendor :STMicroelectronics USB_DEVICE 1.0.0
2024-02-06 21:53:35,660 [INFO] ThirdParty:1030 - CMSIS Pack Vendor :STMicroelectronics X-CUBE-AI 8.1.0
2024-02-06 21:53:35,660 [INFO] ThirdParty:1030 - CMSIS Pack Vendor :STMicroelectronics X-CUBE-AZRTOS-L4 2.0.0
2024-02-06 21:53:35,660 [INFO] ThirdParty:1030 - CMSIS Pack Vendor :STMicroelectronics ThreadX 0.0.2
2024-02-06 21:53:35,660 [INFO] ThirdParty:1030 - CMSIS Pack Vendor :WES I-CUBE-Cesium 1.3.0
2024-02-06 21:53:35,660 [INFO] ThirdParty:1030 - CMSIS Pack Vendor :STMicroelectronics FP-ATR-ASTRA1 2.0.0
2024-02-06 21:53:35,660 [INFO] ThirdParty:1030 - CMSIS Pack Vendor :STMicroelectronics lwIP 2.1.2
2024-02-06 21:53:35,660 [INFO] ThirdParty:1030 - CMSIS Pack Vendor :STMicroelectronics X-CUBE-SFXS2LP1 4.0.0
2024-02-06 21:53:35,660 [INFO] ThirdParty:1030 - CMSIS Pack Vendor :STMicroelectronics X-CUBE-BLE2 3.3.0
2024-02-06 21:53:35,660 [INFO] ThirdParty:1030 - CMSIS Pack Vendor :STMicroelectronics X-CUBE-TOF1 3.4.0
2024-02-06 21:53:35,660 [INFO] ThirdParty:1030 - CMSIS Pack Vendor :STMicroelectronics X-CUBE-AZRTOS-H7 3.2.0
2024-02-06 21:53:35,660 [INFO] ThirdParty:1030 - CMSIS Pack Vendor :STMicroelectronics PDM2PCM 3.2.0
2024-02-06 21:53:35,660 [INFO] ThirdParty:841 - exiting critical section [change project]
2024-02-06 21:53:36,134 [INFO] PinOutPanel:1499 - setPackage(No Configuration,No Configuration)
2024-02-06 21:53:36,136 [INFO] PinOutPanel:1499 - setPackage(STM32F446RETx,LQFP64)
2024-02-06 21:53:36,871 [INFO] UtilMem:75 - Before build in PCC Used Memory: 644428144 Bytes (1073741824)
2024-02-06 21:53:37,844 [INFO] UtilMem:75 - After build in PCC Used Memory: 730059088 Bytes (1073741824)
2024-02-06 21:53:37,940 [INFO] ApiDbMcu:508 - Load IP Config File for FATFS
2024-02-06 21:53:38,000 [INFO] ApiDbMcu:508 - Load IP Config File for FREERTOS
2024-02-06 21:53:38,033 [INFO] IPUIPlugin:80 - create IPUIPlugin
2024-02-06 21:53:38,033 [INFO] IPUIPlugin:80 - create IPUIPlugin
2024-02-06 21:53:38,033 [INFO] IPUIPlugin:80 - create IPUIPlugin
2024-02-06 21:53:38,033 [INFO] IPUIPlugin:80 - create IPUIPlugin
2024-02-06 21:53:38,033 [INFO] IPUIPlugin:80 - create IPUIPlugin
2024-02-06 21:53:38,034 [INFO] IPUIPlugin:80 - create IPUIPlugin
2024-02-06 21:53:38,034 [INFO] IPUIPlugin:80 - create IPUIPlugin
2024-02-06 21:53:38,034 [INFO] IPUIPlugin:80 - create IPUIPlugin
2024-02-06 21:53:38,034 [INFO] IPUIPlugin:80 - create IPUIPlugin
2024-02-06 21:53:38,034 [INFO] IPUIPlugin:80 - create IPUIPlugin
2024-02-06 21:53:38,034 [INFO] IPUIPlugin:80 - create IPUIPlugin
2024-02-06 21:53:38,034 [INFO] IPUIPlugin:80 - create IPUIPlugin
2024-02-06 21:53:38,034 [INFO] IPUIPlugin:80 - create IPUIPlugin
2024-02-06 21:53:38,035 [INFO] IPUIPlugin:80 - create IPUIPlugin
2024-02-06 21:53:38,035 [INFO] IPUIPlugin:80 - create IPUIPlugin
2024-02-06 21:53:38,035 [INFO] IPUIPlugin:80 - create IPUIPlugin
2024-02-06 21:53:38,035 [INFO] IPUIPlugin:80 - create IPUIPlugin
2024-02-06 21:53:38,035 [INFO] IPUIPlugin:80 - create IPUIPlugin
2024-02-06 21:53:38,035 [INFO] IPUIPlugin:80 - create IPUIPlugin
2024-02-06 21:53:38,036 [INFO] IPUIPlugin:80 - create IPUIPlugin
2024-02-06 21:53:38,036 [INFO] IPUIPlugin:80 - create IPUIPlugin
2024-02-06 21:53:38,036 [INFO] IPUIPlugin:80 - create IPUIPlugin
2024-02-06 21:53:38,036 [INFO] IPUIPlugin:80 - create IPUIPlugin
2024-02-06 21:53:38,036 [INFO] IPUIPlugin:80 - create IPUIPlugin
2024-02-06 21:53:38,037 [INFO] IPUIPlugin:80 - create IPUIPlugin
2024-02-06 21:53:38,037 [INFO] IPUIPlugin:80 - create IPUIPlugin
2024-02-06 21:53:38,037 [INFO] IPUIPlugin:80 - create IPUIPlugin
2024-02-06 21:53:38,037 [INFO] IPUIPlugin:80 - create IPUIPlugin
2024-02-06 21:53:38,038 [INFO] IPUIPlugin:80 - create IPUIPlugin
2024-02-06 21:53:38,038 [INFO] IPUIPlugin:80 - create IPUIPlugin
2024-02-06 21:53:38,038 [INFO] IPUIPlugin:80 - create IPUIPlugin
2024-02-06 21:53:38,039 [INFO] IPUIPlugin:80 - create IPUIPlugin
2024-02-06 21:53:38,039 [INFO] IPUIPlugin:80 - create IPUIPlugin
2024-02-06 21:53:38,039 [INFO] IPUIPlugin:80 - create IPUIPlugin
2024-02-06 21:53:38,039 [INFO] IPUIPlugin:80 - create IPUIPlugin
2024-02-06 21:53:38,040 [INFO] IPUIPlugin:80 - create IPUIPlugin
2024-02-06 21:53:38,040 [INFO] IPUIPlugin:80 - create IPUIPlugin
2024-02-06 21:53:38,040 [INFO] IPUIPlugin:80 - create IPUIPlugin
2024-02-06 21:53:38,041 [INFO] IPUIPlugin:80 - create IPUIPlugin
2024-02-06 21:53:38,041 [INFO] IPUIPlugin:80 - create IPUIPlugin
2024-02-06 21:53:38,041 [INFO] IPUIPlugin:80 - create IPUIPlugin
2024-02-06 21:53:38,042 [INFO] IPUIPlugin:80 - create IPUIPlugin
2024-02-06 21:53:38,042 [INFO] IPUIPlugin:80 - create IPUIPlugin
2024-02-06 21:53:38,043 [INFO] IPUIPlugin:80 - create IPUIPlugin
2024-02-06 21:53:38,043 [INFO] IPUIPlugin:80 - create IPUIPlugin
2024-02-06 21:53:38,044 [INFO] IPUIPlugin:80 - create IPUIPlugin
2024-02-06 21:53:38,044 [INFO] IPUIPlugin:80 - create IPUIPlugin
2024-02-06 21:53:38,044 [INFO] IPUIPlugin:80 - create IPUIPlugin
2024-02-06 21:53:38,045 [INFO] IPUIPlugin:80 - create IPUIPlugin
2024-02-06 21:53:38,045 [INFO] IPUIPlugin:80 - create IPUIPlugin
2024-02-06 21:53:38,045 [INFO] IPUIPlugin:80 - create IPUIPlugin
2024-02-06 21:53:38,046 [INFO] IPUIPlugin:80 - create IPUIPlugin
2024-02-06 21:53:38,046 [INFO] IPUIPlugin:80 - create IPUIPlugin
2024-02-06 21:53:38,046 [INFO] IPUIPlugin:80 - create IPUIPlugin
2024-02-06 21:53:38,047 [INFO] IPUIPlugin:80 - create IPUIPlugin
2024-02-06 21:53:38,047 [INFO] IPUIPlugin:80 - create IPUIPlugin
2024-02-06 21:53:38,047 [INFO] IPUIPlugin:80 - create IPUIPlugin
2024-02-06 21:53:38,048 [INFO] IPUIPlugin:80 - create IPUIPlugin
2024-02-06 21:53:38,049 [INFO] IPUIPlugin:80 - create IPUIPlugin
2024-02-06 21:53:38,049 [INFO] IPUIPlugin:80 - create IPUIPlugin
2024-02-06 21:53:38,078 [INFO] ApiDbMcu:508 - Load IP Config File for PDM2PCM
2024-02-06 21:53:38,092 [WARN] IP:2119 - I2C_Coeff_DF not found: check if there is a RefParameter without a condition.
2024-02-06 21:53:38,093 [WARN] IP:2119 - Analog_Filter not found: check if there is a RefParameter without a condition.
2024-02-06 21:53:38,095 [WARN] IP:2119 - I2C_Coeff_DF not found: check if there is a RefParameter without a condition.
2024-02-06 21:53:38,095 [WARN] IP:2119 - Analog_Filter not found: check if there is a RefParameter without a condition.
2024-02-06 21:53:38,131 [WARN] FreeRTOS:1023 - Null or empty value: should not occur! (nothing added to the table)
2024-02-06 21:53:38,375 [INFO] CADModel:165 - CPN selected for project levelSTM32F446RET6
2024-02-06 21:53:38,375 [INFO] CADModel:114 - Register for checkConnection events
2024-02-06 21:53:38,378 [INFO] RtosManager:697 - Active RTOS found at IOC load: FREERTOS [Cortex-M4NS]
2024-02-06 21:53:38,440 [INFO] OpenFileManager:343 - Restore cursor
2024-02-06 21:53:38,695 [WARN] IP:2119 - I2C_Coeff_DF not found: check if there is a RefParameter without a condition.
2024-02-06 21:53:38,695 [WARN] IP:2119 - Analog_Filter not found: check if there is a RefParameter without a condition.
2024-02-06 21:53:38,695 [WARN] IP:2119 - I2C_Coeff_DF not found: check if there is a RefParameter without a condition.
2024-02-06 21:53:38,695 [WARN] IP:2119 - Analog_Filter not found: check if there is a RefParameter without a condition.
2024-02-06 21:53:38,698 [WARN] IP:2119 - I2C_Coeff_DF not found: check if there is a RefParameter without a condition.
2024-02-06 21:53:38,699 [WARN] IP:2119 - Analog_Filter not found: check if there is a RefParameter without a condition.
2024-02-06 21:53:38,699 [WARN] IP:2119 - I2C_Coeff_DF not found: check if there is a RefParameter without a condition.
2024-02-06 21:53:38,699 [WARN] IP:2119 - Analog_Filter not found: check if there is a RefParameter without a condition.
2024-02-06 22:15:28,255 [ERROR] LogOutputStream:75 - [STDERR_REDIRECT] 
