2024-04-11 19:01:13,003 [ERROR] LogOutputStream:75 - [STDERR_REDIRECT] 
2024-04-11 20:27:24,135 [INFO] Activator:176 - 


2024-04-11 20:27:24,137 [INFO] Activator:177 - !SESSION log4j initialized
2024-04-11 20:27:30,468 [INFO] LogOutputStream:77 - [STDOUT_REDIRECT] 
2024-04-11 20:27:34,992 [INFO] ApplicationProperties:184 - Using Application install path: C:\ST\STM32CubeIDE_1.13.1\STM32CubeIDE\plugins\com.st.stm32cube.common.mx_6.11.0.202403141607
2024-04-11 20:27:35,012 [INFO] DbMcusXml:78 - Set database path to: C:\ST\STM32CubeIDE_1.13.1\STM32CubeIDE\plugins\com.st.stm32cube.common.mx_6.11.0.202403141607\\db\/mcu/
2024-04-11 20:27:35,013 [INFO] ApiDb:274 - Set plugin database path to: C:\ST\STM32CubeIDE_1.13.1\STM32CubeIDE\plugins\com.st.stm32cube.common.mx_6.11.0.202403141607\\db\/plugins/boardmanager/
2024-04-11 20:27:35,013 [WARN] ApiDb:259 - Overriding images path with different value:  => C:\ST\STM32CubeIDE_1.13.1\STM32CubeIDE\plugins\com.st.stm32cube.common.mx_6.11.0.202403141607\\db\/plugins/mcufinder/images/
2024-04-11 20:27:35,027 [INFO] ApiDb:250 - Set database path to: C:\Users\bozo2\.stmcufinder\plugins\mcufinder//mcu/
2024-04-11 20:27:35,028 [INFO] DbMcusAds:125 - Set database path to: C:\Users\bozo2\.stmcufinder\plugins\mcufinder//mcu/
2024-04-11 20:27:35,030 [INFO] CrossReferenceDbSqlite:203 - Set database path to: C:\Users\bozo2\.stmcufinder\plugins\mcufinder//mcu/cs/
2024-04-11 20:27:35,170 [INFO] RulesReader:64 - Compatibility file has been processed (297 Rules)
2024-04-11 20:27:35,272 [INFO] DbMcusXml:78 - Set database path to: C:\ST\STM32CubeIDE_1.13.1\STM32CubeIDE\plugins\com.st.stm32cube.common.mx_6.11.0.202403141607\\db\/mcu/
2024-04-11 20:27:35,272 [INFO] ApiDb:274 - Set plugin database path to: C:\ST\STM32CubeIDE_1.13.1\STM32CubeIDE\plugins\com.st.stm32cube.common.mx_6.11.0.202403141607\\db\/plugins/boardmanager/
2024-04-11 20:27:35,273 [INFO] ApiDb:261 - Set plugin images path to: C:\ST\STM32CubeIDE_1.13.1\STM32CubeIDE\plugins\com.st.stm32cube.common.mx_6.11.0.202403141607\\db\/plugins/mcufinder/images/
2024-04-11 20:27:35,273 [WARN] DbFile:41 - Overriding database path with different value: C:\Users\bozo2\.stmcufinder\plugins\mcufinder/ => C:\Users\bozo2\.stmcufinder\plugins\mcufinder
2024-04-11 20:27:35,273 [INFO] ApiDb:250 - Set database path to: C:\Users\bozo2\.stmcufinder\plugins\mcufinder//mcu/
2024-04-11 20:27:35,273 [WARN] DbFile:41 - Overriding database path with different value: C:\Users\bozo2\.stmcufinder\plugins\mcufinder/ => C:\Users\bozo2\.stmcufinder\plugins\mcufinder
2024-04-11 20:27:35,273 [INFO] DbMcusAds:125 - Set database path to: C:\Users\bozo2\.stmcufinder\plugins\mcufinder//mcu/
2024-04-11 20:27:35,273 [WARN] DbFile:41 - Overriding database path with different value: C:\Users\bozo2\.stmcufinder\plugins\mcufinder/ => C:\Users\bozo2\.stmcufinder\plugins\mcufinder
2024-04-11 20:27:35,273 [WARN] DbFile:41 - Overriding database path with different value: C:\Users\bozo2\.stmcufinder\plugins\mcufinder/ => C:\Users\bozo2\.stmcufinder\plugins\mcufinder
2024-04-11 20:27:35,273 [INFO] CrossReferenceDbSqlite:203 - Set database path to: C:\Users\bozo2\.stmcufinder\plugins\mcufinder//mcu/cs/
2024-04-11 20:27:35,357 [INFO] MainPanel:264 - HeapMemory: 268435456
2024-04-11 20:27:35,471 [INFO] DbMcusXml:78 - Set database path to: C:\ST\STM32CubeIDE_1.13.1\STM32CubeIDE\plugins\com.st.stm32cube.common.mx_6.11.0.202403141607\\db\/mcu/
2024-04-11 20:27:35,471 [INFO] ApiDb:274 - Set plugin database path to: C:\ST\STM32CubeIDE_1.13.1\STM32CubeIDE\plugins\com.st.stm32cube.common.mx_6.11.0.202403141607\\db\/plugins/boardmanager/
2024-04-11 20:27:35,471 [INFO] ApiDb:261 - Set plugin images path to: C:\ST\STM32CubeIDE_1.13.1\STM32CubeIDE\plugins\com.st.stm32cube.common.mx_6.11.0.202403141607\\db\/plugins/mcufinder/images/
2024-04-11 20:27:35,472 [WARN] DbFile:41 - Overriding database path with different value: C:\Users\bozo2\.stmcufinder\plugins\mcufinder/ => C:\Users\bozo2\.stmcufinder\plugins\mcufinder
2024-04-11 20:27:35,472 [INFO] ApiDb:250 - Set database path to: C:\Users\bozo2\.stmcufinder\plugins\mcufinder//mcu/
2024-04-11 20:27:35,472 [WARN] DbFile:41 - Overriding database path with different value: C:\Users\bozo2\.stmcufinder\plugins\mcufinder/ => C:\Users\bozo2\.stmcufinder\plugins\mcufinder
2024-04-11 20:27:35,472 [INFO] DbMcusAds:125 - Set database path to: C:\Users\bozo2\.stmcufinder\plugins\mcufinder//mcu/
2024-04-11 20:27:35,472 [WARN] DbFile:41 - Overriding database path with different value: C:\Users\bozo2\.stmcufinder\plugins\mcufinder/ => C:\Users\bozo2\.stmcufinder\plugins\mcufinder
2024-04-11 20:27:35,472 [WARN] DbFile:41 - Overriding database path with different value: C:\Users\bozo2\.stmcufinder\plugins\mcufinder/ => C:\Users\bozo2\.stmcufinder\plugins\mcufinder
2024-04-11 20:27:35,472 [INFO] CrossReferenceDbSqlite:203 - Set database path to: C:\Users\bozo2\.stmcufinder\plugins\mcufinder//mcu/cs/
2024-04-11 20:27:35,491 [INFO] ApplicationProperties:184 - Using Application install path: C:\ST\STM32CubeIDE_1.13.1\STM32CubeIDE\plugins\com.st.stm32cube.common.mx_6.11.0.202403141607
2024-04-11 20:27:35,493 [INFO] PluginManage:196 - Search for loadable plugins [exclusion list=, ]
2024-04-11 20:27:35,495 [INFO] PluginManage:310 - Check plugin analytics
2024-04-11 20:27:35,675 [INFO] AnalyticsPlugin:253 - Accepted Software Licenses: STM32CubeMX.6.8.1
2024-04-11 20:27:35,675 [INFO] AnalyticsPlugin:255 - Accepted CMSIS Pack Licenses: 
2024-04-11 20:27:35,675 [INFO] AnalyticsPlugin:257 - Accepted Firmware Licenses: FW.H7.1.11.0,FW.F4.1.27.0
2024-04-11 20:27:35,678 [INFO] PluginManage:359 - Loaded plugin analytics (category:tool,tabindex:-1)
2024-04-11 20:27:35,679 [INFO] PluginManage:310 - Check plugin cadmodel
2024-04-11 20:27:35,694 [INFO] CADModel:105 - Init CAD model plugin
2024-04-11 20:27:35,695 [INFO] PluginManage:359 - Loaded plugin cadmodel (category:power,tabindex:5)
2024-04-11 20:27:35,695 [INFO] PluginManage:310 - Check plugin clock
2024-04-11 20:27:35,715 [INFO] PluginManage:359 - Loaded plugin clock (category:base,tabindex:2)
2024-04-11 20:27:35,715 [INFO] PluginManage:310 - Check plugin ddr
2024-04-11 20:27:35,718 [INFO] PluginManage:359 - Loaded plugin ddr (category:tool,tabindex:6)
2024-04-11 20:27:35,718 [INFO] PluginManage:310 - Check plugin filemanager
2024-04-11 20:27:35,866 [INFO] PluginManage:359 - Loaded plugin filemanager (category:base,tabindex:10)
2024-04-11 20:27:35,866 [INFO] PluginManage:310 - Check plugin ipmanager
2024-04-11 20:27:35,874 [INFO] PluginManage:359 - Loaded plugin ipmanager (category:base,tabindex:5)
2024-04-11 20:27:35,874 [INFO] PluginManage:310 - Check plugin lpbam
2024-04-11 20:27:35,892 [INFO] PluginManage:359 - Loaded plugin lpbam (category:base,tabindex:0)
2024-04-11 20:27:35,892 [INFO] PluginManage:310 - Check plugin memorymap
2024-04-11 20:27:35,915 [INFO] PluginManage:359 - Loaded plugin memorymap (category:base,tabindex:4)
2024-04-11 20:27:35,916 [INFO] PluginManage:310 - Check plugin pinoutandconfiguration
2024-04-11 20:27:35,931 [INFO] PluginManage:359 - Loaded plugin pinoutandconfiguration (category:base,tabindex:1)
2024-04-11 20:27:35,932 [INFO] PluginManage:310 - Check plugin pinoutconfig
2024-04-11 20:27:36,026 [WARN] SupportedApi:132 - Cannot load RTOS API schema: s4s-elt-must-match.1: The content of 'definitions' must match (annotation?, (simpleType | complexType)?, (unique | key | keyref)*)). A problem was found starting at: attribute.
2024-04-11 20:27:36,199 [INFO] PluginManage:359 - Loaded plugin pinoutconfig (category:base,tabindex:0)
2024-04-11 20:27:36,199 [INFO] PluginManage:310 - Check plugin power
2024-04-11 20:27:36,221 [INFO] PluginManage:359 - Loaded plugin power (category:power,tabindex:4)
2024-04-11 20:27:36,221 [INFO] PluginManage:310 - Check plugin projectmanager
2024-04-11 20:27:36,237 [INFO] PluginManage:359 - Loaded plugin projectmanager (category:projectmanager,tabindex:3)
2024-04-11 20:27:36,237 [INFO] PluginManage:310 - Check plugin thirdparty
2024-04-11 20:27:36,486 [INFO] PluginManage:359 - Loaded plugin thirdparty (category:base,tabindex:-1)
2024-04-11 20:27:36,486 [INFO] PluginManage:310 - Check plugin tools
2024-04-11 20:27:36,486 [WARN] IntegrityCheckThread:84 - waiting for thirdparty lock release [integrity check]
2024-04-11 20:27:36,486 [INFO] IntegrityCheckThread:86 - entering critical section [integrity check]
2024-04-11 20:27:36,487 [INFO] ThirdPartyUpdaterWithRetryManager:70 - Updater plugin not ready yet. [1/15]
2024-04-11 20:27:36,517 [INFO] PluginManage:359 - Loaded plugin tools (category:base,tabindex:7)
2024-04-11 20:27:36,517 [INFO] PluginManage:310 - Check plugin tutovideos
2024-04-11 20:27:36,699 [INFO] PluginManage:359 - Loaded plugin tutovideos (category:base,tabindex:-1)
2024-04-11 20:27:36,699 [INFO] PluginManage:310 - Check plugin updater
2024-04-11 20:27:36,710 [INFO] PluginManage:359 - Loaded plugin updater (category:base,tabindex:12)
2024-04-11 20:27:36,710 [INFO] PluginManage:310 - Check plugin userauth
2024-04-11 20:27:36,715 [INFO] UserAuth:114 - Init User Auth plugin
2024-04-11 20:27:36,715 [INFO] PluginManage:359 - Loaded plugin userauth (category:base,tabindex:14)
2024-04-11 20:27:36,716 [INFO] PluginManage:283 - PluginManage : Loaded plugins [17]
2024-04-11 20:27:36,931 [INFO] PinOutPanel:1561 - setPackage(No Configuration,No Configuration)
2024-04-11 20:27:37,001 [INFO] CADModel:165 - CPN selected for project level
2024-04-11 20:27:37,001 [INFO] CADModel:114 - Register for checkConnection events
2024-04-11 20:27:37,027 [INFO] IPUIPlugin:80 - create IPUIPlugin
2024-04-11 20:27:37,027 [INFO] PluginManager:220 - loadIPPluginJar : add adc
2024-04-11 20:27:37,062 [INFO] IPUIPlugin:80 - create IPUIPlugin
2024-04-11 20:27:37,062 [INFO] PluginManager:220 - loadIPPluginJar : add aes
2024-04-11 20:27:37,099 [INFO] IPUIPlugin:80 - create IPUIPlugin
2024-04-11 20:27:37,099 [INFO] PluginManager:220 - loadIPPluginJar : add can
2024-04-11 20:27:37,117 [INFO] IPUIPlugin:80 - create IPUIPlugin
2024-04-11 20:27:37,118 [INFO] PluginManager:220 - loadIPPluginJar : add comp
2024-04-11 20:27:37,148 [INFO] IPUIPlugin:80 - create IPUIPlugin
2024-04-11 20:27:37,148 [INFO] PluginManager:220 - loadIPPluginJar : add cryp
2024-04-11 20:27:37,177 [INFO] IPUIPlugin:80 - create IPUIPlugin
2024-04-11 20:27:37,177 [INFO] PluginManager:220 - loadIPPluginJar : add dfsdm
2024-04-11 20:27:37,189 [INFO] IPUIPlugin:80 - create IPUIPlugin
2024-04-11 20:27:37,190 [INFO] PluginManager:220 - loadIPPluginJar : add dma
2024-04-11 20:27:37,229 [INFO] IPUIPlugin:80 - create IPUIPlugin
2024-04-11 20:27:37,229 [INFO] PluginManager:220 - loadIPPluginJar : add dma3
2024-04-11 20:27:37,273 [INFO] IPUIPlugin:80 - create IPUIPlugin
2024-04-11 20:27:37,273 [INFO] PluginManager:220 - loadIPPluginJar : add extmemmanager
2024-04-11 20:27:37,290 [INFO] IPUIPlugin:80 - create IPUIPlugin
2024-04-11 20:27:37,290 [INFO] PluginManager:220 - loadIPPluginJar : add fatfs
2024-04-11 20:27:37,333 [INFO] IPUIPlugin:80 - create IPUIPlugin
2024-04-11 20:27:37,333 [INFO] PluginManager:220 - loadIPPluginJar : add fmc
2024-04-11 20:27:37,347 [INFO] IPUIPlugin:80 - create IPUIPlugin
2024-04-11 20:27:37,347 [INFO] PluginManager:220 - loadIPPluginJar : add freertos
2024-04-11 20:27:37,364 [INFO] IPUIPlugin:80 - create IPUIPlugin
2024-04-11 20:27:37,365 [INFO] PluginManager:220 - loadIPPluginJar : add genericplugin
2024-04-11 20:27:37,449 [INFO] IPUIPlugin:80 - create IPUIPlugin
2024-04-11 20:27:37,449 [INFO] PluginManager:220 - loadIPPluginJar : add gfxmmu
2024-04-11 20:27:37,566 [INFO] IPUIPlugin:80 - create IPUIPlugin
2024-04-11 20:27:37,566 [INFO] PluginManager:220 - loadIPPluginJar : add gic
2024-04-11 20:27:37,577 [INFO] IPUIPlugin:80 - create IPUIPlugin
2024-04-11 20:27:37,577 [INFO] PluginManager:220 - loadIPPluginJar : add gpio
2024-04-11 20:27:37,660 [INFO] IPUIPlugin:80 - create IPUIPlugin
2024-04-11 20:27:37,660 [INFO] PluginManager:220 - loadIPPluginJar : add gtzc
2024-04-11 20:27:37,689 [INFO] IPUIPlugin:80 - create IPUIPlugin
2024-04-11 20:27:37,689 [INFO] PluginManager:220 - loadIPPluginJar : add hash
2024-04-11 20:27:37,735 [INFO] IPUIPlugin:80 - create IPUIPlugin
2024-04-11 20:27:37,735 [INFO] PluginManager:220 - loadIPPluginJar : add i2c
2024-04-11 20:27:37,770 [INFO] IPUIPlugin:80 - create IPUIPlugin
2024-04-11 20:27:37,771 [INFO] PluginManager:220 - loadIPPluginJar : add i2s
2024-04-11 20:27:37,821 [INFO] IPUIPlugin:80 - create IPUIPlugin
2024-04-11 20:27:37,821 [INFO] PluginManager:220 - loadIPPluginJar : add i3c
2024-04-11 20:27:37,923 [INFO] IPUIPlugin:80 - create IPUIPlugin
2024-04-11 20:27:37,923 [INFO] PluginManager:220 - loadIPPluginJar : add ipddr
2024-04-11 20:27:38,018 [INFO] IPUIPlugin:80 - create IPUIPlugin
2024-04-11 20:27:38,018 [INFO] PluginManager:220 - loadIPPluginJar : add linkedlist
2024-04-11 20:27:38,049 [INFO] IPUIPlugin:80 - create IPUIPlugin
2024-04-11 20:27:38,049 [INFO] PluginManager:220 - loadIPPluginJar : add lorawan
2024-04-11 20:27:38,081 [INFO] IPUIPlugin:80 - create IPUIPlugin
2024-04-11 20:27:38,081 [INFO] PluginManager:220 - loadIPPluginJar : add ltdc
2024-04-11 20:27:38,094 [INFO] IPUIPlugin:80 - create IPUIPlugin
2024-04-11 20:27:38,095 [INFO] PluginManager:220 - loadIPPluginJar : add mdma
2024-04-11 20:27:38,105 [INFO] IPUIPlugin:80 - create IPUIPlugin
2024-04-11 20:27:38,105 [INFO] PluginManager:220 - loadIPPluginJar : add nvic
2024-04-11 20:27:38,138 [INFO] IPUIPlugin:80 - create IPUIPlugin
2024-04-11 20:27:38,138 [INFO] PluginManager:220 - loadIPPluginJar : add opamp
2024-04-11 20:27:38,193 [INFO] IPUIPlugin:80 - create IPUIPlugin
2024-04-11 20:27:38,193 [INFO] PluginManager:220 - loadIPPluginJar : add openamp
2024-04-11 20:27:38,232 [INFO] IPUIPlugin:80 - create IPUIPlugin
2024-04-11 20:27:38,232 [INFO] PluginManager:220 - loadIPPluginJar : add pdm2pcm
2024-04-11 20:27:38,245 [INFO] IPUIPlugin:80 - create IPUIPlugin
2024-04-11 20:27:38,247 [INFO] PluginManager:220 - loadIPPluginJar : add plateformsettings
2024-04-11 20:27:38,266 [INFO] IPUIPlugin:80 - create IPUIPlugin
2024-04-11 20:27:38,266 [INFO] PluginManager:220 - loadIPPluginJar : add quadspi
2024-04-11 20:27:38,277 [INFO] IPUIPlugin:80 - create IPUIPlugin
2024-04-11 20:27:38,277 [INFO] PluginManager:220 - loadIPPluginJar : add resmgrutility
2024-04-11 20:27:38,323 [INFO] IPUIPlugin:80 - create IPUIPlugin
2024-04-11 20:27:38,323 [INFO] PluginManager:220 - loadIPPluginJar : add sai
2024-04-11 20:27:38,355 [INFO] IPUIPlugin:80 - create IPUIPlugin
2024-04-11 20:27:38,356 [INFO] PluginManager:220 - loadIPPluginJar : add spi
2024-04-11 20:27:38,418 [INFO] IPUIPlugin:80 - create IPUIPlugin
2024-04-11 20:27:38,418 [INFO] PluginManager:220 - loadIPPluginJar : add stm32_wpan
2024-04-11 20:27:38,438 [INFO] IPUIPlugin:80 - create IPUIPlugin
2024-04-11 20:27:38,438 [INFO] PluginManager:220 - loadIPPluginJar : add tim
2024-04-11 20:27:38,491 [INFO] IPUIPlugin:80 - create IPUIPlugin
2024-04-11 20:27:38,492 [INFO] PluginManager:220 - loadIPPluginJar : add touchsensing
2024-04-11 20:27:38,511 [INFO] IPUIPlugin:80 - create IPUIPlugin
2024-04-11 20:27:38,511 [INFO] PluginManager:220 - loadIPPluginJar : add tracer_emb
2024-04-11 20:27:38,532 [INFO] IPUIPlugin:80 - create IPUIPlugin
2024-04-11 20:27:38,532 [INFO] PluginManager:220 - loadIPPluginJar : add ts
2024-04-11 20:27:38,550 [INFO] IPUIPlugin:80 - create IPUIPlugin
2024-04-11 20:27:38,551 [INFO] PluginManager:220 - loadIPPluginJar : add tsc
2024-04-11 20:27:38,569 [INFO] IPUIPlugin:80 - create IPUIPlugin
2024-04-11 20:27:38,569 [INFO] PluginManager:220 - loadIPPluginJar : add ucpd
2024-04-11 20:27:38,610 [INFO] IPUIPlugin:80 - create IPUIPlugin
2024-04-11 20:27:38,610 [INFO] PluginManager:220 - loadIPPluginJar : add usart
2024-04-11 20:27:38,649 [INFO] IPUIPlugin:80 - create IPUIPlugin
2024-04-11 20:27:38,649 [INFO] PluginManager:220 - loadIPPluginJar : add usbx
2024-04-11 20:27:38,777 [INFO] CADModel:165 - CPN selected for project level
2024-04-11 20:27:38,777 [INFO] CADModel:114 - Register for checkConnection events
2024-04-11 20:27:38,777 [FATAL] Updater:308 - Updater called before beeing initialized
2024-04-11 20:27:38,777 [ERROR] CADModel:125 - Updater not yet initialized, retry later 
2024-04-11 20:27:38,922 [INFO] CADModel:165 - CPN selected for project level
2024-04-11 20:27:38,922 [INFO] CADModel:114 - Register for checkConnection events
2024-04-11 20:27:38,922 [FATAL] Updater:308 - Updater called before beeing initialized
2024-04-11 20:27:38,922 [ERROR] CADModel:125 - Updater not yet initialized, retry later 
2024-04-11 20:27:38,925 [FATAL] Updater:308 - Updater called before beeing initialized
2024-04-11 20:27:39,030 [FATAL] Updater:308 - Updater called before beeing initialized
2024-04-11 20:27:39,039 [INFO] DbMcusAds:53 - JSON generation date=Wed Nov 29 05:52:27 EST 2023 (1701255147349)
2024-04-11 20:27:39,040 [FATAL] Updater:308 - Updater called before beeing initialized
2024-04-11 20:27:39,114 [WARN] DetailPanel:346 - Failed to get advertising image, set to default
2024-04-11 20:27:39,207 [FATAL] Updater:308 - Updater called before beeing initialized
2024-04-11 20:27:39,209 [FATAL] Updater:308 - Updater called before beeing initialized
2024-04-11 20:27:39,209 [FATAL] Updater:308 - Updater called before beeing initialized
2024-04-11 20:27:39,209 [WARN] DetailPanel:346 - Failed to get advertising image, set to default
2024-04-11 20:27:39,210 [FATAL] Updater:308 - Updater called before beeing initialized
2024-04-11 20:27:39,294 [ERROR] Updater:1120 - MainUpdater not yet initialized. External WinMGr cannot be set.
2024-04-11 20:27:39,307 [INFO] Updater:1056 - Updater Version found : 6.11.0
2024-04-11 20:27:39,327 [INFO] ApplicationProperties:184 - Using Application install path: C:\ST\STM32CubeIDE_1.13.1\STM32CubeIDE\plugins\com.st.stm32cube.common.mx_6.11.0.202403141607
2024-04-11 20:27:39,488 [INFO] ThirdPartyUpdaterWithRetryManager:70 - Updater plugin not ready yet. [2/15]
2024-04-11 20:27:39,760 [INFO] MainUpdater:2873 - connection check result : 10
2024-04-11 20:27:39,761 [INFO] MainUpdater:290 - Updater Check For Update Now.
2024-04-11 20:27:39,762 [INFO] MicroXplorer:498 - Change Database Version : DB.6.0.110
2024-04-11 20:27:39,786 [INFO] McuFinderGlobals:63 - Set McuFinder mode to 2 (CubeIDE integrated)
2024-04-11 20:27:39,798 [INFO] UserAuth:415 - Internet connection configuration mode: 1
2024-04-11 20:27:39,822 [INFO] JxBrowserEngine:152 - Initiate JxBrowser Engine with user profile folder
2024-04-11 20:27:39,954 [INFO] CheckServerUpdateThread:120 - End of CheckServer Thread
2024-04-11 20:27:42,673 [WARN] PackLoader:240 - Cannot read IP mode file for STMicroelectronics.X-CUBE-SMBUS.2.1.0
2024-04-11 20:27:42,692 [WARN] PackLoader:240 - Cannot read IP mode file for STMicroelectronics.X-CUBE-TOUCHGFX.4.23.1
2024-04-11 20:27:42,702 [WARN] PackLoader:240 - Cannot read IP mode file for STMicroelectronics.X-CUBE-TOUCHGFX.4.23.0
2024-04-11 20:27:42,713 [WARN] PackLoader:240 - Cannot read IP mode file for STMicroelectronics.X-CUBE-TOUCHGFX.4.23.2
2024-04-11 20:27:42,750 [WARN] PackLoader:240 - Cannot read IP mode file for STMicroelectronics.X-CUBE-AZRTOS-F7.1.1.0
2024-04-11 20:27:42,765 [WARN] PackLoader:240 - Cannot read IP mode file for STMicroelectronics.FP-SNS-MOTENV1.4.3.2
2024-04-11 20:27:42,778 [WARN] PackLoader:240 - Cannot read IP mode file for STMicroelectronics.FP-SNS-FLIGHT1.5.0.1
2024-04-11 20:27:42,792 [WARN] PackLoader:240 - Cannot read IP mode file for STMicroelectronics.X-CUBE-BLE1.6.2.4
2024-04-11 20:27:42,803 [WARN] PackLoader:240 - Cannot read IP mode file for STMicroelectronics.FP-SNS-FLIGHT1.5.0.2
2024-04-11 20:27:42,818 [WARN] PackLoader:240 - Cannot read IP mode file for STMicroelectronics.X-CUBE-DISPLAY.3.0.0
2024-04-11 20:27:42,832 [WARN] PackLoader:240 - Cannot read IP mode file for STMicroelectronics.X-CUBE-BLE1.7.0.0
2024-04-11 20:27:42,846 [WARN] PackLoader:240 - Cannot read IP mode file for emotas.I-CUBE-CANOPEN.1.3.0
2024-04-11 20:27:42,858 [WARN] PackLoader:240 - Cannot read IP mode file for STMicroelectronics.X-CUBE-TOUCHGFX.4.22.0
2024-04-11 20:27:42,870 [WARN] PackLoader:240 - Cannot read IP mode file for STMicroelectronics.X-CUBE-TOUCHGFX.4.22.1
2024-04-11 20:27:42,887 [WARN] PackLoader:240 - Cannot read IP mode file for STMicroelectronics.X-CUBE-BLEMGR.3.1.0
2024-04-11 20:27:42,902 [WARN] PackLoader:240 - Cannot read IP mode file for STMicroelectronics.FP-SNS-SMARTAG2.1.2.0
2024-04-11 20:27:42,925 [INFO] LogOutputStream:77 - [STDOUT_REDIRECT] 1 : Invalid condition id : UX_CORESTACK_Condition cause : null
2024-04-11 20:27:42,926 [INFO] LogOutputStream:77 - [STDOUT_REDIRECT] 1 : Invalid condition id : UX_CORESTACK_Condition cause : null
2024-04-11 20:27:42,927 [INFO] LogOutputStream:77 - [STDOUT_REDIRECT] 1 : Invalid condition id : UX_CORESTACK_Condition cause : null
2024-04-11 20:27:42,927 [INFO] LogOutputStream:77 - [STDOUT_REDIRECT] 1 : Invalid condition id : UX_CORESTACK_Condition cause : null
2024-04-11 20:27:42,928 [INFO] LogOutputStream:77 - [STDOUT_REDIRECT] 1 : Invalid condition id : UX_CORESTACK_Condition cause : null
2024-04-11 20:27:42,938 [WARN] PackLoader:240 - Cannot read IP mode file for STMicroelectronics.X-CUBE-AZRTOS-WL.2.0.0
2024-04-11 20:27:42,951 [WARN] PackLoader:240 - Cannot read IP mode file for STMicroelectronics.FP-SNS-MOTENV1.5.0.0
2024-04-11 20:27:42,968 [WARN] PackLoader:240 - Cannot read IP mode file for WES.I-CUBE-Cesium.1.3.0
2024-04-11 20:27:42,981 [WARN] PackLoader:240 - Cannot read IP mode file for STMicroelectronics.X-CUBE-BLE2.3.3.0
2024-04-11 20:27:42,995 [WARN] PackLoader:240 - Cannot read IP mode file for STMicroelectronics.X-CUBE-ALGOBUILD.1.3.0
2024-04-11 20:27:43,026 [WARN] PackLoader:240 - Cannot read IP mode file for STMicroelectronics.X-CUBE-AZRTOS-G0.1.1.0
2024-04-11 20:27:43,042 [WARN] PackLoader:240 - Cannot read IP mode file for STMicroelectronics.X-CUBE-SAFEA1.1.2.2
2024-04-11 20:27:43,056 [WARN] PackLoader:240 - Cannot read IP mode file for STMicroelectronics.X-CUBE-NFC4.3.0.0
2024-04-11 20:27:43,071 [WARN] PackLoader:240 - Cannot read IP mode file for STMicroelectronics.X-CUBE-BLEMGR.3.0.0
2024-04-11 20:27:43,082 [WARN] PackLoader:240 - Cannot read IP mode file for STMicroelectronics.FP-ATR-SIGFOX1.3.2.0
2024-04-11 20:27:43,095 [WARN] PackLoader:240 - Cannot read IP mode file for STMicroelectronics.X-CUBE-EEPRMA1.5.1.0
2024-04-11 20:27:43,130 [WARN] PackLoader:240 - Cannot read IP mode file for SEGGER.I-CUBE-embOS.1.3.1
2024-04-11 20:27:43,175 [WARN] PackLoader:240 - Cannot read IP mode file for STMicroelectronics.X-CUBE-GNSS1.6.0.0
2024-04-11 20:27:43,200 [WARN] PackLoader:240 - Cannot read IP mode file for STMicroelectronics.X-CUBE-AZRTOS-F4.1.1.0
2024-04-11 20:27:43,215 [WARN] PackLoader:240 - Cannot read IP mode file for wolfSSL.I-CUBE-wolfSSL.5.6.3
2024-04-11 20:27:43,227 [WARN] PackLoader:240 - Cannot read IP mode file for wolfSSL.I-CUBE-wolfSSL.5.6.6
2024-04-11 20:27:43,253 [WARN] PackLoader:240 - Cannot read IP mode file for STMicroelectronics.X-CUBE-AZRTOS-L5.2.0.0
2024-04-11 20:27:43,313 [WARN] PackLoader:240 - Cannot read IP mode file for STMicroelectronics.X-CUBE-MEMS1.9.6.0
2024-04-11 20:27:43,473 [WARN] PackLoader:240 - Cannot read IP mode file for STMicroelectronics.X-CUBE-EEPRMA1.4.2.0
2024-04-11 20:27:43,490 [WARN] PackLoader:240 - Cannot read IP mode file for STMicroelectronics.X-CUBE-NFC6.3.1.0
2024-04-11 20:27:43,504 [WARN] PackLoader:240 - Cannot read IP mode file for ITTIA_DB.I-CUBE-ITTIADB.8.8.0
2024-04-11 20:27:43,517 [WARN] PackLoader:240 - Cannot read IP mode file for STMicroelectronics.X-CUBE-BLEMGR.2.0.0
2024-04-11 20:27:43,549 [WARN] ConditionMgr:438 - getConditionDescription Invalid condition id : UX DEVICE CLASS RTOS Condition cause : null
2024-04-11 20:27:43,549 [WARN] ConditionMgr:438 - getConditionDescription Invalid condition id : UX DEVICE CLASS RTOS Condition cause : null
2024-04-11 20:27:43,551 [WARN] PackLoader:240 - Cannot read IP mode file for STMicroelectronics.X-CUBE-AZRTOS-H7.3.1.0
2024-04-11 20:27:43,553 [WARN] ConditionMgr:1039 - genDependencies : Invalid condition id : UX DEVICE CLASS RTOS Condition cause : null
2024-04-11 20:27:43,553 [WARN] ConditionMgr:1039 - genDependencies : Invalid condition id : UX DEVICE CLASS RTOS Condition cause : null
2024-04-11 20:27:43,553 [WARN] ConditionMgr:1039 - genDependencies : Invalid condition id : UX DEVICE CLASS RTOS Condition cause : null
2024-04-11 20:27:43,554 [WARN] ConditionMgr:1039 - genDependencies : Invalid condition id : UX DEVICE CLASS RTOS Condition cause : null
2024-04-11 20:27:43,554 [WARN] ConditionMgr:1039 - genDependencies : Invalid condition id : UX DEVICE CLASS RTOS Condition cause : null
2024-04-11 20:27:43,572 [WARN] PackLoader:240 - Cannot read IP mode file for STMicroelectronics.X-CUBE-NFC7.1.0.1
2024-04-11 20:27:43,585 [WARN] PackLoader:240 - Cannot read IP mode file for STMicroelectronics.X-CUBE-NFC6.3.0.0
2024-04-11 20:27:43,598 [WARN] PackLoader:240 - Cannot read IP mode file for STMicroelectronics.X-CUBE-EEPRMA1.4.1.0
2024-04-11 20:27:43,609 [WARN] PackLoader:240 - Cannot read IP mode file for STMicroelectronics.X-CUBE-AI.8.1.0
2024-04-11 20:27:43,638 [WARN] ConditionMgr:438 - getConditionDescription Invalid condition id : LAN8742 Phy interface Condition cause : null
2024-04-11 20:27:43,638 [WARN] PackLoader:240 - Cannot read IP mode file for STMicroelectronics.X-CUBE-AZRTOS-L4.2.0.0
2024-04-11 20:27:43,639 [WARN] ConditionMgr:1039 - genDependencies : Invalid condition id : LAN8742 Phy interface Condition cause : null
2024-04-11 20:27:43,640 [WARN] ConditionMgr:1039 - genDependencies : Invalid condition id : LAN8742 Phy interface Condition cause : null
2024-04-11 20:27:43,640 [WARN] ConditionMgr:1039 - genDependencies : Invalid condition id : LAN8742 Phy interface Condition cause : null
2024-04-11 20:27:43,655 [WARN] PackLoader:240 - Cannot read IP mode file for STMicroelectronics.X-CUBE-SFXS2LP1.4.0.0
2024-04-11 20:27:43,668 [WARN] PackLoader:240 - Cannot read IP mode file for STMicroelectronics.X-CUBE-ISPU.1.1.0
2024-04-11 20:27:43,691 [WARN] ConditionMgr:438 - getConditionDescription Invalid condition id : UX DEVICE CLASS RTOS Condition cause : null
2024-04-11 20:27:43,691 [WARN] ConditionMgr:438 - getConditionDescription Invalid condition id : UX DEVICE CLASS RTOS Condition cause : null
2024-04-11 20:27:43,692 [WARN] PackLoader:240 - Cannot read IP mode file for STMicroelectronics.X-CUBE-AZRTOS-WB.2.0.0
2024-04-11 20:27:43,693 [WARN] ConditionMgr:1039 - genDependencies : Invalid condition id : UX DEVICE CLASS RTOS Condition cause : null
2024-04-11 20:27:43,693 [WARN] ConditionMgr:1039 - genDependencies : Invalid condition id : UX DEVICE CLASS RTOS Condition cause : null
2024-04-11 20:27:43,694 [WARN] ConditionMgr:1039 - genDependencies : Invalid condition id : UX DEVICE CLASS RTOS Condition cause : null
2024-04-11 20:27:43,694 [WARN] ConditionMgr:1039 - genDependencies : Invalid condition id : UX DEVICE CLASS RTOS Condition cause : null
2024-04-11 20:27:43,694 [WARN] ConditionMgr:1039 - genDependencies : Invalid condition id : UX DEVICE CLASS RTOS Condition cause : null
2024-04-11 20:27:43,706 [WARN] PackLoader:240 - Cannot read IP mode file for STMicroelectronics.X-CUBE-FREERTOS.1.0.1
2024-04-11 20:27:43,730 [WARN] PackLoader:240 - Cannot read IP mode file for STMicroelectronics.X-CUBE-AZRTOS-L5.1.1.0
2024-04-11 20:27:43,743 [WARN] PackLoader:240 - Cannot read IP mode file for STMicroelectronics.X-CUBE-AI.8.0.1
2024-04-11 20:27:43,760 [WARN] PackLoader:240 - Cannot read IP mode file for STMicroelectronics.X-CUBE-SUBG2.5.0.0
2024-04-11 20:27:43,783 [WARN] PackLoader:240 - Cannot read IP mode file for STMicroelectronics.X-CUBE-TOF1.3.3.1
2024-04-11 20:27:43,813 [WARN] PackLoader:240 - Cannot read IP mode file for STMicroelectronics.X-CUBE-AZRTOS-G4.2.0.0
2024-04-11 20:27:43,833 [WARN] PackLoader:240 - Cannot read IP mode file for STMicroelectronics.X-CUBE-TOF1.3.3.0
2024-04-11 20:27:43,858 [WARN] PackLoader:240 - Cannot read IP mode file for Infineon.AIROC-Wi-Fi-Bluetooth-STM32.1.5.1
2024-04-11 20:27:43,873 [WARN] PackLoader:240 - Cannot read IP mode file for STMicroelectronics.FP-SNS-MOTENVWB1.1.3.1
2024-04-11 20:27:43,884 [WARN] PackLoader:240 - Cannot read IP mode file for STMicroelectronics.X-CUBE-ISPU.2.0.0
2024-04-11 20:27:43,926 [WARN] PackLoader:240 - Cannot read IP mode file for STMicroelectronics.X-CUBE-MEMS1.10.0.0
2024-04-11 20:27:44,134 [WARN] PackLoader:240 - Cannot read IP mode file for STMicroelectronics.X-CUBE-FREERTOS.1.1.0
2024-04-11 20:27:44,150 [WARN] PackLoader:240 - Cannot read IP mode file for portGmbH.I-Cube-SoM-uGOAL.1.1.0
2024-04-11 20:27:44,165 [WARN] PackLoader:240 - Cannot read IP mode file for STMicroelectronics.X-CUBE-ALS.1.0.1
2024-04-11 20:27:44,190 [WARN] PackLoader:240 - Cannot read IP mode file for STMicroelectronics.X-CUBE-AZRTOS-WB.1.1.0
2024-04-11 20:27:44,205 [WARN] PackLoader:240 - Cannot read IP mode file for STMicroelectronics.FP-ATR-ASTRA1.2.0.0
2024-04-11 20:27:44,227 [WARN] PackLoader:240 - Cannot read IP mode file for STMicroelectronics.X-CUBE-TOF1.3.4.0
2024-04-11 20:27:44,265 [WARN] PackLoader:240 - Cannot read IP mode file for STMicroelectronics.X-CUBE-TOF1.3.4.1
2024-04-11 20:27:44,307 [WARN] PackLoader:240 - Cannot read IP mode file for STMicroelectronics.X-CUBE-AZRTOS-H7.3.2.0
2024-04-11 20:27:44,310 [INFO] ThirdParty:978 - Integrity check success = true
2024-04-11 20:27:44,311 [INFO] IntegrityCheckThread:100 - exiting critical section [integrity check]
2024-04-11 20:27:44,311 [INFO] IntegrityCheckThread:103 - End integrity checks thread
2024-04-11 20:27:44,711 [INFO] WebApp:161 - Instantiating new browser for Auth
2024-04-11 20:27:45,834 [INFO] WebApp:779 - Register for checkConnection events
2024-04-11 20:27:45,834 [INFO] WebApp:414 - Apply proxy settings
2024-04-11 20:27:45,834 [INFO] WebApp:499 - Chromium requires no authentication
2024-04-11 20:27:45,843 [INFO] WebApp:442 - Direct internet connection detected
2024-04-11 20:27:46,109 [INFO] WebApp:192 - Starting web application
2024-04-11 20:27:46,110 [INFO] WebApp:544 - Web application path used C:\ST\STM32CubeIDE_1.13.1\STM32CubeIDE\plugins\com.st.stm32cube.common.mx_6.11.0.202403141607\db\plugins\mcufinder\reactClient1\index.html
